<?xml version="1.0" encoding="UTF-8" ?>
<testsuite tests="1" failures="0" name="com.crossover.trial.journals.rest.CategoryRestServiceTest" time="0.07" errors="1" skipped="0">
  <properties>
    <property name="idea.version" value="2016.3.5"/>
    <property name="java.runtime.name" value="Java(TM) SE Runtime Environment"/>
    <property name="sun.boot.library.path" value="C:\Program Files\Java\jdk1.8.0_45\jre\bin"/>
    <property name="java.vm.version" value="25.45-b02"/>
    <property name="user.country.format" value="RO"/>
    <property name="java.vm.vendor" value="Oracle Corporation"/>
    <property name="maven.multiModuleProjectDirectory" value="D:\Projects\CrossoverTrial - Second\Code"/>
    <property name="java.vendor.url" value="http://java.oracle.com/"/>
    <property name="path.separator" value=";"/>
    <property name="guice.disable.misplaced.annotation.check" value="true"/>
    <property name="java.vm.name" value="Java HotSpot(TM) 64-Bit Server VM"/>
    <property name="file.encoding.pkg" value="sun.io"/>
    <property name="idea.launcher.port" value="7532"/>
    <property name="user.script" value=""/>
    <property name="user.country" value="US"/>
    <property name="sun.java.launcher" value="SUN_STANDARD"/>
    <property name="sun.os.patch.level" value="Service Pack 1"/>
    <property name="java.vm.specification.name" value="Java Virtual Machine Specification"/>
    <property name="user.dir" value="D:\Projects\CrossoverTrial - Second\Code"/>
    <property name="java.runtime.version" value="1.8.0_45-b15"/>
    <property name="java.awt.graphicsenv" value="sun.awt.Win32GraphicsEnvironment"/>
    <property name="java.endorsed.dirs" value="C:\Program Files\Java\jdk1.8.0_45\jre\lib\endorsed"/>
    <property name="os.arch" value="amd64"/>
    <property name="java.io.tmpdir" value="C:\Users\Adi\AppData\Local\Temp\"/>
    <property name="line.separator" value="
"/>
    <property name="java.vm.specification.vendor" value="Oracle Corporation"/>
    <property name="user.variant" value=""/>
    <property name="os.name" value="Windows 7"/>
    <property name="net.sourceforge.cobertura.datafile" value="D:\Projects\CrossoverTrial - Second\Code\target\cobertura\cobertura.ser"/>
    <property name="classworlds.conf" value="C:\Program Files (x86)\JetBrains\IntelliJ IDEA Community Edition 2016.3.5\plugins\maven\lib\maven3\bin\m2.conf"/>
    <property name="sun.jnu.encoding" value="Cp1250"/>
    <property name="java.library.path" value="C:\Program Files\Java\jdk1.8.0_45\bin;C:\Windows\Sun\Java\bin;C:\Windows\system32;C:\Windows;C:\ProgramData\Oracle\Java\javapath;C:\Windows\system32;C:\Windows;C:\Windows\System32\Wbem;C:\Windows\System32\WindowsPowerShell\v1.0\;D:\Scala-2.10.1\bin\;C:\Program Files (x86)\scala\bin;C:\Program Files\Git\cmd;C:\Program Files\MySQL\MySQL Utilities 1.6\;C:\Program Files (x86)\Skype\Phone\;D:\Tools\nodejs\;C:\Program Files\Docker Toolbox;d:\Tools\apache-maven-3.3.9\bin\;D:\Tools\bind;C:\Users\Adi\AppData\Roaming\npm;D:\Tools\Microsoft VS Code\bin;."/>
    <property name="java.specification.name" value="Java Platform API Specification"/>
    <property name="java.class.version" value="52.0"/>
    <property name="sun.management.compiler" value="HotSpot 64-Bit Tiered Compilers"/>
    <property name="os.version" value="6.1"/>
    <property name="user.home" value="C:\Users\Adi"/>
    <property name="user.timezone" value="Europe/Athens"/>
    <property name="java.awt.printerjob" value="sun.awt.windows.WPrinterJob"/>
    <property name="java.specification.version" value="1.8"/>
    <property name="idea.launcher.bin.path" value="C:\Program Files (x86)\JetBrains\IntelliJ IDEA Community Edition 2016.3.5\bin"/>
    <property name="file.encoding" value="UTF-8"/>
    <property name="user.name" value="Adi"/>
    <property name="java.class.path" value="C:\Program Files (x86)\JetBrains\IntelliJ IDEA Community Edition 2016.3.5\plugins\maven\lib\maven3\boot\plexus-classworlds-2.5.2.jar;C:\Program Files (x86)\JetBrains\IntelliJ IDEA Community Edition 2016.3.5\lib\idea_rt.jar"/>
    <property name="java.vm.specification.version" value="1.8"/>
    <property name="sun.arch.data.model" value="64"/>
    <property name="java.home" value="C:\Program Files\Java\jdk1.8.0_45\jre"/>
    <property name="sun.java.command" value="com.intellij.rt.execution.application.AppMain org.codehaus.classworlds.Launcher -Didea.version=2016.3.5 org.codehaus.mojo:cobertura-maven-plugin:2.7:check"/>
    <property name="java.specification.vendor" value="Oracle Corporation"/>
    <property name="user.language" value="en"/>
    <property name="user.language.format" value="ro"/>
    <property name="awt.toolkit" value="sun.awt.windows.WToolkit"/>
    <property name="java.vm.info" value="mixed mode"/>
    <property name="java.version" value="1.8.0_45"/>
    <property name="java.ext.dirs" value="C:\Program Files\Java\jdk1.8.0_45\jre\lib\ext;C:\Windows\Sun\Java\lib\ext"/>
    <property name="sun.boot.class.path" value="C:\Program Files\Java\jdk1.8.0_45\jre\lib\resources.jar;C:\Program Files\Java\jdk1.8.0_45\jre\lib\rt.jar;C:\Program Files\Java\jdk1.8.0_45\jre\lib\sunrsasign.jar;C:\Program Files\Java\jdk1.8.0_45\jre\lib\jsse.jar;C:\Program Files\Java\jdk1.8.0_45\jre\lib\jce.jar;C:\Program Files\Java\jdk1.8.0_45\jre\lib\charsets.jar;C:\Program Files\Java\jdk1.8.0_45\jre\lib\jfr.jar;C:\Program Files\Java\jdk1.8.0_45\jre\classes"/>
    <property name="java.vendor" value="Oracle Corporation"/>
    <property name="maven.home" value="C:\Program Files (x86)\JetBrains\IntelliJ IDEA Community Edition 2016.3.5\plugins\maven\lib\maven3"/>
    <property name="file.separator" value="\"/>
    <property name="java.vendor.url.bug" value="http://bugreport.sun.com/bugreport/"/>
    <property name="sun.cpu.endian" value="little"/>
    <property name="sun.io.unicode.encoding" value="UnicodeLittle"/>
    <property name="project.build.outputDirectory" value="D:\Projects\CrossoverTrial - Second\Code\target\generated-classes\cobertura"/>
    <property name="sun.desktop" value="windows"/>
    <property name="sun.cpu.isalist" value="amd64"/>
  </properties>
  <testcase classname="com.crossover.trial.journals.rest.CategoryRestServiceTest" name="getCategories" time="0.07">
    <error message="Failed to load ApplicationContext" type="java.lang.IllegalStateException">java.lang.IllegalStateException: Failed to load ApplicationContext
	at org.springframework.test.context.cache.DefaultCacheAwareContextLoaderDelegate.loadContext(DefaultCacheAwareContextLoaderDelegate.java:124)
	at org.springframework.test.context.support.DefaultTestContext.getApplicationContext(DefaultTestContext.java:83)
	at org.springframework.test.context.web.ServletTestExecutionListener.setUpRequestContextIfNecessary(ServletTestExecutionListener.java:183)
	at org.springframework.test.context.web.ServletTestExecutionListener.prepareTestInstance(ServletTestExecutionListener.java:123)
	at org.springframework.test.context.TestContextManager.prepareTestInstance(TestContextManager.java:228)
	at org.springframework.test.context.junit4.SpringJUnit4ClassRunner.createTest(SpringJUnit4ClassRunner.java:230)
	at org.springframework.test.context.junit4.SpringJUnit4ClassRunner$1.runReflectiveCall(SpringJUnit4ClassRunner.java:289)
	at org.junit.internal.runners.model.ReflectiveCallable.run(ReflectiveCallable.java:12)
	at org.springframework.test.context.junit4.SpringJUnit4ClassRunner.methodBlock(SpringJUnit4ClassRunner.java:291)
	at org.springframework.test.context.junit4.SpringJUnit4ClassRunner.runChild(SpringJUnit4ClassRunner.java:249)
	at org.springframework.test.context.junit4.SpringJUnit4ClassRunner.runChild(SpringJUnit4ClassRunner.java:89)
	at org.junit.runners.ParentRunner$3.run(ParentRunner.java:290)
	at org.junit.runners.ParentRunner$1.schedule(ParentRunner.java:71)
	at org.junit.runners.ParentRunner.runChildren(ParentRunner.java:288)
	at org.junit.runners.ParentRunner.access$000(ParentRunner.java:58)
	at org.junit.runners.ParentRunner$2.evaluate(ParentRunner.java:268)
	at org.springframework.test.context.junit4.statements.RunBeforeTestClassCallbacks.evaluate(RunBeforeTestClassCallbacks.java:61)
	at org.springframework.test.context.junit4.statements.RunAfterTestClassCallbacks.evaluate(RunAfterTestClassCallbacks.java:70)
	at org.junit.runners.ParentRunner.run(ParentRunner.java:363)
	at org.springframework.test.context.junit4.SpringJUnit4ClassRunner.run(SpringJUnit4ClassRunner.java:193)
	at org.apache.maven.surefire.junit4.JUnit4Provider.execute(JUnit4Provider.java:252)
	at org.apache.maven.surefire.junit4.JUnit4Provider.executeTestSet(JUnit4Provider.java:141)
	at org.apache.maven.surefire.junit4.JUnit4Provider.invoke(JUnit4Provider.java:112)
	at sun.reflect.NativeMethodAccessorImpl.invoke0(Native Method)
	at sun.reflect.NativeMethodAccessorImpl.invoke(NativeMethodAccessorImpl.java:62)
	at sun.reflect.DelegatingMethodAccessorImpl.invoke(DelegatingMethodAccessorImpl.java:43)
	at java.lang.reflect.Method.invoke(Method.java:497)
	at org.apache.maven.surefire.util.ReflectionUtils.invokeMethodWithArray(ReflectionUtils.java:189)
	at org.apache.maven.surefire.booter.ProviderFactory$ProviderProxy.invoke(ProviderFactory.java:165)
	at org.apache.maven.surefire.booter.ProviderFactory.invokeProvider(ProviderFactory.java:85)
	at org.apache.maven.surefire.booter.ForkedBooter.runSuitesInProcess(ForkedBooter.java:115)
	at org.apache.maven.surefire.booter.ForkedBooter.main(ForkedBooter.java:75)
Caused by: org.springframework.beans.factory.BeanCreationException: Error creating bean with name &apos;webSecurityConfig&apos;: Injection of autowired dependencies failed; nested exception is org.springframework.beans.factory.BeanCreationException: Could not autowire field: private org.springframework.security.core.userdetails.UserDetailsService com.crossover.trial.journals.config.WebSecurityConfig.userDetailsService; nested exception is org.springframework.beans.factory.UnsatisfiedDependencyException: Error creating bean with name &apos;currentUserDetailsService&apos; defined in file [D:\Projects\CrossoverTrial - Second\Code\target\generated-classes\cobertura\com\crossover\trial\journals\service\CurrentUserDetailsService.class]: Unsatisfied dependency expressed through constructor argument with index 0 of type [com.crossover.trial.journals.service.UserService]: Error creating bean with name &apos;userServiceImpl&apos; defined in file [D:\Projects\CrossoverTrial - Second\Code\target\generated-classes\cobertura\com\crossover\trial\journals\service\UserServiceImpl.class]: Unsatisfied dependency expressed through constructor argument with index 0 of type [com.crossover.trial.journals.repository.UserRepository]: Error creating bean with name &apos;userRepository&apos;: Cannot create inner bean &apos;(inner bean)#18ffca6c&apos; of type [org.springframework.orm.jpa.SharedEntityManagerCreator] while setting bean property &apos;entityManager&apos;; nested exception is org.springframework.beans.factory.BeanCreationException: Error creating bean with name &apos;(inner bean)#18ffca6c&apos;: Cannot resolve reference to bean &apos;entityManagerFactory&apos; while setting constructor argument; nested exception is org.springframework.beans.factory.BeanCreationException: Error creating bean with name &apos;entityManagerFactory&apos;: Post-processing of FactoryBean&apos;s singleton object failed; nested exception is org.springframework.jdbc.datasource.init.UncategorizedScriptException: Failed to execute database script; nested exception is org.springframework.jdbc.CannotGetJdbcConnectionException: Could not get JDBC Connection; nested exception is com.mysql.jdbc.exceptions.jdbc4.CommunicationsException: Communications link failure

Last packet sent to the server was 0 ms ago.; nested exception is org.springframework.beans.factory.BeanCreationException: Error creating bean with name &apos;userRepository&apos;: Cannot create inner bean &apos;(inner bean)#18ffca6c&apos; of type [org.springframework.orm.jpa.SharedEntityManagerCreator] while setting bean property &apos;entityManager&apos;; nested exception is org.springframework.beans.factory.BeanCreationException: Error creating bean with name &apos;(inner bean)#18ffca6c&apos;: Cannot resolve reference to bean &apos;entityManagerFactory&apos; while setting constructor argument; nested exception is org.springframework.beans.factory.BeanCreationException: Error creating bean with name &apos;entityManagerFactory&apos;: Post-processing of FactoryBean&apos;s singleton object failed; nested exception is org.springframework.jdbc.datasource.init.UncategorizedScriptException: Failed to execute database script; nested exception is org.springframework.jdbc.CannotGetJdbcConnectionException: Could not get JDBC Connection; nested exception is com.mysql.jdbc.exceptions.jdbc4.CommunicationsException: Communications link failure

Last packet sent to the server was 0 ms ago.; nested exception is org.springframework.beans.factory.UnsatisfiedDependencyException: Error creating bean with name &apos;userServiceImpl&apos; defined in file [D:\Projects\CrossoverTrial - Second\Code\target\generated-classes\cobertura\com\crossover\trial\journals\service\UserServiceImpl.class]: Unsatisfied dependency expressed through constructor argument with index 0 of type [com.crossover.trial.journals.repository.UserRepository]: Error creating bean with name &apos;userRepository&apos;: Cannot create inner bean &apos;(inner bean)#18ffca6c&apos; of type [org.springframework.orm.jpa.SharedEntityManagerCreator] while setting bean property &apos;entityManager&apos;; nested exception is org.springframework.beans.factory.BeanCreationException: Error creating bean with name &apos;(inner bean)#18ffca6c&apos;: Cannot resolve reference to bean &apos;entityManagerFactory&apos; while setting constructor argument; nested exception is org.springframework.beans.factory.BeanCreationException: Error creating bean with name &apos;entityManagerFactory&apos;: Post-processing of FactoryBean&apos;s singleton object failed; nested exception is org.springframework.jdbc.datasource.init.UncategorizedScriptException: Failed to execute database script; nested exception is org.springframework.jdbc.CannotGetJdbcConnectionException: Could not get JDBC Connection; nested exception is com.mysql.jdbc.exceptions.jdbc4.CommunicationsException: Communications link failure

Last packet sent to the server was 0 ms ago.; nested exception is org.springframework.beans.factory.BeanCreationException: Error creating bean with name &apos;userRepository&apos;: Cannot create inner bean &apos;(inner bean)#18ffca6c&apos; of type [org.springframework.orm.jpa.SharedEntityManagerCreator] while setting bean property &apos;entityManager&apos;; nested exception is org.springframework.beans.factory.BeanCreationException: Error creating bean with name &apos;(inner bean)#18ffca6c&apos;: Cannot resolve reference to bean &apos;entityManagerFactory&apos; while setting constructor argument; nested exception is org.springframework.beans.factory.BeanCreationException: Error creating bean with name &apos;entityManagerFactory&apos;: Post-processing of FactoryBean&apos;s singleton object failed; nested exception is org.springframework.jdbc.datasource.init.UncategorizedScriptException: Failed to execute database script; nested exception is org.springframework.jdbc.CannotGetJdbcConnectionException: Could not get JDBC Connection; nested exception is com.mysql.jdbc.exceptions.jdbc4.CommunicationsException: Communications link failure

Last packet sent to the server was 0 ms ago.
	at org.springframework.beans.factory.annotation.AutowiredAnnotationBeanPostProcessor.postProcessPropertyValues(AutowiredAnnotationBeanPostProcessor.java:334)
	at org.springframework.beans.factory.support.AbstractAutowireCapableBeanFactory.populateBean(AbstractAutowireCapableBeanFactory.java:1214)
	at org.springframework.beans.factory.support.AbstractAutowireCapableBeanFactory.doCreateBean(AbstractAutowireCapableBeanFactory.java:543)
	at org.springframework.beans.factory.support.AbstractAutowireCapableBeanFactory.createBean(AbstractAutowireCapableBeanFactory.java:482)
	at org.springframework.beans.factory.support.AbstractBeanFactory$1.getObject(AbstractBeanFactory.java:306)
	at org.springframework.beans.factory.support.DefaultSingletonBeanRegistry.getSingleton(DefaultSingletonBeanRegistry.java:230)
	at org.springframework.beans.factory.support.AbstractBeanFactory.doGetBean(AbstractBeanFactory.java:302)
	at org.springframework.beans.factory.support.AbstractBeanFactory.getBean(AbstractBeanFactory.java:197)
	at org.springframework.beans.factory.support.DefaultListableBeanFactory.preInstantiateSingletons(DefaultListableBeanFactory.java:772)
	at org.springframework.context.support.AbstractApplicationContext.finishBeanFactoryInitialization(AbstractApplicationContext.java:839)
	at org.springframework.context.support.AbstractApplicationContext.refresh(AbstractApplicationContext.java:538)
	at org.springframework.boot.SpringApplication.refresh(SpringApplication.java:766)
	at org.springframework.boot.SpringApplication.createAndRefreshContext(SpringApplication.java:361)
	at org.springframework.boot.SpringApplication.run(SpringApplication.java:307)
	at org.springframework.boot.test.SpringApplicationContextLoader.loadContext(SpringApplicationContextLoader.java:98)
	at org.springframework.test.context.cache.DefaultCacheAwareContextLoaderDelegate.loadContextInternal(DefaultCacheAwareContextLoaderDelegate.java:98)
	at org.springframework.test.context.cache.DefaultCacheAwareContextLoaderDelegate.loadContext(DefaultCacheAwareContextLoaderDelegate.java:116)
	... 31 more
Caused by: org.springframework.beans.factory.BeanCreationException: Could not autowire field: private org.springframework.security.core.userdetails.UserDetailsService com.crossover.trial.journals.config.WebSecurityConfig.userDetailsService; nested exception is org.springframework.beans.factory.UnsatisfiedDependencyException: Error creating bean with name &apos;currentUserDetailsService&apos; defined in file [D:\Projects\CrossoverTrial - Second\Code\target\generated-classes\cobertura\com\crossover\trial\journals\service\CurrentUserDetailsService.class]: Unsatisfied dependency expressed through constructor argument with index 0 of type [com.crossover.trial.journals.service.UserService]: Error creating bean with name &apos;userServiceImpl&apos; defined in file [D:\Projects\CrossoverTrial - Second\Code\target\generated-classes\cobertura\com\crossover\trial\journals\service\UserServiceImpl.class]: Unsatisfied dependency expressed through constructor argument with index 0 of type [com.crossover.trial.journals.repository.UserRepository]: Error creating bean with name &apos;userRepository&apos;: Cannot create inner bean &apos;(inner bean)#18ffca6c&apos; of type [org.springframework.orm.jpa.SharedEntityManagerCreator] while setting bean property &apos;entityManager&apos;; nested exception is org.springframework.beans.factory.BeanCreationException: Error creating bean with name &apos;(inner bean)#18ffca6c&apos;: Cannot resolve reference to bean &apos;entityManagerFactory&apos; while setting constructor argument; nested exception is org.springframework.beans.factory.BeanCreationException: Error creating bean with name &apos;entityManagerFactory&apos;: Post-processing of FactoryBean&apos;s singleton object failed; nested exception is org.springframework.jdbc.datasource.init.UncategorizedScriptException: Failed to execute database script; nested exception is org.springframework.jdbc.CannotGetJdbcConnectionException: Could not get JDBC Connection; nested exception is com.mysql.jdbc.exceptions.jdbc4.CommunicationsException: Communications link failure

Last packet sent to the server was 0 ms ago.; nested exception is org.springframework.beans.factory.BeanCreationException: Error creating bean with name &apos;userRepository&apos;: Cannot create inner bean &apos;(inner bean)#18ffca6c&apos; of type [org.springframework.orm.jpa.SharedEntityManagerCreator] while setting bean property &apos;entityManager&apos;; nested exception is org.springframework.beans.factory.BeanCreationException: Error creating bean with name &apos;(inner bean)#18ffca6c&apos;: Cannot resolve reference to bean &apos;entityManagerFactory&apos; while setting constructor argument; nested exception is org.springframework.beans.factory.BeanCreationException: Error creating bean with name &apos;entityManagerFactory&apos;: Post-processing of FactoryBean&apos;s singleton object failed; nested exception is org.springframework.jdbc.datasource.init.UncategorizedScriptException: Failed to execute database script; nested exception is org.springframework.jdbc.CannotGetJdbcConnectionException: Could not get JDBC Connection; nested exception is com.mysql.jdbc.exceptions.jdbc4.CommunicationsException: Communications link failure

Last packet sent to the server was 0 ms ago.; nested exception is org.springframework.beans.factory.UnsatisfiedDependencyException: Error creating bean with name &apos;userServiceImpl&apos; defined in file [D:\Projects\CrossoverTrial - Second\Code\target\generated-classes\cobertura\com\crossover\trial\journals\service\UserServiceImpl.class]: Unsatisfied dependency expressed through constructor argument with index 0 of type [com.crossover.trial.journals.repository.UserRepository]: Error creating bean with name &apos;userRepository&apos;: Cannot create inner bean &apos;(inner bean)#18ffca6c&apos; of type [org.springframework.orm.jpa.SharedEntityManagerCreator] while setting bean property &apos;entityManager&apos;; nested exception is org.springframework.beans.factory.BeanCreationException: Error creating bean with name &apos;(inner bean)#18ffca6c&apos;: Cannot resolve reference to bean &apos;entityManagerFactory&apos; while setting constructor argument; nested exception is org.springframework.beans.factory.BeanCreationException: Error creating bean with name &apos;entityManagerFactory&apos;: Post-processing of FactoryBean&apos;s singleton object failed; nested exception is org.springframework.jdbc.datasource.init.UncategorizedScriptException: Failed to execute database script; nested exception is org.springframework.jdbc.CannotGetJdbcConnectionException: Could not get JDBC Connection; nested exception is com.mysql.jdbc.exceptions.jdbc4.CommunicationsException: Communications link failure

Last packet sent to the server was 0 ms ago.; nested exception is org.springframework.beans.factory.BeanCreationException: Error creating bean with name &apos;userRepository&apos;: Cannot create inner bean &apos;(inner bean)#18ffca6c&apos; of type [org.springframework.orm.jpa.SharedEntityManagerCreator] while setting bean property &apos;entityManager&apos;; nested exception is org.springframework.beans.factory.BeanCreationException: Error creating bean with name &apos;(inner bean)#18ffca6c&apos;: Cannot resolve reference to bean &apos;entityManagerFactory&apos; while setting constructor argument; nested exception is org.springframework.beans.factory.BeanCreationException: Error creating bean with name &apos;entityManagerFactory&apos;: Post-processing of FactoryBean&apos;s singleton object failed; nested exception is org.springframework.jdbc.datasource.init.UncategorizedScriptException: Failed to execute database script; nested exception is org.springframework.jdbc.CannotGetJdbcConnectionException: Could not get JDBC Connection; nested exception is com.mysql.jdbc.exceptions.jdbc4.CommunicationsException: Communications link failure

Last packet sent to the server was 0 ms ago.
	at org.springframework.beans.factory.annotation.AutowiredAnnotationBeanPostProcessor$AutowiredFieldElement.inject(AutowiredAnnotationBeanPostProcessor.java:573)
	at org.springframework.beans.factory.annotation.InjectionMetadata.inject(InjectionMetadata.java:88)
	at org.springframework.beans.factory.annotation.AutowiredAnnotationBeanPostProcessor.postProcessPropertyValues(AutowiredAnnotationBeanPostProcessor.java:331)
	... 47 more
Caused by: org.springframework.beans.factory.UnsatisfiedDependencyException: Error creating bean with name &apos;currentUserDetailsService&apos; defined in file [D:\Projects\CrossoverTrial - Second\Code\target\generated-classes\cobertura\com\crossover\trial\journals\service\CurrentUserDetailsService.class]: Unsatisfied dependency expressed through constructor argument with index 0 of type [com.crossover.trial.journals.service.UserService]: Error creating bean with name &apos;userServiceImpl&apos; defined in file [D:\Projects\CrossoverTrial - Second\Code\target\generated-classes\cobertura\com\crossover\trial\journals\service\UserServiceImpl.class]: Unsatisfied dependency expressed through constructor argument with index 0 of type [com.crossover.trial.journals.repository.UserRepository]: Error creating bean with name &apos;userRepository&apos;: Cannot create inner bean &apos;(inner bean)#18ffca6c&apos; of type [org.springframework.orm.jpa.SharedEntityManagerCreator] while setting bean property &apos;entityManager&apos;; nested exception is org.springframework.beans.factory.BeanCreationException: Error creating bean with name &apos;(inner bean)#18ffca6c&apos;: Cannot resolve reference to bean &apos;entityManagerFactory&apos; while setting constructor argument; nested exception is org.springframework.beans.factory.BeanCreationException: Error creating bean with name &apos;entityManagerFactory&apos;: Post-processing of FactoryBean&apos;s singleton object failed; nested exception is org.springframework.jdbc.datasource.init.UncategorizedScriptException: Failed to execute database script; nested exception is org.springframework.jdbc.CannotGetJdbcConnectionException: Could not get JDBC Connection; nested exception is com.mysql.jdbc.exceptions.jdbc4.CommunicationsException: Communications link failure

Last packet sent to the server was 0 ms ago.; nested exception is org.springframework.beans.factory.BeanCreationException: Error creating bean with name &apos;userRepository&apos;: Cannot create inner bean &apos;(inner bean)#18ffca6c&apos; of type [org.springframework.orm.jpa.SharedEntityManagerCreator] while setting bean property &apos;entityManager&apos;; nested exception is org.springframework.beans.factory.BeanCreationException: Error creating bean with name &apos;(inner bean)#18ffca6c&apos;: Cannot resolve reference to bean &apos;entityManagerFactory&apos; while setting constructor argument; nested exception is org.springframework.beans.factory.BeanCreationException: Error creating bean with name &apos;entityManagerFactory&apos;: Post-processing of FactoryBean&apos;s singleton object failed; nested exception is org.springframework.jdbc.datasource.init.UncategorizedScriptException: Failed to execute database script; nested exception is org.springframework.jdbc.CannotGetJdbcConnectionException: Could not get JDBC Connection; nested exception is com.mysql.jdbc.exceptions.jdbc4.CommunicationsException: Communications link failure

Last packet sent to the server was 0 ms ago.; nested exception is org.springframework.beans.factory.UnsatisfiedDependencyException: Error creating bean with name &apos;userServiceImpl&apos; defined in file [D:\Projects\CrossoverTrial - Second\Code\target\generated-classes\cobertura\com\crossover\trial\journals\service\UserServiceImpl.class]: Unsatisfied dependency expressed through constructor argument with index 0 of type [com.crossover.trial.journals.repository.UserRepository]: Error creating bean with name &apos;userRepository&apos;: Cannot create inner bean &apos;(inner bean)#18ffca6c&apos; of type [org.springframework.orm.jpa.SharedEntityManagerCreator] while setting bean property &apos;entityManager&apos;; nested exception is org.springframework.beans.factory.BeanCreationException: Error creating bean with name &apos;(inner bean)#18ffca6c&apos;: Cannot resolve reference to bean &apos;entityManagerFactory&apos; while setting constructor argument; nested exception is org.springframework.beans.factory.BeanCreationException: Error creating bean with name &apos;entityManagerFactory&apos;: Post-processing of FactoryBean&apos;s singleton object failed; nested exception is org.springframework.jdbc.datasource.init.UncategorizedScriptException: Failed to execute database script; nested exception is org.springframework.jdbc.CannotGetJdbcConnectionException: Could not get JDBC Connection; nested exception is com.mysql.jdbc.exceptions.jdbc4.CommunicationsException: Communications link failure

Last packet sent to the server was 0 ms ago.; nested exception is org.springframework.beans.factory.BeanCreationException: Error creating bean with name &apos;userRepository&apos;: Cannot create inner bean &apos;(inner bean)#18ffca6c&apos; of type [org.springframework.orm.jpa.SharedEntityManagerCreator] while setting bean property &apos;entityManager&apos;; nested exception is org.springframework.beans.factory.BeanCreationException: Error creating bean with name &apos;(inner bean)#18ffca6c&apos;: Cannot resolve reference to bean &apos;entityManagerFactory&apos; while setting constructor argument; nested exception is org.springframework.beans.factory.BeanCreationException: Error creating bean with name &apos;entityManagerFactory&apos;: Post-processing of FactoryBean&apos;s singleton object failed; nested exception is org.springframework.jdbc.datasource.init.UncategorizedScriptException: Failed to execute database script; nested exception is org.springframework.jdbc.CannotGetJdbcConnectionException: Could not get JDBC Connection; nested exception is com.mysql.jdbc.exceptions.jdbc4.CommunicationsException: Communications link failure

Last packet sent to the server was 0 ms ago.
	at org.springframework.beans.factory.support.ConstructorResolver.createArgumentArray(ConstructorResolver.java:749)
	at org.springframework.beans.factory.support.ConstructorResolver.autowireConstructor(ConstructorResolver.java:185)
	at org.springframework.beans.factory.support.AbstractAutowireCapableBeanFactory.autowireConstructor(AbstractAutowireCapableBeanFactory.java:1143)
	at org.springframework.beans.factory.support.AbstractAutowireCapableBeanFactory.createBeanInstance(AbstractAutowireCapableBeanFactory.java:1046)
	at org.springframework.beans.factory.support.AbstractAutowireCapableBeanFactory.doCreateBean(AbstractAutowireCapableBeanFactory.java:510)
	at org.springframework.beans.factory.support.AbstractAutowireCapableBeanFactory.createBean(AbstractAutowireCapableBeanFactory.java:482)
	at org.springframework.beans.factory.support.AbstractBeanFactory$1.getObject(AbstractBeanFactory.java:306)
	at org.springframework.beans.factory.support.DefaultSingletonBeanRegistry.getSingleton(DefaultSingletonBeanRegistry.java:230)
	at org.springframework.beans.factory.support.AbstractBeanFactory.doGetBean(AbstractBeanFactory.java:302)
	at org.springframework.beans.factory.support.AbstractBeanFactory.getBean(AbstractBeanFactory.java:197)
	at org.springframework.beans.factory.support.DefaultListableBeanFactory.findAutowireCandidates(DefaultListableBeanFactory.java:1192)
	at org.springframework.beans.factory.support.DefaultListableBeanFactory.doResolveDependency(DefaultListableBeanFactory.java:1116)
	at org.springframework.beans.factory.support.DefaultListableBeanFactory.resolveDependency(DefaultListableBeanFactory.java:1014)
	at org.springframework.beans.factory.annotation.AutowiredAnnotationBeanPostProcessor$AutowiredFieldElement.inject(AutowiredAnnotationBeanPostProcessor.java:545)
	... 49 more
Caused by: org.springframework.beans.factory.UnsatisfiedDependencyException: Error creating bean with name &apos;userServiceImpl&apos; defined in file [D:\Projects\CrossoverTrial - Second\Code\target\generated-classes\cobertura\com\crossover\trial\journals\service\UserServiceImpl.class]: Unsatisfied dependency expressed through constructor argument with index 0 of type [com.crossover.trial.journals.repository.UserRepository]: Error creating bean with name &apos;userRepository&apos;: Cannot create inner bean &apos;(inner bean)#18ffca6c&apos; of type [org.springframework.orm.jpa.SharedEntityManagerCreator] while setting bean property &apos;entityManager&apos;; nested exception is org.springframework.beans.factory.BeanCreationException: Error creating bean with name &apos;(inner bean)#18ffca6c&apos;: Cannot resolve reference to bean &apos;entityManagerFactory&apos; while setting constructor argument; nested exception is org.springframework.beans.factory.BeanCreationException: Error creating bean with name &apos;entityManagerFactory&apos;: Post-processing of FactoryBean&apos;s singleton object failed; nested exception is org.springframework.jdbc.datasource.init.UncategorizedScriptException: Failed to execute database script; nested exception is org.springframework.jdbc.CannotGetJdbcConnectionException: Could not get JDBC Connection; nested exception is com.mysql.jdbc.exceptions.jdbc4.CommunicationsException: Communications link failure

Last packet sent to the server was 0 ms ago.; nested exception is org.springframework.beans.factory.BeanCreationException: Error creating bean with name &apos;userRepository&apos;: Cannot create inner bean &apos;(inner bean)#18ffca6c&apos; of type [org.springframework.orm.jpa.SharedEntityManagerCreator] while setting bean property &apos;entityManager&apos;; nested exception is org.springframework.beans.factory.BeanCreationException: Error creating bean with name &apos;(inner bean)#18ffca6c&apos;: Cannot resolve reference to bean &apos;entityManagerFactory&apos; while setting constructor argument; nested exception is org.springframework.beans.factory.BeanCreationException: Error creating bean with name &apos;entityManagerFactory&apos;: Post-processing of FactoryBean&apos;s singleton object failed; nested exception is org.springframework.jdbc.datasource.init.UncategorizedScriptException: Failed to execute database script; nested exception is org.springframework.jdbc.CannotGetJdbcConnectionException: Could not get JDBC Connection; nested exception is com.mysql.jdbc.exceptions.jdbc4.CommunicationsException: Communications link failure

Last packet sent to the server was 0 ms ago.
	at org.springframework.beans.factory.support.ConstructorResolver.createArgumentArray(ConstructorResolver.java:749)
	at org.springframework.beans.factory.support.ConstructorResolver.autowireConstructor(ConstructorResolver.java:185)
	at org.springframework.beans.factory.support.AbstractAutowireCapableBeanFactory.autowireConstructor(AbstractAutowireCapableBeanFactory.java:1143)
	at org.springframework.beans.factory.support.AbstractAutowireCapableBeanFactory.createBeanInstance(AbstractAutowireCapableBeanFactory.java:1046)
	at org.springframework.beans.factory.support.AbstractAutowireCapableBeanFactory.doCreateBean(AbstractAutowireCapableBeanFactory.java:510)
	at org.springframework.beans.factory.support.AbstractAutowireCapableBeanFactory.createBean(AbstractAutowireCapableBeanFactory.java:482)
	at org.springframework.beans.factory.support.AbstractBeanFactory$1.getObject(AbstractBeanFactory.java:306)
	at org.springframework.beans.factory.support.DefaultSingletonBeanRegistry.getSingleton(DefaultSingletonBeanRegistry.java:230)
	at org.springframework.beans.factory.support.AbstractBeanFactory.doGetBean(AbstractBeanFactory.java:302)
	at org.springframework.beans.factory.support.AbstractBeanFactory.getBean(AbstractBeanFactory.java:197)
	at org.springframework.beans.factory.support.DefaultListableBeanFactory.findAutowireCandidates(DefaultListableBeanFactory.java:1192)
	at org.springframework.beans.factory.support.DefaultListableBeanFactory.doResolveDependency(DefaultListableBeanFactory.java:1116)
	at org.springframework.beans.factory.support.DefaultListableBeanFactory.resolveDependency(DefaultListableBeanFactory.java:1014)
	at org.springframework.beans.factory.support.ConstructorResolver.resolveAutowiredArgument(ConstructorResolver.java:813)
	at org.springframework.beans.factory.support.ConstructorResolver.createArgumentArray(ConstructorResolver.java:741)
	... 62 more
Caused by: org.springframework.beans.factory.BeanCreationException: Error creating bean with name &apos;userRepository&apos;: Cannot create inner bean &apos;(inner bean)#18ffca6c&apos; of type [org.springframework.orm.jpa.SharedEntityManagerCreator] while setting bean property &apos;entityManager&apos;; nested exception is org.springframework.beans.factory.BeanCreationException: Error creating bean with name &apos;(inner bean)#18ffca6c&apos;: Cannot resolve reference to bean &apos;entityManagerFactory&apos; while setting constructor argument; nested exception is org.springframework.beans.factory.BeanCreationException: Error creating bean with name &apos;entityManagerFactory&apos;: Post-processing of FactoryBean&apos;s singleton object failed; nested exception is org.springframework.jdbc.datasource.init.UncategorizedScriptException: Failed to execute database script; nested exception is org.springframework.jdbc.CannotGetJdbcConnectionException: Could not get JDBC Connection; nested exception is com.mysql.jdbc.exceptions.jdbc4.CommunicationsException: Communications link failure

Last packet sent to the server was 0 ms ago.
	at org.springframework.beans.factory.support.BeanDefinitionValueResolver.resolveInnerBean(BeanDefinitionValueResolver.java:313)
	at org.springframework.beans.factory.support.BeanDefinitionValueResolver.resolveValueIfNecessary(BeanDefinitionValueResolver.java:129)
	at org.springframework.beans.factory.support.AbstractAutowireCapableBeanFactory.applyPropertyValues(AbstractAutowireCapableBeanFactory.java:1481)
	at org.springframework.beans.factory.support.AbstractAutowireCapableBeanFactory.populateBean(AbstractAutowireCapableBeanFactory.java:1226)
	at org.springframework.beans.factory.support.AbstractAutowireCapableBeanFactory.doCreateBean(AbstractAutowireCapableBeanFactory.java:543)
	at org.springframework.beans.factory.support.AbstractAutowireCapableBeanFactory.createBean(AbstractAutowireCapableBeanFactory.java:482)
	at org.springframework.beans.factory.support.AbstractBeanFactory$1.getObject(AbstractBeanFactory.java:306)
	at org.springframework.beans.factory.support.DefaultSingletonBeanRegistry.getSingleton(DefaultSingletonBeanRegistry.java:230)
	at org.springframework.beans.factory.support.AbstractBeanFactory.doGetBean(AbstractBeanFactory.java:302)
	at org.springframework.beans.factory.support.AbstractBeanFactory.getBean(AbstractBeanFactory.java:197)
	at org.springframework.beans.factory.support.DefaultListableBeanFactory.findAutowireCandidates(DefaultListableBeanFactory.java:1192)
	at org.springframework.beans.factory.support.DefaultListableBeanFactory.doResolveDependency(DefaultListableBeanFactory.java:1116)
	at org.springframework.beans.factory.support.DefaultListableBeanFactory.resolveDependency(DefaultListableBeanFactory.java:1014)
	at org.springframework.beans.factory.support.ConstructorResolver.resolveAutowiredArgument(ConstructorResolver.java:813)
	at org.springframework.beans.factory.support.ConstructorResolver.createArgumentArray(ConstructorResolver.java:741)
	... 76 more
Caused by: org.springframework.beans.factory.BeanCreationException: Error creating bean with name &apos;(inner bean)#18ffca6c&apos;: Cannot resolve reference to bean &apos;entityManagerFactory&apos; while setting constructor argument; nested exception is org.springframework.beans.factory.BeanCreationException: Error creating bean with name &apos;entityManagerFactory&apos;: Post-processing of FactoryBean&apos;s singleton object failed; nested exception is org.springframework.jdbc.datasource.init.UncategorizedScriptException: Failed to execute database script; nested exception is org.springframework.jdbc.CannotGetJdbcConnectionException: Could not get JDBC Connection; nested exception is com.mysql.jdbc.exceptions.jdbc4.CommunicationsException: Communications link failure

Last packet sent to the server was 0 ms ago.
	at org.springframework.beans.factory.support.BeanDefinitionValueResolver.resolveReference(BeanDefinitionValueResolver.java:359)
	at org.springframework.beans.factory.support.BeanDefinitionValueResolver.resolveValueIfNecessary(BeanDefinitionValueResolver.java:108)
	at org.springframework.beans.factory.support.ConstructorResolver.resolveConstructorArguments(ConstructorResolver.java:634)
	at org.springframework.beans.factory.support.ConstructorResolver.instantiateUsingFactoryMethod(ConstructorResolver.java:444)
	at org.springframework.beans.factory.support.AbstractAutowireCapableBeanFactory.instantiateUsingFactoryMethod(AbstractAutowireCapableBeanFactory.java:1123)
	at org.springframework.beans.factory.support.AbstractAutowireCapableBeanFactory.createBeanInstance(AbstractAutowireCapableBeanFactory.java:1018)
	at org.springframework.beans.factory.support.AbstractAutowireCapableBeanFactory.doCreateBean(AbstractAutowireCapableBeanFactory.java:510)
	at org.springframework.beans.factory.support.AbstractAutowireCapableBeanFactory.createBean(AbstractAutowireCapableBeanFactory.java:482)
	at org.springframework.beans.factory.support.BeanDefinitionValueResolver.resolveInnerBean(BeanDefinitionValueResolver.java:299)
	... 90 more
Caused by: org.springframework.beans.factory.BeanCreationException: Error creating bean with name &apos;entityManagerFactory&apos;: Post-processing of FactoryBean&apos;s singleton object failed; nested exception is org.springframework.jdbc.datasource.init.UncategorizedScriptException: Failed to execute database script; nested exception is org.springframework.jdbc.CannotGetJdbcConnectionException: Could not get JDBC Connection; nested exception is com.mysql.jdbc.exceptions.jdbc4.CommunicationsException: Communications link failure

Last packet sent to the server was 0 ms ago.
	at org.springframework.beans.factory.support.FactoryBeanRegistrySupport.getObjectFromFactoryBean(FactoryBeanRegistrySupport.java:116)
	at org.springframework.beans.factory.support.AbstractBeanFactory.getObjectForBeanInstance(AbstractBeanFactory.java:1590)
	at org.springframework.beans.factory.support.AbstractBeanFactory.doGetBean(AbstractBeanFactory.java:254)
	at org.springframework.beans.factory.support.AbstractBeanFactory.getBean(AbstractBeanFactory.java:197)
	at org.springframework.beans.factory.support.BeanDefinitionValueResolver.resolveReference(BeanDefinitionValueResolver.java:351)
	... 98 more
Caused by: org.springframework.jdbc.datasource.init.UncategorizedScriptException: Failed to execute database script; nested exception is org.springframework.jdbc.CannotGetJdbcConnectionException: Could not get JDBC Connection; nested exception is com.mysql.jdbc.exceptions.jdbc4.CommunicationsException: Communications link failure

Last packet sent to the server was 0 ms ago.
	at org.springframework.jdbc.datasource.init.DatabasePopulatorUtils.execute(DatabasePopulatorUtils.java:61)
	at org.springframework.boot.autoconfigure.jdbc.DataSourceInitializer.runScripts(DataSourceInitializer.java:157)
	at org.springframework.boot.autoconfigure.jdbc.DataSourceInitializer.runDataScripts(DataSourceInitializer.java:114)
	at org.springframework.boot.autoconfigure.jdbc.DataSourceInitializer.onApplicationEvent(DataSourceInitializer.java:107)
	at org.springframework.boot.autoconfigure.jdbc.DataSourceInitializer.onApplicationEvent(DataSourceInitializer.java:47)
	at org.springframework.context.event.SimpleApplicationEventMulticaster.invokeListener(SimpleApplicationEventMulticaster.java:163)
	at org.springframework.context.event.SimpleApplicationEventMulticaster.multicastEvent(SimpleApplicationEventMulticaster.java:136)
	at org.springframework.context.support.AbstractApplicationContext.publishEvent(AbstractApplicationContext.java:381)
	at org.springframework.context.support.AbstractApplicationContext.publishEvent(AbstractApplicationContext.java:335)
	at org.springframework.boot.autoconfigure.orm.jpa.DataSourceInitializedPublisher.postProcessAfterInitialization(DataSourceInitializedPublisher.java:70)
	at org.springframework.beans.factory.support.AbstractAutowireCapableBeanFactory.applyBeanPostProcessorsAfterInitialization(AbstractAutowireCapableBeanFactory.java:422)
	at org.springframework.beans.factory.support.AbstractAutowireCapableBeanFactory.postProcessObjectFromFactoryBean(AbstractAutowireCapableBeanFactory.java:1723)
	at org.springframework.beans.factory.support.FactoryBeanRegistrySupport.getObjectFromFactoryBean(FactoryBeanRegistrySupport.java:113)
	... 102 more
Caused by: org.springframework.jdbc.CannotGetJdbcConnectionException: Could not get JDBC Connection; nested exception is com.mysql.jdbc.exceptions.jdbc4.CommunicationsException: Communications link failure

Last packet sent to the server was 0 ms ago.
	at org.springframework.jdbc.datasource.DataSourceUtils.getConnection(DataSourceUtils.java:80)
	at org.springframework.jdbc.datasource.init.DatabasePopulatorUtils.execute(DatabasePopulatorUtils.java:46)
	... 114 more
Caused by: com.mysql.jdbc.exceptions.jdbc4.CommunicationsException: Communications link failure

Last packet sent to the server was 0 ms ago.
	at sun.reflect.NativeConstructorAccessorImpl.newInstance0(Native Method)
	at sun.reflect.NativeConstructorAccessorImpl.newInstance(NativeConstructorAccessorImpl.java:62)
	at sun.reflect.DelegatingConstructorAccessorImpl.newInstance(DelegatingConstructorAccessorImpl.java:45)
	at java.lang.reflect.Constructor.newInstance(Constructor.java:422)
	at com.mysql.jdbc.Util.handleNewInstance(Util.java:406)
	at com.mysql.jdbc.SQLError.createCommunicationsException(SQLError.java:1074)
	at com.mysql.jdbc.ConnectionImpl.createNewIO(ConnectionImpl.java:2103)
	at com.mysql.jdbc.ConnectionImpl.&lt;init&gt;(ConnectionImpl.java:718)
	at com.mysql.jdbc.JDBC4Connection.&lt;init&gt;(JDBC4Connection.java:46)
	at sun.reflect.NativeConstructorAccessorImpl.newInstance0(Native Method)
	at sun.reflect.NativeConstructorAccessorImpl.newInstance(NativeConstructorAccessorImpl.java:62)
	at sun.reflect.DelegatingConstructorAccessorImpl.newInstance(DelegatingConstructorAccessorImpl.java:45)
	at java.lang.reflect.Constructor.newInstance(Constructor.java:422)
	at com.mysql.jdbc.Util.handleNewInstance(Util.java:406)
	at com.mysql.jdbc.ConnectionImpl.getInstance(ConnectionImpl.java:302)
	at com.mysql.jdbc.NonRegisteringDriver.connect(NonRegisteringDriver.java:282)
	at org.apache.tomcat.jdbc.pool.PooledConnection.connectUsingDriver(PooledConnection.java:307)
	at org.apache.tomcat.jdbc.pool.PooledConnection.connect(PooledConnection.java:200)
	at org.apache.tomcat.jdbc.pool.ConnectionPool.createConnection(ConnectionPool.java:708)
	at org.apache.tomcat.jdbc.pool.ConnectionPool.borrowConnection(ConnectionPool.java:642)
	at org.apache.tomcat.jdbc.pool.ConnectionPool.init(ConnectionPool.java:464)
	at org.apache.tomcat.jdbc.pool.ConnectionPool.&lt;init&gt;(ConnectionPool.java:141)
	at org.apache.tomcat.jdbc.pool.DataSourceProxy.pCreatePool(DataSourceProxy.java:115)
	at org.apache.tomcat.jdbc.pool.DataSourceProxy.createPool(DataSourceProxy.java:102)
	at org.apache.tomcat.jdbc.pool.DataSourceProxy.getConnection(DataSourceProxy.java:126)
	at org.springframework.jdbc.datasource.DataSourceUtils.doGetConnection(DataSourceUtils.java:111)
	at org.springframework.jdbc.datasource.DataSourceUtils.getConnection(DataSourceUtils.java:77)
	... 115 more
Caused by: java.net.ConnectException: Connection refused: connect
	at java.net.DualStackPlainSocketImpl.connect0(Native Method)
	at java.net.DualStackPlainSocketImpl.socketConnect(DualStackPlainSocketImpl.java:79)
	at java.net.AbstractPlainSocketImpl.doConnect(AbstractPlainSocketImpl.java:345)
	at java.net.AbstractPlainSocketImpl.connectToAddress(AbstractPlainSocketImpl.java:206)
	at java.net.AbstractPlainSocketImpl.connect(AbstractPlainSocketImpl.java:188)
	at java.net.PlainSocketImpl.connect(PlainSocketImpl.java:172)
	at java.net.SocksSocketImpl.connect(SocksSocketImpl.java:392)
	at java.net.Socket.connect(Socket.java:589)
	at java.net.Socket.connect(Socket.java:538)
	at java.net.Socket.&lt;init&gt;(Socket.java:434)
	at java.net.Socket.&lt;init&gt;(Socket.java:244)
	at com.mysql.jdbc.StandardSocketFactory.connect(StandardSocketFactory.java:253)
	at com.mysql.jdbc.MysqlIO.&lt;init&gt;(MysqlIO.java:280)
	at com.mysql.jdbc.ConnectionImpl.createNewIO(ConnectionImpl.java:2026)
	... 135 more
</error>
    <system-out>[DEBUG] SpringJUnit4ClassRunner constructor called with [class com.crossover.trial.journals.rest.CategoryRestServiceTest]
[DEBUG] Instantiating CacheAwareContextLoaderDelegate from class [org.springframework.test.context.cache.DefaultCacheAwareContextLoaderDelegate]
[DEBUG] Instantiating BootstrapContext using constructor [public org.springframework.test.context.support.DefaultBootstrapContext(java.lang.Class,org.springframework.test.context.CacheAwareContextLoaderDelegate)]
[DEBUG] Instantiating TestContextBootstrapper for test class [com.crossover.trial.journals.rest.CategoryRestServiceTest] from class [org.springframework.test.context.web.WebTestContextBootstrapper]
[DEBUG] Found explicit ContextLoader class [org.springframework.boot.test.SpringApplicationContextLoader] for context configuration attributes [ContextConfigurationAttributes@396e2f39 declaringClass = &apos;com.crossover.trial.journals.rest.CategoryRestServiceTest&apos;, classes = &apos;{class com.crossover.trial.journals.Application}&apos;, locations = &apos;{}&apos;, inheritLocations = true, initializers = &apos;{}&apos;, inheritInitializers = true, name = [null], contextLoaderClass = &apos;org.springframework.boot.test.SpringApplicationContextLoader&apos;]
[DEBUG] Did not detect default resource location for test class [com.crossover.trial.journals.rest.CategoryRestServiceTest]: class path resource [com/crossover/trial/journals/rest/CategoryRestServiceTest-context.xml] does not exist
[DEBUG] Did not detect default resource location for test class [com.crossover.trial.journals.rest.CategoryRestServiceTest]: class path resource [com/crossover/trial/journals/rest/CategoryRestServiceTestContext.groovy] does not exist
[INFO] Could not detect default resource locations for test class [com.crossover.trial.journals.rest.CategoryRestServiceTest]: no resource found for suffixes {-context.xml, Context.groovy}.
[DEBUG] Could not find an &apos;annotation declaring class&apos; for annotation type [org.springframework.test.context.ActiveProfiles] and class [com.crossover.trial.journals.rest.CategoryRestServiceTest]
[DEBUG] @TestExecutionListeners is not present for class [com.crossover.trial.journals.rest.CategoryRestServiceTest]: using defaults.
[INFO] Loaded default TestExecutionListener class names from location [META-INF/spring.factories]: [org.springframework.test.context.web.ServletTestExecutionListener, org.springframework.test.context.support.DirtiesContextBeforeModesTestExecutionListener, org.springframework.test.context.support.DependencyInjectionTestExecutionListener, org.springframework.test.context.support.DirtiesContextTestExecutionListener, org.springframework.test.context.transaction.TransactionalTestExecutionListener, org.springframework.test.context.jdbc.SqlScriptsTestExecutionListener, org.springframework.security.test.context.support.WithSecurityContextTestExecutionListener]
[INFO] Using TestExecutionListeners: [org.springframework.test.context.web.ServletTestExecutionListener@5cdd8682, org.springframework.test.context.support.DirtiesContextBeforeModesTestExecutionListener@d6da883, org.springframework.test.context.support.DependencyInjectionTestExecutionListener@45afc369, org.springframework.test.context.support.DirtiesContextTestExecutionListener@799d4f69, org.springframework.test.context.transaction.TransactionalTestExecutionListener@49c43f4e, org.springframework.test.context.jdbc.SqlScriptsTestExecutionListener@290dbf45, org.springframework.security.test.context.support.WithSecurityContextTestExecutionListener@12028586]
[DEBUG] Retrieved @ProfileValueSourceConfiguration [null] for test class [com.crossover.trial.journals.rest.CategoryRestServiceTest]
[DEBUG] Retrieved ProfileValueSource type [class org.springframework.test.annotation.SystemProfileValueSource] for class [com.crossover.trial.journals.rest.CategoryRestServiceTest]
[DEBUG] Retrieved @ProfileValueSourceConfiguration [null] for test class [com.crossover.trial.journals.rest.CategoryRestServiceTest]
[DEBUG] Retrieved ProfileValueSource type [class org.springframework.test.annotation.SystemProfileValueSource] for class [com.crossover.trial.journals.rest.CategoryRestServiceTest]
[DEBUG] Before test class: context [DefaultTestContext@31206beb testClass = CategoryRestServiceTest, testInstance = [null], testMethod = [null], testException = [null], mergedContextConfiguration = [WebMergedContextConfiguration@3e77a1ed testClass = CategoryRestServiceTest, locations = &apos;{}&apos;, classes = &apos;{class com.crossover.trial.journals.Application}&apos;, contextInitializerClasses = &apos;[]&apos;, activeProfiles = &apos;{}&apos;, propertySourceLocations = &apos;{}&apos;, propertySourceProperties = &apos;{}&apos;, resourceBasePath = &apos;src/main/webapp&apos;, contextLoader = &apos;org.springframework.boot.test.SpringApplicationContextLoader&apos;, parent = [null]]], class annotated with @DirtiesContext [false] with mode [null].
[DEBUG] Retrieved @ProfileValueSourceConfiguration [null] for test class [com.crossover.trial.journals.rest.CategoryRestServiceTest]
[DEBUG] Retrieved ProfileValueSource type [class org.springframework.test.annotation.SystemProfileValueSource] for class [com.crossover.trial.journals.rest.CategoryRestServiceTest]
[DEBUG] Adding [systemProperties] PropertySource with lowest search precedence
[DEBUG] Adding [systemEnvironment] PropertySource with lowest search precedence
[DEBUG] Initialized StandardEnvironment with PropertySources [systemProperties,systemEnvironment]
[DEBUG] Adding [integrationTest] PropertySource with search precedence immediately lower than [systemEnvironment]
[DEBUG] Searching for key &apos;context.listener.classes&apos; in [systemProperties]
[DEBUG] Searching for key &apos;context.listener.classes&apos; in [systemEnvironment]
[DEBUG] Searching for key &apos;context.listener.classes&apos; in [random]
[DEBUG] Searching for key &apos;context.listener.classes&apos; in [integrationTest]
[DEBUG] Searching for key &apos;context.listener.classes&apos; in [applicationConfigurationProperties]
[DEBUG] Could not find key &apos;context.listener.classes&apos; in any property source. Returning [null]
[DEBUG] Searching for key &apos;banner.location&apos; in [systemProperties]
[DEBUG] Searching for key &apos;banner.location&apos; in [systemEnvironment]
[DEBUG] Searching for key &apos;banner.location&apos; in [random]
[DEBUG] Searching for key &apos;banner.location&apos; in [integrationTest]
[DEBUG] Searching for key &apos;banner.location&apos; in [applicationConfigurationProperties]
[DEBUG] Could not find key &apos;banner.location&apos; in any property source. Returning [null]

  .   ____          _            __ _ _
 /\\ / ___&apos;_ __ _ _(_)_ __  __ _ \ \ \ \
( ( )\___ | &apos;_ | &apos;_| | &apos;_ \/ _` | \ \ \ \
 \\/  ___)| |_)| | | | | || (_| |  ) ) ) )
  &apos;  |____| .__|_| |_|_| |_\__, | / / / /
 =========|_|==============|___/=/_/_/_/
 :: Spring Boot ::        (v1.3.3.RELEASE)

[DEBUG] Searching for key &apos;context.initializer.classes&apos; in [systemProperties]
[DEBUG] Searching for key &apos;context.initializer.classes&apos; in [systemEnvironment]
[DEBUG] Searching for key &apos;context.initializer.classes&apos; in [random]
[DEBUG] Searching for key &apos;context.initializer.classes&apos; in [integrationTest]
[DEBUG] Searching for key &apos;context.initializer.classes&apos; in [applicationConfigurationProperties]
[DEBUG] Could not find key &apos;context.initializer.classes&apos; in any property source. Returning [null]
[DEBUG] Searching for key &apos;spring.config.name:application&apos; in [systemProperties]
[DEBUG] Searching for key &apos;spring.config.name:application&apos; in [systemEnvironment]
[DEBUG] Searching for key &apos;spring.config.name:application&apos; in [random]
[DEBUG] Searching for key &apos;spring.config.name:application&apos; in [integrationTest]
[DEBUG] Searching for key &apos;spring.config.name:application&apos; in [applicationConfigurationProperties]
[DEBUG] Could not find key &apos;spring.config.name:application&apos; in any property source. Returning [null]
[DEBUG] Searching for key &apos;spring.config.name&apos; in [systemProperties]
[DEBUG] Searching for key &apos;spring.config.name&apos; in [systemEnvironment]
[DEBUG] Searching for key &apos;spring.config.name&apos; in [random]
[DEBUG] Searching for key &apos;spring.config.name&apos; in [integrationTest]
[DEBUG] Searching for key &apos;spring.config.name&apos; in [applicationConfigurationProperties]
[DEBUG] Could not find key &apos;spring.config.name&apos; in any property source. Returning [null]
[DEBUG] Searching for key &apos;vcap.application.name:application&apos; in [systemProperties]
[DEBUG] Searching for key &apos;vcap.application.name:application&apos; in [systemEnvironment]
[DEBUG] Searching for key &apos;vcap.application.name:application&apos; in [random]
[DEBUG] Searching for key &apos;vcap.application.name:application&apos; in [integrationTest]
[DEBUG] Searching for key &apos;vcap.application.name:application&apos; in [applicationConfigurationProperties]
[DEBUG] Could not find key &apos;vcap.application.name:application&apos; in any property source. Returning [null]
[DEBUG] Searching for key &apos;vcap.application.name&apos; in [systemProperties]
[DEBUG] Searching for key &apos;vcap.application.name&apos; in [systemEnvironment]
[DEBUG] Searching for key &apos;vcap.application.name&apos; in [random]
[DEBUG] Searching for key &apos;vcap.application.name&apos; in [integrationTest]
[DEBUG] Searching for key &apos;vcap.application.name&apos; in [applicationConfigurationProperties]
[DEBUG] Could not find key &apos;vcap.application.name&apos; in any property source. Returning [null]
[DEBUG] Searching for key &apos;spring.application.name:application&apos; in [systemProperties]
[DEBUG] Searching for key &apos;spring.application.name:application&apos; in [systemEnvironment]
[DEBUG] Searching for key &apos;spring.application.name:application&apos; in [random]
[DEBUG] Searching for key &apos;spring.application.name:application&apos; in [integrationTest]
[DEBUG] Searching for key &apos;spring.application.name:application&apos; in [applicationConfigurationProperties]
[DEBUG] Could not find key &apos;spring.application.name:application&apos; in any property source. Returning [null]
[DEBUG] Searching for key &apos;spring.application.name&apos; in [systemProperties]
[DEBUG] Searching for key &apos;spring.application.name&apos; in [systemEnvironment]
[DEBUG] Searching for key &apos;spring.application.name&apos; in [random]
[DEBUG] Searching for key &apos;spring.application.name&apos; in [integrationTest]
[DEBUG] Searching for key &apos;spring.application.name&apos; in [applicationConfigurationProperties]
[DEBUG] Could not find key &apos;spring.application.name&apos; in any property source. Returning [null]
[DEBUG] Searching for key &apos;PORT:null&apos; in [systemProperties]
[DEBUG] Searching for key &apos;PORT:null&apos; in [systemEnvironment]
[DEBUG] Searching for key &apos;PORT:null&apos; in [random]
[DEBUG] Searching for key &apos;PORT:null&apos; in [integrationTest]
[DEBUG] Searching for key &apos;PORT:null&apos; in [applicationConfigurationProperties]
[DEBUG] Could not find key &apos;PORT:null&apos; in any property source. Returning [null]
[DEBUG] Searching for key &apos;PORT&apos; in [systemProperties]
[DEBUG] Searching for key &apos;PORT&apos; in [systemEnvironment]
[DEBUG] Searching for key &apos;PORT&apos; in [random]
[DEBUG] Searching for key &apos;PORT&apos; in [integrationTest]
[DEBUG] Searching for key &apos;PORT&apos; in [applicationConfigurationProperties]
[DEBUG] Could not find key &apos;PORT&apos; in any property source. Returning [null]
[DEBUG] Searching for key &apos;server.port:null&apos; in [systemProperties]
[DEBUG] Searching for key &apos;server.port:null&apos; in [systemEnvironment]
[DEBUG] Searching for key &apos;server.port:null&apos; in [random]
[DEBUG] Searching for key &apos;server.port:null&apos; in [integrationTest]
[DEBUG] Searching for key &apos;server.port:null&apos; in [applicationConfigurationProperties]
[DEBUG] Could not find key &apos;server.port:null&apos; in any property source. Returning [null]
[DEBUG] Searching for key &apos;server.port&apos; in [systemProperties]
[DEBUG] Searching for key &apos;server.port&apos; in [systemEnvironment]
[DEBUG] Searching for key &apos;server.port&apos; in [random]
[DEBUG] Searching for key &apos;server.port&apos; in [integrationTest]
[DEBUG] Found key &apos;server.port&apos; in [integrationTest] with type [String] and value &apos;-1&apos;
[DEBUG] Searching for key &apos;spring.application.index:-1&apos; in [systemProperties]
[DEBUG] Searching for key &apos;spring.application.index:-1&apos; in [systemEnvironment]
[DEBUG] Searching for key &apos;spring.application.index:-1&apos; in [random]
[DEBUG] Searching for key &apos;spring.application.index:-1&apos; in [integrationTest]
[DEBUG] Searching for key &apos;spring.application.index:-1&apos; in [applicationConfigurationProperties]
[DEBUG] Could not find key &apos;spring.application.index:-1&apos; in any property source. Returning [null]
[DEBUG] Searching for key &apos;spring.application.index&apos; in [systemProperties]
[DEBUG] Searching for key &apos;spring.application.index&apos; in [systemEnvironment]
[DEBUG] Searching for key &apos;spring.application.index&apos; in [random]
[DEBUG] Searching for key &apos;spring.application.index&apos; in [integrationTest]
[DEBUG] Searching for key &apos;spring.application.index&apos; in [applicationConfigurationProperties]
[DEBUG] Could not find key &apos;spring.application.index&apos; in any property source. Returning [null]
[DEBUG] Searching for key &apos;vcap.application.instance_index:-1&apos; in [systemProperties]
[DEBUG] Searching for key &apos;vcap.application.instance_index:-1&apos; in [systemEnvironment]
[DEBUG] Searching for key &apos;vcap.application.instance_index:-1&apos; in [random]
[DEBUG] Searching for key &apos;vcap.application.instance_index:-1&apos; in [integrationTest]
[DEBUG] Searching for key &apos;vcap.application.instance_index:-1&apos; in [applicationConfigurationProperties]
[DEBUG] Could not find key &apos;vcap.application.instance_index:-1&apos; in any property source. Returning [null]
[DEBUG] Searching for key &apos;vcap.application.instance_index&apos; in [systemProperties]
[DEBUG] Searching for key &apos;vcap.application.instance_index&apos; in [systemEnvironment]
[DEBUG] Searching for key &apos;vcap.application.instance_index&apos; in [random]
[DEBUG] Searching for key &apos;vcap.application.instance_index&apos; in [integrationTest]
[DEBUG] Searching for key &apos;vcap.application.instance_index&apos; in [applicationConfigurationProperties]
[DEBUG] Could not find key &apos;vcap.application.instance_index&apos; in any property source. Returning [null]
[DEBUG] Searching for key &apos;spring.profiles.active&apos; in [systemProperties]
[DEBUG] Searching for key &apos;spring.profiles.active&apos; in [systemEnvironment]
[DEBUG] Searching for key &apos;spring.profiles.active&apos; in [random]
[DEBUG] Searching for key &apos;spring.profiles.active&apos; in [integrationTest]
[DEBUG] Searching for key &apos;spring.profiles.active&apos; in [applicationConfigurationProperties]
[DEBUG] Could not find key &apos;spring.profiles.active&apos; in any property source. Returning [null]
[INFO] Starting CategoryRestServiceTest on Adi-PC with PID 5332 (started by Adi in D:\Projects\CrossoverTrial - Second\Code)
[DEBUG] Running with Spring Boot v1.3.3.RELEASE, Spring v4.2.5.RELEASE
[DEBUG] Searching for key &apos;spring.profiles.active&apos; in [systemProperties]
[DEBUG] Searching for key &apos;spring.profiles.active&apos; in [systemEnvironment]
[DEBUG] Searching for key &apos;spring.profiles.active&apos; in [random]
[DEBUG] Searching for key &apos;spring.profiles.active&apos; in [integrationTest]
[DEBUG] Searching for key &apos;spring.profiles.active&apos; in [applicationConfigurationProperties]
[DEBUG] Could not find key &apos;spring.profiles.active&apos; in any property source. Returning [null]
[DEBUG] Searching for key &apos;spring.profiles.default&apos; in [systemProperties]
[DEBUG] Searching for key &apos;spring.profiles.default&apos; in [systemEnvironment]
[DEBUG] Searching for key &apos;spring.profiles.default&apos; in [random]
[DEBUG] Searching for key &apos;spring.profiles.default&apos; in [integrationTest]
[DEBUG] Searching for key &apos;spring.profiles.default&apos; in [applicationConfigurationProperties]
[DEBUG] Could not find key &apos;spring.profiles.default&apos; in any property source. Returning [null]
[INFO] No active profile set, falling back to default profiles: default
[DEBUG] Loading source class com.crossover.trial.journals.Application
[DEBUG] JSR-250 &apos;javax.annotation.ManagedBean&apos; found and supported for component scanning
[DEBUG] Loaded config file &apos;classpath:/application.properties&apos;
[DEBUG] Skipped (empty) config file &apos;classpath:/application.properties&apos; for profile default
[INFO] Refreshing org.springframework.web.context.support.GenericWebApplicationContext@24269709: startup date [Thu Jul 06 08:14:04 EEST 2017]; root of context hierarchy
[DEBUG] Bean factory for org.springframework.web.context.support.GenericWebApplicationContext@24269709: org.springframework.beans.factory.support.DefaultListableBeanFactory@81d9a72: defining beans [org.springframework.context.annotation.internalConfigurationAnnotationProcessor,org.springframework.context.annotation.internalAutowiredAnnotationProcessor,org.springframework.context.annotation.internalRequiredAnnotationProcessor,org.springframework.context.annotation.internalCommonAnnotationProcessor,org.springframework.context.annotation.internalPersistenceAnnotationProcessor,org.springframework.context.event.internalEventListenerProcessor,org.springframework.context.event.internalEventListenerFactory,application]; root of factory hierarchy
[DEBUG] Registering scope &apos;request&apos; with implementation [org.springframework.web.context.request.RequestScope@6950ed69]
[DEBUG] Registering scope &apos;session&apos; with implementation [org.springframework.web.context.request.SessionScope@2663e964]
[DEBUG] Registering scope &apos;globalSession&apos; with implementation [org.springframework.web.context.request.SessionScope@48b67364]
[DEBUG] Registering scope &apos;application&apos; with implementation [org.springframework.web.context.support.ServletContextScope@42e25b0b]
[DEBUG] Creating shared instance of singleton bean &apos;org.springframework.context.annotation.internalConfigurationAnnotationProcessor&apos;
[DEBUG] Creating instance of bean &apos;org.springframework.context.annotation.internalConfigurationAnnotationProcessor&apos;
[DEBUG] Eagerly caching bean &apos;org.springframework.context.annotation.internalConfigurationAnnotationProcessor&apos; to allow for resolving potential circular references
[DEBUG] Finished creating instance of bean &apos;org.springframework.context.annotation.internalConfigurationAnnotationProcessor&apos;
[DEBUG] Adding [systemProperties] PropertySource with lowest search precedence
[DEBUG] Adding [systemEnvironment] PropertySource with lowest search precedence
[DEBUG] Initialized StandardEnvironment with PropertySources [systemProperties,systemEnvironment]
[DEBUG] JSR-250 &apos;javax.annotation.ManagedBean&apos; found and supported for component scanning
[DEBUG] Resolved classpath location [com/crossover/trial/journals/] to resources [URL [file:/D:/Projects/CrossoverTrial%20-%20Second/Code/target/test-classes/com/crossover/trial/journals/], URL [file:/D:/Projects/CrossoverTrial%20-%20Second/Code/target/generated-classes/cobertura/com/crossover/trial/journals/]]
[DEBUG] Looking for matching resources in directory tree [D:\Projects\CrossoverTrial - Second\Code\target\test-classes\com\crossover\trial\journals]
[DEBUG] Searching directory [D:\Projects\CrossoverTrial - Second\Code\target\test-classes\com\crossover\trial\journals] for files matching pattern [D:/Projects/CrossoverTrial - Second/Code/target/test-classes/com/crossover/trial/journals/**/*.class]
[DEBUG] Searching directory [D:\Projects\CrossoverTrial - Second\Code\target\test-classes\com\crossover\trial\journals\rest] for files matching pattern [D:/Projects/CrossoverTrial - Second/Code/target/test-classes/com/crossover/trial/journals/**/*.class]
[DEBUG] Looking for matching resources in directory tree [D:\Projects\CrossoverTrial - Second\Code\target\generated-classes\cobertura\com\crossover\trial\journals]
[DEBUG] Searching directory [D:\Projects\CrossoverTrial - Second\Code\target\generated-classes\cobertura\com\crossover\trial\journals] for files matching pattern [D:/Projects/CrossoverTrial - Second/Code/target/generated-classes/cobertura/com/crossover/trial/journals/**/*.class]
[DEBUG] Searching directory [D:\Projects\CrossoverTrial - Second\Code\target\generated-classes\cobertura\com\crossover\trial\journals\config] for files matching pattern [D:/Projects/CrossoverTrial - Second/Code/target/generated-classes/cobertura/com/crossover/trial/journals/**/*.class]
[DEBUG] Searching directory [D:\Projects\CrossoverTrial - Second\Code\target\generated-classes\cobertura\com\crossover\trial\journals\controller] for files matching pattern [D:/Projects/CrossoverTrial - Second/Code/target/generated-classes/cobertura/com/crossover/trial/journals/**/*.class]
[DEBUG] Searching directory [D:\Projects\CrossoverTrial - Second\Code\target\generated-classes\cobertura\com\crossover\trial\journals\dto] for files matching pattern [D:/Projects/CrossoverTrial - Second/Code/target/generated-classes/cobertura/com/crossover/trial/journals/**/*.class]
[DEBUG] Searching directory [D:\Projects\CrossoverTrial - Second\Code\target\generated-classes\cobertura\com\crossover\trial\journals\model] for files matching pattern [D:/Projects/CrossoverTrial - Second/Code/target/generated-classes/cobertura/com/crossover/trial/journals/**/*.class]
[DEBUG] Searching directory [D:\Projects\CrossoverTrial - Second\Code\target\generated-classes\cobertura\com\crossover\trial\journals\repository] for files matching pattern [D:/Projects/CrossoverTrial - Second/Code/target/generated-classes/cobertura/com/crossover/trial/journals/**/*.class]
[DEBUG] Searching directory [D:\Projects\CrossoverTrial - Second\Code\target\generated-classes\cobertura\com\crossover\trial\journals\rest] for files matching pattern [D:/Projects/CrossoverTrial - Second/Code/target/generated-classes/cobertura/com/crossover/trial/journals/**/*.class]
[DEBUG] Searching directory [D:\Projects\CrossoverTrial - Second\Code\target\generated-classes\cobertura\com\crossover\trial\journals\service] for files matching pattern [D:/Projects/CrossoverTrial - Second/Code/target/generated-classes/cobertura/com/crossover/trial/journals/**/*.class]
[DEBUG] Resolved location pattern [classpath*:com/crossover/trial/journals/**/*.class] to resources [file [D:\Projects\CrossoverTrial - Second\Code\target\test-classes\com\crossover\trial\journals\rest\CategoryRestServiceTest.class], file [D:\Projects\CrossoverTrial - Second\Code\target\test-classes\com\crossover\trial\journals\rest\JournalServiceTest.class], file [D:\Projects\CrossoverTrial - Second\Code\target\generated-classes\cobertura\com\crossover\trial\journals\Application.class], file [D:\Projects\CrossoverTrial - Second\Code\target\generated-classes\cobertura\com\crossover\trial\journals\config\MvcConfig.class], file [D:\Projects\CrossoverTrial - Second\Code\target\generated-classes\cobertura\com\crossover\trial\journals\config\WebSecurityConfig.class], file [D:\Projects\CrossoverTrial - Second\Code\target\generated-classes\cobertura\com\crossover\trial\journals\controller\JournalController.class], file [D:\Projects\CrossoverTrial - Second\Code\target\generated-classes\cobertura\com\crossover\trial\journals\controller\PublisherController.class], file [D:\Projects\CrossoverTrial - Second\Code\target\generated-classes\cobertura\com\crossover\trial\journals\dto\SubscriptionDTO.class], file [D:\Projects\CrossoverTrial - Second\Code\target\generated-classes\cobertura\com\crossover\trial\journals\model\Category.class], file [D:\Projects\CrossoverTrial - Second\Code\target\generated-classes\cobertura\com\crossover\trial\journals\model\Journal.class], file [D:\Projects\CrossoverTrial - Second\Code\target\generated-classes\cobertura\com\crossover\trial\journals\model\Publisher.class], file [D:\Projects\CrossoverTrial - Second\Code\target\generated-classes\cobertura\com\crossover\trial\journals\model\Role.class], file [D:\Projects\CrossoverTrial - Second\Code\target\generated-classes\cobertura\com\crossover\trial\journals\model\Subscription.class], file [D:\Projects\CrossoverTrial - Second\Code\target\generated-classes\cobertura\com\crossover\trial\journals\model\User.class], file [D:\Projects\CrossoverTrial - Second\Code\target\generated-classes\cobertura\com\crossover\trial\journals\repository\CategoryRepository.class], file [D:\Projects\CrossoverTrial - Second\Code\target\generated-classes\cobertura\com\crossover\trial\journals\repository\JournalRepository.class], file [D:\Projects\CrossoverTrial - Second\Code\target\generated-classes\cobertura\com\crossover\trial\journals\repository\PublisherRepository.class], file [D:\Projects\CrossoverTrial - Second\Code\target\generated-classes\cobertura\com\crossover\trial\journals\repository\UserRepository.class], file [D:\Projects\CrossoverTrial - Second\Code\target\generated-classes\cobertura\com\crossover\trial\journals\rest\CategoryRestService.class], file [D:\Projects\CrossoverTrial - Second\Code\target\generated-classes\cobertura\com\crossover\trial\journals\rest\JournalRestService.class], file [D:\Projects\CrossoverTrial - Second\Code\target\generated-classes\cobertura\com\crossover\trial\journals\service\CurrentUser.class], file [D:\Projects\CrossoverTrial - Second\Code\target\generated-classes\cobertura\com\crossover\trial\journals\service\CurrentUserDetailsService.class], file [D:\Projects\CrossoverTrial - Second\Code\target\generated-classes\cobertura\com\crossover\trial\journals\service\JournalService.class], file [D:\Projects\CrossoverTrial - Second\Code\target\generated-classes\cobertura\com\crossover\trial\journals\service\JournalServiceImpl.class], file [D:\Projects\CrossoverTrial - Second\Code\target\generated-classes\cobertura\com\crossover\trial\journals\service\ServiceException.class], file [D:\Projects\CrossoverTrial - Second\Code\target\generated-classes\cobertura\com\crossover\trial\journals\service\UserService.class], file [D:\Projects\CrossoverTrial - Second\Code\target\generated-classes\cobertura\com\crossover\trial\journals\service\UserServiceImpl.class]]
[DEBUG] Identified candidate component class: file [D:\Projects\CrossoverTrial - Second\Code\target\generated-classes\cobertura\com\crossover\trial\journals\config\MvcConfig.class]
[DEBUG] Identified candidate component class: file [D:\Projects\CrossoverTrial - Second\Code\target\generated-classes\cobertura\com\crossover\trial\journals\config\WebSecurityConfig.class]
[DEBUG] Identified candidate component class: file [D:\Projects\CrossoverTrial - Second\Code\target\generated-classes\cobertura\com\crossover\trial\journals\controller\JournalController.class]
[DEBUG] Identified candidate component class: file [D:\Projects\CrossoverTrial - Second\Code\target\generated-classes\cobertura\com\crossover\trial\journals\controller\PublisherController.class]
[DEBUG] Identified candidate component class: file [D:\Projects\CrossoverTrial - Second\Code\target\generated-classes\cobertura\com\crossover\trial\journals\rest\CategoryRestService.class]
[DEBUG] Identified candidate component class: file [D:\Projects\CrossoverTrial - Second\Code\target\generated-classes\cobertura\com\crossover\trial\journals\rest\JournalRestService.class]
[DEBUG] Identified candidate component class: file [D:\Projects\CrossoverTrial - Second\Code\target\generated-classes\cobertura\com\crossover\trial\journals\service\CurrentUserDetailsService.class]
[DEBUG] Identified candidate component class: file [D:\Projects\CrossoverTrial - Second\Code\target\generated-classes\cobertura\com\crossover\trial\journals\service\JournalServiceImpl.class]
[DEBUG] Identified candidate component class: file [D:\Projects\CrossoverTrial - Second\Code\target\generated-classes\cobertura\com\crossover\trial\journals\service\UserServiceImpl.class]
[DEBUG] Logging Provider: org.jboss.logging.Slf4jLoggerProvider found via system property
[INFO] HV000001: Hibernate Validator 5.2.4.Final
[DEBUG] Searching for key &apos;idea.version&apos; in [systemProperties]
[DEBUG] Found key &apos;idea.version&apos; in [systemProperties] with type [String] and value &apos;2016.3.5&apos;
[DEBUG] Searching for key &apos;java.runtime.name&apos; in [systemProperties]
[DEBUG] Found key &apos;java.runtime.name&apos; in [systemProperties] with type [String] and value &apos;Java(TM) SE Runtime Environment&apos;
[DEBUG] Searching for key &apos;sun.boot.library.path&apos; in [systemProperties]
[DEBUG] Found key &apos;sun.boot.library.path&apos; in [systemProperties] with type [String] and value &apos;C:\Program Files\Java\jdk1.8.0_45\jre\bin&apos;
[DEBUG] Searching for key &apos;java.vm.version&apos; in [systemProperties]
[DEBUG] Found key &apos;java.vm.version&apos; in [systemProperties] with type [String] and value &apos;25.45-b02&apos;
[DEBUG] Searching for key &apos;user.country.format&apos; in [systemProperties]
[DEBUG] Found key &apos;user.country.format&apos; in [systemProperties] with type [String] and value &apos;RO&apos;
[DEBUG] Searching for key &apos;java.vm.vendor&apos; in [systemProperties]
[DEBUG] Found key &apos;java.vm.vendor&apos; in [systemProperties] with type [String] and value &apos;Oracle Corporation&apos;
[DEBUG] Searching for key &apos;java.vendor.url&apos; in [systemProperties]
[DEBUG] Found key &apos;java.vendor.url&apos; in [systemProperties] with type [String] and value &apos;http://java.oracle.com/&apos;
[DEBUG] Searching for key &apos;path.separator&apos; in [systemProperties]
[DEBUG] Found key &apos;path.separator&apos; in [systemProperties] with type [String] and value &apos;;&apos;
[DEBUG] Searching for key &apos;java.vm.name&apos; in [systemProperties]
[DEBUG] Found key &apos;java.vm.name&apos; in [systemProperties] with type [String] and value &apos;Java HotSpot(TM) 64-Bit Server VM&apos;
[DEBUG] Searching for key &apos;file.encoding.pkg&apos; in [systemProperties]
[DEBUG] Found key &apos;file.encoding.pkg&apos; in [systemProperties] with type [String] and value &apos;sun.io&apos;
[DEBUG] Searching for key &apos;user.country&apos; in [systemProperties]
[DEBUG] Found key &apos;user.country&apos; in [systemProperties] with type [String] and value &apos;US&apos;
[DEBUG] Searching for key &apos;user.script&apos; in [systemProperties]
[DEBUG] Found key &apos;user.script&apos; in [systemProperties] with type [String] and value &apos;&apos;
[DEBUG] Searching for key &apos;sun.java.launcher&apos; in [systemProperties]
[DEBUG] Found key &apos;sun.java.launcher&apos; in [systemProperties] with type [String] and value &apos;SUN_STANDARD&apos;
[DEBUG] Searching for key &apos;sun.os.patch.level&apos; in [systemProperties]
[DEBUG] Found key &apos;sun.os.patch.level&apos; in [systemProperties] with type [String] and value &apos;Service Pack 1&apos;
[DEBUG] Searching for key &apos;PID&apos; in [systemProperties]
[DEBUG] Found key &apos;PID&apos; in [systemProperties] with type [String] and value &apos;5332&apos;
[DEBUG] Searching for key &apos;java.vm.specification.name&apos; in [systemProperties]
[DEBUG] Found key &apos;java.vm.specification.name&apos; in [systemProperties] with type [String] and value &apos;Java Virtual Machine Specification&apos;
[DEBUG] Searching for key &apos;user.dir&apos; in [systemProperties]
[DEBUG] Found key &apos;user.dir&apos; in [systemProperties] with type [String] and value &apos;D:\Projects\CrossoverTrial - Second\Code&apos;
[DEBUG] Searching for key &apos;java.runtime.version&apos; in [systemProperties]
[DEBUG] Found key &apos;java.runtime.version&apos; in [systemProperties] with type [String] and value &apos;1.8.0_45-b15&apos;
[DEBUG] Searching for key &apos;basedir&apos; in [systemProperties]
[DEBUG] Found key &apos;basedir&apos; in [systemProperties] with type [String] and value &apos;D:\Projects\CrossoverTrial - Second\Code&apos;
[DEBUG] Searching for key &apos;java.awt.graphicsenv&apos; in [systemProperties]
[DEBUG] Found key &apos;java.awt.graphicsenv&apos; in [systemProperties] with type [String] and value &apos;sun.awt.Win32GraphicsEnvironment&apos;
[DEBUG] Searching for key &apos;org.jboss.logging.provider&apos; in [systemProperties]
[DEBUG] Found key &apos;org.jboss.logging.provider&apos; in [systemProperties] with type [String] and value &apos;slf4j&apos;
[DEBUG] Searching for key &apos;java.endorsed.dirs&apos; in [systemProperties]
[DEBUG] Found key &apos;java.endorsed.dirs&apos; in [systemProperties] with type [String] and value &apos;C:\Program Files\Java\jdk1.8.0_45\jre\lib\endorsed&apos;
[DEBUG] Searching for key &apos;os.arch&apos; in [systemProperties]
[DEBUG] Found key &apos;os.arch&apos; in [systemProperties] with type [String] and value &apos;amd64&apos;
[DEBUG] Searching for key &apos;surefire.real.class.path&apos; in [systemProperties]
[DEBUG] Found key &apos;surefire.real.class.path&apos; in [systemProperties] with type [String] and value &apos;D:\Projects\CrossoverTrial - Second\Code\target\surefire\surefirebooter4697183251586044228.jar&apos;
[DEBUG] Searching for key &apos;java.io.tmpdir&apos; in [systemProperties]
[DEBUG] Found key &apos;java.io.tmpdir&apos; in [systemProperties] with type [String] and value &apos;C:\Users\Adi\AppData\Local\Temp\&apos;
[DEBUG] Searching for key &apos;line.separator&apos; in [systemProperties]
[DEBUG] Found key &apos;line.separator&apos; in [systemProperties] with type [String] and value &apos;
&apos;
[DEBUG] Searching for key &apos;java.vm.specification.vendor&apos; in [systemProperties]
[DEBUG] Found key &apos;java.vm.specification.vendor&apos; in [systemProperties] with type [String] and value &apos;Oracle Corporation&apos;
[DEBUG] Searching for key &apos;user.variant&apos; in [systemProperties]
[DEBUG] Found key &apos;user.variant&apos; in [systemProperties] with type [String] and value &apos;&apos;
[DEBUG] Searching for key &apos;os.name&apos; in [systemProperties]
[DEBUG] Found key &apos;os.name&apos; in [systemProperties] with type [String] and value &apos;Windows 7&apos;
[DEBUG] Searching for key &apos;sun.jnu.encoding&apos; in [systemProperties]
[DEBUG] Found key &apos;sun.jnu.encoding&apos; in [systemProperties] with type [String] and value &apos;Cp1250&apos;
[DEBUG] Searching for key &apos;spring.beaninfo.ignore&apos; in [systemProperties]
[DEBUG] Found key &apos;spring.beaninfo.ignore&apos; in [systemProperties] with type [String] and value &apos;true&apos;
[DEBUG] Searching for key &apos;java.library.path&apos; in [systemProperties]
[DEBUG] Found key &apos;java.library.path&apos; in [systemProperties] with type [String] and value &apos;C:\Program Files\Java\jdk1.8.0_45\jre\bin;C:\Windows\Sun\Java\bin;C:\Windows\system32;C:\Windows;C:\ProgramData\Oracle\Java\javapath;C:\Windows\system32;C:\Windows;C:\Windows\System32\Wbem;C:\Windows\System32\WindowsPowerShell\v1.0\;D:\Scala-2.10.1\bin\;C:\Program Files (x86)\scala\bin;C:\Program Files\Git\cmd;C:\Program Files\MySQL\MySQL Utilities 1.6\;C:\Program Files (x86)\Skype\Phone\;D:\Tools\nodejs\;C:\Program Files\Docker Toolbox;d:\Tools\apache-maven-3.3.9\bin\;D:\Tools\bind;C:\Users\Adi\AppData\Roaming\npm;D:\Tools\Microsoft VS Code\bin;.&apos;
[DEBUG] Searching for key &apos;surefire.test.class.path&apos; in [systemProperties]
[DEBUG] Found key &apos;surefire.test.class.path&apos; in [systemProperties] with type [String] and value &apos;D:\Projects\CrossoverTrial - Second\Code\target\test-classes;D:\Projects\CrossoverTrial - Second\Code\target\generated-classes\cobertura;C:\Users\Adi\.m2\repository\org\springframework\boot\spring-boot-starter-thymeleaf\1.3.3.RELEASE\spring-boot-starter-thymeleaf-1.3.3.RELEASE.jar;C:\Users\Adi\.m2\repository\org\springframework\boot\spring-boot-starter\1.3.3.RELEASE\spring-boot-starter-1.3.3.RELEASE.jar;C:\Users\Adi\.m2\repository\org\springframework\boot\spring-boot\1.3.3.RELEASE\spring-boot-1.3.3.RELEASE.jar;C:\Users\Adi\.m2\repository\org\springframework\boot\spring-boot-autoconfigure\1.3.3.RELEASE\spring-boot-autoconfigure-1.3.3.RELEASE.jar;C:\Users\Adi\.m2\repository\org\springframework\boot\spring-boot-starter-logging\1.3.3.RELEASE\spring-boot-starter-logging-1.3.3.RELEASE.jar;C:\Users\Adi\.m2\repository\org\slf4j\jul-to-slf4j\1.7.16\jul-to-slf4j-1.7.16.jar;C:\Users\Adi\.m2\repository\org\slf4j\log4j-over-slf4j\1.7.16\log4j-over-slf4j-1.7.16.jar;C:\Users\Adi\.m2\repository\org\yaml\snakeyaml\1.16\snakeyaml-1.16.jar;C:\Users\Adi\.m2\repository\org\thymeleaf\thymeleaf-spring4\2.1.4.RELEASE\thymeleaf-spring4-2.1.4.RELEASE.jar;C:\Users\Adi\.m2\repository\nz\net\ultraq\thymeleaf\thymeleaf-layout-dialect\1.3.3\thymeleaf-layout-dialect-1.3.3.jar;C:\Users\Adi\.m2\repository\org\codehaus\groovy\groovy\2.4.6\groovy-2.4.6.jar;C:\Users\Adi\.m2\repository\org\springframework\boot\spring-boot-starter-web\1.3.3.RELEASE\spring-boot-starter-web-1.3.3.RELEASE.jar;C:\Users\Adi\.m2\repository\org\springframework\boot\spring-boot-starter-tomcat\1.3.3.RELEASE\spring-boot-starter-tomcat-1.3.3.RELEASE.jar;C:\Users\Adi\.m2\repository\org\apache\tomcat\embed\tomcat-embed-core\8.0.32\tomcat-embed-core-8.0.32.jar;C:\Users\Adi\.m2\repository\org\apache\tomcat\embed\tomcat-embed-el\8.0.32\tomcat-embed-el-8.0.32.jar;C:\Users\Adi\.m2\repository\org\apache\tomcat\embed\tomcat-embed-logging-juli\8.0.32\tomcat-embed-logging-juli-8.0.32.jar;C:\Users\Adi\.m2\repository\org\apache\tomcat\embed\tomcat-embed-websocket\8.0.32\tomcat-embed-websocket-8.0.32.jar;C:\Users\Adi\.m2\repository\org\springframework\boot\spring-boot-starter-validation\1.3.3.RELEASE\spring-boot-starter-validation-1.3.3.RELEASE.jar;C:\Users\Adi\.m2\repository\org\hibernate\hibernate-validator\5.2.4.Final\hibernate-validator-5.2.4.Final.jar;C:\Users\Adi\.m2\repository\javax\validation\validation-api\1.1.0.Final\validation-api-1.1.0.Final.jar;C:\Users\Adi\.m2\repository\com\fasterxml\classmate\1.1.0\classmate-1.1.0.jar;C:\Users\Adi\.m2\repository\com\fasterxml\jackson\core\jackson-databind\2.6.5\jackson-databind-2.6.5.jar;C:\Users\Adi\.m2\repository\com\fasterxml\jackson\core\jackson-annotations\2.6.5\jackson-annotations-2.6.5.jar;C:\Users\Adi\.m2\repository\com\fasterxml\jackson\core\jackson-core\2.6.5\jackson-core-2.6.5.jar;C:\Users\Adi\.m2\repository\org\springframework\spring-web\4.2.5.RELEASE\spring-web-4.2.5.RELEASE.jar;C:\Users\Adi\.m2\repository\org\springframework\spring-beans\4.2.5.RELEASE\spring-beans-4.2.5.RELEASE.jar;C:\Users\Adi\.m2\repository\org\springframework\spring-context\4.2.5.RELEASE\spring-context-4.2.5.RELEASE.jar;C:\Users\Adi\.m2\repository\org\springframework\spring-webmvc\4.2.5.RELEASE\spring-webmvc-4.2.5.RELEASE.jar;C:\Users\Adi\.m2\repository\org\springframework\spring-expression\4.2.5.RELEASE\spring-expression-4.2.5.RELEASE.jar;C:\Users\Adi\.m2\repository\org\springframework\boot\spring-boot-starter-data-jpa\1.3.3.RELEASE\spring-boot-starter-data-jpa-1.3.3.RELEASE.jar;C:\Users\Adi\.m2\repository\org\springframework\boot\spring-boot-starter-aop\1.3.3.RELEASE\spring-boot-starter-aop-1.3.3.RELEASE.jar;C:\Users\Adi\.m2\repository\org\aspectj\aspectjweaver\1.8.8\aspectjweaver-1.8.8.jar;C:\Users\Adi\.m2\repository\org\springframework\boot\spring-boot-starter-jdbc\1.3.3.RELEASE\spring-boot-starter-jdbc-1.3.3.RELEASE.jar;C:\Users\Adi\.m2\repository\org\apache\tomcat\tomcat-jdbc\8.0.32\tomcat-jdbc-8.0.32.jar;C:\Users\Adi\.m2\repository\org\apache\tomcat\tomcat-juli\8.0.32\tomcat-juli-8.0.32.jar;C:\Users\Adi\.m2\repository\org\springframework\spring-jdbc\4.2.5.RELEASE\spring-jdbc-4.2.5.RELEASE.jar;C:\Users\Adi\.m2\repository\org\hibernate\hibernate-entitymanager\4.3.11.Final\hibernate-entitymanager-4.3.11.Final.jar;C:\Users\Adi\.m2\repository\org\jboss\logging\jboss-logging\3.3.0.Final\jboss-logging-3.3.0.Final.jar;C:\Users\Adi\.m2\repository\org\jboss\logging\jboss-logging-annotations\1.2.0.Beta1\jboss-logging-annotations-1.2.0.Beta1.jar;C:\Users\Adi\.m2\repository\org\hibernate\hibernate-core\4.3.11.Final\hibernate-core-4.3.11.Final.jar;C:\Users\Adi\.m2\repository\antlr\antlr\2.7.7\antlr-2.7.7.jar;C:\Users\Adi\.m2\repository\org\jboss\jandex\1.1.0.Final\jandex-1.1.0.Final.jar;C:\Users\Adi\.m2\repository\dom4j\dom4j\1.6.1\dom4j-1.6.1.jar;C:\Users\Adi\.m2\repository\xml-apis\xml-apis\1.0.b2\xml-apis-1.0.b2.jar;C:\Users\Adi\.m2\repository\org\hibernate\common\hibernate-commons-annotations\4.0.5.Final\hibernate-commons-annotations-4.0.5.Final.jar;C:\Users\Adi\.m2\repository\org\hibernate\javax\persistence\hibernate-jpa-2.1-api\1.0.0.Final\hibernate-jpa-2.1-api-1.0.0.Final.jar;C:\Users\Adi\.m2\repository\org\javassist\javassist\3.18.1-GA\javassist-3.18.1-GA.jar;C:\Users\Adi\.m2\repository\javax\transaction\javax.transaction-api\1.2\javax.transaction-api-1.2.jar;C:\Users\Adi\.m2\repository\org\springframework\data\spring-data-jpa\1.9.4.RELEASE\spring-data-jpa-1.9.4.RELEASE.jar;C:\Users\Adi\.m2\repository\org\springframework\data\spring-data-commons\1.11.4.RELEASE\spring-data-commons-1.11.4.RELEASE.jar;C:\Users\Adi\.m2\repository\org\springframework\spring-orm\4.2.5.RELEASE\spring-orm-4.2.5.RELEASE.jar;C:\Users\Adi\.m2\repository\org\springframework\spring-tx\4.2.5.RELEASE\spring-tx-4.2.5.RELEASE.jar;C:\Users\Adi\.m2\repository\org\slf4j\jcl-over-slf4j\1.7.16\jcl-over-slf4j-1.7.16.jar;C:\Users\Adi\.m2\repository\org\springframework\spring-aspects\4.2.5.RELEASE\spring-aspects-4.2.5.RELEASE.jar;C:\Users\Adi\.m2\repository\org\springframework\boot\spring-boot-starter-test\1.3.3.RELEASE\spring-boot-starter-test-1.3.3.RELEASE.jar;C:\Users\Adi\.m2\repository\junit\junit\4.12\junit-4.12.jar;C:\Users\Adi\.m2\repository\org\mockito\mockito-core\1.10.19\mockito-core-1.10.19.jar;C:\Users\Adi\.m2\repository\org\objenesis\objenesis\2.1\objenesis-2.1.jar;C:\Users\Adi\.m2\repository\org\hamcrest\hamcrest-core\1.3\hamcrest-core-1.3.jar;C:\Users\Adi\.m2\repository\org\hamcrest\hamcrest-library\1.3\hamcrest-library-1.3.jar;C:\Users\Adi\.m2\repository\org\springframework\spring-core\4.2.5.RELEASE\spring-core-4.2.5.RELEASE.jar;C:\Users\Adi\.m2\repository\org\springframework\spring-test\4.2.5.RELEASE\spring-test-4.2.5.RELEASE.jar;C:\Users\Adi\.m2\repository\org\springframework\boot\spring-boot-starter-security\1.3.3.RELEASE\spring-boot-starter-security-1.3.3.RELEASE.jar;C:\Users\Adi\.m2\repository\org\springframework\spring-aop\4.2.5.RELEASE\spring-aop-4.2.5.RELEASE.jar;C:\Users\Adi\.m2\repository\aopalliance\aopalliance\1.0\aopalliance-1.0.jar;C:\Users\Adi\.m2\repository\org\springframework\security\spring-security-config\4.0.3.RELEASE\spring-security-config-4.0.3.RELEASE.jar;C:\Users\Adi\.m2\repository\org\springframework\security\spring-security-web\4.0.3.RELEASE\spring-security-web-4.0.3.RELEASE.jar;C:\Users\Adi\.m2\repository\org\springframework\security\spring-security-test\4.0.3.RELEASE\spring-security-test-4.0.3.RELEASE.jar;C:\Users\Adi\.m2\repository\org\springframework\security\spring-security-core\4.0.3.RELEASE\spring-security-core-4.0.3.RELEASE.jar;C:\Users\Adi\.m2\repository\org\thymeleaf\extras\thymeleaf-extras-springsecurity4\2.1.2.RELEASE\thymeleaf-extras-springsecurity4-2.1.2.RELEASE.jar;C:\Users\Adi\.m2\repository\org\thymeleaf\thymeleaf\2.1.4.RELEASE\thymeleaf-2.1.4.RELEASE.jar;C:\Users\Adi\.m2\repository\ognl\ognl\3.0.8\ognl-3.0.8.jar;C:\Users\Adi\.m2\repository\org\unbescape\unbescape\1.1.0.RELEASE\unbescape-1.1.0.RELEASE.jar;C:\Users\Adi\.m2\repository\org\slf4j\slf4j-api\1.7.16\slf4j-api-1.7.16.jar;C:\Users\Adi\.m2\repository\mysql\mysql-connector-java\5.1.6\mysql-connector-java-5.1.6.jar;C:\Users\Adi\.m2\repository\commons-io\commons-io\2.4\commons-io-2.4.jar;C:\Users\Adi\.m2\repository\com\jayway\jsonpath\json-path\2.0.0\json-path-2.0.0.jar;C:\Users\Adi\.m2\repository\net\minidev\json-smart\2.1.1\json-smart-2.1.1.jar;C:\Users\Adi\.m2\repository\net\minidev\asm\1.0.2\asm-1.0.2.jar;C:\Users\Adi\.m2\repository\asm\asm\3.3.1\asm-3.3.1.jar;C:\Users\Adi\.m2\repository\net\sourceforge\cobertura\cobertura\2.1.1\cobertura-2.1.1.jar;C:\Users\Adi\.m2\repository\jaxen\jaxen\1.1.6\jaxen-1.1.6.jar;C:\Users\Adi\.m2\repository\org\apache\ant\ant\1.8.3\ant-1.8.3.jar;C:\Users\Adi\.m2\repository\org\apache\ant\ant-launcher\1.8.3\ant-launcher-1.8.3.jar;C:\Users\Adi\.m2\repository\org\apache\ant\ant-junit\1.8.3\ant-junit-1.8.3.jar;C:\Users\Adi\.m2\repository\org\mortbay\jetty\servlet-api-2.5\6.1.14\servlet-api-2.5-6.1.14.jar;C:\Users\Adi\.m2\repository\org\mortbay\jetty\jetty\6.1.14\jetty-6.1.14.jar;C:\Users\Adi\.m2\repository\org\mortbay\jetty\jetty-util\6.1.14\jetty-util-6.1.14.jar;C:\Program Files\Java\jdk1.8.0_45\jre\..\lib\tools.jar;C:\Users\Adi\.m2\repository\ch\qos\logback\logback-classic\1.1.5\logback-classic-1.1.5.jar;C:\Users\Adi\.m2\repository\ch\qos\logback\logback-core\1.1.5\logback-core-1.1.5.jar;C:\Users\Adi\.m2\repository\org\apache\commons\commons-lang3\3.3.2\commons-lang3-3.3.2.jar;&apos;
[DEBUG] Searching for key &apos;java.specification.name&apos; in [systemProperties]
[DEBUG] Found key &apos;java.specification.name&apos; in [systemProperties] with type [String] and value &apos;Java Platform API Specification&apos;
[DEBUG] Searching for key &apos;java.class.version&apos; in [systemProperties]
[DEBUG] Found key &apos;java.class.version&apos; in [systemProperties] with type [String] and value &apos;52.0&apos;
[DEBUG] Searching for key &apos;sun.management.compiler&apos; in [systemProperties]
[DEBUG] Found key &apos;sun.management.compiler&apos; in [systemProperties] with type [String] and value &apos;HotSpot 64-Bit Tiered Compilers&apos;
[DEBUG] Searching for key &apos;os.version&apos; in [systemProperties]
[DEBUG] Found key &apos;os.version&apos; in [systemProperties] with type [String] and value &apos;6.1&apos;
[DEBUG] Searching for key &apos;user.home&apos; in [systemProperties]
[DEBUG] Found key &apos;user.home&apos; in [systemProperties] with type [String] and value &apos;C:\Users\Adi&apos;
[DEBUG] Searching for key &apos;user.timezone&apos; in [systemProperties]
[DEBUG] Found key &apos;user.timezone&apos; in [systemProperties] with type [String] and value &apos;Europe/Athens&apos;
[DEBUG] Searching for key &apos;java.awt.printerjob&apos; in [systemProperties]
[DEBUG] Found key &apos;java.awt.printerjob&apos; in [systemProperties] with type [String] and value &apos;sun.awt.windows.WPrinterJob&apos;
[DEBUG] Searching for key &apos;file.encoding&apos; in [systemProperties]
[DEBUG] Found key &apos;file.encoding&apos; in [systemProperties] with type [String] and value &apos;Cp1250&apos;
[DEBUG] Searching for key &apos;java.specification.version&apos; in [systemProperties]
[DEBUG] Found key &apos;java.specification.version&apos; in [systemProperties] with type [String] and value &apos;1.8&apos;
[DEBUG] Searching for key &apos;java.class.path&apos; in [systemProperties]
[DEBUG] Found key &apos;java.class.path&apos; in [systemProperties] with type [String] and value &apos;D:\Projects\CrossoverTrial - Second\Code\target\test-classes;D:\Projects\CrossoverTrial - Second\Code\target\generated-classes\cobertura;C:\Users\Adi\.m2\repository\org\springframework\boot\spring-boot-starter-thymeleaf\1.3.3.RELEASE\spring-boot-starter-thymeleaf-1.3.3.RELEASE.jar;C:\Users\Adi\.m2\repository\org\springframework\boot\spring-boot-starter\1.3.3.RELEASE\spring-boot-starter-1.3.3.RELEASE.jar;C:\Users\Adi\.m2\repository\org\springframework\boot\spring-boot\1.3.3.RELEASE\spring-boot-1.3.3.RELEASE.jar;C:\Users\Adi\.m2\repository\org\springframework\boot\spring-boot-autoconfigure\1.3.3.RELEASE\spring-boot-autoconfigure-1.3.3.RELEASE.jar;C:\Users\Adi\.m2\repository\org\springframework\boot\spring-boot-starter-logging\1.3.3.RELEASE\spring-boot-starter-logging-1.3.3.RELEASE.jar;C:\Users\Adi\.m2\repository\org\slf4j\jul-to-slf4j\1.7.16\jul-to-slf4j-1.7.16.jar;C:\Users\Adi\.m2\repository\org\slf4j\log4j-over-slf4j\1.7.16\log4j-over-slf4j-1.7.16.jar;C:\Users\Adi\.m2\repository\org\yaml\snakeyaml\1.16\snakeyaml-1.16.jar;C:\Users\Adi\.m2\repository\org\thymeleaf\thymeleaf-spring4\2.1.4.RELEASE\thymeleaf-spring4-2.1.4.RELEASE.jar;C:\Users\Adi\.m2\repository\nz\net\ultraq\thymeleaf\thymeleaf-layout-dialect\1.3.3\thymeleaf-layout-dialect-1.3.3.jar;C:\Users\Adi\.m2\repository\org\codehaus\groovy\groovy\2.4.6\groovy-2.4.6.jar;C:\Users\Adi\.m2\repository\org\springframework\boot\spring-boot-starter-web\1.3.3.RELEASE\spring-boot-starter-web-1.3.3.RELEASE.jar;C:\Users\Adi\.m2\repository\org\springframework\boot\spring-boot-starter-tomcat\1.3.3.RELEASE\spring-boot-starter-tomcat-1.3.3.RELEASE.jar;C:\Users\Adi\.m2\repository\org\apache\tomcat\embed\tomcat-embed-core\8.0.32\tomcat-embed-core-8.0.32.jar;C:\Users\Adi\.m2\repository\org\apache\tomcat\embed\tomcat-embed-el\8.0.32\tomcat-embed-el-8.0.32.jar;C:\Users\Adi\.m2\repository\org\apache\tomcat\embed\tomcat-embed-logging-juli\8.0.32\tomcat-embed-logging-juli-8.0.32.jar;C:\Users\Adi\.m2\repository\org\apache\tomcat\embed\tomcat-embed-websocket\8.0.32\tomcat-embed-websocket-8.0.32.jar;C:\Users\Adi\.m2\repository\org\springframework\boot\spring-boot-starter-validation\1.3.3.RELEASE\spring-boot-starter-validation-1.3.3.RELEASE.jar;C:\Users\Adi\.m2\repository\org\hibernate\hibernate-validator\5.2.4.Final\hibernate-validator-5.2.4.Final.jar;C:\Users\Adi\.m2\repository\javax\validation\validation-api\1.1.0.Final\validation-api-1.1.0.Final.jar;C:\Users\Adi\.m2\repository\com\fasterxml\classmate\1.1.0\classmate-1.1.0.jar;C:\Users\Adi\.m2\repository\com\fasterxml\jackson\core\jackson-databind\2.6.5\jackson-databind-2.6.5.jar;C:\Users\Adi\.m2\repository\com\fasterxml\jackson\core\jackson-annotations\2.6.5\jackson-annotations-2.6.5.jar;C:\Users\Adi\.m2\repository\com\fasterxml\jackson\core\jackson-core\2.6.5\jackson-core-2.6.5.jar;C:\Users\Adi\.m2\repository\org\springframework\spring-web\4.2.5.RELEASE\spring-web-4.2.5.RELEASE.jar;C:\Users\Adi\.m2\repository\org\springframework\spring-beans\4.2.5.RELEASE\spring-beans-4.2.5.RELEASE.jar;C:\Users\Adi\.m2\repository\org\springframework\spring-context\4.2.5.RELEASE\spring-context-4.2.5.RELEASE.jar;C:\Users\Adi\.m2\repository\org\springframework\spring-webmvc\4.2.5.RELEASE\spring-webmvc-4.2.5.RELEASE.jar;C:\Users\Adi\.m2\repository\org\springframework\spring-expression\4.2.5.RELEASE\spring-expression-4.2.5.RELEASE.jar;C:\Users\Adi\.m2\repository\org\springframework\boot\spring-boot-starter-data-jpa\1.3.3.RELEASE\spring-boot-starter-data-jpa-1.3.3.RELEASE.jar;C:\Users\Adi\.m2\repository\org\springframework\boot\spring-boot-starter-aop\1.3.3.RELEASE\spring-boot-starter-aop-1.3.3.RELEASE.jar;C:\Users\Adi\.m2\repository\org\aspectj\aspectjweaver\1.8.8\aspectjweaver-1.8.8.jar;C:\Users\Adi\.m2\repository\org\springframework\boot\spring-boot-starter-jdbc\1.3.3.RELEASE\spring-boot-starter-jdbc-1.3.3.RELEASE.jar;C:\Users\Adi\.m2\repository\org\apache\tomcat\tomcat-jdbc\8.0.32\tomcat-jdbc-8.0.32.jar;C:\Users\Adi\.m2\repository\org\apache\tomcat\tomcat-juli\8.0.32\tomcat-juli-8.0.32.jar;C:\Users\Adi\.m2\repository\org\springframework\spring-jdbc\4.2.5.RELEASE\spring-jdbc-4.2.5.RELEASE.jar;C:\Users\Adi\.m2\repository\org\hibernate\hibernate-entitymanager\4.3.11.Final\hibernate-entitymanager-4.3.11.Final.jar;C:\Users\Adi\.m2\repository\org\jboss\logging\jboss-logging\3.3.0.Final\jboss-logging-3.3.0.Final.jar;C:\Users\Adi\.m2\repository\org\jboss\logging\jboss-logging-annotations\1.2.0.Beta1\jboss-logging-annotations-1.2.0.Beta1.jar;C:\Users\Adi\.m2\repository\org\hibernate\hibernate-core\4.3.11.Final\hibernate-core-4.3.11.Final.jar;C:\Users\Adi\.m2\repository\antlr\antlr\2.7.7\antlr-2.7.7.jar;C:\Users\Adi\.m2\repository\org\jboss\jandex\1.1.0.Final\jandex-1.1.0.Final.jar;C:\Users\Adi\.m2\repository\dom4j\dom4j\1.6.1\dom4j-1.6.1.jar;C:\Users\Adi\.m2\repository\xml-apis\xml-apis\1.0.b2\xml-apis-1.0.b2.jar;C:\Users\Adi\.m2\repository\org\hibernate\common\hibernate-commons-annotations\4.0.5.Final\hibernate-commons-annotations-4.0.5.Final.jar;C:\Users\Adi\.m2\repository\org\hibernate\javax\persistence\hibernate-jpa-2.1-api\1.0.0.Final\hibernate-jpa-2.1-api-1.0.0.Final.jar;C:\Users\Adi\.m2\repository\org\javassist\javassist\3.18.1-GA\javassist-3.18.1-GA.jar;C:\Users\Adi\.m2\repository\javax\transaction\javax.transaction-api\1.2\javax.transaction-api-1.2.jar;C:\Users\Adi\.m2\repository\org\springframework\data\spring-data-jpa\1.9.4.RELEASE\spring-data-jpa-1.9.4.RELEASE.jar;C:\Users\Adi\.m2\repository\org\springframework\data\spring-data-commons\1.11.4.RELEASE\spring-data-commons-1.11.4.RELEASE.jar;C:\Users\Adi\.m2\repository\org\springframework\spring-orm\4.2.5.RELEASE\spring-orm-4.2.5.RELEASE.jar;C:\Users\Adi\.m2\repository\org\springframework\spring-tx\4.2.5.RELEASE\spring-tx-4.2.5.RELEASE.jar;C:\Users\Adi\.m2\repository\org\slf4j\jcl-over-slf4j\1.7.16\jcl-over-slf4j-1.7.16.jar;C:\Users\Adi\.m2\repository\org\springframework\spring-aspects\4.2.5.RELEASE\spring-aspects-4.2.5.RELEASE.jar;C:\Users\Adi\.m2\repository\org\springframework\boot\spring-boot-starter-test\1.3.3.RELEASE\spring-boot-starter-test-1.3.3.RELEASE.jar;C:\Users\Adi\.m2\repository\junit\junit\4.12\junit-4.12.jar;C:\Users\Adi\.m2\repository\org\mockito\mockito-core\1.10.19\mockito-core-1.10.19.jar;C:\Users\Adi\.m2\repository\org\objenesis\objenesis\2.1\objenesis-2.1.jar;C:\Users\Adi\.m2\repository\org\hamcrest\hamcrest-core\1.3\hamcrest-core-1.3.jar;C:\Users\Adi\.m2\repository\org\hamcrest\hamcrest-library\1.3\hamcrest-library-1.3.jar;C:\Users\Adi\.m2\repository\org\springframework\spring-core\4.2.5.RELEASE\spring-core-4.2.5.RELEASE.jar;C:\Users\Adi\.m2\repository\org\springframework\spring-test\4.2.5.RELEASE\spring-test-4.2.5.RELEASE.jar;C:\Users\Adi\.m2\repository\org\springframework\boot\spring-boot-starter-security\1.3.3.RELEASE\spring-boot-starter-security-1.3.3.RELEASE.jar;C:\Users\Adi\.m2\repository\org\springframework\spring-aop\4.2.5.RELEASE\spring-aop-4.2.5.RELEASE.jar;C:\Users\Adi\.m2\repository\aopalliance\aopalliance\1.0\aopalliance-1.0.jar;C:\Users\Adi\.m2\repository\org\springframework\security\spring-security-config\4.0.3.RELEASE\spring-security-config-4.0.3.RELEASE.jar;C:\Users\Adi\.m2\repository\org\springframework\security\spring-security-web\4.0.3.RELEASE\spring-security-web-4.0.3.RELEASE.jar;C:\Users\Adi\.m2\repository\org\springframework\security\spring-security-test\4.0.3.RELEASE\spring-security-test-4.0.3.RELEASE.jar;C:\Users\Adi\.m2\repository\org\springframework\security\spring-security-core\4.0.3.RELEASE\spring-security-core-4.0.3.RELEASE.jar;C:\Users\Adi\.m2\repository\org\thymeleaf\extras\thymeleaf-extras-springsecurity4\2.1.2.RELEASE\thymeleaf-extras-springsecurity4-2.1.2.RELEASE.jar;C:\Users\Adi\.m2\repository\org\thymeleaf\thymeleaf\2.1.4.RELEASE\thymeleaf-2.1.4.RELEASE.jar;C:\Users\Adi\.m2\repository\ognl\ognl\3.0.8\ognl-3.0.8.jar;C:\Users\Adi\.m2\repository\org\unbescape\unbescape\1.1.0.RELEASE\unbescape-1.1.0.RELEASE.jar;C:\Users\Adi\.m2\repository\org\slf4j\slf4j-api\1.7.16\slf4j-api-1.7.16.jar;C:\Users\Adi\.m2\repository\mysql\mysql-connector-java\5.1.6\mysql-connector-java-5.1.6.jar;C:\Users\Adi\.m2\repository\commons-io\commons-io\2.4\commons-io-2.4.jar;C:\Users\Adi\.m2\repository\com\jayway\jsonpath\json-path\2.0.0\json-path-2.0.0.jar;C:\Users\Adi\.m2\repository\net\minidev\json-smart\2.1.1\json-smart-2.1.1.jar;C:\Users\Adi\.m2\repository\net\minidev\asm\1.0.2\asm-1.0.2.jar;C:\Users\Adi\.m2\repository\asm\asm\3.3.1\asm-3.3.1.jar;C:\Users\Adi\.m2\repository\net\sourceforge\cobertura\cobertura\2.1.1\cobertura-2.1.1.jar;C:\Users\Adi\.m2\repository\jaxen\jaxen\1.1.6\jaxen-1.1.6.jar;C:\Users\Adi\.m2\repository\org\apache\ant\ant\1.8.3\ant-1.8.3.jar;C:\Users\Adi\.m2\repository\org\apache\ant\ant-launcher\1.8.3\ant-launcher-1.8.3.jar;C:\Users\Adi\.m2\repository\org\apache\ant\ant-junit\1.8.3\ant-junit-1.8.3.jar;C:\Users\Adi\.m2\repository\org\mortbay\jetty\servlet-api-2.5\6.1.14\servlet-api-2.5-6.1.14.jar;C:\Users\Adi\.m2\repository\org\mortbay\jetty\jetty\6.1.14\jetty-6.1.14.jar;C:\Users\Adi\.m2\repository\org\mortbay\jetty\jetty-util\6.1.14\jetty-util-6.1.14.jar;C:\Program Files\Java\jdk1.8.0_45\jre\..\lib\tools.jar;C:\Users\Adi\.m2\repository\ch\qos\logback\logback-classic\1.1.5\logback-classic-1.1.5.jar;C:\Users\Adi\.m2\repository\ch\qos\logback\logback-core\1.1.5\logback-core-1.1.5.jar;C:\Users\Adi\.m2\repository\org\apache\commons\commons-lang3\3.3.2\commons-lang3-3.3.2.jar;&apos;
[DEBUG] Searching for key &apos;user.name&apos; in [systemProperties]
[DEBUG] Found key &apos;user.name&apos; in [systemProperties] with type [String] and value &apos;Adi&apos;
[DEBUG] Searching for key &apos;java.vm.specification.version&apos; in [systemProperties]
[DEBUG] Found key &apos;java.vm.specification.version&apos; in [systemProperties] with type [String] and value &apos;1.8&apos;
[DEBUG] Searching for key &apos;sun.java.command&apos; in [systemProperties]
[DEBUG] Found key &apos;sun.java.command&apos; in [systemProperties] with type [String] and value &apos;D:\Projects\CrossoverTrial - Second\Code\target\surefire\surefirebooter4697183251586044228.jar D:\Projects\CrossoverTrial - Second\Code\target\surefire\surefire276055830167518930tmp D:\Projects\CrossoverTrial - Second\Code\target\surefire\surefire_03281173417458063849tmp&apos;
[DEBUG] Searching for key &apos;java.home&apos; in [systemProperties]
[DEBUG] Found key &apos;java.home&apos; in [systemProperties] with type [String] and value &apos;C:\Program Files\Java\jdk1.8.0_45\jre&apos;
[DEBUG] Searching for key &apos;sun.arch.data.model&apos; in [systemProperties]
[DEBUG] Found key &apos;sun.arch.data.model&apos; in [systemProperties] with type [String] and value &apos;64&apos;
[DEBUG] Searching for key &apos;user.language&apos; in [systemProperties]
[DEBUG] Found key &apos;user.language&apos; in [systemProperties] with type [String] and value &apos;en&apos;
[DEBUG] Searching for key &apos;java.specification.vendor&apos; in [systemProperties]
[DEBUG] Found key &apos;java.specification.vendor&apos; in [systemProperties] with type [String] and value &apos;Oracle Corporation&apos;
[DEBUG] Searching for key &apos;user.language.format&apos; in [systemProperties]
[DEBUG] Found key &apos;user.language.format&apos; in [systemProperties] with type [String] and value &apos;ro&apos;
[DEBUG] Searching for key &apos;awt.toolkit&apos; in [systemProperties]
[DEBUG] Found key &apos;awt.toolkit&apos; in [systemProperties] with type [String] and value &apos;sun.awt.windows.WToolkit&apos;
[DEBUG] Searching for key &apos;java.vm.info&apos; in [systemProperties]
[DEBUG] Found key &apos;java.vm.info&apos; in [systemProperties] with type [String] and value &apos;mixed mode&apos;
[DEBUG] Searching for key &apos;java.version&apos; in [systemProperties]
[DEBUG] Found key &apos;java.version&apos; in [systemProperties] with type [String] and value &apos;1.8.0_45&apos;
[DEBUG] Searching for key &apos;java.ext.dirs&apos; in [systemProperties]
[DEBUG] Found key &apos;java.ext.dirs&apos; in [systemProperties] with type [String] and value &apos;C:\Program Files\Java\jdk1.8.0_45\jre\lib\ext;C:\Windows\Sun\Java\lib\ext&apos;
[DEBUG] Searching for key &apos;sun.boot.class.path&apos; in [systemProperties]
[DEBUG] Found key &apos;sun.boot.class.path&apos; in [systemProperties] with type [String] and value &apos;C:\Program Files\Java\jdk1.8.0_45\jre\lib\resources.jar;C:\Program Files\Java\jdk1.8.0_45\jre\lib\rt.jar;C:\Program Files\Java\jdk1.8.0_45\jre\lib\sunrsasign.jar;C:\Program Files\Java\jdk1.8.0_45\jre\lib\jsse.jar;C:\Program Files\Java\jdk1.8.0_45\jre\lib\jce.jar;C:\Program Files\Java\jdk1.8.0_45\jre\lib\charsets.jar;C:\Program Files\Java\jdk1.8.0_45\jre\lib\jfr.jar;C:\Program Files\Java\jdk1.8.0_45\jre\classes&apos;
[DEBUG] Searching for key &apos;java.awt.headless&apos; in [systemProperties]
[DEBUG] Found key &apos;java.awt.headless&apos; in [systemProperties] with type [String] and value &apos;true&apos;
[DEBUG] Searching for key &apos;java.vendor&apos; in [systemProperties]
[DEBUG] Found key &apos;java.vendor&apos; in [systemProperties] with type [String] and value &apos;Oracle Corporation&apos;
[DEBUG] Searching for key &apos;localRepository&apos; in [systemProperties]
[DEBUG] Found key &apos;localRepository&apos; in [systemProperties] with type [String] and value &apos;C:\Users\Adi\.m2\repository&apos;
[DEBUG] Searching for key &apos;file.separator&apos; in [systemProperties]
[DEBUG] Found key &apos;file.separator&apos; in [systemProperties] with type [String] and value &apos;\&apos;
[DEBUG] Searching for key &apos;java.vendor.url.bug&apos; in [systemProperties]
[DEBUG] Found key &apos;java.vendor.url.bug&apos; in [systemProperties] with type [String] and value &apos;http://bugreport.sun.com/bugreport/&apos;
[DEBUG] Searching for key &apos;sun.io.unicode.encoding&apos; in [systemProperties]
[DEBUG] Found key &apos;sun.io.unicode.encoding&apos; in [systemProperties] with type [String] and value &apos;UnicodeLittle&apos;
[DEBUG] Searching for key &apos;sun.cpu.endian&apos; in [systemProperties]
[DEBUG] Found key &apos;sun.cpu.endian&apos; in [systemProperties] with type [String] and value &apos;little&apos;
[DEBUG] Searching for key &apos;sun.desktop&apos; in [systemProperties]
[DEBUG] Found key &apos;sun.desktop&apos; in [systemProperties] with type [String] and value &apos;windows&apos;
[DEBUG] Found javax.persistence.Persistence on classpath containing &apos;getPersistenceUtil&apos;. Assuming JPA 2 environment. Trying to instantiate JPA aware TraversableResolver
[DEBUG] Searching for key &apos;sun.cpu.isalist&apos; in [systemProperties]
[DEBUG] Found key &apos;sun.cpu.isalist&apos; in [systemProperties] with type [String] and value &apos;amd64&apos;
[DEBUG] Searching for key &apos;PATH&apos; in [systemProperties]
[DEBUG] Searching for key &apos;PATH&apos; in [systemEnvironment]
[DEBUG] Found key &apos;PATH&apos; in [systemEnvironment] with type [String] and value &apos;C:\ProgramData\Oracle\Java\javapath;C:\Windows\system32;C:\Windows;C:\Windows\System32\Wbem;C:\Windows\System32\WindowsPowerShell\v1.0\;D:\Scala-2.10.1\bin\;C:\Program Files (x86)\scala\bin;C:\Program Files\Git\cmd;C:\Program Files\MySQL\MySQL Utilities 1.6\;C:\Program Files (x86)\Skype\Phone\;D:\Tools\nodejs\;C:\Program Files\Docker Toolbox;d:\Tools\apache-maven-3.3.9\bin\;D:\Tools\bind;C:\Users\Adi\AppData\Roaming\npm;D:\Tools\Microsoft VS Code\bin&apos;
[DEBUG] Searching for key &apos;LOCALAPPDATA&apos; in [systemProperties]
[DEBUG] Searching for key &apos;LOCALAPPDATA&apos; in [systemEnvironment]
[DEBUG] Found key &apos;LOCALAPPDATA&apos; in [systemEnvironment] with type [String] and value &apos;C:\Users\Adi\AppData\Local&apos;
[DEBUG] Searching for key &apos;PROCESSOR_LEVEL&apos; in [systemProperties]
[DEBUG] Searching for key &apos;PROCESSOR_LEVEL&apos; in [systemEnvironment]
[DEBUG] Found key &apos;PROCESSOR_LEVEL&apos; in [systemEnvironment] with type [String] and value &apos;6&apos;
[DEBUG] Searching for key &apos;SYSTEMDRIVE&apos; in [systemProperties]
[DEBUG] Searching for key &apos;SYSTEMDRIVE&apos; in [systemEnvironment]
[DEBUG] Found key &apos;SYSTEMDRIVE&apos; in [systemEnvironment] with type [String] and value &apos;C:&apos;
[DEBUG] Searching for key &apos;COMMONPROGRAMFILES(X86)&apos; in [systemProperties]
[DEBUG] Searching for key &apos;COMMONPROGRAMFILES(X86)&apos; in [systemEnvironment]
[DEBUG] Found key &apos;COMMONPROGRAMFILES(X86)&apos; in [systemEnvironment] with type [String] and value &apos;C:\Program Files (x86)\Common Files&apos;
[DEBUG] Searching for key &apos;FP_NO_HOST_CHECK&apos; in [systemProperties]
[DEBUG] Searching for key &apos;FP_NO_HOST_CHECK&apos; in [systemEnvironment]
[DEBUG] Found key &apos;FP_NO_HOST_CHECK&apos; in [systemEnvironment] with type [String] and value &apos;NO&apos;
[DEBUG] Searching for key &apos;USERDOMAIN&apos; in [systemProperties]
[DEBUG] Searching for key &apos;USERDOMAIN&apos; in [systemEnvironment]
[DEBUG] Found key &apos;USERDOMAIN&apos; in [systemEnvironment] with type [String] and value &apos;Adi-PC&apos;
[DEBUG] Searching for key &apos;LOGONSERVER&apos; in [systemProperties]
[DEBUG] Searching for key &apos;LOGONSERVER&apos; in [systemEnvironment]
[DEBUG] Found key &apos;LOGONSERVER&apos; in [systemEnvironment] with type [String] and value &apos;\\ADI-PC&apos;
[DEBUG] Searching for key &apos;JAVA_HOME&apos; in [systemProperties]
[DEBUG] Searching for key &apos;JAVA_HOME&apos; in [systemEnvironment]
[DEBUG] Found key &apos;JAVA_HOME&apos; in [systemEnvironment] with type [String] and value &apos;c:\Program Files\Java\jdk1.8.0_45\&apos;
[DEBUG] Searching for key &apos;PROMPT&apos; in [systemProperties]
[DEBUG] Searching for key &apos;PROMPT&apos; in [systemEnvironment]
[DEBUG] Found key &apos;PROMPT&apos; in [systemEnvironment] with type [String] and value &apos;$P$G&apos;
[DEBUG] Searching for key &apos;SESSIONNAME&apos; in [systemProperties]
[DEBUG] Searching for key &apos;SESSIONNAME&apos; in [systemEnvironment]
[DEBUG] Found key &apos;SESSIONNAME&apos; in [systemEnvironment] with type [String] and value &apos;Console&apos;
[DEBUG] Searching for key &apos;ALLUSERSPROFILE&apos; in [systemProperties]
[DEBUG] Searching for key &apos;ALLUSERSPROFILE&apos; in [systemEnvironment]
[DEBUG] Found key &apos;ALLUSERSPROFILE&apos; in [systemEnvironment] with type [String] and value &apos;C:\ProgramData&apos;
[DEBUG] Instantiated JPA aware TraversableResolver of type org.hibernate.validator.internal.engine.resolver.JPATraversableResolver.
[DEBUG] Searching for key &apos;PROGRAMFILES(X86)&apos; in [systemProperties]
[DEBUG] Searching for key &apos;PROGRAMFILES(X86)&apos; in [systemEnvironment]
[DEBUG] Found key &apos;PROGRAMFILES(X86)&apos; in [systemEnvironment] with type [String] and value &apos;C:\Program Files (x86)&apos;
[DEBUG] Searching for key &apos;ASL.LOG&apos; in [systemProperties]
[DEBUG] Searching for key &apos;ASL.LOG&apos; in [systemEnvironment]
[DEBUG] Found key &apos;ASL.LOG&apos; in [systemEnvironment] with type [String] and value &apos;Destination=file&apos;
[DEBUG] Searching for key &apos;PROCESSOR_ARCHITECTURE&apos; in [systemProperties]
[DEBUG] Searching for key &apos;PROCESSOR_ARCHITECTURE&apos; in [systemEnvironment]
[DEBUG] Found key &apos;PROCESSOR_ARCHITECTURE&apos; in [systemEnvironment] with type [String] and value &apos;AMD64&apos;
[DEBUG] Searching for key &apos;PROGRAMFILES&apos; in [systemProperties]
[DEBUG] Searching for key &apos;PROGRAMFILES&apos; in [systemEnvironment]
[DEBUG] Found key &apos;PROGRAMFILES&apos; in [systemEnvironment] with type [String] and value &apos;C:\Program Files&apos;
[DEBUG] Searching for key &apos;APPDATA&apos; in [systemProperties]
[DEBUG] Searching for key &apos;APPDATA&apos; in [systemEnvironment]
[DEBUG] Found key &apos;APPDATA&apos; in [systemEnvironment] with type [String] and value &apos;C:\Users\Adi\AppData\Roaming&apos;
[DEBUG] Searching for key &apos;PSMODULEPATH&apos; in [systemProperties]
[DEBUG] Searching for key &apos;PSMODULEPATH&apos; in [systemEnvironment]
[DEBUG] Found key &apos;PSMODULEPATH&apos; in [systemEnvironment] with type [String] and value &apos;C:\Windows\system32\WindowsPowerShell\v1.0\Modules\&apos;
[DEBUG] Searching for key &apos;PROGRAMW6432&apos; in [systemProperties]
[DEBUG] Searching for key &apos;PROGRAMW6432&apos; in [systemEnvironment]
[DEBUG] Found key &apos;PROGRAMW6432&apos; in [systemEnvironment] with type [String] and value &apos;C:\Program Files&apos;
[DEBUG] Searching for key &apos;PROGRAMDATA&apos; in [systemProperties]
[DEBUG] Searching for key &apos;PROGRAMDATA&apos; in [systemEnvironment]
[DEBUG] Found key &apos;PROGRAMDATA&apos; in [systemEnvironment] with type [String] and value &apos;C:\ProgramData&apos;
[DEBUG] Searching for key &apos;SYSTEMROOT&apos; in [systemProperties]
[DEBUG] Searching for key &apos;SYSTEMROOT&apos; in [systemEnvironment]
[DEBUG] Found key &apos;SYSTEMROOT&apos; in [systemEnvironment] with type [String] and value &apos;C:\Windows&apos;
[DEBUG] Searching for key &apos;USERNAME&apos; in [systemProperties]
[DEBUG] Searching for key &apos;USERNAME&apos; in [systemEnvironment]
[DEBUG] Found key &apos;USERNAME&apos; in [systemEnvironment] with type [String] and value &apos;Adi&apos;
[DEBUG] Searching for key &apos;VBOX_MSI_INSTALL_PATH&apos; in [systemProperties]
[DEBUG] Searching for key &apos;VBOX_MSI_INSTALL_PATH&apos; in [systemEnvironment]
[DEBUG] Found key &apos;VBOX_MSI_INSTALL_PATH&apos; in [systemEnvironment] with type [String] and value &apos;C:\Program Files\Oracle\VirtualBox\&apos;
[DEBUG] Searching for key &apos;MEMBASE_NUM_VBUCKETS&apos; in [systemProperties]
[DEBUG] Searching for key &apos;MEMBASE_NUM_VBUCKETS&apos; in [systemEnvironment]
[DEBUG] Found key &apos;MEMBASE_NUM_VBUCKETS&apos; in [systemEnvironment] with type [String] and value &apos;256&apos;
[DEBUG] Searching for key &apos;PATHEXT&apos; in [systemProperties]
[DEBUG] Searching for key &apos;PATHEXT&apos; in [systemEnvironment]
[DEBUG] Found key &apos;PATHEXT&apos; in [systemEnvironment] with type [String] and value &apos;.COM;.EXE;.BAT;.CMD;.VBS;.VBE;.JS;.JSE;.WSF;.WSH;.MSC;.PY&apos;
[DEBUG] Searching for key &apos;OS&apos; in [systemProperties]
[DEBUG] Searching for key &apos;OS&apos; in [systemEnvironment]
[DEBUG] Found key &apos;OS&apos; in [systemEnvironment] with type [String] and value &apos;Windows_NT&apos;
[DEBUG] Searching for key &apos;COMMONPROGRAMW6432&apos; in [systemProperties]
[DEBUG] Searching for key &apos;COMMONPROGRAMW6432&apos; in [systemEnvironment]
[DEBUG] Found key &apos;COMMONPROGRAMW6432&apos; in [systemEnvironment] with type [String] and value &apos;C:\Program Files\Common Files&apos;
[DEBUG] Searching for key &apos;COMPUTERNAME&apos; in [systemProperties]
[DEBUG] Searching for key &apos;COMPUTERNAME&apos; in [systemEnvironment]
[DEBUG] Found key &apos;COMPUTERNAME&apos; in [systemEnvironment] with type [String] and value &apos;ADI-PC&apos;
[DEBUG] Searching for key &apos;COMMONPROGRAMFILES&apos; in [systemProperties]
[DEBUG] Searching for key &apos;COMMONPROGRAMFILES&apos; in [systemEnvironment]
[DEBUG] Found key &apos;COMMONPROGRAMFILES&apos; in [systemEnvironment] with type [String] and value &apos;C:\Program Files\Common Files&apos;
[DEBUG] Searching for key &apos;COMSPEC&apos; in [systemProperties]
[DEBUG] Searching for key &apos;COMSPEC&apos; in [systemEnvironment]
[DEBUG] Found key &apos;COMSPEC&apos; in [systemEnvironment] with type [String] and value &apos;C:\Windows\system32\cmd.exe&apos;
[DEBUG] Searching for key &apos;PROCESSOR_REVISION&apos; in [systemProperties]
[DEBUG] Searching for key &apos;PROCESSOR_REVISION&apos; in [systemEnvironment]
[DEBUG] Found key &apos;PROCESSOR_REVISION&apos; in [systemEnvironment] with type [String] and value &apos;2a07&apos;
[DEBUG] Searching for key &apos;WINDIR&apos; in [systemProperties]
[DEBUG] Searching for key &apos;WINDIR&apos; in [systemEnvironment]
[DEBUG] Found key &apos;WINDIR&apos; in [systemEnvironment] with type [String] and value &apos;C:\Windows&apos;
[DEBUG] Searching for key &apos;=D:&apos; in [systemProperties]
[DEBUG] Searching for key &apos;=D:&apos; in [systemEnvironment]
[DEBUG] Found key &apos;=D:&apos; in [systemEnvironment] with type [String] and value &apos;D:\Projects\CrossoverTrial - Second\Code&apos;
[DEBUG] Searching for key &apos;HOMEPATH&apos; in [systemProperties]
[DEBUG] Searching for key &apos;HOMEPATH&apos; in [systemEnvironment]
[DEBUG] Found key &apos;HOMEPATH&apos; in [systemEnvironment] with type [String] and value &apos;\Users\Adi&apos;
[DEBUG] Searching for key &apos;TEMP&apos; in [systemProperties]
[DEBUG] Searching for key &apos;TEMP&apos; in [systemEnvironment]
[DEBUG] Found key &apos;TEMP&apos; in [systemEnvironment] with type [String] and value &apos;C:\Users\Adi\AppData\Local\Temp&apos;
[DEBUG] Searching for key &apos;HOMEDRIVE&apos; in [systemProperties]
[DEBUG] Searching for key &apos;HOMEDRIVE&apos; in [systemEnvironment]
[DEBUG] Found key &apos;HOMEDRIVE&apos; in [systemEnvironment] with type [String] and value &apos;C:&apos;
[DEBUG] Searching for key &apos;PROCESSOR_IDENTIFIER&apos; in [systemProperties]
[DEBUG] Searching for key &apos;PROCESSOR_IDENTIFIER&apos; in [systemEnvironment]
[DEBUG] Found key &apos;PROCESSOR_IDENTIFIER&apos; in [systemEnvironment] with type [String] and value &apos;Intel64 Family 6 Model 42 Stepping 7, GenuineIntel&apos;
[DEBUG] Searching for key &apos;USERPROFILE&apos; in [systemProperties]
[DEBUG] Searching for key &apos;USERPROFILE&apos; in [systemEnvironment]
[DEBUG] Found key &apos;USERPROFILE&apos; in [systemEnvironment] with type [String] and value &apos;C:\Users\Adi&apos;
[DEBUG] Searching for key &apos;TMP&apos; in [systemProperties]
[DEBUG] Searching for key &apos;TMP&apos; in [systemEnvironment]
[DEBUG] Found key &apos;TMP&apos; in [systemEnvironment] with type [String] and value &apos;C:\Users\Adi\AppData\Local\Temp&apos;
[DEBUG] Searching for key &apos;PUBLIC&apos; in [systemProperties]
[DEBUG] Searching for key &apos;PUBLIC&apos; in [systemEnvironment]
[DEBUG] Found key &apos;PUBLIC&apos; in [systemEnvironment] with type [String] and value &apos;C:\Users\Public&apos;
[DEBUG] Searching for key &apos;NUMBER_OF_PROCESSORS&apos; in [systemProperties]
[DEBUG] Searching for key &apos;NUMBER_OF_PROCESSORS&apos; in [systemEnvironment]
[DEBUG] Found key &apos;NUMBER_OF_PROCESSORS&apos; in [systemEnvironment] with type [String] and value &apos;8&apos;
[DEBUG] Searching for key &apos;=::&apos; in [systemProperties]
[DEBUG] Searching for key &apos;=::&apos; in [systemEnvironment]
[DEBUG] Found key &apos;=::&apos; in [systemEnvironment] with type [String] and value &apos;::\&apos;
[DEBUG] Searching for key &apos;DOCKER_TOOLBOX_INSTALL_PATH&apos; in [systemProperties]
[DEBUG] Searching for key &apos;DOCKER_TOOLBOX_INSTALL_PATH&apos; in [systemEnvironment]
[DEBUG] Found key &apos;DOCKER_TOOLBOX_INSTALL_PATH&apos; in [systemEnvironment] with type [String] and value &apos;C:\Program Files\Docker Toolbox&apos;
[DEBUG] Searching for key &apos;spring.jmx.enabled&apos; in [systemProperties]
[DEBUG] Searching for key &apos;spring.jmx.enabled&apos; in [systemEnvironment]
[DEBUG] Searching for key &apos;spring.jmx.enabled&apos; in [random]
[DEBUG] Searching for key &apos;spring.jmx.enabled&apos; in [integrationTest]
[DEBUG] Found key &apos;spring.jmx.enabled&apos; in [integrationTest] with type [String] and value &apos;false&apos;
[DEBUG] Searching for key &apos;server.port&apos; in [systemProperties]
[DEBUG] Searching for key &apos;server.port&apos; in [systemEnvironment]
[DEBUG] Searching for key &apos;server.port&apos; in [random]
[DEBUG] Searching for key &apos;server.port&apos; in [integrationTest]
[DEBUG] Found key &apos;server.port&apos; in [integrationTest] with type [String] and value &apos;-1&apos;
[DEBUG] Searching for key &apos;spring.datasource.url&apos; in [systemProperties]
[DEBUG] Searching for key &apos;spring.datasource.url&apos; in [systemEnvironment]
[DEBUG] Searching for key &apos;spring.datasource.url&apos; in [random]
[DEBUG] Searching for key &apos;spring.datasource.url&apos; in [integrationTest]
[DEBUG] Searching for key &apos;spring.datasource.url&apos; in [applicationConfigurationProperties]
[DEBUG] Found key &apos;spring.datasource.url&apos; in [applicationConfigurationProperties] with type [String] and value &apos;jdbc:mysql://localhost:3306/journals?createDatabaseIfNotExist=true&apos;
[DEBUG] Searching for key &apos;spring.datasource.username&apos; in [systemProperties]
[DEBUG] Searching for key &apos;spring.datasource.username&apos; in [systemEnvironment]
[DEBUG] Searching for key &apos;spring.datasource.username&apos; in [random]
[DEBUG] Searching for key &apos;spring.datasource.username&apos; in [integrationTest]
[DEBUG] Searching for key &apos;spring.datasource.username&apos; in [applicationConfigurationProperties]
[DEBUG] Found key &apos;spring.datasource.username&apos; in [applicationConfigurationProperties] with type [String] and value &apos;root&apos;
[DEBUG] Searching for key &apos;spring.jpa.hibernate.ddl-auto&apos; in [systemProperties]
[DEBUG] Searching for key &apos;spring.jpa.hibernate.ddl-auto&apos; in [systemEnvironment]
[DEBUG] Searching for key &apos;spring.jpa.hibernate.ddl-auto&apos; in [random]
[DEBUG] Searching for key &apos;spring.jpa.hibernate.ddl-auto&apos; in [integrationTest]
[DEBUG] Searching for key &apos;spring.jpa.hibernate.ddl-auto&apos; in [applicationConfigurationProperties]
[DEBUG] Found key &apos;spring.jpa.hibernate.ddl-auto&apos; in [applicationConfigurationProperties] with type [String] and value &apos;create&apos;
[DEBUG] Searching for key &apos;spring.datasource.driver-class-name&apos; in [systemProperties]
[DEBUG] Searching for key &apos;spring.datasource.driver-class-name&apos; in [systemEnvironment]
[DEBUG] Searching for key &apos;spring.datasource.driver-class-name&apos; in [random]
[DEBUG] Searching for key &apos;spring.datasource.driver-class-name&apos; in [integrationTest]
[DEBUG] Searching for key &apos;spring.datasource.driver-class-name&apos; in [applicationConfigurationProperties]
[DEBUG] Found key &apos;spring.datasource.driver-class-name&apos; in [applicationConfigurationProperties] with type [String] and value &apos;com.mysql.jdbc.Driver&apos;
[DEBUG] Searching for key &apos;spring.jpa.properties.hibernate.format_sql&apos; in [systemProperties]
[DEBUG] Searching for key &apos;spring.jpa.properties.hibernate.format_sql&apos; in [systemEnvironment]
[DEBUG] Searching for key &apos;spring.jpa.properties.hibernate.format_sql&apos; in [random]
[DEBUG] Searching for key &apos;spring.jpa.properties.hibernate.format_sql&apos; in [integrationTest]
[DEBUG] Searching for key &apos;spring.jpa.properties.hibernate.format_sql&apos; in [applicationConfigurationProperties]
[DEBUG] Found key &apos;spring.jpa.properties.hibernate.format_sql&apos; in [applicationConfigurationProperties] with type [String] and value &apos;true&apos;
[DEBUG] Searching for key &apos;spring.datasource.password&apos; in [systemProperties]
[DEBUG] Searching for key &apos;spring.datasource.password&apos; in [systemEnvironment]
[DEBUG] Searching for key &apos;spring.datasource.password&apos; in [random]
[DEBUG] Searching for key &apos;spring.datasource.password&apos; in [integrationTest]
[DEBUG] Searching for key &apos;spring.datasource.password&apos; in [applicationConfigurationProperties]
[DEBUG] Found key &apos;spring.datasource.password&apos; in [applicationConfigurationProperties] with type [String] and value &apos;admin&apos;
[DEBUG] Searching for key &apos;multipart.maxFileSize&apos; in [systemProperties]
[DEBUG] Searching for key &apos;multipart.maxFileSize&apos; in [systemEnvironment]
[DEBUG] Searching for key &apos;multipart.maxFileSize&apos; in [random]
[DEBUG] Searching for key &apos;multipart.maxFileSize&apos; in [integrationTest]
[DEBUG] Searching for key &apos;multipart.maxFileSize&apos; in [applicationConfigurationProperties]
[DEBUG] Found key &apos;multipart.maxFileSize&apos; in [applicationConfigurationProperties] with type [String] and value &apos;1MB&apos;
[DEBUG] Searching for key &apos;spring.jpa.database-platform&apos; in [systemProperties]
[DEBUG] Searching for key &apos;spring.jpa.database-platform&apos; in [systemEnvironment]
[DEBUG] Searching for key &apos;spring.jpa.database-platform&apos; in [random]
[DEBUG] Searching for key &apos;spring.jpa.database-platform&apos; in [integrationTest]
[DEBUG] Searching for key &apos;spring.jpa.database-platform&apos; in [applicationConfigurationProperties]
[DEBUG] Found key &apos;spring.jpa.database-platform&apos; in [applicationConfigurationProperties] with type [String] and value &apos;org.hibernate.dialect.MySQL5Dialect&apos;
[DEBUG] Searching for key &apos;spring.jpa.properties.hibernate.globally_quoted_identifiers&apos; in [systemProperties]
[DEBUG] Searching for key &apos;spring.jpa.properties.hibernate.globally_quoted_identifiers&apos; in [systemEnvironment]
[DEBUG] Searching for key &apos;spring.jpa.properties.hibernate.globally_quoted_identifiers&apos; in [random]
[DEBUG] Searching for key &apos;spring.jpa.properties.hibernate.globally_quoted_identifiers&apos; in [integrationTest]
[DEBUG] Searching for key &apos;spring.jpa.properties.hibernate.globally_quoted_identifiers&apos; in [applicationConfigurationProperties]
[DEBUG] Found key &apos;spring.jpa.properties.hibernate.globally_quoted_identifiers&apos; in [applicationConfigurationProperties] with type [String] and value &apos;true&apos;
[DEBUG] Searching for key &apos;multipart.maxRequestSize&apos; in [systemProperties]
[DEBUG] Searching for key &apos;multipart.maxRequestSize&apos; in [systemEnvironment]
[DEBUG] Searching for key &apos;multipart.maxRequestSize&apos; in [random]
[DEBUG] Searching for key &apos;multipart.maxRequestSize&apos; in [integrationTest]
[DEBUG] Searching for key &apos;multipart.maxRequestSize&apos; in [applicationConfigurationProperties]
[DEBUG] Found key &apos;multipart.maxRequestSize&apos; in [applicationConfigurationProperties] with type [String] and value &apos;1MB&apos;
[DEBUG] Searching for key &apos;spring.jpa.show-sql&apos; in [systemProperties]
[DEBUG] Searching for key &apos;spring.jpa.show-sql&apos; in [systemEnvironment]
[DEBUG] Searching for key &apos;spring.jpa.show-sql&apos; in [random]
[DEBUG] Searching for key &apos;spring.jpa.show-sql&apos; in [integrationTest]
[DEBUG] Searching for key &apos;spring.jpa.show-sql&apos; in [applicationConfigurationProperties]
[DEBUG] Found key &apos;spring.jpa.show-sql&apos; in [applicationConfigurationProperties] with type [String] and value &apos;true&apos;
[DEBUG] Returning cached instance of singleton bean &apos;autoConfigurationReport&apos;
[DEBUG] Searching for key &apos;spring.messages.basename&apos; in [systemProperties]
[DEBUG] Searching for key &apos;spring.messages.basename&apos; in [systemEnvironment]
[DEBUG] Searching for key &apos;spring.messages.basename&apos; in [random]
[DEBUG] Searching for key &apos;spring.messages.basename&apos; in [integrationTest]
[DEBUG] Searching for key &apos;spring.messages.basename&apos; in [applicationConfigurationProperties]
[DEBUG] Could not find key &apos;spring.messages.basename&apos; in any property source. Returning [null]
[DEBUG] Resolved classpath location [messages.properties] to resources []
[DEBUG] Returning cached instance of singleton bean &apos;autoConfigurationReport&apos;
[DEBUG] Returning cached instance of singleton bean &apos;autoConfigurationReport&apos;
[DEBUG] Returning cached instance of singleton bean &apos;autoConfigurationReport&apos;
[DEBUG] Returning cached instance of singleton bean &apos;autoConfigurationReport&apos;
[DEBUG] Returning cached instance of singleton bean &apos;autoConfigurationReport&apos;
[DEBUG] Returning cached instance of singleton bean &apos;autoConfigurationReport&apos;
[DEBUG] Returning cached instance of singleton bean &apos;autoConfigurationReport&apos;
[DEBUG] Returning cached instance of singleton bean &apos;autoConfigurationReport&apos;
[DEBUG] Returning cached instance of singleton bean &apos;autoConfigurationReport&apos;
[DEBUG] Returning cached instance of singleton bean &apos;autoConfigurationReport&apos;
[DEBUG] Returning cached instance of singleton bean &apos;autoConfigurationReport&apos;
[DEBUG] Returning cached instance of singleton bean &apos;autoConfigurationReport&apos;
[DEBUG] Returning cached instance of singleton bean &apos;autoConfigurationReport&apos;
[DEBUG] Returning cached instance of singleton bean &apos;autoConfigurationReport&apos;
[DEBUG] Returning cached instance of singleton bean &apos;autoConfigurationReport&apos;
[DEBUG] Returning cached instance of singleton bean &apos;autoConfigurationReport&apos;
[DEBUG] Returning cached instance of singleton bean &apos;autoConfigurationReport&apos;
[DEBUG] Returning cached instance of singleton bean &apos;autoConfigurationReport&apos;
[DEBUG] Returning cached instance of singleton bean &apos;autoConfigurationReport&apos;
[DEBUG] Returning cached instance of singleton bean &apos;autoConfigurationReport&apos;
[DEBUG] Returning cached instance of singleton bean &apos;autoConfigurationReport&apos;
[DEBUG] Returning cached instance of singleton bean &apos;autoConfigurationReport&apos;
[DEBUG] Searching for key &apos;idea.version&apos; in [systemProperties]
[DEBUG] Found key &apos;idea.version&apos; in [systemProperties] with type [String] and value &apos;2016.3.5&apos;
[DEBUG] Searching for key &apos;java.runtime.name&apos; in [systemProperties]
[DEBUG] Found key &apos;java.runtime.name&apos; in [systemProperties] with type [String] and value &apos;Java(TM) SE Runtime Environment&apos;
[DEBUG] Searching for key &apos;sun.boot.library.path&apos; in [systemProperties]
[DEBUG] Found key &apos;sun.boot.library.path&apos; in [systemProperties] with type [String] and value &apos;C:\Program Files\Java\jdk1.8.0_45\jre\bin&apos;
[DEBUG] Searching for key &apos;java.vm.version&apos; in [systemProperties]
[DEBUG] Found key &apos;java.vm.version&apos; in [systemProperties] with type [String] and value &apos;25.45-b02&apos;
[DEBUG] Searching for key &apos;user.country.format&apos; in [systemProperties]
[DEBUG] Found key &apos;user.country.format&apos; in [systemProperties] with type [String] and value &apos;RO&apos;
[DEBUG] Searching for key &apos;java.vm.vendor&apos; in [systemProperties]
[DEBUG] Found key &apos;java.vm.vendor&apos; in [systemProperties] with type [String] and value &apos;Oracle Corporation&apos;
[DEBUG] Searching for key &apos;java.vendor.url&apos; in [systemProperties]
[DEBUG] Found key &apos;java.vendor.url&apos; in [systemProperties] with type [String] and value &apos;http://java.oracle.com/&apos;
[DEBUG] Searching for key &apos;path.separator&apos; in [systemProperties]
[DEBUG] Found key &apos;path.separator&apos; in [systemProperties] with type [String] and value &apos;;&apos;
[DEBUG] Searching for key &apos;java.vm.name&apos; in [systemProperties]
[DEBUG] Found key &apos;java.vm.name&apos; in [systemProperties] with type [String] and value &apos;Java HotSpot(TM) 64-Bit Server VM&apos;
[DEBUG] Searching for key &apos;file.encoding.pkg&apos; in [systemProperties]
[DEBUG] Found key &apos;file.encoding.pkg&apos; in [systemProperties] with type [String] and value &apos;sun.io&apos;
[DEBUG] Searching for key &apos;user.country&apos; in [systemProperties]
[DEBUG] Found key &apos;user.country&apos; in [systemProperties] with type [String] and value &apos;US&apos;
[DEBUG] Searching for key &apos;user.script&apos; in [systemProperties]
[DEBUG] Found key &apos;user.script&apos; in [systemProperties] with type [String] and value &apos;&apos;
[DEBUG] Searching for key &apos;sun.java.launcher&apos; in [systemProperties]
[DEBUG] Found key &apos;sun.java.launcher&apos; in [systemProperties] with type [String] and value &apos;SUN_STANDARD&apos;
[DEBUG] Searching for key &apos;sun.os.patch.level&apos; in [systemProperties]
[DEBUG] Found key &apos;sun.os.patch.level&apos; in [systemProperties] with type [String] and value &apos;Service Pack 1&apos;
[DEBUG] Searching for key &apos;PID&apos; in [systemProperties]
[DEBUG] Found key &apos;PID&apos; in [systemProperties] with type [String] and value &apos;5332&apos;
[DEBUG] Searching for key &apos;java.vm.specification.name&apos; in [systemProperties]
[DEBUG] Found key &apos;java.vm.specification.name&apos; in [systemProperties] with type [String] and value &apos;Java Virtual Machine Specification&apos;
[DEBUG] Searching for key &apos;user.dir&apos; in [systemProperties]
[DEBUG] Found key &apos;user.dir&apos; in [systemProperties] with type [String] and value &apos;D:\Projects\CrossoverTrial - Second\Code&apos;
[DEBUG] Searching for key &apos;java.runtime.version&apos; in [systemProperties]
[DEBUG] Found key &apos;java.runtime.version&apos; in [systemProperties] with type [String] and value &apos;1.8.0_45-b15&apos;
[DEBUG] Searching for key &apos;basedir&apos; in [systemProperties]
[DEBUG] Found key &apos;basedir&apos; in [systemProperties] with type [String] and value &apos;D:\Projects\CrossoverTrial - Second\Code&apos;
[DEBUG] Searching for key &apos;java.awt.graphicsenv&apos; in [systemProperties]
[DEBUG] Found key &apos;java.awt.graphicsenv&apos; in [systemProperties] with type [String] and value &apos;sun.awt.Win32GraphicsEnvironment&apos;
[DEBUG] Searching for key &apos;org.jboss.logging.provider&apos; in [systemProperties]
[DEBUG] Found key &apos;org.jboss.logging.provider&apos; in [systemProperties] with type [String] and value &apos;slf4j&apos;
[DEBUG] Searching for key &apos;java.endorsed.dirs&apos; in [systemProperties]
[DEBUG] Found key &apos;java.endorsed.dirs&apos; in [systemProperties] with type [String] and value &apos;C:\Program Files\Java\jdk1.8.0_45\jre\lib\endorsed&apos;
[DEBUG] Searching for key &apos;os.arch&apos; in [systemProperties]
[DEBUG] Found key &apos;os.arch&apos; in [systemProperties] with type [String] and value &apos;amd64&apos;
[DEBUG] Searching for key &apos;surefire.real.class.path&apos; in [systemProperties]
[DEBUG] Found key &apos;surefire.real.class.path&apos; in [systemProperties] with type [String] and value &apos;D:\Projects\CrossoverTrial - Second\Code\target\surefire\surefirebooter4697183251586044228.jar&apos;
[DEBUG] Searching for key &apos;java.io.tmpdir&apos; in [systemProperties]
[DEBUG] Found key &apos;java.io.tmpdir&apos; in [systemProperties] with type [String] and value &apos;C:\Users\Adi\AppData\Local\Temp\&apos;
[DEBUG] Searching for key &apos;line.separator&apos; in [systemProperties]
[DEBUG] Found key &apos;line.separator&apos; in [systemProperties] with type [String] and value &apos;
&apos;
[DEBUG] Searching for key &apos;java.vm.specification.vendor&apos; in [systemProperties]
[DEBUG] Found key &apos;java.vm.specification.vendor&apos; in [systemProperties] with type [String] and value &apos;Oracle Corporation&apos;
[DEBUG] Searching for key &apos;user.variant&apos; in [systemProperties]
[DEBUG] Found key &apos;user.variant&apos; in [systemProperties] with type [String] and value &apos;&apos;
[DEBUG] Searching for key &apos;os.name&apos; in [systemProperties]
[DEBUG] Found key &apos;os.name&apos; in [systemProperties] with type [String] and value &apos;Windows 7&apos;
[DEBUG] Searching for key &apos;sun.jnu.encoding&apos; in [systemProperties]
[DEBUG] Found key &apos;sun.jnu.encoding&apos; in [systemProperties] with type [String] and value &apos;Cp1250&apos;
[DEBUG] Searching for key &apos;spring.beaninfo.ignore&apos; in [systemProperties]
[DEBUG] Found key &apos;spring.beaninfo.ignore&apos; in [systemProperties] with type [String] and value &apos;true&apos;
[DEBUG] Searching for key &apos;java.library.path&apos; in [systemProperties]
[DEBUG] Found key &apos;java.library.path&apos; in [systemProperties] with type [String] and value &apos;C:\Program Files\Java\jdk1.8.0_45\jre\bin;C:\Windows\Sun\Java\bin;C:\Windows\system32;C:\Windows;C:\ProgramData\Oracle\Java\javapath;C:\Windows\system32;C:\Windows;C:\Windows\System32\Wbem;C:\Windows\System32\WindowsPowerShell\v1.0\;D:\Scala-2.10.1\bin\;C:\Program Files (x86)\scala\bin;C:\Program Files\Git\cmd;C:\Program Files\MySQL\MySQL Utilities 1.6\;C:\Program Files (x86)\Skype\Phone\;D:\Tools\nodejs\;C:\Program Files\Docker Toolbox;d:\Tools\apache-maven-3.3.9\bin\;D:\Tools\bind;C:\Users\Adi\AppData\Roaming\npm;D:\Tools\Microsoft VS Code\bin;.&apos;
[DEBUG] Searching for key &apos;surefire.test.class.path&apos; in [systemProperties]
[DEBUG] Found key &apos;surefire.test.class.path&apos; in [systemProperties] with type [String] and value &apos;D:\Projects\CrossoverTrial - Second\Code\target\test-classes;D:\Projects\CrossoverTrial - Second\Code\target\generated-classes\cobertura;C:\Users\Adi\.m2\repository\org\springframework\boot\spring-boot-starter-thymeleaf\1.3.3.RELEASE\spring-boot-starter-thymeleaf-1.3.3.RELEASE.jar;C:\Users\Adi\.m2\repository\org\springframework\boot\spring-boot-starter\1.3.3.RELEASE\spring-boot-starter-1.3.3.RELEASE.jar;C:\Users\Adi\.m2\repository\org\springframework\boot\spring-boot\1.3.3.RELEASE\spring-boot-1.3.3.RELEASE.jar;C:\Users\Adi\.m2\repository\org\springframework\boot\spring-boot-autoconfigure\1.3.3.RELEASE\spring-boot-autoconfigure-1.3.3.RELEASE.jar;C:\Users\Adi\.m2\repository\org\springframework\boot\spring-boot-starter-logging\1.3.3.RELEASE\spring-boot-starter-logging-1.3.3.RELEASE.jar;C:\Users\Adi\.m2\repository\org\slf4j\jul-to-slf4j\1.7.16\jul-to-slf4j-1.7.16.jar;C:\Users\Adi\.m2\repository\org\slf4j\log4j-over-slf4j\1.7.16\log4j-over-slf4j-1.7.16.jar;C:\Users\Adi\.m2\repository\org\yaml\snakeyaml\1.16\snakeyaml-1.16.jar;C:\Users\Adi\.m2\repository\org\thymeleaf\thymeleaf-spring4\2.1.4.RELEASE\thymeleaf-spring4-2.1.4.RELEASE.jar;C:\Users\Adi\.m2\repository\nz\net\ultraq\thymeleaf\thymeleaf-layout-dialect\1.3.3\thymeleaf-layout-dialect-1.3.3.jar;C:\Users\Adi\.m2\repository\org\codehaus\groovy\groovy\2.4.6\groovy-2.4.6.jar;C:\Users\Adi\.m2\repository\org\springframework\boot\spring-boot-starter-web\1.3.3.RELEASE\spring-boot-starter-web-1.3.3.RELEASE.jar;C:\Users\Adi\.m2\repository\org\springframework\boot\spring-boot-starter-tomcat\1.3.3.RELEASE\spring-boot-starter-tomcat-1.3.3.RELEASE.jar;C:\Users\Adi\.m2\repository\org\apache\tomcat\embed\tomcat-embed-core\8.0.32\tomcat-embed-core-8.0.32.jar;C:\Users\Adi\.m2\repository\org\apache\tomcat\embed\tomcat-embed-el\8.0.32\tomcat-embed-el-8.0.32.jar;C:\Users\Adi\.m2\repository\org\apache\tomcat\embed\tomcat-embed-logging-juli\8.0.32\tomcat-embed-logging-juli-8.0.32.jar;C:\Users\Adi\.m2\repository\org\apache\tomcat\embed\tomcat-embed-websocket\8.0.32\tomcat-embed-websocket-8.0.32.jar;C:\Users\Adi\.m2\repository\org\springframework\boot\spring-boot-starter-validation\1.3.3.RELEASE\spring-boot-starter-validation-1.3.3.RELEASE.jar;C:\Users\Adi\.m2\repository\org\hibernate\hibernate-validator\5.2.4.Final\hibernate-validator-5.2.4.Final.jar;C:\Users\Adi\.m2\repository\javax\validation\validation-api\1.1.0.Final\validation-api-1.1.0.Final.jar;C:\Users\Adi\.m2\repository\com\fasterxml\classmate\1.1.0\classmate-1.1.0.jar;C:\Users\Adi\.m2\repository\com\fasterxml\jackson\core\jackson-databind\2.6.5\jackson-databind-2.6.5.jar;C:\Users\Adi\.m2\repository\com\fasterxml\jackson\core\jackson-annotations\2.6.5\jackson-annotations-2.6.5.jar;C:\Users\Adi\.m2\repository\com\fasterxml\jackson\core\jackson-core\2.6.5\jackson-core-2.6.5.jar;C:\Users\Adi\.m2\repository\org\springframework\spring-web\4.2.5.RELEASE\spring-web-4.2.5.RELEASE.jar;C:\Users\Adi\.m2\repository\org\springframework\spring-beans\4.2.5.RELEASE\spring-beans-4.2.5.RELEASE.jar;C:\Users\Adi\.m2\repository\org\springframework\spring-context\4.2.5.RELEASE\spring-context-4.2.5.RELEASE.jar;C:\Users\Adi\.m2\repository\org\springframework\spring-webmvc\4.2.5.RELEASE\spring-webmvc-4.2.5.RELEASE.jar;C:\Users\Adi\.m2\repository\org\springframework\spring-expression\4.2.5.RELEASE\spring-expression-4.2.5.RELEASE.jar;C:\Users\Adi\.m2\repository\org\springframework\boot\spring-boot-starter-data-jpa\1.3.3.RELEASE\spring-boot-starter-data-jpa-1.3.3.RELEASE.jar;C:\Users\Adi\.m2\repository\org\springframework\boot\spring-boot-starter-aop\1.3.3.RELEASE\spring-boot-starter-aop-1.3.3.RELEASE.jar;C:\Users\Adi\.m2\repository\org\aspectj\aspectjweaver\1.8.8\aspectjweaver-1.8.8.jar;C:\Users\Adi\.m2\repository\org\springframework\boot\spring-boot-starter-jdbc\1.3.3.RELEASE\spring-boot-starter-jdbc-1.3.3.RELEASE.jar;C:\Users\Adi\.m2\repository\org\apache\tomcat\tomcat-jdbc\8.0.32\tomcat-jdbc-8.0.32.jar;C:\Users\Adi\.m2\repository\org\apache\tomcat\tomcat-juli\8.0.32\tomcat-juli-8.0.32.jar;C:\Users\Adi\.m2\repository\org\springframework\spring-jdbc\4.2.5.RELEASE\spring-jdbc-4.2.5.RELEASE.jar;C:\Users\Adi\.m2\repository\org\hibernate\hibernate-entitymanager\4.3.11.Final\hibernate-entitymanager-4.3.11.Final.jar;C:\Users\Adi\.m2\repository\org\jboss\logging\jboss-logging\3.3.0.Final\jboss-logging-3.3.0.Final.jar;C:\Users\Adi\.m2\repository\org\jboss\logging\jboss-logging-annotations\1.2.0.Beta1\jboss-logging-annotations-1.2.0.Beta1.jar;C:\Users\Adi\.m2\repository\org\hibernate\hibernate-core\4.3.11.Final\hibernate-core-4.3.11.Final.jar;C:\Users\Adi\.m2\repository\antlr\antlr\2.7.7\antlr-2.7.7.jar;C:\Users\Adi\.m2\repository\org\jboss\jandex\1.1.0.Final\jandex-1.1.0.Final.jar;C:\Users\Adi\.m2\repository\dom4j\dom4j\1.6.1\dom4j-1.6.1.jar;C:\Users\Adi\.m2\repository\xml-apis\xml-apis\1.0.b2\xml-apis-1.0.b2.jar;C:\Users\Adi\.m2\repository\org\hibernate\common\hibernate-commons-annotations\4.0.5.Final\hibernate-commons-annotations-4.0.5.Final.jar;C:\Users\Adi\.m2\repository\org\hibernate\javax\persistence\hibernate-jpa-2.1-api\1.0.0.Final\hibernate-jpa-2.1-api-1.0.0.Final.jar;C:\Users\Adi\.m2\repository\org\javassist\javassist\3.18.1-GA\javassist-3.18.1-GA.jar;C:\Users\Adi\.m2\repository\javax\transaction\javax.transaction-api\1.2\javax.transaction-api-1.2.jar;C:\Users\Adi\.m2\repository\org\springframework\data\spring-data-jpa\1.9.4.RELEASE\spring-data-jpa-1.9.4.RELEASE.jar;C:\Users\Adi\.m2\repository\org\springframework\data\spring-data-commons\1.11.4.RELEASE\spring-data-commons-1.11.4.RELEASE.jar;C:\Users\Adi\.m2\repository\org\springframework\spring-orm\4.2.5.RELEASE\spring-orm-4.2.5.RELEASE.jar;C:\Users\Adi\.m2\repository\org\springframework\spring-tx\4.2.5.RELEASE\spring-tx-4.2.5.RELEASE.jar;C:\Users\Adi\.m2\repository\org\slf4j\jcl-over-slf4j\1.7.16\jcl-over-slf4j-1.7.16.jar;C:\Users\Adi\.m2\repository\org\springframework\spring-aspects\4.2.5.RELEASE\spring-aspects-4.2.5.RELEASE.jar;C:\Users\Adi\.m2\repository\org\springframework\boot\spring-boot-starter-test\1.3.3.RELEASE\spring-boot-starter-test-1.3.3.RELEASE.jar;C:\Users\Adi\.m2\repository\junit\junit\4.12\junit-4.12.jar;C:\Users\Adi\.m2\repository\org\mockito\mockito-core\1.10.19\mockito-core-1.10.19.jar;C:\Users\Adi\.m2\repository\org\objenesis\objenesis\2.1\objenesis-2.1.jar;C:\Users\Adi\.m2\repository\org\hamcrest\hamcrest-core\1.3\hamcrest-core-1.3.jar;C:\Users\Adi\.m2\repository\org\hamcrest\hamcrest-library\1.3\hamcrest-library-1.3.jar;C:\Users\Adi\.m2\repository\org\springframework\spring-core\4.2.5.RELEASE\spring-core-4.2.5.RELEASE.jar;C:\Users\Adi\.m2\repository\org\springframework\spring-test\4.2.5.RELEASE\spring-test-4.2.5.RELEASE.jar;C:\Users\Adi\.m2\repository\org\springframework\boot\spring-boot-starter-security\1.3.3.RELEASE\spring-boot-starter-security-1.3.3.RELEASE.jar;C:\Users\Adi\.m2\repository\org\springframework\spring-aop\4.2.5.RELEASE\spring-aop-4.2.5.RELEASE.jar;C:\Users\Adi\.m2\repository\aopalliance\aopalliance\1.0\aopalliance-1.0.jar;C:\Users\Adi\.m2\repository\org\springframework\security\spring-security-config\4.0.3.RELEASE\spring-security-config-4.0.3.RELEASE.jar;C:\Users\Adi\.m2\repository\org\springframework\security\spring-security-web\4.0.3.RELEASE\spring-security-web-4.0.3.RELEASE.jar;C:\Users\Adi\.m2\repository\org\springframework\security\spring-security-test\4.0.3.RELEASE\spring-security-test-4.0.3.RELEASE.jar;C:\Users\Adi\.m2\repository\org\springframework\security\spring-security-core\4.0.3.RELEASE\spring-security-core-4.0.3.RELEASE.jar;C:\Users\Adi\.m2\repository\org\thymeleaf\extras\thymeleaf-extras-springsecurity4\2.1.2.RELEASE\thymeleaf-extras-springsecurity4-2.1.2.RELEASE.jar;C:\Users\Adi\.m2\repository\org\thymeleaf\thymeleaf\2.1.4.RELEASE\thymeleaf-2.1.4.RELEASE.jar;C:\Users\Adi\.m2\repository\ognl\ognl\3.0.8\ognl-3.0.8.jar;C:\Users\Adi\.m2\repository\org\unbescape\unbescape\1.1.0.RELEASE\unbescape-1.1.0.RELEASE.jar;C:\Users\Adi\.m2\repository\org\slf4j\slf4j-api\1.7.16\slf4j-api-1.7.16.jar;C:\Users\Adi\.m2\repository\mysql\mysql-connector-java\5.1.6\mysql-connector-java-5.1.6.jar;C:\Users\Adi\.m2\repository\commons-io\commons-io\2.4\commons-io-2.4.jar;C:\Users\Adi\.m2\repository\com\jayway\jsonpath\json-path\2.0.0\json-path-2.0.0.jar;C:\Users\Adi\.m2\repository\net\minidev\json-smart\2.1.1\json-smart-2.1.1.jar;C:\Users\Adi\.m2\repository\net\minidev\asm\1.0.2\asm-1.0.2.jar;C:\Users\Adi\.m2\repository\asm\asm\3.3.1\asm-3.3.1.jar;C:\Users\Adi\.m2\repository\net\sourceforge\cobertura\cobertura\2.1.1\cobertura-2.1.1.jar;C:\Users\Adi\.m2\repository\jaxen\jaxen\1.1.6\jaxen-1.1.6.jar;C:\Users\Adi\.m2\repository\org\apache\ant\ant\1.8.3\ant-1.8.3.jar;C:\Users\Adi\.m2\repository\org\apache\ant\ant-launcher\1.8.3\ant-launcher-1.8.3.jar;C:\Users\Adi\.m2\repository\org\apache\ant\ant-junit\1.8.3\ant-junit-1.8.3.jar;C:\Users\Adi\.m2\repository\org\mortbay\jetty\servlet-api-2.5\6.1.14\servlet-api-2.5-6.1.14.jar;C:\Users\Adi\.m2\repository\org\mortbay\jetty\jetty\6.1.14\jetty-6.1.14.jar;C:\Users\Adi\.m2\repository\org\mortbay\jetty\jetty-util\6.1.14\jetty-util-6.1.14.jar;C:\Program Files\Java\jdk1.8.0_45\jre\..\lib\tools.jar;C:\Users\Adi\.m2\repository\ch\qos\logback\logback-classic\1.1.5\logback-classic-1.1.5.jar;C:\Users\Adi\.m2\repository\ch\qos\logback\logback-core\1.1.5\logback-core-1.1.5.jar;C:\Users\Adi\.m2\repository\org\apache\commons\commons-lang3\3.3.2\commons-lang3-3.3.2.jar;&apos;
[DEBUG] Searching for key &apos;java.specification.name&apos; in [systemProperties]
[DEBUG] Found key &apos;java.specification.name&apos; in [systemProperties] with type [String] and value &apos;Java Platform API Specification&apos;
[DEBUG] Searching for key &apos;java.class.version&apos; in [systemProperties]
[DEBUG] Found key &apos;java.class.version&apos; in [systemProperties] with type [String] and value &apos;52.0&apos;
[DEBUG] Searching for key &apos;sun.management.compiler&apos; in [systemProperties]
[DEBUG] Found key &apos;sun.management.compiler&apos; in [systemProperties] with type [String] and value &apos;HotSpot 64-Bit Tiered Compilers&apos;
[DEBUG] Searching for key &apos;os.version&apos; in [systemProperties]
[DEBUG] Found key &apos;os.version&apos; in [systemProperties] with type [String] and value &apos;6.1&apos;
[DEBUG] Searching for key &apos;user.home&apos; in [systemProperties]
[DEBUG] Found key &apos;user.home&apos; in [systemProperties] with type [String] and value &apos;C:\Users\Adi&apos;
[DEBUG] Searching for key &apos;user.timezone&apos; in [systemProperties]
[DEBUG] Found key &apos;user.timezone&apos; in [systemProperties] with type [String] and value &apos;Europe/Athens&apos;
[DEBUG] Searching for key &apos;java.awt.printerjob&apos; in [systemProperties]
[DEBUG] Found key &apos;java.awt.printerjob&apos; in [systemProperties] with type [String] and value &apos;sun.awt.windows.WPrinterJob&apos;
[DEBUG] Searching for key &apos;file.encoding&apos; in [systemProperties]
[DEBUG] Found key &apos;file.encoding&apos; in [systemProperties] with type [String] and value &apos;Cp1250&apos;
[DEBUG] Searching for key &apos;java.specification.version&apos; in [systemProperties]
[DEBUG] Found key &apos;java.specification.version&apos; in [systemProperties] with type [String] and value &apos;1.8&apos;
[DEBUG] Searching for key &apos;java.class.path&apos; in [systemProperties]
[DEBUG] Found key &apos;java.class.path&apos; in [systemProperties] with type [String] and value &apos;D:\Projects\CrossoverTrial - Second\Code\target\test-classes;D:\Projects\CrossoverTrial - Second\Code\target\generated-classes\cobertura;C:\Users\Adi\.m2\repository\org\springframework\boot\spring-boot-starter-thymeleaf\1.3.3.RELEASE\spring-boot-starter-thymeleaf-1.3.3.RELEASE.jar;C:\Users\Adi\.m2\repository\org\springframework\boot\spring-boot-starter\1.3.3.RELEASE\spring-boot-starter-1.3.3.RELEASE.jar;C:\Users\Adi\.m2\repository\org\springframework\boot\spring-boot\1.3.3.RELEASE\spring-boot-1.3.3.RELEASE.jar;C:\Users\Adi\.m2\repository\org\springframework\boot\spring-boot-autoconfigure\1.3.3.RELEASE\spring-boot-autoconfigure-1.3.3.RELEASE.jar;C:\Users\Adi\.m2\repository\org\springframework\boot\spring-boot-starter-logging\1.3.3.RELEASE\spring-boot-starter-logging-1.3.3.RELEASE.jar;C:\Users\Adi\.m2\repository\org\slf4j\jul-to-slf4j\1.7.16\jul-to-slf4j-1.7.16.jar;C:\Users\Adi\.m2\repository\org\slf4j\log4j-over-slf4j\1.7.16\log4j-over-slf4j-1.7.16.jar;C:\Users\Adi\.m2\repository\org\yaml\snakeyaml\1.16\snakeyaml-1.16.jar;C:\Users\Adi\.m2\repository\org\thymeleaf\thymeleaf-spring4\2.1.4.RELEASE\thymeleaf-spring4-2.1.4.RELEASE.jar;C:\Users\Adi\.m2\repository\nz\net\ultraq\thymeleaf\thymeleaf-layout-dialect\1.3.3\thymeleaf-layout-dialect-1.3.3.jar;C:\Users\Adi\.m2\repository\org\codehaus\groovy\groovy\2.4.6\groovy-2.4.6.jar;C:\Users\Adi\.m2\repository\org\springframework\boot\spring-boot-starter-web\1.3.3.RELEASE\spring-boot-starter-web-1.3.3.RELEASE.jar;C:\Users\Adi\.m2\repository\org\springframework\boot\spring-boot-starter-tomcat\1.3.3.RELEASE\spring-boot-starter-tomcat-1.3.3.RELEASE.jar;C:\Users\Adi\.m2\repository\org\apache\tomcat\embed\tomcat-embed-core\8.0.32\tomcat-embed-core-8.0.32.jar;C:\Users\Adi\.m2\repository\org\apache\tomcat\embed\tomcat-embed-el\8.0.32\tomcat-embed-el-8.0.32.jar;C:\Users\Adi\.m2\repository\org\apache\tomcat\embed\tomcat-embed-logging-juli\8.0.32\tomcat-embed-logging-juli-8.0.32.jar;C:\Users\Adi\.m2\repository\org\apache\tomcat\embed\tomcat-embed-websocket\8.0.32\tomcat-embed-websocket-8.0.32.jar;C:\Users\Adi\.m2\repository\org\springframework\boot\spring-boot-starter-validation\1.3.3.RELEASE\spring-boot-starter-validation-1.3.3.RELEASE.jar;C:\Users\Adi\.m2\repository\org\hibernate\hibernate-validator\5.2.4.Final\hibernate-validator-5.2.4.Final.jar;C:\Users\Adi\.m2\repository\javax\validation\validation-api\1.1.0.Final\validation-api-1.1.0.Final.jar;C:\Users\Adi\.m2\repository\com\fasterxml\classmate\1.1.0\classmate-1.1.0.jar;C:\Users\Adi\.m2\repository\com\fasterxml\jackson\core\jackson-databind\2.6.5\jackson-databind-2.6.5.jar;C:\Users\Adi\.m2\repository\com\fasterxml\jackson\core\jackson-annotations\2.6.5\jackson-annotations-2.6.5.jar;C:\Users\Adi\.m2\repository\com\fasterxml\jackson\core\jackson-core\2.6.5\jackson-core-2.6.5.jar;C:\Users\Adi\.m2\repository\org\springframework\spring-web\4.2.5.RELEASE\spring-web-4.2.5.RELEASE.jar;C:\Users\Adi\.m2\repository\org\springframework\spring-beans\4.2.5.RELEASE\spring-beans-4.2.5.RELEASE.jar;C:\Users\Adi\.m2\repository\org\springframework\spring-context\4.2.5.RELEASE\spring-context-4.2.5.RELEASE.jar;C:\Users\Adi\.m2\repository\org\springframework\spring-webmvc\4.2.5.RELEASE\spring-webmvc-4.2.5.RELEASE.jar;C:\Users\Adi\.m2\repository\org\springframework\spring-expression\4.2.5.RELEASE\spring-expression-4.2.5.RELEASE.jar;C:\Users\Adi\.m2\repository\org\springframework\boot\spring-boot-starter-data-jpa\1.3.3.RELEASE\spring-boot-starter-data-jpa-1.3.3.RELEASE.jar;C:\Users\Adi\.m2\repository\org\springframework\boot\spring-boot-starter-aop\1.3.3.RELEASE\spring-boot-starter-aop-1.3.3.RELEASE.jar;C:\Users\Adi\.m2\repository\org\aspectj\aspectjweaver\1.8.8\aspectjweaver-1.8.8.jar;C:\Users\Adi\.m2\repository\org\springframework\boot\spring-boot-starter-jdbc\1.3.3.RELEASE\spring-boot-starter-jdbc-1.3.3.RELEASE.jar;C:\Users\Adi\.m2\repository\org\apache\tomcat\tomcat-jdbc\8.0.32\tomcat-jdbc-8.0.32.jar;C:\Users\Adi\.m2\repository\org\apache\tomcat\tomcat-juli\8.0.32\tomcat-juli-8.0.32.jar;C:\Users\Adi\.m2\repository\org\springframework\spring-jdbc\4.2.5.RELEASE\spring-jdbc-4.2.5.RELEASE.jar;C:\Users\Adi\.m2\repository\org\hibernate\hibernate-entitymanager\4.3.11.Final\hibernate-entitymanager-4.3.11.Final.jar;C:\Users\Adi\.m2\repository\org\jboss\logging\jboss-logging\3.3.0.Final\jboss-logging-3.3.0.Final.jar;C:\Users\Adi\.m2\repository\org\jboss\logging\jboss-logging-annotations\1.2.0.Beta1\jboss-logging-annotations-1.2.0.Beta1.jar;C:\Users\Adi\.m2\repository\org\hibernate\hibernate-core\4.3.11.Final\hibernate-core-4.3.11.Final.jar;C:\Users\Adi\.m2\repository\antlr\antlr\2.7.7\antlr-2.7.7.jar;C:\Users\Adi\.m2\repository\org\jboss\jandex\1.1.0.Final\jandex-1.1.0.Final.jar;C:\Users\Adi\.m2\repository\dom4j\dom4j\1.6.1\dom4j-1.6.1.jar;C:\Users\Adi\.m2\repository\xml-apis\xml-apis\1.0.b2\xml-apis-1.0.b2.jar;C:\Users\Adi\.m2\repository\org\hibernate\common\hibernate-commons-annotations\4.0.5.Final\hibernate-commons-annotations-4.0.5.Final.jar;C:\Users\Adi\.m2\repository\org\hibernate\javax\persistence\hibernate-jpa-2.1-api\1.0.0.Final\hibernate-jpa-2.1-api-1.0.0.Final.jar;C:\Users\Adi\.m2\repository\org\javassist\javassist\3.18.1-GA\javassist-3.18.1-GA.jar;C:\Users\Adi\.m2\repository\javax\transaction\javax.transaction-api\1.2\javax.transaction-api-1.2.jar;C:\Users\Adi\.m2\repository\org\springframework\data\spring-data-jpa\1.9.4.RELEASE\spring-data-jpa-1.9.4.RELEASE.jar;C:\Users\Adi\.m2\repository\org\springframework\data\spring-data-commons\1.11.4.RELEASE\spring-data-commons-1.11.4.RELEASE.jar;C:\Users\Adi\.m2\repository\org\springframework\spring-orm\4.2.5.RELEASE\spring-orm-4.2.5.RELEASE.jar;C:\Users\Adi\.m2\repository\org\springframework\spring-tx\4.2.5.RELEASE\spring-tx-4.2.5.RELEASE.jar;C:\Users\Adi\.m2\repository\org\slf4j\jcl-over-slf4j\1.7.16\jcl-over-slf4j-1.7.16.jar;C:\Users\Adi\.m2\repository\org\springframework\spring-aspects\4.2.5.RELEASE\spring-aspects-4.2.5.RELEASE.jar;C:\Users\Adi\.m2\repository\org\springframework\boot\spring-boot-starter-test\1.3.3.RELEASE\spring-boot-starter-test-1.3.3.RELEASE.jar;C:\Users\Adi\.m2\repository\junit\junit\4.12\junit-4.12.jar;C:\Users\Adi\.m2\repository\org\mockito\mockito-core\1.10.19\mockito-core-1.10.19.jar;C:\Users\Adi\.m2\repository\org\objenesis\objenesis\2.1\objenesis-2.1.jar;C:\Users\Adi\.m2\repository\org\hamcrest\hamcrest-core\1.3\hamcrest-core-1.3.jar;C:\Users\Adi\.m2\repository\org\hamcrest\hamcrest-library\1.3\hamcrest-library-1.3.jar;C:\Users\Adi\.m2\repository\org\springframework\spring-core\4.2.5.RELEASE\spring-core-4.2.5.RELEASE.jar;C:\Users\Adi\.m2\repository\org\springframework\spring-test\4.2.5.RELEASE\spring-test-4.2.5.RELEASE.jar;C:\Users\Adi\.m2\repository\org\springframework\boot\spring-boot-starter-security\1.3.3.RELEASE\spring-boot-starter-security-1.3.3.RELEASE.jar;C:\Users\Adi\.m2\repository\org\springframework\spring-aop\4.2.5.RELEASE\spring-aop-4.2.5.RELEASE.jar;C:\Users\Adi\.m2\repository\aopalliance\aopalliance\1.0\aopalliance-1.0.jar;C:\Users\Adi\.m2\repository\org\springframework\security\spring-security-config\4.0.3.RELEASE\spring-security-config-4.0.3.RELEASE.jar;C:\Users\Adi\.m2\repository\org\springframework\security\spring-security-web\4.0.3.RELEASE\spring-security-web-4.0.3.RELEASE.jar;C:\Users\Adi\.m2\repository\org\springframework\security\spring-security-test\4.0.3.RELEASE\spring-security-test-4.0.3.RELEASE.jar;C:\Users\Adi\.m2\repository\org\springframework\security\spring-security-core\4.0.3.RELEASE\spring-security-core-4.0.3.RELEASE.jar;C:\Users\Adi\.m2\repository\org\thymeleaf\extras\thymeleaf-extras-springsecurity4\2.1.2.RELEASE\thymeleaf-extras-springsecurity4-2.1.2.RELEASE.jar;C:\Users\Adi\.m2\repository\org\thymeleaf\thymeleaf\2.1.4.RELEASE\thymeleaf-2.1.4.RELEASE.jar;C:\Users\Adi\.m2\repository\ognl\ognl\3.0.8\ognl-3.0.8.jar;C:\Users\Adi\.m2\repository\org\unbescape\unbescape\1.1.0.RELEASE\unbescape-1.1.0.RELEASE.jar;C:\Users\Adi\.m2\repository\org\slf4j\slf4j-api\1.7.16\slf4j-api-1.7.16.jar;C:\Users\Adi\.m2\repository\mysql\mysql-connector-java\5.1.6\mysql-connector-java-5.1.6.jar;C:\Users\Adi\.m2\repository\commons-io\commons-io\2.4\commons-io-2.4.jar;C:\Users\Adi\.m2\repository\com\jayway\jsonpath\json-path\2.0.0\json-path-2.0.0.jar;C:\Users\Adi\.m2\repository\net\minidev\json-smart\2.1.1\json-smart-2.1.1.jar;C:\Users\Adi\.m2\repository\net\minidev\asm\1.0.2\asm-1.0.2.jar;C:\Users\Adi\.m2\repository\asm\asm\3.3.1\asm-3.3.1.jar;C:\Users\Adi\.m2\repository\net\sourceforge\cobertura\cobertura\2.1.1\cobertura-2.1.1.jar;C:\Users\Adi\.m2\repository\jaxen\jaxen\1.1.6\jaxen-1.1.6.jar;C:\Users\Adi\.m2\repository\org\apache\ant\ant\1.8.3\ant-1.8.3.jar;C:\Users\Adi\.m2\repository\org\apache\ant\ant-launcher\1.8.3\ant-launcher-1.8.3.jar;C:\Users\Adi\.m2\repository\org\apache\ant\ant-junit\1.8.3\ant-junit-1.8.3.jar;C:\Users\Adi\.m2\repository\org\mortbay\jetty\servlet-api-2.5\6.1.14\servlet-api-2.5-6.1.14.jar;C:\Users\Adi\.m2\repository\org\mortbay\jetty\jetty\6.1.14\jetty-6.1.14.jar;C:\Users\Adi\.m2\repository\org\mortbay\jetty\jetty-util\6.1.14\jetty-util-6.1.14.jar;C:\Program Files\Java\jdk1.8.0_45\jre\..\lib\tools.jar;C:\Users\Adi\.m2\repository\ch\qos\logback\logback-classic\1.1.5\logback-classic-1.1.5.jar;C:\Users\Adi\.m2\repository\ch\qos\logback\logback-core\1.1.5\logback-core-1.1.5.jar;C:\Users\Adi\.m2\repository\org\apache\commons\commons-lang3\3.3.2\commons-lang3-3.3.2.jar;&apos;
[DEBUG] Searching for key &apos;user.name&apos; in [systemProperties]
[DEBUG] Found key &apos;user.name&apos; in [systemProperties] with type [String] and value &apos;Adi&apos;
[DEBUG] Searching for key &apos;java.vm.specification.version&apos; in [systemProperties]
[DEBUG] Found key &apos;java.vm.specification.version&apos; in [systemProperties] with type [String] and value &apos;1.8&apos;
[DEBUG] Searching for key &apos;sun.java.command&apos; in [systemProperties]
[DEBUG] Found key &apos;sun.java.command&apos; in [systemProperties] with type [String] and value &apos;D:\Projects\CrossoverTrial - Second\Code\target\surefire\surefirebooter4697183251586044228.jar D:\Projects\CrossoverTrial - Second\Code\target\surefire\surefire276055830167518930tmp D:\Projects\CrossoverTrial - Second\Code\target\surefire\surefire_03281173417458063849tmp&apos;
[DEBUG] Searching for key &apos;java.home&apos; in [systemProperties]
[DEBUG] Found key &apos;java.home&apos; in [systemProperties] with type [String] and value &apos;C:\Program Files\Java\jdk1.8.0_45\jre&apos;
[DEBUG] Searching for key &apos;sun.arch.data.model&apos; in [systemProperties]
[DEBUG] Found key &apos;sun.arch.data.model&apos; in [systemProperties] with type [String] and value &apos;64&apos;
[DEBUG] Searching for key &apos;user.language&apos; in [systemProperties]
[DEBUG] Found key &apos;user.language&apos; in [systemProperties] with type [String] and value &apos;en&apos;
[DEBUG] Searching for key &apos;java.specification.vendor&apos; in [systemProperties]
[DEBUG] Found key &apos;java.specification.vendor&apos; in [systemProperties] with type [String] and value &apos;Oracle Corporation&apos;
[DEBUG] Searching for key &apos;user.language.format&apos; in [systemProperties]
[DEBUG] Found key &apos;user.language.format&apos; in [systemProperties] with type [String] and value &apos;ro&apos;
[DEBUG] Searching for key &apos;awt.toolkit&apos; in [systemProperties]
[DEBUG] Found key &apos;awt.toolkit&apos; in [systemProperties] with type [String] and value &apos;sun.awt.windows.WToolkit&apos;
[DEBUG] Searching for key &apos;java.vm.info&apos; in [systemProperties]
[DEBUG] Found key &apos;java.vm.info&apos; in [systemProperties] with type [String] and value &apos;mixed mode&apos;
[DEBUG] Searching for key &apos;java.version&apos; in [systemProperties]
[DEBUG] Found key &apos;java.version&apos; in [systemProperties] with type [String] and value &apos;1.8.0_45&apos;
[DEBUG] Searching for key &apos;java.ext.dirs&apos; in [systemProperties]
[DEBUG] Found key &apos;java.ext.dirs&apos; in [systemProperties] with type [String] and value &apos;C:\Program Files\Java\jdk1.8.0_45\jre\lib\ext;C:\Windows\Sun\Java\lib\ext&apos;
[DEBUG] Searching for key &apos;sun.boot.class.path&apos; in [systemProperties]
[DEBUG] Found key &apos;sun.boot.class.path&apos; in [systemProperties] with type [String] and value &apos;C:\Program Files\Java\jdk1.8.0_45\jre\lib\resources.jar;C:\Program Files\Java\jdk1.8.0_45\jre\lib\rt.jar;C:\Program Files\Java\jdk1.8.0_45\jre\lib\sunrsasign.jar;C:\Program Files\Java\jdk1.8.0_45\jre\lib\jsse.jar;C:\Program Files\Java\jdk1.8.0_45\jre\lib\jce.jar;C:\Program Files\Java\jdk1.8.0_45\jre\lib\charsets.jar;C:\Program Files\Java\jdk1.8.0_45\jre\lib\jfr.jar;C:\Program Files\Java\jdk1.8.0_45\jre\classes&apos;
[DEBUG] Searching for key &apos;java.awt.headless&apos; in [systemProperties]
[DEBUG] Found key &apos;java.awt.headless&apos; in [systemProperties] with type [String] and value &apos;true&apos;
[DEBUG] Searching for key &apos;java.vendor&apos; in [systemProperties]
[DEBUG] Found key &apos;java.vendor&apos; in [systemProperties] with type [String] and value &apos;Oracle Corporation&apos;
[DEBUG] Searching for key &apos;localRepository&apos; in [systemProperties]
[DEBUG] Found key &apos;localRepository&apos; in [systemProperties] with type [String] and value &apos;C:\Users\Adi\.m2\repository&apos;
[DEBUG] Searching for key &apos;file.separator&apos; in [systemProperties]
[DEBUG] Found key &apos;file.separator&apos; in [systemProperties] with type [String] and value &apos;\&apos;
[DEBUG] Searching for key &apos;java.vendor.url.bug&apos; in [systemProperties]
[DEBUG] Found key &apos;java.vendor.url.bug&apos; in [systemProperties] with type [String] and value &apos;http://bugreport.sun.com/bugreport/&apos;
[DEBUG] Searching for key &apos;sun.io.unicode.encoding&apos; in [systemProperties]
[DEBUG] Found key &apos;sun.io.unicode.encoding&apos; in [systemProperties] with type [String] and value &apos;UnicodeLittle&apos;
[DEBUG] Searching for key &apos;sun.cpu.endian&apos; in [systemProperties]
[DEBUG] Found key &apos;sun.cpu.endian&apos; in [systemProperties] with type [String] and value &apos;little&apos;
[DEBUG] Searching for key &apos;sun.desktop&apos; in [systemProperties]
[DEBUG] Found key &apos;sun.desktop&apos; in [systemProperties] with type [String] and value &apos;windows&apos;
[DEBUG] Searching for key &apos;sun.cpu.isalist&apos; in [systemProperties]
[DEBUG] Found key &apos;sun.cpu.isalist&apos; in [systemProperties] with type [String] and value &apos;amd64&apos;
[DEBUG] Searching for key &apos;PATH&apos; in [systemProperties]
[DEBUG] Searching for key &apos;PATH&apos; in [systemEnvironment]
[DEBUG] Found key &apos;PATH&apos; in [systemEnvironment] with type [String] and value &apos;C:\ProgramData\Oracle\Java\javapath;C:\Windows\system32;C:\Windows;C:\Windows\System32\Wbem;C:\Windows\System32\WindowsPowerShell\v1.0\;D:\Scala-2.10.1\bin\;C:\Program Files (x86)\scala\bin;C:\Program Files\Git\cmd;C:\Program Files\MySQL\MySQL Utilities 1.6\;C:\Program Files (x86)\Skype\Phone\;D:\Tools\nodejs\;C:\Program Files\Docker Toolbox;d:\Tools\apache-maven-3.3.9\bin\;D:\Tools\bind;C:\Users\Adi\AppData\Roaming\npm;D:\Tools\Microsoft VS Code\bin&apos;
[DEBUG] Searching for key &apos;LOCALAPPDATA&apos; in [systemProperties]
[DEBUG] Searching for key &apos;LOCALAPPDATA&apos; in [systemEnvironment]
[DEBUG] Found key &apos;LOCALAPPDATA&apos; in [systemEnvironment] with type [String] and value &apos;C:\Users\Adi\AppData\Local&apos;
[DEBUG] Searching for key &apos;PROCESSOR_LEVEL&apos; in [systemProperties]
[DEBUG] Searching for key &apos;PROCESSOR_LEVEL&apos; in [systemEnvironment]
[DEBUG] Found key &apos;PROCESSOR_LEVEL&apos; in [systemEnvironment] with type [String] and value &apos;6&apos;
[DEBUG] Searching for key &apos;SYSTEMDRIVE&apos; in [systemProperties]
[DEBUG] Searching for key &apos;SYSTEMDRIVE&apos; in [systemEnvironment]
[DEBUG] Found key &apos;SYSTEMDRIVE&apos; in [systemEnvironment] with type [String] and value &apos;C:&apos;
[DEBUG] Searching for key &apos;COMMONPROGRAMFILES(X86)&apos; in [systemProperties]
[DEBUG] Searching for key &apos;COMMONPROGRAMFILES(X86)&apos; in [systemEnvironment]
[DEBUG] Found key &apos;COMMONPROGRAMFILES(X86)&apos; in [systemEnvironment] with type [String] and value &apos;C:\Program Files (x86)\Common Files&apos;
[DEBUG] Searching for key &apos;FP_NO_HOST_CHECK&apos; in [systemProperties]
[DEBUG] Searching for key &apos;FP_NO_HOST_CHECK&apos; in [systemEnvironment]
[DEBUG] Found key &apos;FP_NO_HOST_CHECK&apos; in [systemEnvironment] with type [String] and value &apos;NO&apos;
[DEBUG] Searching for key &apos;USERDOMAIN&apos; in [systemProperties]
[DEBUG] Searching for key &apos;USERDOMAIN&apos; in [systemEnvironment]
[DEBUG] Found key &apos;USERDOMAIN&apos; in [systemEnvironment] with type [String] and value &apos;Adi-PC&apos;
[DEBUG] Searching for key &apos;LOGONSERVER&apos; in [systemProperties]
[DEBUG] Searching for key &apos;LOGONSERVER&apos; in [systemEnvironment]
[DEBUG] Found key &apos;LOGONSERVER&apos; in [systemEnvironment] with type [String] and value &apos;\\ADI-PC&apos;
[DEBUG] Searching for key &apos;JAVA_HOME&apos; in [systemProperties]
[DEBUG] Searching for key &apos;JAVA_HOME&apos; in [systemEnvironment]
[DEBUG] Found key &apos;JAVA_HOME&apos; in [systemEnvironment] with type [String] and value &apos;c:\Program Files\Java\jdk1.8.0_45\&apos;
[DEBUG] Searching for key &apos;PROMPT&apos; in [systemProperties]
[DEBUG] Searching for key &apos;PROMPT&apos; in [systemEnvironment]
[DEBUG] Found key &apos;PROMPT&apos; in [systemEnvironment] with type [String] and value &apos;$P$G&apos;
[DEBUG] Searching for key &apos;SESSIONNAME&apos; in [systemProperties]
[DEBUG] Searching for key &apos;SESSIONNAME&apos; in [systemEnvironment]
[DEBUG] Found key &apos;SESSIONNAME&apos; in [systemEnvironment] with type [String] and value &apos;Console&apos;
[DEBUG] Searching for key &apos;ALLUSERSPROFILE&apos; in [systemProperties]
[DEBUG] Searching for key &apos;ALLUSERSPROFILE&apos; in [systemEnvironment]
[DEBUG] Found key &apos;ALLUSERSPROFILE&apos; in [systemEnvironment] with type [String] and value &apos;C:\ProgramData&apos;
[DEBUG] Searching for key &apos;PROGRAMFILES(X86)&apos; in [systemProperties]
[DEBUG] Searching for key &apos;PROGRAMFILES(X86)&apos; in [systemEnvironment]
[DEBUG] Found key &apos;PROGRAMFILES(X86)&apos; in [systemEnvironment] with type [String] and value &apos;C:\Program Files (x86)&apos;
[DEBUG] Searching for key &apos;ASL.LOG&apos; in [systemProperties]
[DEBUG] Searching for key &apos;ASL.LOG&apos; in [systemEnvironment]
[DEBUG] Found key &apos;ASL.LOG&apos; in [systemEnvironment] with type [String] and value &apos;Destination=file&apos;
[DEBUG] Searching for key &apos;PROCESSOR_ARCHITECTURE&apos; in [systemProperties]
[DEBUG] Searching for key &apos;PROCESSOR_ARCHITECTURE&apos; in [systemEnvironment]
[DEBUG] Found key &apos;PROCESSOR_ARCHITECTURE&apos; in [systemEnvironment] with type [String] and value &apos;AMD64&apos;
[DEBUG] Searching for key &apos;PROGRAMFILES&apos; in [systemProperties]
[DEBUG] Searching for key &apos;PROGRAMFILES&apos; in [systemEnvironment]
[DEBUG] Found key &apos;PROGRAMFILES&apos; in [systemEnvironment] with type [String] and value &apos;C:\Program Files&apos;
[DEBUG] Searching for key &apos;APPDATA&apos; in [systemProperties]
[DEBUG] Searching for key &apos;APPDATA&apos; in [systemEnvironment]
[DEBUG] Found key &apos;APPDATA&apos; in [systemEnvironment] with type [String] and value &apos;C:\Users\Adi\AppData\Roaming&apos;
[DEBUG] Searching for key &apos;PSMODULEPATH&apos; in [systemProperties]
[DEBUG] Searching for key &apos;PSMODULEPATH&apos; in [systemEnvironment]
[DEBUG] Found key &apos;PSMODULEPATH&apos; in [systemEnvironment] with type [String] and value &apos;C:\Windows\system32\WindowsPowerShell\v1.0\Modules\&apos;
[DEBUG] Searching for key &apos;PROGRAMW6432&apos; in [systemProperties]
[DEBUG] Searching for key &apos;PROGRAMW6432&apos; in [systemEnvironment]
[DEBUG] Found key &apos;PROGRAMW6432&apos; in [systemEnvironment] with type [String] and value &apos;C:\Program Files&apos;
[DEBUG] Searching for key &apos;PROGRAMDATA&apos; in [systemProperties]
[DEBUG] Searching for key &apos;PROGRAMDATA&apos; in [systemEnvironment]
[DEBUG] Found key &apos;PROGRAMDATA&apos; in [systemEnvironment] with type [String] and value &apos;C:\ProgramData&apos;
[DEBUG] Searching for key &apos;SYSTEMROOT&apos; in [systemProperties]
[DEBUG] Searching for key &apos;SYSTEMROOT&apos; in [systemEnvironment]
[DEBUG] Found key &apos;SYSTEMROOT&apos; in [systemEnvironment] with type [String] and value &apos;C:\Windows&apos;
[DEBUG] Searching for key &apos;USERNAME&apos; in [systemProperties]
[DEBUG] Searching for key &apos;USERNAME&apos; in [systemEnvironment]
[DEBUG] Found key &apos;USERNAME&apos; in [systemEnvironment] with type [String] and value &apos;Adi&apos;
[DEBUG] Searching for key &apos;VBOX_MSI_INSTALL_PATH&apos; in [systemProperties]
[DEBUG] Searching for key &apos;VBOX_MSI_INSTALL_PATH&apos; in [systemEnvironment]
[DEBUG] Found key &apos;VBOX_MSI_INSTALL_PATH&apos; in [systemEnvironment] with type [String] and value &apos;C:\Program Files\Oracle\VirtualBox\&apos;
[DEBUG] Searching for key &apos;MEMBASE_NUM_VBUCKETS&apos; in [systemProperties]
[DEBUG] Searching for key &apos;MEMBASE_NUM_VBUCKETS&apos; in [systemEnvironment]
[DEBUG] Found key &apos;MEMBASE_NUM_VBUCKETS&apos; in [systemEnvironment] with type [String] and value &apos;256&apos;
[DEBUG] Searching for key &apos;PATHEXT&apos; in [systemProperties]
[DEBUG] Searching for key &apos;PATHEXT&apos; in [systemEnvironment]
[DEBUG] Found key &apos;PATHEXT&apos; in [systemEnvironment] with type [String] and value &apos;.COM;.EXE;.BAT;.CMD;.VBS;.VBE;.JS;.JSE;.WSF;.WSH;.MSC;.PY&apos;
[DEBUG] Searching for key &apos;OS&apos; in [systemProperties]
[DEBUG] Searching for key &apos;OS&apos; in [systemEnvironment]
[DEBUG] Found key &apos;OS&apos; in [systemEnvironment] with type [String] and value &apos;Windows_NT&apos;
[DEBUG] Searching for key &apos;COMMONPROGRAMW6432&apos; in [systemProperties]
[DEBUG] Searching for key &apos;COMMONPROGRAMW6432&apos; in [systemEnvironment]
[DEBUG] Found key &apos;COMMONPROGRAMW6432&apos; in [systemEnvironment] with type [String] and value &apos;C:\Program Files\Common Files&apos;
[DEBUG] Searching for key &apos;COMPUTERNAME&apos; in [systemProperties]
[DEBUG] Searching for key &apos;COMPUTERNAME&apos; in [systemEnvironment]
[DEBUG] Found key &apos;COMPUTERNAME&apos; in [systemEnvironment] with type [String] and value &apos;ADI-PC&apos;
[DEBUG] Searching for key &apos;COMMONPROGRAMFILES&apos; in [systemProperties]
[DEBUG] Searching for key &apos;COMMONPROGRAMFILES&apos; in [systemEnvironment]
[DEBUG] Found key &apos;COMMONPROGRAMFILES&apos; in [systemEnvironment] with type [String] and value &apos;C:\Program Files\Common Files&apos;
[DEBUG] Searching for key &apos;COMSPEC&apos; in [systemProperties]
[DEBUG] Searching for key &apos;COMSPEC&apos; in [systemEnvironment]
[DEBUG] Found key &apos;COMSPEC&apos; in [systemEnvironment] with type [String] and value &apos;C:\Windows\system32\cmd.exe&apos;
[DEBUG] Searching for key &apos;PROCESSOR_REVISION&apos; in [systemProperties]
[DEBUG] Searching for key &apos;PROCESSOR_REVISION&apos; in [systemEnvironment]
[DEBUG] Found key &apos;PROCESSOR_REVISION&apos; in [systemEnvironment] with type [String] and value &apos;2a07&apos;
[DEBUG] Searching for key &apos;WINDIR&apos; in [systemProperties]
[DEBUG] Searching for key &apos;WINDIR&apos; in [systemEnvironment]
[DEBUG] Found key &apos;WINDIR&apos; in [systemEnvironment] with type [String] and value &apos;C:\Windows&apos;
[DEBUG] Searching for key &apos;=D:&apos; in [systemProperties]
[DEBUG] Searching for key &apos;=D:&apos; in [systemEnvironment]
[DEBUG] Found key &apos;=D:&apos; in [systemEnvironment] with type [String] and value &apos;D:\Projects\CrossoverTrial - Second\Code&apos;
[DEBUG] Searching for key &apos;HOMEPATH&apos; in [systemProperties]
[DEBUG] Searching for key &apos;HOMEPATH&apos; in [systemEnvironment]
[DEBUG] Found key &apos;HOMEPATH&apos; in [systemEnvironment] with type [String] and value &apos;\Users\Adi&apos;
[DEBUG] Searching for key &apos;TEMP&apos; in [systemProperties]
[DEBUG] Searching for key &apos;TEMP&apos; in [systemEnvironment]
[DEBUG] Found key &apos;TEMP&apos; in [systemEnvironment] with type [String] and value &apos;C:\Users\Adi\AppData\Local\Temp&apos;
[DEBUG] Searching for key &apos;HOMEDRIVE&apos; in [systemProperties]
[DEBUG] Searching for key &apos;HOMEDRIVE&apos; in [systemEnvironment]
[DEBUG] Found key &apos;HOMEDRIVE&apos; in [systemEnvironment] with type [String] and value &apos;C:&apos;
[DEBUG] Searching for key &apos;PROCESSOR_IDENTIFIER&apos; in [systemProperties]
[DEBUG] Searching for key &apos;PROCESSOR_IDENTIFIER&apos; in [systemEnvironment]
[DEBUG] Found key &apos;PROCESSOR_IDENTIFIER&apos; in [systemEnvironment] with type [String] and value &apos;Intel64 Family 6 Model 42 Stepping 7, GenuineIntel&apos;
[DEBUG] Searching for key &apos;USERPROFILE&apos; in [systemProperties]
[DEBUG] Searching for key &apos;USERPROFILE&apos; in [systemEnvironment]
[DEBUG] Found key &apos;USERPROFILE&apos; in [systemEnvironment] with type [String] and value &apos;C:\Users\Adi&apos;
[DEBUG] Searching for key &apos;TMP&apos; in [systemProperties]
[DEBUG] Searching for key &apos;TMP&apos; in [systemEnvironment]
[DEBUG] Found key &apos;TMP&apos; in [systemEnvironment] with type [String] and value &apos;C:\Users\Adi\AppData\Local\Temp&apos;
[DEBUG] Searching for key &apos;PUBLIC&apos; in [systemProperties]
[DEBUG] Searching for key &apos;PUBLIC&apos; in [systemEnvironment]
[DEBUG] Found key &apos;PUBLIC&apos; in [systemEnvironment] with type [String] and value &apos;C:\Users\Public&apos;
[DEBUG] Searching for key &apos;NUMBER_OF_PROCESSORS&apos; in [systemProperties]
[DEBUG] Searching for key &apos;NUMBER_OF_PROCESSORS&apos; in [systemEnvironment]
[DEBUG] Found key &apos;NUMBER_OF_PROCESSORS&apos; in [systemEnvironment] with type [String] and value &apos;8&apos;
[DEBUG] Searching for key &apos;=::&apos; in [systemProperties]
[DEBUG] Searching for key &apos;=::&apos; in [systemEnvironment]
[DEBUG] Found key &apos;=::&apos; in [systemEnvironment] with type [String] and value &apos;::\&apos;
[DEBUG] Searching for key &apos;DOCKER_TOOLBOX_INSTALL_PATH&apos; in [systemProperties]
[DEBUG] Searching for key &apos;DOCKER_TOOLBOX_INSTALL_PATH&apos; in [systemEnvironment]
[DEBUG] Found key &apos;DOCKER_TOOLBOX_INSTALL_PATH&apos; in [systemEnvironment] with type [String] and value &apos;C:\Program Files\Docker Toolbox&apos;
[DEBUG] Searching for key &apos;spring.jmx.enabled&apos; in [systemProperties]
[DEBUG] Searching for key &apos;spring.jmx.enabled&apos; in [systemEnvironment]
[DEBUG] Searching for key &apos;spring.jmx.enabled&apos; in [random]
[DEBUG] Searching for key &apos;spring.jmx.enabled&apos; in [integrationTest]
[DEBUG] Found key &apos;spring.jmx.enabled&apos; in [integrationTest] with type [String] and value &apos;false&apos;
[DEBUG] Searching for key &apos;server.port&apos; in [systemProperties]
[DEBUG] Searching for key &apos;server.port&apos; in [systemEnvironment]
[DEBUG] Searching for key &apos;server.port&apos; in [random]
[DEBUG] Searching for key &apos;server.port&apos; in [integrationTest]
[DEBUG] Found key &apos;server.port&apos; in [integrationTest] with type [String] and value &apos;-1&apos;
[DEBUG] Searching for key &apos;spring.datasource.url&apos; in [systemProperties]
[DEBUG] Searching for key &apos;spring.datasource.url&apos; in [systemEnvironment]
[DEBUG] Searching for key &apos;spring.datasource.url&apos; in [random]
[DEBUG] Searching for key &apos;spring.datasource.url&apos; in [integrationTest]
[DEBUG] Searching for key &apos;spring.datasource.url&apos; in [applicationConfigurationProperties]
[DEBUG] Found key &apos;spring.datasource.url&apos; in [applicationConfigurationProperties] with type [String] and value &apos;jdbc:mysql://localhost:3306/journals?createDatabaseIfNotExist=true&apos;
[DEBUG] Searching for key &apos;spring.datasource.username&apos; in [systemProperties]
[DEBUG] Searching for key &apos;spring.datasource.username&apos; in [systemEnvironment]
[DEBUG] Searching for key &apos;spring.datasource.username&apos; in [random]
[DEBUG] Searching for key &apos;spring.datasource.username&apos; in [integrationTest]
[DEBUG] Searching for key &apos;spring.datasource.username&apos; in [applicationConfigurationProperties]
[DEBUG] Found key &apos;spring.datasource.username&apos; in [applicationConfigurationProperties] with type [String] and value &apos;root&apos;
[DEBUG] Searching for key &apos;spring.jpa.hibernate.ddl-auto&apos; in [systemProperties]
[DEBUG] Searching for key &apos;spring.jpa.hibernate.ddl-auto&apos; in [systemEnvironment]
[DEBUG] Searching for key &apos;spring.jpa.hibernate.ddl-auto&apos; in [random]
[DEBUG] Searching for key &apos;spring.jpa.hibernate.ddl-auto&apos; in [integrationTest]
[DEBUG] Searching for key &apos;spring.jpa.hibernate.ddl-auto&apos; in [applicationConfigurationProperties]
[DEBUG] Found key &apos;spring.jpa.hibernate.ddl-auto&apos; in [applicationConfigurationProperties] with type [String] and value &apos;create&apos;
[DEBUG] Searching for key &apos;spring.datasource.driver-class-name&apos; in [systemProperties]
[DEBUG] Searching for key &apos;spring.datasource.driver-class-name&apos; in [systemEnvironment]
[DEBUG] Searching for key &apos;spring.datasource.driver-class-name&apos; in [random]
[DEBUG] Searching for key &apos;spring.datasource.driver-class-name&apos; in [integrationTest]
[DEBUG] Searching for key &apos;spring.datasource.driver-class-name&apos; in [applicationConfigurationProperties]
[DEBUG] Found key &apos;spring.datasource.driver-class-name&apos; in [applicationConfigurationProperties] with type [String] and value &apos;com.mysql.jdbc.Driver&apos;
[DEBUG] Searching for key &apos;spring.jpa.properties.hibernate.format_sql&apos; in [systemProperties]
[DEBUG] Searching for key &apos;spring.jpa.properties.hibernate.format_sql&apos; in [systemEnvironment]
[DEBUG] Searching for key &apos;spring.jpa.properties.hibernate.format_sql&apos; in [random]
[DEBUG] Searching for key &apos;spring.jpa.properties.hibernate.format_sql&apos; in [integrationTest]
[DEBUG] Searching for key &apos;spring.jpa.properties.hibernate.format_sql&apos; in [applicationConfigurationProperties]
[DEBUG] Found key &apos;spring.jpa.properties.hibernate.format_sql&apos; in [applicationConfigurationProperties] with type [String] and value &apos;true&apos;
[DEBUG] Searching for key &apos;spring.datasource.password&apos; in [systemProperties]
[DEBUG] Searching for key &apos;spring.datasource.password&apos; in [systemEnvironment]
[DEBUG] Searching for key &apos;spring.datasource.password&apos; in [random]
[DEBUG] Searching for key &apos;spring.datasource.password&apos; in [integrationTest]
[DEBUG] Searching for key &apos;spring.datasource.password&apos; in [applicationConfigurationProperties]
[DEBUG] Found key &apos;spring.datasource.password&apos; in [applicationConfigurationProperties] with type [String] and value &apos;admin&apos;
[DEBUG] Searching for key &apos;multipart.maxFileSize&apos; in [systemProperties]
[DEBUG] Searching for key &apos;multipart.maxFileSize&apos; in [systemEnvironment]
[DEBUG] Searching for key &apos;multipart.maxFileSize&apos; in [random]
[DEBUG] Searching for key &apos;multipart.maxFileSize&apos; in [integrationTest]
[DEBUG] Searching for key &apos;multipart.maxFileSize&apos; in [applicationConfigurationProperties]
[DEBUG] Found key &apos;multipart.maxFileSize&apos; in [applicationConfigurationProperties] with type [String] and value &apos;1MB&apos;
[DEBUG] Searching for key &apos;spring.jpa.database-platform&apos; in [systemProperties]
[DEBUG] Searching for key &apos;spring.jpa.database-platform&apos; in [systemEnvironment]
[DEBUG] Searching for key &apos;spring.jpa.database-platform&apos; in [random]
[DEBUG] Searching for key &apos;spring.jpa.database-platform&apos; in [integrationTest]
[DEBUG] Searching for key &apos;spring.jpa.database-platform&apos; in [applicationConfigurationProperties]
[DEBUG] Found key &apos;spring.jpa.database-platform&apos; in [applicationConfigurationProperties] with type [String] and value &apos;org.hibernate.dialect.MySQL5Dialect&apos;
[DEBUG] Searching for key &apos;spring.jpa.properties.hibernate.globally_quoted_identifiers&apos; in [systemProperties]
[DEBUG] Searching for key &apos;spring.jpa.properties.hibernate.globally_quoted_identifiers&apos; in [systemEnvironment]
[DEBUG] Searching for key &apos;spring.jpa.properties.hibernate.globally_quoted_identifiers&apos; in [random]
[DEBUG] Searching for key &apos;spring.jpa.properties.hibernate.globally_quoted_identifiers&apos; in [integrationTest]
[DEBUG] Searching for key &apos;spring.jpa.properties.hibernate.globally_quoted_identifiers&apos; in [applicationConfigurationProperties]
[DEBUG] Found key &apos;spring.jpa.properties.hibernate.globally_quoted_identifiers&apos; in [applicationConfigurationProperties] with type [String] and value &apos;true&apos;
[DEBUG] Searching for key &apos;multipart.maxRequestSize&apos; in [systemProperties]
[DEBUG] Searching for key &apos;multipart.maxRequestSize&apos; in [systemEnvironment]
[DEBUG] Searching for key &apos;multipart.maxRequestSize&apos; in [random]
[DEBUG] Searching for key &apos;multipart.maxRequestSize&apos; in [integrationTest]
[DEBUG] Searching for key &apos;multipart.maxRequestSize&apos; in [applicationConfigurationProperties]
[DEBUG] Found key &apos;multipart.maxRequestSize&apos; in [applicationConfigurationProperties] with type [String] and value &apos;1MB&apos;
[DEBUG] Searching for key &apos;spring.jpa.show-sql&apos; in [systemProperties]
[DEBUG] Searching for key &apos;spring.jpa.show-sql&apos; in [systemEnvironment]
[DEBUG] Searching for key &apos;spring.jpa.show-sql&apos; in [random]
[DEBUG] Searching for key &apos;spring.jpa.show-sql&apos; in [integrationTest]
[DEBUG] Searching for key &apos;spring.jpa.show-sql&apos; in [applicationConfigurationProperties]
[DEBUG] Found key &apos;spring.jpa.show-sql&apos; in [applicationConfigurationProperties] with type [String] and value &apos;true&apos;
[DEBUG] Returning cached instance of singleton bean &apos;autoConfigurationReport&apos;
[DEBUG] Returning cached instance of singleton bean &apos;autoConfigurationReport&apos;
[DEBUG] Returning cached instance of singleton bean &apos;autoConfigurationReport&apos;
[DEBUG] Returning cached instance of singleton bean &apos;autoConfigurationReport&apos;
[DEBUG] Searching for key &apos;spring.jmx.enabled&apos; in [systemProperties]
[DEBUG] Searching for key &apos;spring.jmx.enabled&apos; in [systemEnvironment]
[DEBUG] Searching for key &apos;spring.jmx.enabled&apos; in [random]
[DEBUG] Searching for key &apos;spring.jmx.enabled&apos; in [integrationTest]
[DEBUG] Found key &apos;spring.jmx.enabled&apos; in [integrationTest] with type [String] and value &apos;false&apos;
[DEBUG] Returning cached instance of singleton bean &apos;autoConfigurationReport&apos;
[DEBUG] Returning cached instance of singleton bean &apos;autoConfigurationReport&apos;
[DEBUG] Returning cached instance of singleton bean &apos;autoConfigurationReport&apos;
[DEBUG] Returning cached instance of singleton bean &apos;autoConfigurationReport&apos;
[DEBUG] Returning cached instance of singleton bean &apos;autoConfigurationReport&apos;
[DEBUG] Returning cached instance of singleton bean &apos;autoConfigurationReport&apos;
[DEBUG] Returning cached instance of singleton bean &apos;autoConfigurationReport&apos;
[DEBUG] Returning cached instance of singleton bean &apos;autoConfigurationReport&apos;
[DEBUG] Returning cached instance of singleton bean &apos;autoConfigurationReport&apos;
[DEBUG] Returning cached instance of singleton bean &apos;autoConfigurationReport&apos;
[DEBUG] Returning cached instance of singleton bean &apos;autoConfigurationReport&apos;
[DEBUG] Returning cached instance of singleton bean &apos;autoConfigurationReport&apos;
[DEBUG] Returning cached instance of singleton bean &apos;autoConfigurationReport&apos;
[DEBUG] Returning cached instance of singleton bean &apos;autoConfigurationReport&apos;
[DEBUG] Returning cached instance of singleton bean &apos;autoConfigurationReport&apos;
[DEBUG] Returning cached instance of singleton bean &apos;autoConfigurationReport&apos;
[DEBUG] Returning cached instance of singleton bean &apos;autoConfigurationReport&apos;
[DEBUG] Returning cached instance of singleton bean &apos;autoConfigurationReport&apos;
[DEBUG] Returning cached instance of singleton bean &apos;autoConfigurationReport&apos;
[DEBUG] Returning cached instance of singleton bean &apos;autoConfigurationReport&apos;
[DEBUG] Returning cached instance of singleton bean &apos;autoConfigurationReport&apos;
[DEBUG] Returning cached instance of singleton bean &apos;autoConfigurationReport&apos;
[DEBUG] Returning cached instance of singleton bean &apos;autoConfigurationReport&apos;
[DEBUG] Returning cached instance of singleton bean &apos;autoConfigurationReport&apos;
[DEBUG] Returning cached instance of singleton bean &apos;autoConfigurationReport&apos;
[DEBUG] Returning cached instance of singleton bean &apos;autoConfigurationReport&apos;
[DEBUG] Returning cached instance of singleton bean &apos;autoConfigurationReport&apos;
[DEBUG] Returning cached instance of singleton bean &apos;autoConfigurationReport&apos;
[DEBUG] Returning cached instance of singleton bean &apos;autoConfigurationReport&apos;
[DEBUG] Returning cached instance of singleton bean &apos;autoConfigurationReport&apos;
[DEBUG] Returning cached instance of singleton bean &apos;autoConfigurationReport&apos;
[DEBUG] Returning cached instance of singleton bean &apos;autoConfigurationReport&apos;
[DEBUG] Returning cached instance of singleton bean &apos;autoConfigurationReport&apos;
[DEBUG] Returning cached instance of singleton bean &apos;autoConfigurationReport&apos;
[DEBUG] Returning cached instance of singleton bean &apos;autoConfigurationReport&apos;
[DEBUG] Returning cached instance of singleton bean &apos;autoConfigurationReport&apos;
[DEBUG] Returning cached instance of singleton bean &apos;autoConfigurationReport&apos;
[DEBUG] Returning cached instance of singleton bean &apos;autoConfigurationReport&apos;
[DEBUG] Returning cached instance of singleton bean &apos;autoConfigurationReport&apos;
[DEBUG] Returning cached instance of singleton bean &apos;autoConfigurationReport&apos;
[DEBUG] Returning cached instance of singleton bean &apos;autoConfigurationReport&apos;
[DEBUG] Returning cached instance of singleton bean &apos;autoConfigurationReport&apos;
[DEBUG] Returning cached instance of singleton bean &apos;autoConfigurationReport&apos;
[DEBUG] Returning cached instance of singleton bean &apos;autoConfigurationReport&apos;
[DEBUG] Returning cached instance of singleton bean &apos;autoConfigurationReport&apos;
[DEBUG] Returning cached instance of singleton bean &apos;autoConfigurationReport&apos;
[DEBUG] Returning cached instance of singleton bean &apos;autoConfigurationReport&apos;
[DEBUG] Returning cached instance of singleton bean &apos;autoConfigurationReport&apos;
[DEBUG] Returning cached instance of singleton bean &apos;autoConfigurationReport&apos;
[DEBUG] Returning cached instance of singleton bean &apos;autoConfigurationReport&apos;
[DEBUG] Returning cached instance of singleton bean &apos;autoConfigurationReport&apos;
[DEBUG] Returning cached instance of singleton bean &apos;autoConfigurationReport&apos;
[DEBUG] Returning cached instance of singleton bean &apos;autoConfigurationReport&apos;
[DEBUG] Returning cached instance of singleton bean &apos;autoConfigurationReport&apos;
[DEBUG] Returning cached instance of singleton bean &apos;autoConfigurationReport&apos;
[DEBUG] Returning cached instance of singleton bean &apos;autoConfigurationReport&apos;
[DEBUG] Returning cached instance of singleton bean &apos;autoConfigurationReport&apos;
[DEBUG] Returning cached instance of singleton bean &apos;autoConfigurationReport&apos;
[DEBUG] Returning cached instance of singleton bean &apos;autoConfigurationReport&apos;
[DEBUG] Returning cached instance of singleton bean &apos;autoConfigurationReport&apos;
[DEBUG] Returning cached instance of singleton bean &apos;autoConfigurationReport&apos;
[DEBUG] Returning cached instance of singleton bean &apos;autoConfigurationReport&apos;
[DEBUG] Returning cached instance of singleton bean &apos;autoConfigurationReport&apos;
[DEBUG] Returning cached instance of singleton bean &apos;autoConfigurationReport&apos;
[DEBUG] Returning cached instance of singleton bean &apos;autoConfigurationReport&apos;
[DEBUG] Returning cached instance of singleton bean &apos;autoConfigurationReport&apos;
[DEBUG] Returning cached instance of singleton bean &apos;autoConfigurationReport&apos;
[DEBUG] Returning cached instance of singleton bean &apos;autoConfigurationReport&apos;
[DEBUG] Returning cached instance of singleton bean &apos;autoConfigurationReport&apos;
[DEBUG] Returning cached instance of singleton bean &apos;autoConfigurationReport&apos;
[DEBUG] Returning cached instance of singleton bean &apos;autoConfigurationReport&apos;
[DEBUG] Returning cached instance of singleton bean &apos;autoConfigurationReport&apos;
[DEBUG] Returning cached instance of singleton bean &apos;autoConfigurationReport&apos;
[DEBUG] Returning cached instance of singleton bean &apos;autoConfigurationReport&apos;
[DEBUG] Returning cached instance of singleton bean &apos;autoConfigurationReport&apos;
[DEBUG] Adding [systemProperties] PropertySource with lowest search precedence
[DEBUG] Adding [systemEnvironment] PropertySource with lowest search precedence
[DEBUG] Initialized StandardEnvironment with PropertySources [systemProperties,systemEnvironment]
[DEBUG] Resolved classpath location [org/springframework/data/] to resources [URL [jar:file:/C:/Users/Adi/.m2/repository/org/springframework/data/spring-data-jpa/1.9.4.RELEASE/spring-data-jpa-1.9.4.RELEASE.jar!/org/springframework/data/], URL [jar:file:/C:/Users/Adi/.m2/repository/org/springframework/data/spring-data-commons/1.11.4.RELEASE/spring-data-commons-1.11.4.RELEASE.jar!/org/springframework/data/]]
[DEBUG] Looking for matching resources in jar file [file:/C:/Users/Adi/.m2/repository/org/springframework/data/spring-data-jpa/1.9.4.RELEASE/spring-data-jpa-1.9.4.RELEASE.jar]
[DEBUG] Looking for matching resources in jar file [file:/C:/Users/Adi/.m2/repository/org/springframework/data/spring-data-commons/1.11.4.RELEASE/spring-data-commons-1.11.4.RELEASE.jar]
[DEBUG] Resolved location pattern [classpath*:org/springframework/data/**/*.class] to resources [URL [jar:file:/C:/Users/Adi/.m2/repository/org/springframework/data/spring-data-jpa/1.9.4.RELEASE/spring-data-jpa-1.9.4.RELEASE.jar!/org/springframework/data/jpa/mapping/JpaPersistentProperty.class], URL [jar:file:/C:/Users/Adi/.m2/repository/org/springframework/data/spring-data-jpa/1.9.4.RELEASE/spring-data-jpa-1.9.4.RELEASE.jar!/org/springframework/data/jpa/mapping/JpaPersistentPropertyImpl.class], URL [jar:file:/C:/Users/Adi/.m2/repository/org/springframework/data/spring-data-jpa/1.9.4.RELEASE/spring-data-jpa-1.9.4.RELEASE.jar!/org/springframework/data/jpa/mapping/JpaPersistentEntityImpl.class], URL [jar:file:/C:/Users/Adi/.m2/repository/org/springframework/data/spring-data-jpa/1.9.4.RELEASE/spring-data-jpa-1.9.4.RELEASE.jar!/org/springframework/data/jpa/mapping/JpaPersistentEntityImpl$JpaProxyAwareIdentifierAccessor.class], URL [jar:file:/C:/Users/Adi/.m2/repository/org/springframework/data/spring-data-jpa/1.9.4.RELEASE/spring-data-jpa-1.9.4.RELEASE.jar!/org/springframework/data/jpa/mapping/JpaMetamodelMappingContext.class], URL [jar:file:/C:/Users/Adi/.m2/repository/org/springframework/data/spring-data-jpa/1.9.4.RELEASE/spring-data-jpa-1.9.4.RELEASE.jar!/org/springframework/data/jpa/mapping/JpaPersistentEntity.class], URL [jar:file:/C:/Users/Adi/.m2/repository/org/springframework/data/spring-data-jpa/1.9.4.RELEASE/spring-data-jpa-1.9.4.RELEASE.jar!/org/springframework/data/jpa/util/BeanDefinitionUtils$EntityManagerFactoryBeanDefinition.class], URL [jar:file:/C:/Users/Adi/.m2/repository/org/springframework/data/spring-data-jpa/1.9.4.RELEASE/spring-data-jpa-1.9.4.RELEASE.jar!/org/springframework/data/jpa/util/BeanDefinitionUtils.class], URL [jar:file:/C:/Users/Adi/.m2/repository/org/springframework/data/spring-data-jpa/1.9.4.RELEASE/spring-data-jpa-1.9.4.RELEASE.jar!/org/springframework/data/jpa/convert/threetenbp/ThreeTenBackPortJpaConverters$LocalTimeConverter.class], URL [jar:file:/C:/Users/Adi/.m2/repository/org/springframework/data/spring-data-jpa/1.9.4.RELEASE/spring-data-jpa-1.9.4.RELEASE.jar!/org/springframework/data/jpa/convert/threetenbp/ThreeTenBackPortJpaConverters$LocalDateTimeConverter.class], URL [jar:file:/C:/Users/Adi/.m2/repository/org/springframework/data/spring-data-jpa/1.9.4.RELEASE/spring-data-jpa-1.9.4.RELEASE.jar!/org/springframework/data/jpa/convert/threetenbp/ThreeTenBackPortJpaConverters$InstantConverter.class], URL [jar:file:/C:/Users/Adi/.m2/repository/org/springframework/data/spring-data-jpa/1.9.4.RELEASE/spring-data-jpa-1.9.4.RELEASE.jar!/org/springframework/data/jpa/convert/threetenbp/ThreeTenBackPortJpaConverters$LocalDateConverter.class], URL [jar:file:/C:/Users/Adi/.m2/repository/org/springframework/data/spring-data-jpa/1.9.4.RELEASE/spring-data-jpa-1.9.4.RELEASE.jar!/org/springframework/data/jpa/convert/threetenbp/ThreeTenBackPortJpaConverters.class], URL [jar:file:/C:/Users/Adi/.m2/repository/org/springframework/data/spring-data-jpa/1.9.4.RELEASE/spring-data-jpa-1.9.4.RELEASE.jar!/org/springframework/data/jpa/convert/threeten/Jsr310JpaConverters$InstantConverter.class], URL [jar:file:/C:/Users/Adi/.m2/repository/org/springframework/data/spring-data-jpa/1.9.4.RELEASE/spring-data-jpa-1.9.4.RELEASE.jar!/org/springframework/data/jpa/convert/threeten/Jsr310JpaConverters$LocalDateConverter.class], URL [jar:file:/C:/Users/Adi/.m2/repository/org/springframework/data/spring-data-jpa/1.9.4.RELEASE/spring-data-jpa-1.9.4.RELEASE.jar!/org/springframework/data/jpa/convert/threeten/Jsr310JpaConverters$LocalTimeConverter.class], URL [jar:file:/C:/Users/Adi/.m2/repository/org/springframework/data/spring-data-jpa/1.9.4.RELEASE/spring-data-jpa-1.9.4.RELEASE.jar!/org/springframework/data/jpa/convert/threeten/Jsr310JpaConverters.class], URL [jar:file:/C:/Users/Adi/.m2/repository/org/springframework/data/spring-data-jpa/1.9.4.RELEASE/spring-data-jpa-1.9.4.RELEASE.jar!/org/springframework/data/jpa/convert/threeten/Jsr310JpaConverters$LocalDateTimeConverter.class], URL [jar:file:/C:/Users/Adi/.m2/repository/org/springframework/data/spring-data-jpa/1.9.4.RELEASE/spring-data-jpa-1.9.4.RELEASE.jar!/org/springframework/data/jpa/repository/Query.class], URL [jar:file:/C:/Users/Adi/.m2/repository/org/springframework/data/spring-data-jpa/1.9.4.RELEASE/spring-data-jpa-1.9.4.RELEASE.jar!/org/springframework/data/jpa/repository/query/ParameterMetadataProvider$1.class], URL [jar:file:/C:/Users/Adi/.m2/repository/org/springframework/data/spring-data-jpa/1.9.4.RELEASE/spring-data-jpa-1.9.4.RELEASE.jar!/org/springframework/data/jpa/repository/query/StringQuery.class], URL [jar:file:/C:/Users/Adi/.m2/repository/org/springframework/data/spring-data-jpa/1.9.4.RELEASE/spring-data-jpa-1.9.4.RELEASE.jar!/org/springframework/data/jpa/repository/query/JpaQueryExecution.class], URL [jar:file:/C:/Users/Adi/.m2/repository/org/springframework/data/spring-data-jpa/1.9.4.RELEASE/spring-data-jpa-1.9.4.RELEASE.jar!/org/springframework/data/jpa/repository/query/JpaQueryLookupStrategy$AbstractQueryLookupStrategy.class], URL [jar:file:/C:/Users/Adi/.m2/repository/org/springframework/data/spring-data-jpa/1.9.4.RELEASE/spring-data-jpa-1.9.4.RELEASE.jar!/org/springframework/data/jpa/repository/query/JpaResultConverters$BlobToByteArrayConverter.class], URL [jar:file:/C:/Users/Adi/.m2/repository/org/springframework/data/spring-data-jpa/1.9.4.RELEASE/spring-data-jpa-1.9.4.RELEASE.jar!/org/springframework/data/jpa/repository/query/JpaQueryLookupStrategy$CreateQueryLookupStrategy.class], URL [jar:file:/C:/Users/Adi/.m2/repository/org/springframework/data/spring-data-jpa/1.9.4.RELEASE/spring-data-jpa-1.9.4.RELEASE.jar!/org/springframework/data/jpa/repository/query/JpaResultConverters.class], URL [jar:file:/C:/Users/Adi/.m2/repository/org/springframework/data/spring-data-jpa/1.9.4.RELEASE/spring-data-jpa-1.9.4.RELEASE.jar!/org/springframework/data/jpa/repository/query/JpaQueryExecution$SingleEntityExecution.class], URL [jar:file:/C:/Users/Adi/.m2/repository/org/springframework/data/spring-data-jpa/1.9.4.RELEASE/spring-data-jpa-1.9.4.RELEASE.jar!/org/springframework/data/jpa/repository/query/AbstractStringBasedJpaQuery.class], URL [jar:file:/C:/Users/Adi/.m2/repository/org/springframework/data/spring-data-jpa/1.9.4.RELEASE/spring-data-jpa-1.9.4.RELEASE.jar!/org/springframework/data/jpa/repository/query/JpaQueryExecution$StreamExecution.class], URL [jar:file:/C:/Users/Adi/.m2/repository/org/springframework/data/spring-data-jpa/1.9.4.RELEASE/spring-data-jpa-1.9.4.RELEASE.jar!/org/springframework/data/jpa/repository/query/StoredProcedureAttributeSource$1.class], URL [jar:file:/C:/Users/Adi/.m2/repository/org/springframework/data/spring-data-jpa/1.9.4.RELEASE/spring-data-jpa-1.9.4.RELEASE.jar!/org/springframework/data/jpa/repository/query/SpelExpressionStringQueryParameterBinder.class], URL [jar:file:/C:/Users/Adi/.m2/repository/org/springframework/data/spring-data-jpa/1.9.4.RELEASE/spring-data-jpa-1.9.4.RELEASE.jar!/org/springframework/data/jpa/repository/query/JpaQueryExecution$ProcedureExecution.class], URL [jar:file:/C:/Users/Adi/.m2/repository/org/springframework/data/spring-data-jpa/1.9.4.RELEASE/spring-data-jpa-1.9.4.RELEASE.jar!/org/springframework/data/jpa/repository/query/StringQuery$InParameterBinding.class], URL [jar:file:/C:/Users/Adi/.m2/repository/org/springframework/data/spring-data-jpa/1.9.4.RELEASE/spring-data-jpa-1.9.4.RELEASE.jar!/org/springframework/data/jpa/repository/query/JpaQueryExecution$SlicedExecution.class], URL [jar:file:/C:/Users/Adi/.m2/repository/org/springframework/data/spring-data-jpa/1.9.4.RELEASE/spring-data-jpa-1.9.4.RELEASE.jar!/org/springframework/data/jpa/repository/query/StringQueryParameterBinder.class], URL [jar:file:/C:/Users/Adi/.m2/repository/org/springframework/data/spring-data-jpa/1.9.4.RELEASE/spring-data-jpa-1.9.4.RELEASE.jar!/org/springframework/data/jpa/repository/query/StringQuery$LikeParameterBinding.class], URL [jar:file:/C:/Users/Adi/.m2/repository/org/springframework/data/spring-data-jpa/1.9.4.RELEASE/spring-data-jpa-1.9.4.RELEASE.jar!/org/springframework/data/jpa/repository/query/StringQuery$ParameterBinding.class], URL [jar:file:/C:/Users/Adi/.m2/repository/org/springframework/data/spring-data-jpa/1.9.4.RELEASE/spring-data-jpa-1.9.4.RELEASE.jar!/org/springframework/data/jpa/repository/query/JpaParameters.class], URL [jar:file:/C:/Users/Adi/.m2/repository/org/springframework/data/spring-data-jpa/1.9.4.RELEASE/spring-data-jpa-1.9.4.RELEASE.jar!/org/springframework/data/jpa/repository/query/JpaQueryCreator.class], URL [jar:file:/C:/Users/Adi/.m2/repository/org/springframework/data/spring-data-jpa/1.9.4.RELEASE/spring-data-jpa-1.9.4.RELEASE.jar!/org/springframework/data/jpa/repository/query/JpaQueryExecution$DeleteExecution.class], URL [jar:file:/C:/Users/Adi/.m2/repository/org/springframework/data/spring-data-jpa/1.9.4.RELEASE/spring-data-jpa-1.9.4.RELEASE.jar!/org/springframework/data/jpa/repository/query/CriteriaQueryParameterBinder.class], URL [jar:file:/C:/Users/Adi/.m2/repository/org/springframework/data/spring-data-jpa/1.9.4.RELEASE/spring-data-jpa-1.9.4.RELEASE.jar!/org/springframework/data/jpa/repository/query/JpaQueryLookupStrategy.class], URL [jar:file:/C:/Users/Adi/.m2/repository/org/springframework/data/spring-data-jpa/1.9.4.RELEASE/spring-data-jpa-1.9.4.RELEASE.jar!/org/springframework/data/jpa/repository/query/StringQuery$1.class], URL [jar:file:/C:/Users/Adi/.m2/repository/org/springframework/data/spring-data-jpa/1.9.4.RELEASE/spring-data-jpa-1.9.4.RELEASE.jar!/org/springframework/data/jpa/repository/query/JpaQueryLookupStrategy$DeclaredQueryLookupStrategy.class], URL [jar:file:/C:/Users/Adi/.m2/repository/org/springframework/data/spring-data-jpa/1.9.4.RELEASE/spring-data-jpa-1.9.4.RELEASE.jar!/org/springframework/data/jpa/repository/query/JpaQueryExecution$CollectionExecution.class], URL [jar:file:/C:/Users/Adi/.m2/repository/org/springframework/data/spring-data-jpa/1.9.4.RELEASE/spring-data-jpa-1.9.4.RELEASE.jar!/org/springframework/data/jpa/repository/query/JpaQueryExecution$PagedExecution.class], URL [jar:file:/C:/Users/Adi/.m2/repository/org/springframework/data/spring-data-jpa/1.9.4.RELEASE/spring-data-jpa-1.9.4.RELEASE.jar!/org/springframework/data/jpa/repository/query/JpaQueryLookupStrategy$CreateIfNotFoundQueryLookupStrategy.class], URL [jar:file:/C:/Users/Adi/.m2/repository/org/springframework/data/spring-data-jpa/1.9.4.RELEASE/spring-data-jpa-1.9.4.RELEASE.jar!/org/springframework/data/jpa/repository/query/SimpleJpaQuery.class], URL [jar:file:/C:/Users/Adi/.m2/repository/org/springframework/data/spring-data-jpa/1.9.4.RELEASE/spring-data-jpa-1.9.4.RELEASE.jar!/org/springframework/data/jpa/repository/query/StoredProcedureAttributes.class], URL [jar:file:/C:/Users/Adi/.m2/repository/org/springframework/data/spring-data-jpa/1.9.4.RELEASE/spring-data-jpa-1.9.4.RELEASE.jar!/org/springframework/data/jpa/repository/query/AbstractJpaQuery.class], URL [jar:file:/C:/Users/Adi/.m2/repository/org/springframework/data/spring-data-jpa/1.9.4.RELEASE/spring-data-jpa-1.9.4.RELEASE.jar!/org/springframework/data/jpa/repository/query/JpaEntityGraph.class], URL [jar:file:/C:/Users/Adi/.m2/repository/org/springframework/data/spring-data-jpa/1.9.4.RELEASE/spring-data-jpa-1.9.4.RELEASE.jar!/org/springframework/data/jpa/repository/query/ParameterMetadataProvider$ParameterMetadata.class], URL [jar:file:/C:/Users/Adi/.m2/repository/org/springframework/data/spring-data-jpa/1.9.4.RELEASE/spring-data-jpa-1.9.4.RELEASE.jar!/org/springframework/data/jpa/repository/query/Jpa21Utils.class], URL [jar:file:/C:/Users/Adi/.m2/repository/org/springframework/data/spring-data-jpa/1.9.4.RELEASE/spring-data-jpa-1.9.4.RELEASE.jar!/org/springframework/data/jpa/repository/query/InvalidJpaQueryMethodException.class], URL [jar:file:/C:/Users/Adi/.m2/repository/org/springframework/data/spring-data-jpa/1.9.4.RELEASE/spring-data-jpa-1.9.4.RELEASE.jar!/org/springframework/data/jpa/repository/query/PartTreeJpaQuery$CountQueryPreparer.class], URL [jar:file:/C:/Users/Adi/.m2/repository/org/springframework/data/spring-data-jpa/1.9.4.RELEASE/spring-data-jpa-1.9.4.RELEASE.jar!/org/springframework/data/jpa/repository/query/JpaQueryCreator$PredicateBuilder.class], URL [jar:file:/C:/Users/Adi/.m2/repository/org/springframework/data/spring-data-jpa/1.9.4.RELEASE/spring-data-jpa-1.9.4.RELEASE.jar!/org/springframework/data/jpa/repository/query/JpaEntityMetadata.class], URL [jar:file:/C:/Users/Adi/.m2/repository/org/springframework/data/spring-data-jpa/1.9.4.RELEASE/spring-data-jpa-1.9.4.RELEASE.jar!/org/springframework/data/jpa/repository/query/PartTreeJpaQuery$QueryPreparer.class], URL [jar:file:/C:/Users/Adi/.m2/repository/org/springframework/data/spring-data-jpa/1.9.4.RELEASE/spring-data-jpa-1.9.4.RELEASE.jar!/org/springframework/data/jpa/repository/query/NativeJpaQuery.class], URL [jar:file:/C:/Users/Adi/.m2/repository/org/springframework/data/spring-data-jpa/1.9.4.RELEASE/spring-data-jpa-1.9.4.RELEASE.jar!/org/springframework/data/jpa/repository/query/ExpressionBasedStringQuery.class], URL [jar:file:/C:/Users/Adi/.m2/repository/org/springframework/data/spring-data-jpa/1.9.4.RELEASE/spring-data-jpa-1.9.4.RELEASE.jar!/org/springframework/data/jpa/repository/query/JpaQueryFactory.class], URL [jar:file:/C:/Users/Adi/.m2/repository/org/springframework/data/spring-data-jpa/1.9.4.RELEASE/spring-data-jpa-1.9.4.RELEASE.jar!/org/springframework/data/jpa/repository/query/JpaQueryCreator$1.class], URL [jar:file:/C:/Users/Adi/.m2/repository/org/springframework/data/spring-data-jpa/1.9.4.RELEASE/spring-data-jpa-1.9.4.RELEASE.jar!/org/springframework/data/jpa/repository/query/JpaQueryMethod.class], URL [jar:file:/C:/Users/Adi/.m2/repository/org/springframework/data/spring-data-jpa/1.9.4.RELEASE/spring-data-jpa-1.9.4.RELEASE.jar!/org/springframework/data/jpa/repository/query/JpaParameters$JpaParameter.class], URL [jar:file:/C:/Users/Adi/.m2/repository/org/springframework/data/spring-data-jpa/1.9.4.RELEASE/spring-data-jpa-1.9.4.RELEASE.jar!/org/springframework/data/jpa/repository/query/PartTreeJpaQuery.class], URL [jar:file:/C:/Users/Adi/.m2/repository/org/springframework/data/spring-data-jpa/1.9.4.RELEASE/spring-data-jpa-1.9.4.RELEASE.jar!/org/springframework/data/jpa/repository/query/Procedure.class], URL [jar:file:/C:/Users/Adi/.m2/repository/org/springframework/data/spring-data-jpa/1.9.4.RELEASE/spring-data-jpa-1.9.4.RELEASE.jar!/org/springframework/data/jpa/repository/query/StoredProcedureJpaQuery.class], URL [jar:file:/C:/Users/Adi/.m2/repository/org/springframework/data/spring-data-jpa/1.9.4.RELEASE/spring-data-jpa-1.9.4.RELEASE.jar!/org/springframework/data/jpa/repository/query/JpaQueryLookupStrategy$1.class], URL [jar:file:/C:/Users/Adi/.m2/repository/org/springframework/data/spring-data-jpa/1.9.4.RELEASE/spring-data-jpa-1.9.4.RELEASE.jar!/org/springframework/data/jpa/repository/query/JpaQueryExecution$ModifyingExecution.class], URL [jar:file:/C:/Users/Adi/.m2/repository/org/springframework/data/spring-data-jpa/1.9.4.RELEASE/spring-data-jpa-1.9.4.RELEASE.jar!/org/springframework/data/jpa/repository/query/ParameterMetadataProvider.class], URL [jar:file:/C:/Users/Adi/.m2/repository/org/springframework/data/spring-data-jpa/1.9.4.RELEASE/spring-data-jpa-1.9.4.RELEASE.jar!/org/springframework/data/jpa/repository/query/JpaCountQueryCreator.class], URL [jar:file:/C:/Users/Adi/.m2/repository/org/springframework/data/spring-data-jpa/1.9.4.RELEASE/spring-data-jpa-1.9.4.RELEASE.jar!/org/springframework/data/jpa/repository/query/StringQuery$ParameterBindingParser.class], URL [jar:file:/C:/Users/Adi/.m2/repository/org/springframework/data/spring-data-jpa/1.9.4.RELEASE/spring-data-jpa-1.9.4.RELEASE.jar!/org/springframework/data/jpa/repository/query/QueryUtils.class], URL [jar:file:/C:/Users/Adi/.m2/repository/org/springframework/data/spring-data-jpa/1.9.4.RELEASE/spring-data-jpa-1.9.4.RELEASE.jar!/org/springframework/data/jpa/repository/query/NamedQuery.class], URL [jar:file:/C:/Users/Adi/.m2/repository/org/springframework/data/spring-data-jpa/1.9.4.RELEASE/spring-data-jpa-1.9.4.RELEASE.jar!/org/springframework/data/jpa/repository/query/DefaultJpaEntityMetadata.class], URL [jar:file:/C:/Users/Adi/.m2/repository/org/springframework/data/spring-data-jpa/1.9.4.RELEASE/spring-data-jpa-1.9.4.RELEASE.jar!/org/springframework/data/jpa/repository/query/StringQuery$ParameterBindingParser$ParameterBindingType.class], URL [jar:file:/C:/Users/Adi/.m2/repository/org/springframework/data/spring-data-jpa/1.9.4.RELEASE/spring-data-jpa-1.9.4.RELEASE.jar!/org/springframework/data/jpa/repository/query/ParameterBinder.class], URL [jar:file:/C:/Users/Adi/.m2/repository/org/springframework/data/spring-data-jpa/1.9.4.RELEASE/spring-data-jpa-1.9.4.RELEASE.jar!/org/springframework/data/jpa/repository/query/StoredProcedureAttributeSource.class], URL [jar:file:/C:/Users/Adi/.m2/repository/org/springframework/data/spring-data-jpa/1.9.4.RELEASE/spring-data-jpa-1.9.4.RELEASE.jar!/org/springframework/data/jpa/repository/EntityGraph$EntityGraphType.class], URL [jar:file:/C:/Users/Adi/.m2/repository/org/springframework/data/spring-data-jpa/1.9.4.RELEASE/spring-data-jpa-1.9.4.RELEASE.jar!/org/springframework/data/jpa/repository/QueryHints.class], URL [jar:file:/C:/Users/Adi/.m2/repository/org/springframework/data/spring-data-jpa/1.9.4.RELEASE/spring-data-jpa-1.9.4.RELEASE.jar!/org/springframework/data/jpa/repository/JpaSpecificationExecutor.class], URL [jar:file:/C:/Users/Adi/.m2/repository/org/springframework/data/spring-data-jpa/1.9.4.RELEASE/spring-data-jpa-1.9.4.RELEASE.jar!/org/springframework/data/jpa/repository/Lock.class], URL [jar:file:/C:/Users/Adi/.m2/repository/org/springframework/data/spring-data-jpa/1.9.4.RELEASE/spring-data-jpa-1.9.4.RELEASE.jar!/org/springframework/data/jpa/repository/cdi/JpaRepositoryBean.class], URL [jar:file:/C:/Users/Adi/.m2/repository/org/springframework/data/spring-data-jpa/1.9.4.RELEASE/spring-data-jpa-1.9.4.RELEASE.jar!/org/springframework/data/jpa/repository/cdi/JpaRepositoryExtension.class], URL [jar:file:/C:/Users/Adi/.m2/repository/org/springframework/data/spring-data-jpa/1.9.4.RELEASE/spring-data-jpa-1.9.4.RELEASE.jar!/org/springframework/data/jpa/repository/JpaContext.class], URL [jar:file:/C:/Users/Adi/.m2/repository/org/springframework/data/spring-data-jpa/1.9.4.RELEASE/spring-data-jpa-1.9.4.RELEASE.jar!/org/springframework/data/jpa/repository/Modifying.class], URL [jar:file:/C:/Users/Adi/.m2/repository/org/springframework/data/spring-data-jpa/1.9.4.RELEASE/spring-data-jpa-1.9.4.RELEASE.jar!/org/springframework/data/jpa/repository/config/AuditingBeanDefinitionParser$SpringConfiguredBeanDefinitionParser.class], URL [jar:file:/C:/Users/Adi/.m2/repository/org/springframework/data/spring-data-jpa/1.9.4.RELEASE/spring-data-jpa-1.9.4.RELEASE.jar!/org/springframework/data/jpa/repository/config/EnableJpaAuditing.class], URL [jar:file:/C:/Users/Adi/.m2/repository/org/springframework/data/spring-data-jpa/1.9.4.RELEASE/spring-data-jpa-1.9.4.RELEASE.jar!/org/springframework/data/jpa/repository/config/AuditingBeanDefinitionParser.class], URL [jar:file:/C:/Users/Adi/.m2/repository/org/springframework/data/spring-data-jpa/1.9.4.RELEASE/spring-data-jpa-1.9.4.RELEASE.jar!/org/springframework/data/jpa/repository/config/JpaAuditingRegistrar.class], URL [jar:file:/C:/Users/Adi/.m2/repository/org/springframework/data/spring-data-jpa/1.9.4.RELEASE/spring-data-jpa-1.9.4.RELEASE.jar!/org/springframework/data/jpa/repository/config/EnableJpaRepositories.class], URL [jar:file:/C:/Users/Adi/.m2/repository/org/springframework/data/spring-data-jpa/1.9.4.RELEASE/spring-data-jpa-1.9.4.RELEASE.jar!/org/springframework/data/jpa/repository/config/AuditingBeanDefinitionParser$1.class], URL [jar:file:/C:/Users/Adi/.m2/repository/org/springframework/data/spring-data-jpa/1.9.4.RELEASE/spring-data-jpa-1.9.4.RELEASE.jar!/org/springframework/data/jpa/repository/config/JpaRepositoriesRegistrar.class], URL [jar:file:/C:/Users/Adi/.m2/repository/org/springframework/data/spring-data-jpa/1.9.4.RELEASE/spring-data-jpa-1.9.4.RELEASE.jar!/org/springframework/data/jpa/repository/config/JpaRepositoryConfigExtension.class], URL [jar:file:/C:/Users/Adi/.m2/repository/org/springframework/data/spring-data-jpa/1.9.4.RELEASE/spring-data-jpa-1.9.4.RELEASE.jar!/org/springframework/data/jpa/repository/config/BeanDefinitionNames.class], URL [jar:file:/C:/Users/Adi/.m2/repository/org/springframework/data/spring-data-jpa/1.9.4.RELEASE/spring-data-jpa-1.9.4.RELEASE.jar!/org/springframework/data/jpa/repository/config/JpaRepositoryNameSpaceHandler.class], URL [jar:file:/C:/Users/Adi/.m2/repository/org/springframework/data/spring-data-jpa/1.9.4.RELEASE/spring-data-jpa-1.9.4.RELEASE.jar!/org/springframework/data/jpa/repository/config/JpaMetamodelMappingContextFactoryBean.class], URL [jar:file:/C:/Users/Adi/.m2/repository/org/springframework/data/spring-data-jpa/1.9.4.RELEASE/spring-data-jpa-1.9.4.RELEASE.jar!/org/springframework/data/jpa/repository/JpaRepository.class], URL [jar:file:/C:/Users/Adi/.m2/repository/org/springframework/data/spring-data-jpa/1.9.4.RELEASE/spring-data-jpa-1.9.4.RELEASE.jar!/org/springframework/data/jpa/repository/EntityGraph.class], URL [jar:file:/C:/Users/Adi/.m2/repository/org/springframework/data/spring-data-jpa/1.9.4.RELEASE/spring-data-jpa-1.9.4.RELEASE.jar!/org/springframework/data/jpa/repository/support/Querydsl$1.class], URL [jar:file:/C:/Users/Adi/.m2/repository/org/springframework/data/spring-data-jpa/1.9.4.RELEASE/spring-data-jpa-1.9.4.RELEASE.jar!/org/springframework/data/jpa/repository/support/CrudMethodMetadataPostProcessor$ThreadBoundTargetSource.class], URL [jar:file:/C:/Users/Adi/.m2/repository/org/springframework/data/spring-data-jpa/1.9.4.RELEASE/spring-data-jpa-1.9.4.RELEASE.jar!/org/springframework/data/jpa/repository/support/JpaPersistableEntityInformation.class], URL [jar:file:/C:/Users/Adi/.m2/repository/org/springframework/data/spring-data-jpa/1.9.4.RELEASE/spring-data-jpa-1.9.4.RELEASE.jar!/org/springframework/data/jpa/repository/support/CrudMethodMetadataPostProcessor.class], URL [jar:file:/C:/Users/Adi/.m2/repository/org/springframework/data/spring-data-jpa/1.9.4.RELEASE/spring-data-jpa-1.9.4.RELEASE.jar!/org/springframework/data/jpa/repository/support/CrudMethodMetadataPostProcessor$1.class], URL [jar:file:/C:/Users/Adi/.m2/repository/org/springframework/data/spring-data-jpa/1.9.4.RELEASE/spring-data-jpa-1.9.4.RELEASE.jar!/org/springframework/data/jpa/repository/support/JpaEntityInformation.class], URL [jar:file:/C:/Users/Adi/.m2/repository/org/springframework/data/spring-data-jpa/1.9.4.RELEASE/spring-data-jpa-1.9.4.RELEASE.jar!/org/springframework/data/jpa/repository/support/JpaMetamodelEntityInformation.class], URL [jar:file:/C:/Users/Adi/.m2/repository/org/springframework/data/spring-data-jpa/1.9.4.RELEASE/spring-data-jpa-1.9.4.RELEASE.jar!/org/springframework/data/jpa/repository/support/JpaMetamodelEntityInformation$IdMetadata.class], URL [jar:file:/C:/Users/Adi/.m2/repository/org/springframework/data/spring-data-jpa/1.9.4.RELEASE/spring-data-jpa-1.9.4.RELEASE.jar!/org/springframework/data/jpa/repository/support/JpaEntityInformationSupport.class], URL [jar:file:/C:/Users/Adi/.m2/repository/org/springframework/data/spring-data-jpa/1.9.4.RELEASE/spring-data-jpa-1.9.4.RELEASE.jar!/org/springframework/data/jpa/repository/support/QueryDslRepositorySupport.class], URL [jar:file:/C:/Users/Adi/.m2/repository/org/springframework/data/spring-data-jpa/1.9.4.RELEASE/spring-data-jpa-1.9.4.RELEASE.jar!/org/springframework/data/jpa/repository/support/JpaRepositoryFactory.class], URL [jar:file:/C:/Users/Adi/.m2/repository/org/springframework/data/spring-data-jpa/1.9.4.RELEASE/spring-data-jpa-1.9.4.RELEASE.jar!/org/springframework/data/jpa/repository/support/CrudMethodMetadataPostProcessor$DefaultCrudMethodMetadata.class], URL [jar:file:/C:/Users/Adi/.m2/repository/org/springframework/data/spring-data-jpa/1.9.4.RELEASE/spring-data-jpa-1.9.4.RELEASE.jar!/org/springframework/data/jpa/repository/support/SimpleJpaRepository.class], URL [jar:file:/C:/Users/Adi/.m2/repository/org/springframework/data/spring-data-jpa/1.9.4.RELEASE/spring-data-jpa-1.9.4.RELEASE.jar!/org/springframework/data/jpa/repository/support/Querydsl.class], URL [jar:file:/C:/Users/Adi/.m2/repository/org/springframework/data/spring-data-jpa/1.9.4.RELEASE/spring-data-jpa-1.9.4.RELEASE.jar!/org/springframework/data/jpa/repository/support/CrudMethodMetadata.class], URL [jar:file:/C:/Users/Adi/.m2/repository/org/springframework/data/spring-data-jpa/1.9.4.RELEASE/spring-data-jpa-1.9.4.RELEASE.jar!/org/springframework/data/jpa/repository/support/CrudMethodMetadataPostProcessor$CrudMethodMetadataPopulatingMethodInterceptor.class], URL [jar:file:/C:/Users/Adi/.m2/repository/org/springframework/data/spring-data-jpa/1.9.4.RELEASE/spring-data-jpa-1.9.4.RELEASE.jar!/org/springframework/data/jpa/repository/support/EntityManagerBeanDefinitionRegistrarPostProcessor.class], URL [jar:file:/C:/Users/Adi/.m2/repository/org/springframework/data/spring-data-jpa/1.9.4.RELEASE/spring-data-jpa-1.9.4.RELEASE.jar!/org/springframework/data/jpa/repository/support/JpaMetamodelEntityInformation$IdentifierDerivingDirectFieldAccessFallbackBeanWrapper.class], URL [jar:file:/C:/Users/Adi/.m2/repository/org/springframework/data/spring-data-jpa/1.9.4.RELEASE/spring-data-jpa-1.9.4.RELEASE.jar!/org/springframework/data/jpa/repository/support/QueryDslJpaRepository.class], URL [jar:file:/C:/Users/Adi/.m2/repository/org/springframework/data/spring-data-jpa/1.9.4.RELEASE/spring-data-jpa-1.9.4.RELEASE.jar!/org/springframework/data/jpa/repository/support/JpaRepositoryFactoryBean.class], URL [jar:file:/C:/Users/Adi/.m2/repository/org/springframework/data/spring-data-jpa/1.9.4.RELEASE/spring-data-jpa-1.9.4.RELEASE.jar!/org/springframework/data/jpa/repository/support/DefaultJpaContext.class], URL [jar:file:/C:/Users/Adi/.m2/repository/org/springframework/data/spring-data-jpa/1.9.4.RELEASE/spring-data-jpa-1.9.4.RELEASE.jar!/org/springframework/data/jpa/repository/support/SimpleJpaRepository$ByIdsSpecification.class], URL [jar:file:/C:/Users/Adi/.m2/repository/org/springframework/data/spring-data-jpa/1.9.4.RELEASE/spring-data-jpa-1.9.4.RELEASE.jar!/org/springframework/data/jpa/repository/Temporal.class], URL [jar:file:/C:/Users/Adi/.m2/repository/org/springframework/data/spring-data-jpa/1.9.4.RELEASE/spring-data-jpa-1.9.4.RELEASE.jar!/org/springframework/data/jpa/domain/JpaSort.class], URL [jar:file:/C:/Users/Adi/.m2/repository/org/springframework/data/spring-data-jpa/1.9.4.RELEASE/spring-data-jpa-1.9.4.RELEASE.jar!/org/springframework/data/jpa/domain/Specification.class], URL [jar:file:/C:/Users/Adi/.m2/repository/org/springframework/data/spring-data-jpa/1.9.4.RELEASE/spring-data-jpa-1.9.4.RELEASE.jar!/org/springframework/data/jpa/domain/JpaSort$1.class], URL [jar:file:/C:/Users/Adi/.m2/repository/org/springframework/data/spring-data-jpa/1.9.4.RELEASE/spring-data-jpa-1.9.4.RELEASE.jar!/org/springframework/data/jpa/domain/Specifications$CompositionType$2.class], URL [jar:file:/C:/Users/Adi/.m2/repository/org/springframework/data/spring-data-jpa/1.9.4.RELEASE/spring-data-jpa-1.9.4.RELEASE.jar!/org/springframework/data/jpa/domain/QAbstractAuditable.class], URL [jar:file:/C:/Users/Adi/.m2/repository/org/springframework/data/spring-data-jpa/1.9.4.RELEASE/spring-data-jpa-1.9.4.RELEASE.jar!/org/springframework/data/jpa/domain/AbstractAuditable.class], URL [jar:file:/C:/Users/Adi/.m2/repository/org/springframework/data/spring-data-jpa/1.9.4.RELEASE/spring-data-jpa-1.9.4.RELEASE.jar!/org/springframework/data/jpa/domain/QAbstractPersistable.class], URL [jar:file:/C:/Users/Adi/.m2/repository/org/springframework/data/spring-data-jpa/1.9.4.RELEASE/spring-data-jpa-1.9.4.RELEASE.jar!/org/springframework/data/jpa/domain/Specifications$CompositionType$1.class], URL [jar:file:/C:/Users/Adi/.m2/repository/org/springframework/data/spring-data-jpa/1.9.4.RELEASE/spring-data-jpa-1.9.4.RELEASE.jar!/org/springframework/data/jpa/domain/Specifications$CompositionType.class], URL [jar:file:/C:/Users/Adi/.m2/repository/org/springframework/data/spring-data-jpa/1.9.4.RELEASE/spring-data-jpa-1.9.4.RELEASE.jar!/org/springframework/data/jpa/domain/Specifications.class], URL [jar:file:/C:/Users/Adi/.m2/repository/org/springframework/data/spring-data-jpa/1.9.4.RELEASE/spring-data-jpa-1.9.4.RELEASE.jar!/org/springframework/data/jpa/domain/Specifications$ComposedSpecification.class], URL [jar:file:/C:/Users/Adi/.m2/repository/org/springframework/data/spring-data-jpa/1.9.4.RELEASE/spring-data-jpa-1.9.4.RELEASE.jar!/org/springframework/data/jpa/domain/AbstractAuditable_.class], URL [jar:file:/C:/Users/Adi/.m2/repository/org/springframework/data/spring-data-jpa/1.9.4.RELEASE/spring-data-jpa-1.9.4.RELEASE.jar!/org/springframework/data/jpa/domain/support/AuditingBeanFactoryPostProcessor.class], URL [jar:file:/C:/Users/Adi/.m2/repository/org/springframework/data/spring-data-jpa/1.9.4.RELEASE/spring-data-jpa-1.9.4.RELEASE.jar!/org/springframework/data/jpa/domain/support/AuditingEntityListener.class], URL [jar:file:/C:/Users/Adi/.m2/repository/org/springframework/data/spring-data-jpa/1.9.4.RELEASE/spring-data-jpa-1.9.4.RELEASE.jar!/org/springframework/data/jpa/domain/Specifications$1.class], URL [jar:file:/C:/Users/Adi/.m2/repository/org/springframework/data/spring-data-jpa/1.9.4.RELEASE/spring-data-jpa-1.9.4.RELEASE.jar!/org/springframework/data/jpa/domain/JpaSort$Path.class], URL [jar:file:/C:/Users/Adi/.m2/repository/org/springframework/data/spring-data-jpa/1.9.4.RELEASE/spring-data-jpa-1.9.4.RELEASE.jar!/org/springframework/data/jpa/domain/AbstractPersistable.class], URL [jar:file:/C:/Users/Adi/.m2/repository/org/springframework/data/spring-data-jpa/1.9.4.RELEASE/spring-data-jpa-1.9.4.RELEASE.jar!/org/springframework/data/jpa/domain/Specifications$NegatedSpecification.class], URL [jar:file:/C:/Users/Adi/.m2/repository/org/springframework/data/spring-data-jpa/1.9.4.RELEASE/spring-data-jpa-1.9.4.RELEASE.jar!/org/springframework/data/jpa/domain/AbstractPersistable_.class], URL [jar:file:/C:/Users/Adi/.m2/repository/org/springframework/data/spring-data-jpa/1.9.4.RELEASE/spring-data-jpa-1.9.4.RELEASE.jar!/org/springframework/data/jpa/provider/PersistenceProvider$4.class], URL [jar:file:/C:/Users/Adi/.m2/repository/org/springframework/data/spring-data-jpa/1.9.4.RELEASE/spring-data-jpa-1.9.4.RELEASE.jar!/org/springframework/data/jpa/provider/PersistenceProvider$EclipseLinkScrollableResultsIterator.class], URL [jar:file:/C:/Users/Adi/.m2/repository/org/springframework/data/spring-data-jpa/1.9.4.RELEASE/spring-data-jpa-1.9.4.RELEASE.jar!/org/springframework/data/jpa/provider/PersistenceProvider$3.class], URL [jar:file:/C:/Users/Adi/.m2/repository/org/springframework/data/spring-data-jpa/1.9.4.RELEASE/spring-data-jpa-1.9.4.RELEASE.jar!/org/springframework/data/jpa/provider/QueryExtractor.class], URL [jar:file:/C:/Users/Adi/.m2/repository/org/springframework/data/spring-data-jpa/1.9.4.RELEASE/spring-data-jpa-1.9.4.RELEASE.jar!/org/springframework/data/jpa/provider/PersistenceProvider.class], URL [jar:file:/C:/Users/Adi/.m2/repository/org/springframework/data/spring-data-jpa/1.9.4.RELEASE/spring-data-jpa-1.9.4.RELEASE.jar!/org/springframework/data/jpa/provider/PersistenceProvider$1.class], URL [jar:file:/C:/Users/Adi/.m2/repository/org/springframework/data/spring-data-jpa/1.9.4.RELEASE/spring-data-jpa-1.9.4.RELEASE.jar!/org/springframework/data/jpa/provider/PersistenceProvider$2.class], URL [jar:file:/C:/Users/Adi/.m2/repository/org/springframework/data/spring-data-jpa/1.9.4.RELEASE/spring-data-jpa-1.9.4.RELEASE.jar!/org/springframework/data/jpa/provider/JpaClassUtils.class], URL [jar:file:/C:/Users/Adi/.m2/repository/org/springframework/data/spring-data-jpa/1.9.4.RELEASE/spring-data-jpa-1.9.4.RELEASE.jar!/org/springframework/data/jpa/provider/PersistenceProvider$HibernateScrollableResultsIterator.class], URL [jar:file:/C:/Users/Adi/.m2/repository/org/springframework/data/spring-data-jpa/1.9.4.RELEASE/spring-data-jpa-1.9.4.RELEASE.jar!/org/springframework/data/jpa/provider/PersistenceProvider$OpenJpaResultStreamingIterator.class], URL [jar:file:/C:/Users/Adi/.m2/repository/org/springframework/data/spring-data-jpa/1.9.4.RELEASE/spring-data-jpa-1.9.4.RELEASE.jar!/org/springframework/data/jpa/provider/PersistenceProvider$Constants.class], URL [jar:file:/C:/Users/Adi/.m2/repository/org/springframework/data/spring-data-jpa/1.9.4.RELEASE/spring-data-jpa-1.9.4.RELEASE.jar!/org/springframework/data/jpa/provider/ProxyIdAccessor.class], URL [jar:file:/C:/Users/Adi/.m2/repository/org/springframework/data/spring-data-jpa/1.9.4.RELEASE/spring-data-jpa-1.9.4.RELEASE.jar!/org/springframework/data/jpa/support/ClasspathScanningPersistenceUnitPostProcessor.class], URL [jar:file:/C:/Users/Adi/.m2/repository/org/springframework/data/spring-data-jpa/1.9.4.RELEASE/spring-data-jpa-1.9.4.RELEASE.jar!/org/springframework/data/jpa/support/MergingPersistenceUnitManager.class], URL [jar:file:/C:/Users/Adi/.m2/repository/org/springframework/data/spring-data-commons/1.11.4.RELEASE/spring-data-commons-1.11.4.RELEASE.jar!/org/springframework/data/history/AnnotationRevisionMetadata.class], URL [jar:file:/C:/Users/Adi/.m2/repository/org/springframework/data/spring-data-commons/1.11.4.RELEASE/spring-data-commons-1.11.4.RELEASE.jar!/org/springframework/data/history/Revisions.class], URL [jar:file:/C:/Users/Adi/.m2/repository/org/springframework/data/spring-data-commons/1.11.4.RELEASE/spring-data-commons-1.11.4.RELEASE.jar!/org/springframework/data/history/RevisionMetadata.class], URL [jar:file:/C:/Users/Adi/.m2/repository/org/springframework/data/spring-data-commons/1.11.4.RELEASE/spring-data-commons-1.11.4.RELEASE.jar!/org/springframework/data/history/Revision.class], URL [jar:file:/C:/Users/Adi/.m2/repository/org/springframework/data/spring-data-commons/1.11.4.RELEASE/spring-data-commons-1.11.4.RELEASE.jar!/org/springframework/data/mapping/model/SimpleTypeHolder.class], URL [jar:file:/C:/Users/Adi/.m2/repository/org/springframework/data/spring-data-commons/1.11.4.RELEASE/spring-data-commons-1.11.4.RELEASE.jar!/org/springframework/data/mapping/model/SpELExpressionEvaluator.class], URL [jar:file:/C:/Users/Adi/.m2/repository/org/springframework/data/spring-data-commons/1.11.4.RELEASE/spring-data-commons-1.11.4.RELEASE.jar!/org/springframework/data/mapping/model/CamelCaseAbbreviatingFieldNamingStrategy.class], URL [jar:file:/C:/Users/Adi/.m2/repository/org/springframework/data/spring-data-commons/1.11.4.RELEASE/spring-data-commons-1.11.4.RELEASE.jar!/org/springframework/data/mapping/model/MutablePersistentEntity.class], URL [jar:file:/C:/Users/Adi/.m2/repository/org/springframework/data/spring-data-commons/1.11.4.RELEASE/spring-data-commons-1.11.4.RELEASE.jar!/org/springframework/data/mapping/model/AnnotationBasedPersistentProperty.class], URL [jar:file:/C:/Users/Adi/.m2/repository/org/springframework/data/spring-data-commons/1.11.4.RELEASE/spring-data-commons-1.11.4.RELEASE.jar!/org/springframework/data/mapping/model/MappingInstantiationException.class], URL [jar:file:/C:/Users/Adi/.m2/repository/org/springframework/data/spring-data-commons/1.11.4.RELEASE/spring-data-commons-1.11.4.RELEASE.jar!/org/springframework/data/mapping/model/DefaultSpELExpressionEvaluator.class], URL [jar:file:/C:/Users/Adi/.m2/repository/org/springframework/data/spring-data-commons/1.11.4.RELEASE/spring-data-commons-1.11.4.RELEASE.jar!/org/springframework/data/mapping/model/BeanWrapper.class], URL [jar:file:/C:/Users/Adi/.m2/repository/org/springframework/data/spring-data-commons/1.11.4.RELEASE/spring-data-commons-1.11.4.RELEASE.jar!/org/springframework/data/mapping/model/PropertyNameFieldNamingStrategy.class], URL [jar:file:/C:/Users/Adi/.m2/repository/org/springframework/data/spring-data-commons/1.11.4.RELEASE/spring-data-commons-1.11.4.RELEASE.jar!/org/springframework/data/mapping/model/PersistentEntityParameterValueProvider.class], URL [jar:file:/C:/Users/Adi/.m2/repository/org/springframework/data/spring-data-commons/1.11.4.RELEASE/spring-data-commons-1.11.4.RELEASE.jar!/org/springframework/data/mapping/model/PropertyValueProvider.class], URL [jar:file:/C:/Users/Adi/.m2/repository/org/springframework/data/spring-data-commons/1.11.4.RELEASE/spring-data-commons-1.11.4.RELEASE.jar!/org/springframework/data/mapping/model/BasicPersistentEntity.class], URL [jar:file:/C:/Users/Adi/.m2/repository/org/springframework/data/spring-data-commons/1.11.4.RELEASE/spring-data-commons-1.11.4.RELEASE.jar!/org/springframework/data/mapping/model/ConvertingPropertyAccessor.class], URL [jar:file:/C:/Users/Adi/.m2/repository/org/springframework/data/spring-data-commons/1.11.4.RELEASE/spring-data-commons-1.11.4.RELEASE.jar!/org/springframework/data/mapping/model/BasicPersistentEntity$AssociationComparator.class], URL [jar:file:/C:/Users/Adi/.m2/repository/org/springframework/data/spring-data-commons/1.11.4.RELEASE/spring-data-commons-1.11.4.RELEASE.jar!/org/springframework/data/mapping/model/AbstractPersistentProperty.class], URL [jar:file:/C:/Users/Adi/.m2/repository/org/springframework/data/spring-data-commons/1.11.4.RELEASE/spring-data-commons-1.11.4.RELEASE.jar!/org/springframework/data/mapping/model/SpELExpressionParameterValueProvider.class], URL [jar:file:/C:/Users/Adi/.m2/repository/org/springframework/data/spring-data-commons/1.11.4.RELEASE/spring-data-commons-1.11.4.RELEASE.jar!/org/springframework/data/mapping/model/BasicPersistentEntity$NullReturningIdentifierAccessor.class], URL [jar:file:/C:/Users/Adi/.m2/repository/org/springframework/data/spring-data-commons/1.11.4.RELEASE/spring-data-commons-1.11.4.RELEASE.jar!/org/springframework/data/mapping/model/IllegalMappingException.class], URL [jar:file:/C:/Users/Adi/.m2/repository/org/springframework/data/spring-data-commons/1.11.4.RELEASE/spring-data-commons-1.11.4.RELEASE.jar!/org/springframework/data/mapping/model/SnakeCaseFieldNamingStrategy.class], URL [jar:file:/C:/Users/Adi/.m2/repository/org/springframework/data/spring-data-commons/1.11.4.RELEASE/spring-data-commons-1.11.4.RELEASE.jar!/org/springframework/data/mapping/model/PreferredConstructorDiscoverer.class], URL [jar:file:/C:/Users/Adi/.m2/repository/org/springframework/data/spring-data-commons/1.11.4.RELEASE/spring-data-commons-1.11.4.RELEASE.jar!/org/springframework/data/mapping/model/CamelCaseSplittingFieldNamingStrategy.class], URL [jar:file:/C:/Users/Adi/.m2/repository/org/springframework/data/spring-data-commons/1.11.4.RELEASE/spring-data-commons-1.11.4.RELEASE.jar!/org/springframework/data/mapping/model/IdPropertyIdentifierAccessor.class], URL [jar:file:/C:/Users/Adi/.m2/repository/org/springframework/data/spring-data-commons/1.11.4.RELEASE/spring-data-commons-1.11.4.RELEASE.jar!/org/springframework/data/mapping/model/SpELContext.class], URL [jar:file:/C:/Users/Adi/.m2/repository/org/springframework/data/spring-data-commons/1.11.4.RELEASE/spring-data-commons-1.11.4.RELEASE.jar!/org/springframework/data/mapping/model/MappingException.class], URL [jar:file:/C:/Users/Adi/.m2/repository/org/springframework/data/spring-data-commons/1.11.4.RELEASE/spring-data-commons-1.11.4.RELEASE.jar!/org/springframework/data/mapping/model/ParameterValueProvider.class], URL [jar:file:/C:/Users/Adi/.m2/repository/org/springframework/data/spring-data-commons/1.11.4.RELEASE/spring-data-commons-1.11.4.RELEASE.jar!/org/springframework/data/mapping/model/FieldNamingStrategy.class], URL [jar:file:/C:/Users/Adi/.m2/repository/org/springframework/data/spring-data-commons/1.11.4.RELEASE/spring-data-commons-1.11.4.RELEASE.jar!/org/springframework/data/mapping/PropertyPath$1.class], URL [jar:file:/C:/Users/Adi/.m2/repository/org/springframework/data/spring-data-commons/1.11.4.RELEASE/spring-data-commons-1.11.4.RELEASE.jar!/org/springframework/data/mapping/context/AbstractMappingContext$PersistentPropertyFilter.class], URL [jar:file:/C:/Users/Adi/.m2/repository/org/springframework/data/spring-data-commons/1.11.4.RELEASE/spring-data-commons-1.11.4.RELEASE.jar!/org/springframework/data/mapping/context/MappingContextEvent.class], URL [jar:file:/C:/Users/Adi/.m2/repository/org/springframework/data/spring-data-commons/1.11.4.RELEASE/spring-data-commons-1.11.4.RELEASE.jar!/org/springframework/data/mapping/context/PersistentPropertyPath.class], URL [jar:file:/C:/Users/Adi/.m2/repository/org/springframework/data/spring-data-commons/1.11.4.RELEASE/spring-data-commons-1.11.4.RELEASE.jar!/org/springframework/data/mapping/context/MappingContextIsNewStrategyFactory.class], URL [jar:file:/C:/Users/Adi/.m2/repository/org/springframework/data/spring-data-commons/1.11.4.RELEASE/spring-data-commons-1.11.4.RELEASE.jar!/org/springframework/data/mapping/context/MappingContextIsNewStrategyFactory$PropertyIsNullOrZeroNumberIsNewStrategy.class], URL [jar:file:/C:/Users/Adi/.m2/repository/org/springframework/data/spring-data-commons/1.11.4.RELEASE/spring-data-commons-1.11.4.RELEASE.jar!/org/springframework/data/mapping/context/MappingContextIsNewStrategyFactory$PropertyIsNullIsNewStrategy.class], URL [jar:file:/C:/Users/Adi/.m2/repository/org/springframework/data/spring-data-commons/1.11.4.RELEASE/spring-data-commons-1.11.4.RELEASE.jar!/org/springframework/data/mapping/context/DefaultPersistentPropertyPath$PropertyNameConverter.class], URL [jar:file:/C:/Users/Adi/.m2/repository/org/springframework/data/spring-data-commons/1.11.4.RELEASE/spring-data-commons-1.11.4.RELEASE.jar!/org/springframework/data/mapping/context/AbstractMappingContext$PersistentPropertyCreator.class], URL [jar:file:/C:/Users/Adi/.m2/repository/org/springframework/data/spring-data-commons/1.11.4.RELEASE/spring-data-commons-1.11.4.RELEASE.jar!/org/springframework/data/mapping/context/AbstractMappingContext.class], URL [jar:file:/C:/Users/Adi/.m2/repository/org/springframework/data/spring-data-commons/1.11.4.RELEASE/spring-data-commons-1.11.4.RELEASE.jar!/org/springframework/data/mapping/context/InvalidPersistentPropertyPath.class], URL [jar:file:/C:/Users/Adi/.m2/repository/org/springframework/data/spring-data-commons/1.11.4.RELEASE/spring-data-commons-1.11.4.RELEASE.jar!/org/springframework/data/mapping/context/AbstractMappingContext$1.class], URL [jar:file:/C:/Users/Adi/.m2/repository/org/springframework/data/spring-data-commons/1.11.4.RELEASE/spring-data-commons-1.11.4.RELEASE.jar!/org/springframework/data/mapping/context/MappingContextIsNewStrategyFactory$PersistentPropertyInspectingIsNewStrategy.class], URL [jar:file:/C:/Users/Adi/.m2/repository/org/springframework/data/spring-data-commons/1.11.4.RELEASE/spring-data-commons-1.11.4.RELEASE.jar!/org/springframework/data/mapping/context/MappingContext.class], URL [jar:file:/C:/Users/Adi/.m2/repository/org/springframework/data/spring-data-commons/1.11.4.RELEASE/spring-data-commons-1.11.4.RELEASE.jar!/org/springframework/data/mapping/context/AbstractMappingContext$PersistentPropertyFilter$PropertyMatch.class], URL [jar:file:/C:/Users/Adi/.m2/repository/org/springframework/data/spring-data-commons/1.11.4.RELEASE/spring-data-commons-1.11.4.RELEASE.jar!/org/springframework/data/mapping/context/DefaultPersistentPropertyPath.class], URL [jar:file:/C:/Users/Adi/.m2/repository/org/springframework/data/spring-data-commons/1.11.4.RELEASE/spring-data-commons-1.11.4.RELEASE.jar!/org/springframework/data/mapping/context/PersistentEntities.class], URL [jar:file:/C:/Users/Adi/.m2/repository/org/springframework/data/spring-data-commons/1.11.4.RELEASE/spring-data-commons-1.11.4.RELEASE.jar!/org/springframework/data/mapping/PersistentProperty.class], URL [jar:file:/C:/Users/Adi/.m2/repository/org/springframework/data/spring-data-commons/1.11.4.RELEASE/spring-data-commons-1.11.4.RELEASE.jar!/org/springframework/data/mapping/PreferredConstructor.class], URL [jar:file:/C:/Users/Adi/.m2/repository/org/springframework/data/spring-data-commons/1.11.4.RELEASE/spring-data-commons-1.11.4.RELEASE.jar!/org/springframework/data/mapping/Association.class], URL [jar:file:/C:/Users/Adi/.m2/repository/org/springframework/data/spring-data-commons/1.11.4.RELEASE/spring-data-commons-1.11.4.RELEASE.jar!/org/springframework/data/mapping/SimplePropertyHandler.class], URL [jar:file:/C:/Users/Adi/.m2/repository/org/springframework/data/spring-data-commons/1.11.4.RELEASE/spring-data-commons-1.11.4.RELEASE.jar!/org/springframework/data/mapping/IdentifierAccessor.class], URL [jar:file:/C:/Users/Adi/.m2/repository/org/springframework/data/spring-data-commons/1.11.4.RELEASE/spring-data-commons-1.11.4.RELEASE.jar!/org/springframework/data/mapping/PersistentPropertyAccessor.class], URL [jar:file:/C:/Users/Adi/.m2/repository/org/springframework/data/spring-data-commons/1.11.4.RELEASE/spring-data-commons-1.11.4.RELEASE.jar!/org/springframework/data/mapping/PropertyPath.class], URL [jar:file:/C:/Users/Adi/.m2/repository/org/springframework/data/spring-data-commons/1.11.4.RELEASE/spring-data-commons-1.11.4.RELEASE.jar!/org/springframework/data/mapping/PropertyHandler.class], URL [jar:file:/C:/Users/Adi/.m2/repository/org/springframework/data/spring-data-commons/1.11.4.RELEASE/spring-data-commons-1.11.4.RELEASE.jar!/org/springframework/data/mapping/PropertyReferenceException.class], URL [jar:file:/C:/Users/Adi/.m2/repository/org/springframework/data/spring-data-commons/1.11.4.RELEASE/spring-data-commons-1.11.4.RELEASE.jar!/org/springframework/data/mapping/AssociationHandler.class], URL [jar:file:/C:/Users/Adi/.m2/repository/org/springframework/data/spring-data-commons/1.11.4.RELEASE/spring-data-commons-1.11.4.RELEASE.jar!/org/springframework/data/mapping/PersistentEntity.class], URL [jar:file:/C:/Users/Adi/.m2/repository/org/springframework/data/spring-data-commons/1.11.4.RELEASE/spring-data-commons-1.11.4.RELEASE.jar!/org/springframework/data/mapping/PreferredConstructor$Parameter.class], URL [jar:file:/C:/Users/Adi/.m2/repository/org/springframework/data/spring-data-commons/1.11.4.RELEASE/spring-data-commons-1.11.4.RELEASE.jar!/org/springframework/data/mapping/SimpleAssociationHandler.class], URL [jar:file:/C:/Users/Adi/.m2/repository/org/springframework/data/spring-data-commons/1.11.4.RELEASE/spring-data-commons-1.11.4.RELEASE.jar!/org/springframework/data/geo/GeoModule$DistanceMixin.class], URL [jar:file:/C:/Users/Adi/.m2/repository/org/springframework/data/spring-data-commons/1.11.4.RELEASE/spring-data-commons-1.11.4.RELEASE.jar!/org/springframework/data/geo/GeoPage.class], URL [jar:file:/C:/Users/Adi/.m2/repository/org/springframework/data/spring-data-commons/1.11.4.RELEASE/spring-data-commons-1.11.4.RELEASE.jar!/org/springframework/data/geo/CustomMetric.class], URL [jar:file:/C:/Users/Adi/.m2/repository/org/springframework/data/spring-data-commons/1.11.4.RELEASE/spring-data-commons-1.11.4.RELEASE.jar!/org/springframework/data/geo/GeoModule.class], URL [jar:file:/C:/Users/Adi/.m2/repository/org/springframework/data/spring-data-commons/1.11.4.RELEASE/spring-data-commons-1.11.4.RELEASE.jar!/org/springframework/data/geo/GeoModule$PointMixin.class], URL [jar:file:/C:/Users/Adi/.m2/repository/org/springframework/data/spring-data-commons/1.11.4.RELEASE/spring-data-commons-1.11.4.RELEASE.jar!/org/springframework/data/geo/GeoResults.class], URL [jar:file:/C:/Users/Adi/.m2/repository/org/springframework/data/spring-data-commons/1.11.4.RELEASE/spring-data-commons-1.11.4.RELEASE.jar!/org/springframework/data/geo/Distance.class], URL [jar:file:/C:/Users/Adi/.m2/repository/org/springframework/data/spring-data-commons/1.11.4.RELEASE/spring-data-commons-1.11.4.RELEASE.jar!/org/springframework/data/geo/GeoModule$CircleMixin.class], URL [jar:file:/C:/Users/Adi/.m2/repository/org/springframework/data/spring-data-commons/1.11.4.RELEASE/spring-data-commons-1.11.4.RELEASE.jar!/org/springframework/data/geo/Circle.class], URL [jar:file:/C:/Users/Adi/.m2/repository/org/springframework/data/spring-data-commons/1.11.4.RELEASE/spring-data-commons-1.11.4.RELEASE.jar!/org/springframework/data/geo/GeoModule$PolygonMixin.class], URL [jar:file:/C:/Users/Adi/.m2/repository/org/springframework/data/spring-data-commons/1.11.4.RELEASE/spring-data-commons-1.11.4.RELEASE.jar!/org/springframework/data/geo/Polygon.class], URL [jar:file:/C:/Users/Adi/.m2/repository/org/springframework/data/spring-data-commons/1.11.4.RELEASE/spring-data-commons-1.11.4.RELEASE.jar!/org/springframework/data/geo/Metrics.class], URL [jar:file:/C:/Users/Adi/.m2/repository/org/springframework/data/spring-data-commons/1.11.4.RELEASE/spring-data-commons-1.11.4.RELEASE.jar!/org/springframework/data/geo/Point.class], URL [jar:file:/C:/Users/Adi/.m2/repository/org/springframework/data/spring-data-commons/1.11.4.RELEASE/spring-data-commons-1.11.4.RELEASE.jar!/org/springframework/data/geo/Box.class], URL [jar:file:/C:/Users/Adi/.m2/repository/org/springframework/data/spring-data-commons/1.11.4.RELEASE/spring-data-commons-1.11.4.RELEASE.jar!/org/springframework/data/geo/format/PointFormatter.class], URL [jar:file:/C:/Users/Adi/.m2/repository/org/springframework/data/spring-data-commons/1.11.4.RELEASE/spring-data-commons-1.11.4.RELEASE.jar!/org/springframework/data/geo/format/DistanceFormatter.class], URL [jar:file:/C:/Users/Adi/.m2/repository/org/springframework/data/spring-data-commons/1.11.4.RELEASE/spring-data-commons-1.11.4.RELEASE.jar!/org/springframework/data/geo/Metric.class], URL [jar:file:/C:/Users/Adi/.m2/repository/org/springframework/data/spring-data-commons/1.11.4.RELEASE/spring-data-commons-1.11.4.RELEASE.jar!/org/springframework/data/geo/GeoResult.class], URL [jar:file:/C:/Users/Adi/.m2/repository/org/springframework/data/spring-data-commons/1.11.4.RELEASE/spring-data-commons-1.11.4.RELEASE.jar!/org/springframework/data/geo/GeoModule$BoxMixin.class], URL [jar:file:/C:/Users/Adi/.m2/repository/org/springframework/data/spring-data-commons/1.11.4.RELEASE/spring-data-commons-1.11.4.RELEASE.jar!/org/springframework/data/geo/Shape.class], URL [jar:file:/C:/Users/Adi/.m2/repository/org/springframework/data/spring-data-commons/1.11.4.RELEASE/spring-data-commons-1.11.4.RELEASE.jar!/org/springframework/data/web/MapDataBinder$MapPropertyAccessor$PropertyTraversingMapAccessor.class], URL [jar:file:/C:/Users/Adi/.m2/repository/org/springframework/data/spring-data-commons/1.11.4.RELEASE/spring-data-commons-1.11.4.RELEASE.jar!/org/springframework/data/web/PageableDefault.class], URL [jar:file:/C:/Users/Adi/.m2/repository/org/springframework/data/spring-data-commons/1.11.4.RELEASE/spring-data-commons-1.11.4.RELEASE.jar!/org/springframework/data/web/MapDataBinder.class], URL [jar:file:/C:/Users/Adi/.m2/repository/org/springframework/data/spring-data-commons/1.11.4.RELEASE/spring-data-commons-1.11.4.RELEASE.jar!/org/springframework/data/web/PageableHandlerMethodArgumentResolver.class], URL [jar:file:/C:/Users/Adi/.m2/repository/org/springframework/data/spring-data-commons/1.11.4.RELEASE/spring-data-commons-1.11.4.RELEASE.jar!/org/springframework/data/web/SpringDataAnnotationUtils.class], URL [jar:file:/C:/Users/Adi/.m2/repository/org/springframework/data/spring-data-commons/1.11.4.RELEASE/spring-data-commons-1.11.4.RELEASE.jar!/org/springframework/data/web/ProxyingHandlerMethodArgumentResolver.class], URL [jar:file:/C:/Users/Adi/.m2/repository/org/springframework/data/spring-data-commons/1.11.4.RELEASE/spring-data-commons-1.11.4.RELEASE.jar!/org/springframework/data/web/querydsl/QuerydslPredicateArgumentResolver.class], URL [jar:file:/C:/Users/Adi/.m2/repository/org/springframework/data/spring-data-commons/1.11.4.RELEASE/spring-data-commons-1.11.4.RELEASE.jar!/org/springframework/data/web/PagedResourcesAssemblerArgumentResolver.class], URL [jar:file:/C:/Users/Adi/.m2/repository/org/springframework/data/spring-data-commons/1.11.4.RELEASE/spring-data-commons-1.11.4.RELEASE.jar!/org/springframework/data/web/SortHandlerMethodArgumentResolver.class], URL [jar:file:/C:/Users/Adi/.m2/repository/org/springframework/data/spring-data-commons/1.11.4.RELEASE/spring-data-commons-1.11.4.RELEASE.jar!/org/springframework/data/web/PagedResourcesAssembler$SimplePagedResourceAssembler.class], URL [jar:file:/C:/Users/Adi/.m2/repository/org/springframework/data/spring-data-commons/1.11.4.RELEASE/spring-data-commons-1.11.4.RELEASE.jar!/org/springframework/data/web/MapDataBinder$MapPropertyAccessor.class], URL [jar:file:/C:/Users/Adi/.m2/repository/org/springframework/data/spring-data-commons/1.11.4.RELEASE/spring-data-commons-1.11.4.RELEASE.jar!/org/springframework/data/web/SortDefault.class], URL [jar:file:/C:/Users/Adi/.m2/repository/org/springframework/data/spring-data-commons/1.11.4.RELEASE/spring-data-commons-1.11.4.RELEASE.jar!/org/springframework/data/web/HateoasPageableHandlerMethodArgumentResolver.class], URL [jar:file:/C:/Users/Adi/.m2/repository/org/springframework/data/spring-data-commons/1.11.4.RELEASE/spring-data-commons-1.11.4.RELEASE.jar!/org/springframework/data/web/HateoasSortHandlerMethodArgumentResolver.class], URL [jar:file:/C:/Users/Adi/.m2/repository/org/springframework/data/spring-data-commons/1.11.4.RELEASE/spring-data-commons-1.11.4.RELEASE.jar!/org/springframework/data/web/config/SpringDataWebConfiguration.class], URL [jar:file:/C:/Users/Adi/.m2/repository/org/springframework/data/spring-data-commons/1.11.4.RELEASE/spring-data-commons-1.11.4.RELEASE.jar!/org/springframework/data/web/config/EnableSpringDataWebSupport$SpringDataWebConfigurationImportSelector.class], URL [jar:file:/C:/Users/Adi/.m2/repository/org/springframework/data/spring-data-commons/1.11.4.RELEASE/spring-data-commons-1.11.4.RELEASE.jar!/org/springframework/data/web/config/SpringDataJacksonConfiguration.class], URL [jar:file:/C:/Users/Adi/.m2/repository/org/springframework/data/spring-data-commons/1.11.4.RELEASE/spring-data-commons-1.11.4.RELEASE.jar!/org/springframework/data/web/config/EnableSpringDataWebSupport$QuerydslActivator.class], URL [jar:file:/C:/Users/Adi/.m2/repository/org/springframework/data/spring-data-commons/1.11.4.RELEASE/spring-data-commons-1.11.4.RELEASE.jar!/org/springframework/data/web/config/EnableSpringDataWebSupport.class], URL [jar:file:/C:/Users/Adi/.m2/repository/org/springframework/data/spring-data-commons/1.11.4.RELEASE/spring-data-commons-1.11.4.RELEASE.jar!/org/springframework/data/web/config/HateoasAwareSpringDataWebConfiguration.class], URL [jar:file:/C:/Users/Adi/.m2/repository/org/springframework/data/spring-data-commons/1.11.4.RELEASE/spring-data-commons-1.11.4.RELEASE.jar!/org/springframework/data/web/config/QuerydslWebConfiguration.class], URL [jar:file:/C:/Users/Adi/.m2/repository/org/springframework/data/spring-data-commons/1.11.4.RELEASE/spring-data-commons-1.11.4.RELEASE.jar!/org/springframework/data/web/config/SpringDataWebConfigurationMixin.class], URL [jar:file:/C:/Users/Adi/.m2/repository/org/springframework/data/spring-data-commons/1.11.4.RELEASE/spring-data-commons-1.11.4.RELEASE.jar!/org/springframework/data/web/SortDefault$SortDefaults.class], URL [jar:file:/C:/Users/Adi/.m2/repository/org/springframework/data/spring-data-commons/1.11.4.RELEASE/spring-data-commons-1.11.4.RELEASE.jar!/org/springframework/data/web/PagedResourcesAssembler.class], URL [jar:file:/C:/Users/Adi/.m2/repository/org/springframework/data/spring-data-commons/1.11.4.RELEASE/spring-data-commons-1.11.4.RELEASE.jar!/org/springframework/data/web/SortHandlerMethodArgumentResolver$ExpressionBuilder.class], URL [jar:file:/C:/Users/Adi/.m2/repository/org/springframework/data/spring-data-commons/1.11.4.RELEASE/spring-data-commons-1.11.4.RELEASE.jar!/org/springframework/data/web/PagedResourcesAssembler$1.class], URL [jar:file:/C:/Users/Adi/.m2/repository/org/springframework/data/spring-data-commons/1.11.4.RELEASE/spring-data-commons-1.11.4.RELEASE.jar!/org/springframework/data/web/MethodParameterAwarePagedResourcesAssembler.class], URL [jar:file:/C:/Users/Adi/.m2/repository/org/springframework/data/spring-data-commons/1.11.4.RELEASE/spring-data-commons-1.11.4.RELEASE.jar!/org/springframework/data/util/ReflectionUtils$DescribedFieldFilter.class], URL [jar:file:/C:/Users/Adi/.m2/repository/org/springframework/data/spring-data-commons/1.11.4.RELEASE/spring-data-commons-1.11.4.RELEASE.jar!/org/springframework/data/util/TypeVariableTypeInformation.class], URL [jar:file:/C:/Users/Adi/.m2/repository/org/springframework/data/spring-data-commons/1.11.4.RELEASE/spring-data-commons-1.11.4.RELEASE.jar!/org/springframework/data/util/StreamUtils.class], URL [jar:file:/C:/Users/Adi/.m2/repository/org/springframework/data/spring-data-commons/1.11.4.RELEASE/spring-data-commons-1.11.4.RELEASE.jar!/org/springframework/data/util/TypeDiscoverer$SyntheticParamterizedType.class], URL [jar:file:/C:/Users/Adi/.m2/repository/org/springframework/data/spring-data-commons/1.11.4.RELEASE/spring-data-commons-1.11.4.RELEASE.jar!/org/springframework/data/util/AnnotatedTypeScanner.class], URL [jar:file:/C:/Users/Adi/.m2/repository/org/springframework/data/spring-data-commons/1.11.4.RELEASE/spring-data-commons-1.11.4.RELEASE.jar!/org/springframework/data/util/GenericArrayTypeInformation.class], URL [jar:file:/C:/Users/Adi/.m2/repository/org/springframework/data/spring-data-commons/1.11.4.RELEASE/spring-data-commons-1.11.4.RELEASE.jar!/org/springframework/data/util/ReflectionUtils$1.class], URL [jar:file:/C:/Users/Adi/.m2/repository/org/springframework/data/spring-data-commons/1.11.4.RELEASE/spring-data-commons-1.11.4.RELEASE.jar!/org/springframework/data/util/StreamUtils$CloseableIteratorDisposingRunnable.class], URL [jar:file:/C:/Users/Adi/.m2/repository/org/springframework/data/spring-data-commons/1.11.4.RELEASE/spring-data-commons-1.11.4.RELEASE.jar!/org/springframework/data/util/ParsingUtils.class], URL [jar:file:/C:/Users/Adi/.m2/repository/org/springframework/data/spring-data-commons/1.11.4.RELEASE/spring-data-commons-1.11.4.RELEASE.jar!/org/springframework/data/util/ParentTypeAwareTypeInformation.class], URL [jar:file:/C:/Users/Adi/.m2/repository/org/springframework/data/spring-data-commons/1.11.4.RELEASE/spring-data-commons-1.11.4.RELEASE.jar!/org/springframework/data/util/AnnotationDetectionMethodCallback.class], URL [jar:file:/C:/Users/Adi/.m2/repository/org/springframework/data/spring-data-commons/1.11.4.RELEASE/spring-data-commons-1.11.4.RELEASE.jar!/org/springframework/data/util/ParameterizedTypeInformation.class], URL [jar:file:/C:/Users/Adi/.m2/repository/org/springframework/data/spring-data-commons/1.11.4.RELEASE/spring-data-commons-1.11.4.RELEASE.jar!/org/springframework/data/util/CacheValue.class], URL [jar:file:/C:/Users/Adi/.m2/repository/org/springframework/data/spring-data-commons/1.11.4.RELEASE/spring-data-commons-1.11.4.RELEASE.jar!/org/springframework/data/util/TypeInformation.class], URL [jar:file:/C:/Users/Adi/.m2/repository/org/springframework/data/spring-data-commons/1.11.4.RELEASE/spring-data-commons-1.11.4.RELEASE.jar!/org/springframework/data/util/ClassTypeInformation.class], URL [jar:file:/C:/Users/Adi/.m2/repository/org/springframework/data/spring-data-commons/1.11.4.RELEASE/spring-data-commons-1.11.4.RELEASE.jar!/org/springframework/data/util/AnnotatedTypeScanner$InterfaceAwareScanner.class], URL [jar:file:/C:/Users/Adi/.m2/repository/org/springframework/data/spring-data-commons/1.11.4.RELEASE/spring-data-commons-1.11.4.RELEASE.jar!/org/springframework/data/util/DirectFieldAccessFallbackBeanWrapper.class], URL [jar:file:/C:/Users/Adi/.m2/repository/org/springframework/data/spring-data-commons/1.11.4.RELEASE/spring-data-commons-1.11.4.RELEASE.jar!/org/springframework/data/util/TypeDiscoverer.class], URL [jar:file:/C:/Users/Adi/.m2/repository/org/springframework/data/spring-data-commons/1.11.4.RELEASE/spring-data-commons-1.11.4.RELEASE.jar!/org/springframework/data/util/AnnotationDetectionFieldCallback.class], URL [jar:file:/C:/Users/Adi/.m2/repository/org/springframework/data/spring-data-commons/1.11.4.RELEASE/spring-data-commons-1.11.4.RELEASE.jar!/org/springframework/data/util/Version.class], URL [jar:file:/C:/Users/Adi/.m2/repository/org/springframework/data/spring-data-commons/1.11.4.RELEASE/spring-data-commons-1.11.4.RELEASE.jar!/org/springframework/data/util/ReflectionUtils$AnnotationFieldFilter.class], URL [jar:file:/C:/Users/Adi/.m2/repository/org/springframework/data/spring-data-commons/1.11.4.RELEASE/spring-data-commons-1.11.4.RELEASE.jar!/org/springframework/data/util/CloseableIterator.class], URL [jar:file:/C:/Users/Adi/.m2/repository/org/springframework/data/spring-data-commons/1.11.4.RELEASE/spring-data-commons-1.11.4.RELEASE.jar!/org/springframework/data/util/ReflectionUtils.class], URL [jar:file:/C:/Users/Adi/.m2/repository/org/springframework/data/spring-data-commons/1.11.4.RELEASE/spring-data-commons-1.11.4.RELEASE.jar!/org/springframework/data/convert/ConfigurableTypeInformationMapper.class], URL [jar:file:/C:/Users/Adi/.m2/repository/org/springframework/data/spring-data-commons/1.11.4.RELEASE/spring-data-commons-1.11.4.RELEASE.jar!/org/springframework/data/convert/ThreeTenBackPortConverters.class], URL [jar:file:/C:/Users/Adi/.m2/repository/org/springframework/data/spring-data-commons/1.11.4.RELEASE/spring-data-commons-1.11.4.RELEASE.jar!/org/springframework/data/convert/ClassGeneratingEntityInstantiator$ObjectInstantiatorClassGenerator$1.class], URL [jar:file:/C:/Users/Adi/.m2/repository/org/springframework/data/spring-data-commons/1.11.4.RELEASE/spring-data-commons-1.11.4.RELEASE.jar!/org/springframework/data/convert/WritingConverter.class], URL [jar:file:/C:/Users/Adi/.m2/repository/org/springframework/data/spring-data-commons/1.11.4.RELEASE/spring-data-commons-1.11.4.RELEASE.jar!/org/springframework/data/convert/Jsr310Converters$LocalDateTimeToDateConverter.class], URL [jar:file:/C:/Users/Adi/.m2/repository/org/springframework/data/spring-data-commons/1.11.4.RELEASE/spring-data-commons-1.11.4.RELEASE.jar!/org/springframework/data/convert/Jsr310Converters$InstantToDateConverter.class], URL [jar:file:/C:/Users/Adi/.m2/repository/org/springframework/data/spring-data-commons/1.11.4.RELEASE/spring-data-commons-1.11.4.RELEASE.jar!/org/springframework/data/convert/ReflectionEntityInstantiator.class], URL [jar:file:/C:/Users/Adi/.m2/repository/org/springframework/data/spring-data-commons/1.11.4.RELEASE/spring-data-commons-1.11.4.RELEASE.jar!/org/springframework/data/convert/TypeInformationMapper.class], URL [jar:file:/C:/Users/Adi/.m2/repository/org/springframework/data/spring-data-commons/1.11.4.RELEASE/spring-data-commons-1.11.4.RELEASE.jar!/org/springframework/data/convert/BytecodeGeneratingEntityInstantiator.class], URL [jar:file:/C:/Users/Adi/.m2/repository/org/springframework/data/spring-data-commons/1.11.4.RELEASE/spring-data-commons-1.11.4.RELEASE.jar!/org/springframework/data/convert/BytecodeGeneratingEntityInstantiator$ObjectInstantiator.class], URL [jar:file:/C:/Users/Adi/.m2/repository/org/springframework/data/spring-data-commons/1.11.4.RELEASE/spring-data-commons-1.11.4.RELEASE.jar!/org/springframework/data/convert/ThreeTenBackPortConverters$LocalTimeToDateConverter.class], URL [jar:file:/C:/Users/Adi/.m2/repository/org/springframework/data/spring-data-commons/1.11.4.RELEASE/spring-data-commons-1.11.4.RELEASE.jar!/org/springframework/data/convert/TypeAliasAccessor.class], URL [jar:file:/C:/Users/Adi/.m2/repository/org/springframework/data/spring-data-commons/1.11.4.RELEASE/spring-data-commons-1.11.4.RELEASE.jar!/org/springframework/data/convert/Jsr310Converters$LocalDateToDateConverter.class], URL [jar:file:/C:/Users/Adi/.m2/repository/org/springframework/data/spring-data-commons/1.11.4.RELEASE/spring-data-commons-1.11.4.RELEASE.jar!/org/springframework/data/convert/DefaultTypeMapper.class], URL [jar:file:/C:/Users/Adi/.m2/repository/org/springframework/data/spring-data-commons/1.11.4.RELEASE/spring-data-commons-1.11.4.RELEASE.jar!/org/springframework/data/convert/EntityReader.class], URL [jar:file:/C:/Users/Adi/.m2/repository/org/springframework/data/spring-data-commons/1.11.4.RELEASE/spring-data-commons-1.11.4.RELEASE.jar!/org/springframework/data/convert/MappingContextTypeInformationMapper.class], URL [jar:file:/C:/Users/Adi/.m2/repository/org/springframework/data/spring-data-commons/1.11.4.RELEASE/spring-data-commons-1.11.4.RELEASE.jar!/org/springframework/data/convert/JodaTimeConverters$LocalDateTimeToDateConverter.class], URL [jar:file:/C:/Users/Adi/.m2/repository/org/springframework/data/spring-data-commons/1.11.4.RELEASE/spring-data-commons-1.11.4.RELEASE.jar!/org/springframework/data/convert/TypeMapper.class], URL [jar:file:/C:/Users/Adi/.m2/repository/org/springframework/data/spring-data-commons/1.11.4.RELEASE/spring-data-commons-1.11.4.RELEASE.jar!/org/springframework/data/convert/ThreeTenBackPortConverters$DateToLocalDateConverter.class], URL [jar:file:/C:/Users/Adi/.m2/repository/org/springframework/data/spring-data-commons/1.11.4.RELEASE/spring-data-commons-1.11.4.RELEASE.jar!/org/springframework/data/convert/Jsr310Converters$DateToLocalDateConverter.class], URL [jar:file:/C:/Users/Adi/.m2/repository/org/springframework/data/spring-data-commons/1.11.4.RELEASE/spring-data-commons-1.11.4.RELEASE.jar!/org/springframework/data/convert/SimpleTypeInformationMapper.class], URL [jar:file:/C:/Users/Adi/.m2/repository/org/springframework/data/spring-data-commons/1.11.4.RELEASE/spring-data-commons-1.11.4.RELEASE.jar!/org/springframework/data/convert/JodaTimeConverters$DateToDateMidnightConverter.class], URL [jar:file:/C:/Users/Adi/.m2/repository/org/springframework/data/spring-data-commons/1.11.4.RELEASE/spring-data-commons-1.11.4.RELEASE.jar!/org/springframework/data/convert/JodaTimeConverters$DateToLocalDateTimeConverter.class], URL [jar:file:/C:/Users/Adi/.m2/repository/org/springframework/data/spring-data-commons/1.11.4.RELEASE/spring-data-commons-1.11.4.RELEASE.jar!/org/springframework/data/convert/ThreeTenBackPortConverters$DateToLocalDateTimeConverter.class], URL [jar:file:/C:/Users/Adi/.m2/repository/org/springframework/data/spring-data-commons/1.11.4.RELEASE/spring-data-commons-1.11.4.RELEASE.jar!/org/springframework/data/convert/JodaTimeConverters$DateToLocalDateConverter.class], URL [jar:file:/C:/Users/Adi/.m2/repository/org/springframework/data/spring-data-commons/1.11.4.RELEASE/spring-data-commons-1.11.4.RELEASE.jar!/org/springframework/data/convert/EntityConverter.class], URL [jar:file:/C:/Users/Adi/.m2/repository/org/springframework/data/spring-data-commons/1.11.4.RELEASE/spring-data-commons-1.11.4.RELEASE.jar!/org/springframework/data/convert/EntityInstantiators.class], URL [jar:file:/C:/Users/Adi/.m2/repository/org/springframework/data/spring-data-commons/1.11.4.RELEASE/spring-data-commons-1.11.4.RELEASE.jar!/org/springframework/data/convert/ClassGeneratingEntityInstantiator$EntityInstantiatorAdapter.class], URL [jar:file:/C:/Users/Adi/.m2/repository/org/springframework/data/spring-data-commons/1.11.4.RELEASE/spring-data-commons-1.11.4.RELEASE.jar!/org/springframework/data/convert/ThreeTenBackPortConverters$LocalDateTimeToDateConverter.class], URL [jar:file:/C:/Users/Adi/.m2/repository/org/springframework/data/spring-data-commons/1.11.4.RELEASE/spring-data-commons-1.11.4.RELEASE.jar!/org/springframework/data/convert/Jsr310Converters$DateToLocalDateTimeConverter.class], URL [jar:file:/C:/Users/Adi/.m2/repository/org/springframework/data/spring-data-commons/1.11.4.RELEASE/spring-data-commons-1.11.4.RELEASE.jar!/org/springframework/data/convert/JodaTimeConverters$DateMidnightToDateConverter.class], URL [jar:file:/C:/Users/Adi/.m2/repository/org/springframework/data/spring-data-commons/1.11.4.RELEASE/spring-data-commons-1.11.4.RELEASE.jar!/org/springframework/data/convert/ClassGeneratingEntityInstantiator$ObjectInstantiatorClassGenerator$ByteArrayClassLoader.class], URL [jar:file:/C:/Users/Adi/.m2/repository/org/springframework/data/spring-data-commons/1.11.4.RELEASE/spring-data-commons-1.11.4.RELEASE.jar!/org/springframework/data/convert/JodaTimeConverters$LocalDateToDateConverter.class], URL [jar:file:/C:/Users/Adi/.m2/repository/org/springframework/data/spring-data-commons/1.11.4.RELEASE/spring-data-commons-1.11.4.RELEASE.jar!/org/springframework/data/convert/Jsr310Converters$DateToInstantConverter.class], URL [jar:file:/C:/Users/Adi/.m2/repository/org/springframework/data/spring-data-commons/1.11.4.RELEASE/spring-data-commons-1.11.4.RELEASE.jar!/org/springframework/data/convert/ClassGeneratingEntityInstantiator$1.class], URL [jar:file:/C:/Users/Adi/.m2/repository/org/springframework/data/spring-data-commons/1.11.4.RELEASE/spring-data-commons-1.11.4.RELEASE.jar!/org/springframework/data/convert/ReadingConverter.class], URL [jar:file:/C:/Users/Adi/.m2/repository/org/springframework/data/spring-data-commons/1.11.4.RELEASE/spring-data-commons-1.11.4.RELEASE.jar!/org/springframework/data/convert/ClassGeneratingEntityInstantiator$ObjectInstantiatorClassGenerator.class], URL [jar:file:/C:/Users/Adi/.m2/repository/org/springframework/data/spring-data-commons/1.11.4.RELEASE/spring-data-commons-1.11.4.RELEASE.jar!/org/springframework/data/convert/ThreeTenBackPortConverters$LocalDateToDateConverter.class], URL [jar:file:/C:/Users/Adi/.m2/repository/org/springframework/data/spring-data-commons/1.11.4.RELEASE/spring-data-commons-1.11.4.RELEASE.jar!/org/springframework/data/convert/Jsr310Converters$LocalTimeToDateConverter.class], URL [jar:file:/C:/Users/Adi/.m2/repository/org/springframework/data/spring-data-commons/1.11.4.RELEASE/spring-data-commons-1.11.4.RELEASE.jar!/org/springframework/data/convert/JodaTimeConverters.class], URL [jar:file:/C:/Users/Adi/.m2/repository/org/springframework/data/spring-data-commons/1.11.4.RELEASE/spring-data-commons-1.11.4.RELEASE.jar!/org/springframework/data/convert/ThreeTenBackPortConverters$DateToInstantConverter.class], URL [jar:file:/C:/Users/Adi/.m2/repository/org/springframework/data/spring-data-commons/1.11.4.RELEASE/spring-data-commons-1.11.4.RELEASE.jar!/org/springframework/data/convert/ClassGeneratingEntityInstantiator.class], URL [jar:file:/C:/Users/Adi/.m2/repository/org/springframework/data/spring-data-commons/1.11.4.RELEASE/spring-data-commons-1.11.4.RELEASE.jar!/org/springframework/data/convert/EntityWriter.class], URL [jar:file:/C:/Users/Adi/.m2/repository/org/springframework/data/spring-data-commons/1.11.4.RELEASE/spring-data-commons-1.11.4.RELEASE.jar!/org/springframework/data/convert/JodaTimeConverters$DateTimeToDateConverter.class], URL [jar:file:/C:/Users/Adi/.m2/repository/org/springframework/data/spring-data-commons/1.11.4.RELEASE/spring-data-commons-1.11.4.RELEASE.jar!/org/springframework/data/convert/JodaTimeConverters$DateToDateTimeConverter.class], URL [jar:file:/C:/Users/Adi/.m2/repository/org/springframework/data/spring-data-commons/1.11.4.RELEASE/spring-data-commons-1.11.4.RELEASE.jar!/org/springframework/data/convert/ThreeTenBackPortConverters$InstantToDateConverter.class], URL [jar:file:/C:/Users/Adi/.m2/repository/org/springframework/data/spring-data-commons/1.11.4.RELEASE/spring-data-commons-1.11.4.RELEASE.jar!/org/springframework/data/convert/Jsr310Converters$DateToLocalTimeConverter.class], URL [jar:file:/C:/Users/Adi/.m2/repository/org/springframework/data/spring-data-commons/1.11.4.RELEASE/spring-data-commons-1.11.4.RELEASE.jar!/org/springframework/data/convert/Jsr310Converters.class], URL [jar:file:/C:/Users/Adi/.m2/repository/org/springframework/data/spring-data-commons/1.11.4.RELEASE/spring-data-commons-1.11.4.RELEASE.jar!/org/springframework/data/convert/ClassGeneratingEntityInstantiator$ObjectInstantiator.class], URL [jar:file:/C:/Users/Adi/.m2/repository/org/springframework/data/spring-data-commons/1.11.4.RELEASE/spring-data-commons-1.11.4.RELEASE.jar!/org/springframework/data/convert/EntityInstantiator.class], URL [jar:file:/C:/Users/Adi/.m2/repository/org/springframework/data/spring-data-commons/1.11.4.RELEASE/spring-data-commons-1.11.4.RELEASE.jar!/org/springframework/data/convert/ThreeTenBackPortConverters$DateToLocalTimeConverter.class], URL [jar:file:/C:/Users/Adi/.m2/repository/org/springframework/data/spring-data-commons/1.11.4.RELEASE/spring-data-commons-1.11.4.RELEASE.jar!/org/springframework/data/crossstore/ChangeSetBacked.class], URL [jar:file:/C:/Users/Adi/.m2/repository/org/springframework/data/spring-data-commons/1.11.4.RELEASE/spring-data-commons-1.11.4.RELEASE.jar!/org/springframework/data/crossstore/ChangeSet.class], URL [jar:file:/C:/Users/Adi/.m2/repository/org/springframework/data/spring-data-commons/1.11.4.RELEASE/spring-data-commons-1.11.4.RELEASE.jar!/org/springframework/data/crossstore/HashMapChangeSet.class], URL [jar:file:/C:/Users/Adi/.m2/repository/org/springframework/data/spring-data-commons/1.11.4.RELEASE/spring-data-commons-1.11.4.RELEASE.jar!/org/springframework/data/crossstore/ChangeSetBackedTransactionSynchronization.class], URL [jar:file:/C:/Users/Adi/.m2/repository/org/springframework/data/spring-data-commons/1.11.4.RELEASE/spring-data-commons-1.11.4.RELEASE.jar!/org/springframework/data/crossstore/ChangeSetPersister.class], URL [jar:file:/C:/Users/Adi/.m2/repository/org/springframework/data/spring-data-commons/1.11.4.RELEASE/spring-data-commons-1.11.4.RELEASE.jar!/org/springframework/data/crossstore/ChangeSetPersister$NotFoundException.class], URL [jar:file:/C:/Users/Adi/.m2/repository/org/springframework/data/spring-data-commons/1.11.4.RELEASE/spring-data-commons-1.11.4.RELEASE.jar!/org/springframework/data/repository/history/support/RevisionEntityInformation.class], URL [jar:file:/C:/Users/Adi/.m2/repository/org/springframework/data/spring-data-commons/1.11.4.RELEASE/spring-data-commons-1.11.4.RELEASE.jar!/org/springframework/data/repository/history/RevisionRepository.class], URL [jar:file:/C:/Users/Adi/.m2/repository/org/springframework/data/spring-data-commons/1.11.4.RELEASE/spring-data-commons-1.11.4.RELEASE.jar!/org/springframework/data/repository/RepositoryDefinition.class], URL [jar:file:/C:/Users/Adi/.m2/repository/org/springframework/data/spring-data-commons/1.11.4.RELEASE/spring-data-commons-1.11.4.RELEASE.jar!/org/springframework/data/repository/NoRepositoryBean.class], URL [jar:file:/C:/Users/Adi/.m2/repository/org/springframework/data/spring-data-commons/1.11.4.RELEASE/spring-data-commons-1.11.4.RELEASE.jar!/org/springframework/data/repository/CrudRepository.class], URL [jar:file:/C:/Users/Adi/.m2/repository/org/springframework/data/spring-data-commons/1.11.4.RELEASE/spring-data-commons-1.11.4.RELEASE.jar!/org/springframework/data/repository/PagingAndSortingRepository.class], URL [jar:file:/C:/Users/Adi/.m2/repository/org/springframework/data/spring-data-commons/1.11.4.RELEASE/spring-data-commons-1.11.4.RELEASE.jar!/org/springframework/data/repository/query/ParameterAccessor.class], URL [jar:file:/C:/Users/Adi/.m2/repository/org/springframework/data/spring-data-commons/1.11.4.RELEASE/spring-data-commons-1.11.4.RELEASE.jar!/org/springframework/data/repository/query/EvaluationContextExtensionInformation.class], URL [jar:file:/C:/Users/Adi/.m2/repository/org/springframework/data/spring-data-commons/1.11.4.RELEASE/spring-data-commons-1.11.4.RELEASE.jar!/org/springframework/data/repository/query/parser/PartTree$Subject.class], URL [jar:file:/C:/Users/Adi/.m2/repository/org/springframework/data/spring-data-commons/1.11.4.RELEASE/spring-data-commons-1.11.4.RELEASE.jar!/org/springframework/data/repository/query/parser/Part$IgnoreCaseType.class], URL [jar:file:/C:/Users/Adi/.m2/repository/org/springframework/data/spring-data-commons/1.11.4.RELEASE/spring-data-commons-1.11.4.RELEASE.jar!/org/springframework/data/repository/query/parser/Part$Type.class], URL [jar:file:/C:/Users/Adi/.m2/repository/org/springframework/data/spring-data-commons/1.11.4.RELEASE/spring-data-commons-1.11.4.RELEASE.jar!/org/springframework/data/repository/query/parser/Part.class], URL [jar:file:/C:/Users/Adi/.m2/repository/org/springframework/data/spring-data-commons/1.11.4.RELEASE/spring-data-commons-1.11.4.RELEASE.jar!/org/springframework/data/repository/query/parser/AbstractQueryCreator.class], URL [jar:file:/C:/Users/Adi/.m2/repository/org/springframework/data/spring-data-commons/1.11.4.RELEASE/spring-data-commons-1.11.4.RELEASE.jar!/org/springframework/data/repository/query/parser/PartTree.class], URL [jar:file:/C:/Users/Adi/.m2/repository/org/springframework/data/spring-data-commons/1.11.4.RELEASE/spring-data-commons-1.11.4.RELEASE.jar!/org/springframework/data/repository/query/parser/PartTree$Predicate.class], URL [jar:file:/C:/Users/Adi/.m2/repository/org/springframework/data/spring-data-commons/1.11.4.RELEASE/spring-data-commons-1.11.4.RELEASE.jar!/org/springframework/data/repository/query/parser/OrderBySource.class], URL [jar:file:/C:/Users/Adi/.m2/repository/org/springframework/data/spring-data-commons/1.11.4.RELEASE/spring-data-commons-1.11.4.RELEASE.jar!/org/springframework/data/repository/query/parser/PartTree$OrPart.class], URL [jar:file:/C:/Users/Adi/.m2/repository/org/springframework/data/spring-data-commons/1.11.4.RELEASE/spring-data-commons-1.11.4.RELEASE.jar!/org/springframework/data/repository/query/ExtensionAwareEvaluationContextProvider$EvaluationContextExtensionAdapter.class], URL [jar:file:/C:/Users/Adi/.m2/repository/org/springframework/data/spring-data-commons/1.11.4.RELEASE/spring-data-commons-1.11.4.RELEASE.jar!/org/springframework/data/repository/query/QueryLookupStrategy$Key.class], URL [jar:file:/C:/Users/Adi/.m2/repository/org/springframework/data/spring-data-commons/1.11.4.RELEASE/spring-data-commons-1.11.4.RELEASE.jar!/org/springframework/data/repository/query/EvaluationContextExtensionInformation$RootObjectInformation$1.class], URL [jar:file:/C:/Users/Adi/.m2/repository/org/springframework/data/spring-data-commons/1.11.4.RELEASE/spring-data-commons-1.11.4.RELEASE.jar!/org/springframework/data/repository/query/DefaultParameters.class], URL [jar:file:/C:/Users/Adi/.m2/repository/org/springframework/data/spring-data-commons/1.11.4.RELEASE/spring-data-commons-1.11.4.RELEASE.jar!/org/springframework/data/repository/query/EvaluationContextExtensionInformation$ExtensionTypeInformation.class], URL [jar:file:/C:/Users/Adi/.m2/repository/org/springframework/data/spring-data-commons/1.11.4.RELEASE/spring-data-commons-1.11.4.RELEASE.jar!/org/springframework/data/repository/query/EvaluationContextExtensionInformation$1.class], URL [jar:file:/C:/Users/Adi/.m2/repository/org/springframework/data/spring-data-commons/1.11.4.RELEASE/spring-data-commons-1.11.4.RELEASE.jar!/org/springframework/data/repository/query/Parameter.class], URL [jar:file:/C:/Users/Adi/.m2/repository/org/springframework/data/spring-data-commons/1.11.4.RELEASE/spring-data-commons-1.11.4.RELEASE.jar!/org/springframework/data/repository/query/QueryMethod.class], URL [jar:file:/C:/Users/Adi/.m2/repository/org/springframework/data/spring-data-commons/1.11.4.RELEASE/spring-data-commons-1.11.4.RELEASE.jar!/org/springframework/data/repository/query/Param.class], URL [jar:file:/C:/Users/Adi/.m2/repository/org/springframework/data/spring-data-commons/1.11.4.RELEASE/spring-data-commons-1.11.4.RELEASE.jar!/org/springframework/data/repository/query/ParametersParameterAccessor$BindableParameterIterator.class], URL [jar:file:/C:/Users/Adi/.m2/repository/org/springframework/data/spring-data-commons/1.11.4.RELEASE/spring-data-commons-1.11.4.RELEASE.jar!/org/springframework/data/repository/query/ParametersParameterAccessor.class], URL [jar:file:/C:/Users/Adi/.m2/repository/org/springframework/data/spring-data-commons/1.11.4.RELEASE/spring-data-commons-1.11.4.RELEASE.jar!/org/springframework/data/repository/query/EvaluationContextExtensionInformation$ExtensionTypeInformation$1.class], URL [jar:file:/C:/Users/Adi/.m2/repository/org/springframework/data/spring-data-commons/1.11.4.RELEASE/spring-data-commons-1.11.4.RELEASE.jar!/org/springframework/data/repository/query/spi/EvaluationContextExtension.class], URL [jar:file:/C:/Users/Adi/.m2/repository/org/springframework/data/spring-data-commons/1.11.4.RELEASE/spring-data-commons-1.11.4.RELEASE.jar!/org/springframework/data/repository/query/spi/Function.class], URL [jar:file:/C:/Users/Adi/.m2/repository/org/springframework/data/spring-data-commons/1.11.4.RELEASE/spring-data-commons-1.11.4.RELEASE.jar!/org/springframework/data/repository/query/spi/EvaluationContextExtensionSupport.class], URL [jar:file:/C:/Users/Adi/.m2/repository/org/springframework/data/spring-data-commons/1.11.4.RELEASE/spring-data-commons-1.11.4.RELEASE.jar!/org/springframework/data/repository/query/EvaluationContextExtensionInformation$ExtensionTypeInformation$PublicMethodAndFieldFilter.class], URL [jar:file:/C:/Users/Adi/.m2/repository/org/springframework/data/spring-data-commons/1.11.4.RELEASE/spring-data-commons-1.11.4.RELEASE.jar!/org/springframework/data/repository/query/ExtensionAwareEvaluationContextProvider.class], URL [jar:file:/C:/Users/Adi/.m2/repository/org/springframework/data/spring-data-commons/1.11.4.RELEASE/spring-data-commons-1.11.4.RELEASE.jar!/org/springframework/data/repository/query/EvaluationContextProvider.class], URL [jar:file:/C:/Users/Adi/.m2/repository/org/springframework/data/spring-data-commons/1.11.4.RELEASE/spring-data-commons-1.11.4.RELEASE.jar!/org/springframework/data/repository/query/QueryLookupStrategy.class], URL [jar:file:/C:/Users/Adi/.m2/repository/org/springframework/data/spring-data-commons/1.11.4.RELEASE/spring-data-commons-1.11.4.RELEASE.jar!/org/springframework/data/repository/query/ParameterOutOfBoundsException.class], URL [jar:file:/C:/Users/Adi/.m2/repository/org/springframework/data/spring-data-commons/1.11.4.RELEASE/spring-data-commons-1.11.4.RELEASE.jar!/org/springframework/data/repository/query/RepositoryQuery.class], URL [jar:file:/C:/Users/Adi/.m2/repository/org/springframework/data/spring-data-commons/1.11.4.RELEASE/spring-data-commons-1.11.4.RELEASE.jar!/org/springframework/data/repository/query/EvaluationContextExtensionInformation$RootObjectInformation$2.class], URL [jar:file:/C:/Users/Adi/.m2/repository/org/springframework/data/spring-data-commons/1.11.4.RELEASE/spring-data-commons-1.11.4.RELEASE.jar!/org/springframework/data/repository/query/QueryCreationException.class], URL [jar:file:/C:/Users/Adi/.m2/repository/org/springframework/data/spring-data-commons/1.11.4.RELEASE/spring-data-commons-1.11.4.RELEASE.jar!/org/springframework/data/repository/query/EvaluationContextExtensionInformation$RootObjectInformation.class], URL [jar:file:/C:/Users/Adi/.m2/repository/org/springframework/data/spring-data-commons/1.11.4.RELEASE/spring-data-commons-1.11.4.RELEASE.jar!/org/springframework/data/repository/query/ExtensionAwareEvaluationContextProvider$ExtensionAwarePropertyAccessor.class], URL [jar:file:/C:/Users/Adi/.m2/repository/org/springframework/data/spring-data-commons/1.11.4.RELEASE/spring-data-commons-1.11.4.RELEASE.jar!/org/springframework/data/repository/query/Parameters.class], URL [jar:file:/C:/Users/Adi/.m2/repository/org/springframework/data/spring-data-commons/1.11.4.RELEASE/spring-data-commons-1.11.4.RELEASE.jar!/org/springframework/data/repository/query/ExtensionAwareEvaluationContextProvider$FunctionMethodExecutor.class], URL [jar:file:/C:/Users/Adi/.m2/repository/org/springframework/data/spring-data-commons/1.11.4.RELEASE/spring-data-commons-1.11.4.RELEASE.jar!/org/springframework/data/repository/query/DefaultEvaluationContextProvider.class], URL [jar:file:/C:/Users/Adi/.m2/repository/org/springframework/data/spring-data-commons/1.11.4.RELEASE/spring-data-commons-1.11.4.RELEASE.jar!/org/springframework/data/repository/query/QueryMethod$1.class], URL [jar:file:/C:/Users/Adi/.m2/repository/org/springframework/data/spring-data-commons/1.11.4.RELEASE/spring-data-commons-1.11.4.RELEASE.jar!/org/springframework/data/repository/util/QueryExecutionConverters$NullableWrapperToGuavaOptionalConverter.class], URL [jar:file:/C:/Users/Adi/.m2/repository/org/springframework/data/spring-data-commons/1.11.4.RELEASE/spring-data-commons-1.11.4.RELEASE.jar!/org/springframework/data/repository/util/ClassUtils.class], URL [jar:file:/C:/Users/Adi/.m2/repository/org/springframework/data/spring-data-commons/1.11.4.RELEASE/spring-data-commons-1.11.4.RELEASE.jar!/org/springframework/data/repository/util/QueryExecutionConverters$NullableWrapperToCompletableFutureConverter.class], URL [jar:file:/C:/Users/Adi/.m2/repository/org/springframework/data/spring-data-commons/1.11.4.RELEASE/spring-data-commons-1.11.4.RELEASE.jar!/org/springframework/data/repository/util/NullableWrapper.class], URL [jar:file:/C:/Users/Adi/.m2/repository/org/springframework/data/spring-data-commons/1.11.4.RELEASE/spring-data-commons-1.11.4.RELEASE.jar!/org/springframework/data/repository/util/QueryExecutionConverters$AbstractWrapperTypeConverter.class], URL [jar:file:/C:/Users/Adi/.m2/repository/org/springframework/data/spring-data-commons/1.11.4.RELEASE/spring-data-commons-1.11.4.RELEASE.jar!/org/springframework/data/repository/util/QueryExecutionConverters$NullableWrapperToFutureConverter.class], URL [jar:file:/C:/Users/Adi/.m2/repository/org/springframework/data/spring-data-commons/1.11.4.RELEASE/spring-data-commons-1.11.4.RELEASE.jar!/org/springframework/data/repository/util/TxUtils.class], URL [jar:file:/C:/Users/Adi/.m2/repository/org/springframework/data/spring-data-commons/1.11.4.RELEASE/spring-data-commons-1.11.4.RELEASE.jar!/org/springframework/data/repository/util/QueryExecutionConverters.class], URL [jar:file:/C:/Users/Adi/.m2/repository/org/springframework/data/spring-data-commons/1.11.4.RELEASE/spring-data-commons-1.11.4.RELEASE.jar!/org/springframework/data/repository/util/QueryExecutionConverters$NullableWrapperToJdk8OptionalConverter.class], URL [jar:file:/C:/Users/Adi/.m2/repository/org/springframework/data/spring-data-commons/1.11.4.RELEASE/spring-data-commons-1.11.4.RELEASE.jar!/org/springframework/data/repository/init/RepositoryPopulator.class], URL [jar:file:/C:/Users/Adi/.m2/repository/org/springframework/data/spring-data-commons/1.11.4.RELEASE/spring-data-commons-1.11.4.RELEASE.jar!/org/springframework/data/repository/init/ResourceReaderRepositoryPopulator.class], URL [jar:file:/C:/Users/Adi/.m2/repository/org/springframework/data/spring-data-commons/1.11.4.RELEASE/spring-data-commons-1.11.4.RELEASE.jar!/org/springframework/data/repository/init/Jackson2RepositoryPopulatorFactoryBean.class], URL [jar:file:/C:/Users/Adi/.m2/repository/org/springframework/data/spring-data-commons/1.11.4.RELEASE/spring-data-commons-1.11.4.RELEASE.jar!/org/springframework/data/repository/init/UnmarshallerRepositoryPopulatorFactoryBean.class], URL [jar:file:/C:/Users/Adi/.m2/repository/org/springframework/data/spring-data-commons/1.11.4.RELEASE/spring-data-commons-1.11.4.RELEASE.jar!/org/springframework/data/repository/init/UnmarshallingResourceReader.class], URL [jar:file:/C:/Users/Adi/.m2/repository/org/springframework/data/spring-data-commons/1.11.4.RELEASE/spring-data-commons-1.11.4.RELEASE.jar!/org/springframework/data/repository/init/Jackson2ResourceReader.class], URL [jar:file:/C:/Users/Adi/.m2/repository/org/springframework/data/spring-data-commons/1.11.4.RELEASE/spring-data-commons-1.11.4.RELEASE.jar!/org/springframework/data/repository/init/ResourceReader$Type.class], URL [jar:file:/C:/Users/Adi/.m2/repository/org/springframework/data/spring-data-commons/1.11.4.RELEASE/spring-data-commons-1.11.4.RELEASE.jar!/org/springframework/data/repository/init/RepositoriesPopulatedEvent.class], URL [jar:file:/C:/Users/Adi/.m2/repository/org/springframework/data/spring-data-commons/1.11.4.RELEASE/spring-data-commons-1.11.4.RELEASE.jar!/org/springframework/data/repository/init/AbstractRepositoryPopulatorFactoryBean.class], URL [jar:file:/C:/Users/Adi/.m2/repository/org/springframework/data/spring-data-commons/1.11.4.RELEASE/spring-data-commons-1.11.4.RELEASE.jar!/org/springframework/data/repository/init/ResourceReader.class], URL [jar:file:/C:/Users/Adi/.m2/repository/org/springframework/data/spring-data-commons/1.11.4.RELEASE/spring-data-commons-1.11.4.RELEASE.jar!/org/springframework/data/repository/Repository.class], URL [jar:file:/C:/Users/Adi/.m2/repository/org/springframework/data/spring-data-commons/1.11.4.RELEASE/spring-data-commons-1.11.4.RELEASE.jar!/org/springframework/data/repository/cdi/CdiRepositoryExtensionSupport$AnyAnnotationLiteral.class], URL [jar:file:/C:/Users/Adi/.m2/repository/org/springframework/data/spring-data-commons/1.11.4.RELEASE/spring-data-commons-1.11.4.RELEASE.jar!/org/springframework/data/repository/cdi/CdiRepositoryBean$DefaultCdiRepositoryConfiguration.class], URL [jar:file:/C:/Users/Adi/.m2/repository/org/springframework/data/spring-data-commons/1.11.4.RELEASE/spring-data-commons-1.11.4.RELEASE.jar!/org/springframework/data/repository/cdi/Eager.class], URL [jar:file:/C:/Users/Adi/.m2/repository/org/springframework/data/spring-data-commons/1.11.4.RELEASE/spring-data-commons-1.11.4.RELEASE.jar!/org/springframework/data/repository/cdi/CdiRepositoryExtensionSupport.class], URL [jar:file:/C:/Users/Adi/.m2/repository/org/springframework/data/spring-data-commons/1.11.4.RELEASE/spring-data-commons-1.11.4.RELEASE.jar!/org/springframework/data/repository/cdi/CdiRepositoryConfiguration.class], URL [jar:file:/C:/Users/Adi/.m2/repository/org/springframework/data/spring-data-commons/1.11.4.RELEASE/spring-data-commons-1.11.4.RELEASE.jar!/org/springframework/data/repository/cdi/CdiRepositoryBean.class], URL [jar:file:/C:/Users/Adi/.m2/repository/org/springframework/data/spring-data-commons/1.11.4.RELEASE/spring-data-commons-1.11.4.RELEASE.jar!/org/springframework/data/repository/cdi/CdiRepositoryExtensionSupport$DefaultAnnotationLiteral.class], URL [jar:file:/C:/Users/Adi/.m2/repository/org/springframework/data/spring-data-commons/1.11.4.RELEASE/spring-data-commons-1.11.4.RELEASE.jar!/org/springframework/data/repository/config/RepositoryBeanDefinitionRegistrarSupport.class], URL [jar:file:/C:/Users/Adi/.m2/repository/org/springframework/data/spring-data-commons/1.11.4.RELEASE/spring-data-commons-1.11.4.RELEASE.jar!/org/springframework/data/repository/config/RepositoryComponentProvider.class], URL [jar:file:/C:/Users/Adi/.m2/repository/org/springframework/data/spring-data-commons/1.11.4.RELEASE/spring-data-commons-1.11.4.RELEASE.jar!/org/springframework/data/repository/config/ResourceReaderRepositoryPopulatorBeanDefinitionParser.class], URL [jar:file:/C:/Users/Adi/.m2/repository/org/springframework/data/spring-data-commons/1.11.4.RELEASE/spring-data-commons-1.11.4.RELEASE.jar!/org/springframework/data/repository/config/RepositoryConfiguration.class], URL [jar:file:/C:/Users/Adi/.m2/repository/org/springframework/data/spring-data-commons/1.11.4.RELEASE/spring-data-commons-1.11.4.RELEASE.jar!/org/springframework/data/repository/config/DefaultRepositoryConfiguration.class], URL [jar:file:/C:/Users/Adi/.m2/repository/org/springframework/data/spring-data-commons/1.11.4.RELEASE/spring-data-commons-1.11.4.RELEASE.jar!/org/springframework/data/repository/config/XmlRepositoryConfigurationSource.class], URL [jar:file:/C:/Users/Adi/.m2/repository/org/springframework/data/spring-data-commons/1.11.4.RELEASE/spring-data-commons-1.11.4.RELEASE.jar!/org/springframework/data/repository/config/RepositoryNameSpaceHandler.class], URL [jar:file:/C:/Users/Adi/.m2/repository/org/springframework/data/spring-data-commons/1.11.4.RELEASE/spring-data-commons-1.11.4.RELEASE.jar!/org/springframework/data/repository/config/NamedQueriesBeanDefinitionParser.class], URL [jar:file:/C:/Users/Adi/.m2/repository/org/springframework/data/spring-data-commons/1.11.4.RELEASE/spring-data-commons-1.11.4.RELEASE.jar!/org/springframework/data/repository/config/RepositoryComponentProvider$InterfaceTypeFilter.class], URL [jar:file:/C:/Users/Adi/.m2/repository/org/springframework/data/spring-data-commons/1.11.4.RELEASE/spring-data-commons-1.11.4.RELEASE.jar!/org/springframework/data/repository/config/RepositoryBeanDefinitionParser.class], URL [jar:file:/C:/Users/Adi/.m2/repository/org/springframework/data/spring-data-commons/1.11.4.RELEASE/spring-data-commons-1.11.4.RELEASE.jar!/org/springframework/data/repository/config/NamedQueriesBeanDefinitionBuilder.class], URL [jar:file:/C:/Users/Adi/.m2/repository/org/springframework/data/spring-data-commons/1.11.4.RELEASE/spring-data-commons-1.11.4.RELEASE.jar!/org/springframework/data/repository/config/RepositoryConfigurationSourceSupport.class], URL [jar:file:/C:/Users/Adi/.m2/repository/org/springframework/data/spring-data-commons/1.11.4.RELEASE/spring-data-commons-1.11.4.RELEASE.jar!/org/springframework/data/repository/config/RepositoryConfigurationUtils.class], URL [jar:file:/C:/Users/Adi/.m2/repository/org/springframework/data/spring-data-commons/1.11.4.RELEASE/spring-data-commons-1.11.4.RELEASE.jar!/org/springframework/data/repository/config/RepositoryConfigurationExtension.class], URL [jar:file:/C:/Users/Adi/.m2/repository/org/springframework/data/spring-data-commons/1.11.4.RELEASE/spring-data-commons-1.11.4.RELEASE.jar!/org/springframework/data/repository/config/RepositoryConfigurationDelegate.class], URL [jar:file:/C:/Users/Adi/.m2/repository/org/springframework/data/spring-data-commons/1.11.4.RELEASE/spring-data-commons-1.11.4.RELEASE.jar!/org/springframework/data/repository/config/RepositoryConfigurationSource.class], URL [jar:file:/C:/Users/Adi/.m2/repository/org/springframework/data/spring-data-commons/1.11.4.RELEASE/spring-data-commons-1.11.4.RELEASE.jar!/org/springframework/data/repository/config/DefaultRepositoryBaseClass.class], URL [jar:file:/C:/Users/Adi/.m2/repository/org/springframework/data/spring-data-commons/1.11.4.RELEASE/spring-data-commons-1.11.4.RELEASE.jar!/org/springframework/data/repository/config/RepositoryBeanNameGenerator.class], URL [jar:file:/C:/Users/Adi/.m2/repository/org/springframework/data/spring-data-commons/1.11.4.RELEASE/spring-data-commons-1.11.4.RELEASE.jar!/org/springframework/data/repository/config/AnnotationRepositoryConfigurationSource$1.class], URL [jar:file:/C:/Users/Adi/.m2/repository/org/springframework/data/spring-data-commons/1.11.4.RELEASE/spring-data-commons-1.11.4.RELEASE.jar!/org/springframework/data/repository/config/AnnotationRepositoryConfigurationSource.class], URL [jar:file:/C:/Users/Adi/.m2/repository/org/springframework/data/spring-data-commons/1.11.4.RELEASE/spring-data-commons-1.11.4.RELEASE.jar!/org/springframework/data/repository/config/RepositoryBeanDefinitionBuilder.class], URL [jar:file:/C:/Users/Adi/.m2/repository/org/springframework/data/spring-data-commons/1.11.4.RELEASE/spring-data-commons-1.11.4.RELEASE.jar!/org/springframework/data/repository/config/CustomRepositoryImplementationDetector.class], URL [jar:file:/C:/Users/Adi/.m2/repository/org/springframework/data/spring-data-commons/1.11.4.RELEASE/spring-data-commons-1.11.4.RELEASE.jar!/org/springframework/data/repository/config/RepositoryComponentProvider$AllTypeFilter.class], URL [jar:file:/C:/Users/Adi/.m2/repository/org/springframework/data/spring-data-commons/1.11.4.RELEASE/spring-data-commons-1.11.4.RELEASE.jar!/org/springframework/data/repository/config/RepositoryConfigurationDelegate$LenientAssignableTypeFilter.class], URL [jar:file:/C:/Users/Adi/.m2/repository/org/springframework/data/spring-data-commons/1.11.4.RELEASE/spring-data-commons-1.11.4.RELEASE.jar!/org/springframework/data/repository/config/RepositoryConfigurationExtensionSupport.class], URL [jar:file:/C:/Users/Adi/.m2/repository/org/springframework/data/spring-data-commons/1.11.4.RELEASE/spring-data-commons-1.11.4.RELEASE.jar!/org/springframework/data/repository/support/DomainClassConverter$ConversionMatchAbbreviationException.class], URL [jar:file:/C:/Users/Adi/.m2/repository/org/springframework/data/spring-data-commons/1.11.4.RELEASE/spring-data-commons-1.11.4.RELEASE.jar!/org/springframework/data/repository/support/DomainClassConverter$ToIdConverter.class], URL [jar:file:/C:/Users/Adi/.m2/repository/org/springframework/data/spring-data-commons/1.11.4.RELEASE/spring-data-commons-1.11.4.RELEASE.jar!/org/springframework/data/repository/support/Repositories$EmptyRepositoryFactoryInformation.class], URL [jar:file:/C:/Users/Adi/.m2/repository/org/springframework/data/spring-data-commons/1.11.4.RELEASE/spring-data-commons-1.11.4.RELEASE.jar!/org/springframework/data/repository/support/PagingAndSortingRepositoryInvoker.class], URL [jar:file:/C:/Users/Adi/.m2/repository/org/springframework/data/spring-data-commons/1.11.4.RELEASE/spring-data-commons-1.11.4.RELEASE.jar!/org/springframework/data/repository/support/QueryMethodParameterConversionException.class], URL [jar:file:/C:/Users/Adi/.m2/repository/org/springframework/data/spring-data-commons/1.11.4.RELEASE/spring-data-commons-1.11.4.RELEASE.jar!/org/springframework/data/repository/support/MethodParameters.class], URL [jar:file:/C:/Users/Adi/.m2/repository/org/springframework/data/spring-data-commons/1.11.4.RELEASE/spring-data-commons-1.11.4.RELEASE.jar!/org/springframework/data/repository/support/RepositoryInvoker.class], URL [jar:file:/C:/Users/Adi/.m2/repository/org/springframework/data/spring-data-commons/1.11.4.RELEASE/spring-data-commons-1.11.4.RELEASE.jar!/org/springframework/data/repository/support/RepositoryInvokerFactory.class], URL [jar:file:/C:/Users/Adi/.m2/repository/org/springframework/data/spring-data-commons/1.11.4.RELEASE/spring-data-commons-1.11.4.RELEASE.jar!/org/springframework/data/repository/support/DomainClassPropertyEditorRegistrar.class], URL [jar:file:/C:/Users/Adi/.m2/repository/org/springframework/data/spring-data-commons/1.11.4.RELEASE/spring-data-commons-1.11.4.RELEASE.jar!/org/springframework/data/repository/support/AnnotationAttribute.class], URL [jar:file:/C:/Users/Adi/.m2/repository/org/springframework/data/spring-data-commons/1.11.4.RELEASE/spring-data-commons-1.11.4.RELEASE.jar!/org/springframework/data/repository/support/DefaultRepositoryInvokerFactory.class], URL [jar:file:/C:/Users/Adi/.m2/repository/org/springframework/data/spring-data-commons/1.11.4.RELEASE/spring-data-commons-1.11.4.RELEASE.jar!/org/springframework/data/repository/support/MethodParameters$AnnotationNamingMethodParameter.class], URL [jar:file:/C:/Users/Adi/.m2/repository/org/springframework/data/spring-data-commons/1.11.4.RELEASE/spring-data-commons-1.11.4.RELEASE.jar!/org/springframework/data/repository/support/CrudRepositoryInvoker.class], URL [jar:file:/C:/Users/Adi/.m2/repository/org/springframework/data/spring-data-commons/1.11.4.RELEASE/spring-data-commons-1.11.4.RELEASE.jar!/org/springframework/data/repository/support/Repositories.class], URL [jar:file:/C:/Users/Adi/.m2/repository/org/springframework/data/spring-data-commons/1.11.4.RELEASE/spring-data-commons-1.11.4.RELEASE.jar!/org/springframework/data/repository/support/DomainClassConverter$ToEntityConverter.class], URL [jar:file:/C:/Users/Adi/.m2/repository/org/springframework/data/spring-data-commons/1.11.4.RELEASE/spring-data-commons-1.11.4.RELEASE.jar!/org/springframework/data/repository/support/ReflectionRepositoryInvoker.class], URL [jar:file:/C:/Users/Adi/.m2/repository/org/springframework/data/spring-data-commons/1.11.4.RELEASE/spring-data-commons-1.11.4.RELEASE.jar!/org/springframework/data/repository/support/DomainClassPropertyEditor.class], URL [jar:file:/C:/Users/Adi/.m2/repository/org/springframework/data/spring-data-commons/1.11.4.RELEASE/spring-data-commons-1.11.4.RELEASE.jar!/org/springframework/data/repository/support/DomainClassConverter.class], URL [jar:file:/C:/Users/Adi/.m2/repository/org/springframework/data/spring-data-commons/1.11.4.RELEASE/spring-data-commons-1.11.4.RELEASE.jar!/org/springframework/data/repository/support/DomainClassConverter$1.class], URL [jar:file:/C:/Users/Adi/.m2/repository/org/springframework/data/spring-data-commons/1.11.4.RELEASE/spring-data-commons-1.11.4.RELEASE.jar!/org/springframework/data/repository/support/RepositoryInvocationInformation.class], URL [jar:file:/C:/Users/Adi/.m2/repository/org/springframework/data/spring-data-commons/1.11.4.RELEASE/spring-data-commons-1.11.4.RELEASE.jar!/org/springframework/data/repository/core/NamedQueries.class], URL [jar:file:/C:/Users/Adi/.m2/repository/org/springframework/data/spring-data-commons/1.11.4.RELEASE/spring-data-commons-1.11.4.RELEASE.jar!/org/springframework/data/repository/core/RepositoryInformation.class], URL [jar:file:/C:/Users/Adi/.m2/repository/org/springframework/data/spring-data-commons/1.11.4.RELEASE/spring-data-commons-1.11.4.RELEASE.jar!/org/springframework/data/repository/core/EntityMetadata.class], URL [jar:file:/C:/Users/Adi/.m2/repository/org/springframework/data/spring-data-commons/1.11.4.RELEASE/spring-data-commons-1.11.4.RELEASE.jar!/org/springframework/data/repository/core/EntityInformation.class], URL [jar:file:/C:/Users/Adi/.m2/repository/org/springframework/data/spring-data-commons/1.11.4.RELEASE/spring-data-commons-1.11.4.RELEASE.jar!/org/springframework/data/repository/core/support/DefaultCrudMethods.class], URL [jar:file:/C:/Users/Adi/.m2/repository/org/springframework/data/spring-data-commons/1.11.4.RELEASE/spring-data-commons-1.11.4.RELEASE.jar!/org/springframework/data/repository/core/support/TransactionalRepositoryProxyPostProcessor$AbstractFallbackTransactionAttributeSource.class], URL [jar:file:/C:/Users/Adi/.m2/repository/org/springframework/data/spring-data-commons/1.11.4.RELEASE/spring-data-commons-1.11.4.RELEASE.jar!/org/springframework/data/repository/core/support/PersistentEntityInformation.class], URL [jar:file:/C:/Users/Adi/.m2/repository/org/springframework/data/spring-data-commons/1.11.4.RELEASE/spring-data-commons-1.11.4.RELEASE.jar!/org/springframework/data/repository/core/support/RepositoryFactorySupport$QueryExecutorMethodInterceptor.class], URL [jar:file:/C:/Users/Adi/.m2/repository/org/springframework/data/spring-data-commons/1.11.4.RELEASE/spring-data-commons-1.11.4.RELEASE.jar!/org/springframework/data/repository/core/support/DefaultRepositoryMetadata.class], URL [jar:file:/C:/Users/Adi/.m2/repository/org/springframework/data/spring-data-commons/1.11.4.RELEASE/spring-data-commons-1.11.4.RELEASE.jar!/org/springframework/data/repository/core/support/QueryExecutionResultHandler.class], URL [jar:file:/C:/Users/Adi/.m2/repository/org/springframework/data/spring-data-commons/1.11.4.RELEASE/spring-data-commons-1.11.4.RELEASE.jar!/org/springframework/data/repository/core/support/ReflectionEntityInformation.class], URL [jar:file:/C:/Users/Adi/.m2/repository/org/springframework/data/spring-data-commons/1.11.4.RELEASE/spring-data-commons-1.11.4.RELEASE.jar!/org/springframework/data/repository/core/support/RepositoryFactorySupport$1.class], URL [jar:file:/C:/Users/Adi/.m2/repository/org/springframework/data/spring-data-commons/1.11.4.RELEASE/spring-data-commons-1.11.4.RELEASE.jar!/org/springframework/data/repository/core/support/RepositoryFactorySupport$QueryCollectingQueryCreationListener.class], URL [jar:file:/C:/Users/Adi/.m2/repository/org/springframework/data/spring-data-commons/1.11.4.RELEASE/spring-data-commons-1.11.4.RELEASE.jar!/org/springframework/data/repository/core/support/QueryCreationListener.class], URL [jar:file:/C:/Users/Adi/.m2/repository/org/springframework/data/spring-data-commons/1.11.4.RELEASE/spring-data-commons-1.11.4.RELEASE.jar!/org/springframework/data/repository/core/support/PropertiesBasedNamedQueries.class], URL [jar:file:/C:/Users/Adi/.m2/repository/org/springframework/data/spring-data-commons/1.11.4.RELEASE/spring-data-commons-1.11.4.RELEASE.jar!/org/springframework/data/repository/core/support/TransactionalRepositoryProxyPostProcessor$AbstractFallbackTransactionAttributeSource$DefaultCacheKey.class], URL [jar:file:/C:/Users/Adi/.m2/repository/org/springframework/data/spring-data-commons/1.11.4.RELEASE/spring-data-commons-1.11.4.RELEASE.jar!/org/springframework/data/repository/core/support/AbstractRepositoryMetadata.class], URL [jar:file:/C:/Users/Adi/.m2/repository/org/springframework/data/spring-data-commons/1.11.4.RELEASE/spring-data-commons-1.11.4.RELEASE.jar!/org/springframework/data/repository/core/support/DefaultRepositoryInformation.class], URL [jar:file:/C:/Users/Adi/.m2/repository/org/springframework/data/spring-data-commons/1.11.4.RELEASE/spring-data-commons-1.11.4.RELEASE.jar!/org/springframework/data/repository/core/support/TransactionalRepositoryProxyPostProcessor$CustomAnnotationTransactionAttributeSource.class], URL [jar:file:/C:/Users/Adi/.m2/repository/org/springframework/data/spring-data-commons/1.11.4.RELEASE/spring-data-commons-1.11.4.RELEASE.jar!/org/springframework/data/repository/core/support/RepositoryFactorySupport.class], URL [jar:file:/C:/Users/Adi/.m2/repository/org/springframework/data/spring-data-commons/1.11.4.RELEASE/spring-data-commons-1.11.4.RELEASE.jar!/org/springframework/data/repository/core/support/RepositoryInterfaceAwareBeanPostProcessor.class], URL [jar:file:/C:/Users/Adi/.m2/repository/org/springframework/data/spring-data-commons/1.11.4.RELEASE/spring-data-commons-1.11.4.RELEASE.jar!/org/springframework/data/repository/core/support/PersistableEntityInformation.class], URL [jar:file:/C:/Users/Adi/.m2/repository/org/springframework/data/spring-data-commons/1.11.4.RELEASE/spring-data-commons-1.11.4.RELEASE.jar!/org/springframework/data/repository/core/support/PersistenceExceptionTranslationRepositoryProxyPostProcessor.class], URL [jar:file:/C:/Users/Adi/.m2/repository/org/springframework/data/spring-data-commons/1.11.4.RELEASE/spring-data-commons-1.11.4.RELEASE.jar!/org/springframework/data/repository/core/support/TransactionalRepositoryFactoryBeanSupport.class], URL [jar:file:/C:/Users/Adi/.m2/repository/org/springframework/data/spring-data-commons/1.11.4.RELEASE/spring-data-commons-1.11.4.RELEASE.jar!/org/springframework/data/repository/core/support/RepositoryFactoryBeanSupport.class], URL [jar:file:/C:/Users/Adi/.m2/repository/org/springframework/data/spring-data-commons/1.11.4.RELEASE/spring-data-commons-1.11.4.RELEASE.jar!/org/springframework/data/repository/core/support/RepositoryFactorySupport$RepositoryInformationCacheKey.class], URL [jar:file:/C:/Users/Adi/.m2/repository/org/springframework/data/spring-data-commons/1.11.4.RELEASE/spring-data-commons-1.11.4.RELEASE.jar!/org/springframework/data/repository/core/support/DelegatingEntityInformation.class], URL [jar:file:/C:/Users/Adi/.m2/repository/org/springframework/data/spring-data-commons/1.11.4.RELEASE/spring-data-commons-1.11.4.RELEASE.jar!/org/springframework/data/repository/core/support/ReflectionEntityInformation$1.class], URL [jar:file:/C:/Users/Adi/.m2/repository/org/springframework/data/spring-data-commons/1.11.4.RELEASE/spring-data-commons-1.11.4.RELEASE.jar!/org/springframework/data/repository/core/support/RepositoryFactoryInformation.class], URL [jar:file:/C:/Users/Adi/.m2/repository/org/springframework/data/spring-data-commons/1.11.4.RELEASE/spring-data-commons-1.11.4.RELEASE.jar!/org/springframework/data/repository/core/support/RepositoryProxyPostProcessor.class], URL [jar:file:/C:/Users/Adi/.m2/repository/org/springframework/data/spring-data-commons/1.11.4.RELEASE/spring-data-commons-1.11.4.RELEASE.jar!/org/springframework/data/repository/core/support/AbstractEntityInformation.class], URL [jar:file:/C:/Users/Adi/.m2/repository/org/springframework/data/spring-data-commons/1.11.4.RELEASE/spring-data-commons-1.11.4.RELEASE.jar!/org/springframework/data/repository/core/support/AnnotationRepositoryMetadata.class], URL [jar:file:/C:/Users/Adi/.m2/repository/org/springframework/data/spring-data-commons/1.11.4.RELEASE/spring-data-commons-1.11.4.RELEASE.jar!/org/springframework/data/repository/core/support/TransactionalRepositoryProxyPostProcessor.class], URL [jar:file:/C:/Users/Adi/.m2/repository/org/springframework/data/spring-data-commons/1.11.4.RELEASE/spring-data-commons-1.11.4.RELEASE.jar!/org/springframework/data/repository/core/CrudMethods.class], URL [jar:file:/C:/Users/Adi/.m2/repository/org/springframework/data/spring-data-commons/1.11.4.RELEASE/spring-data-commons-1.11.4.RELEASE.jar!/org/springframework/data/repository/core/RepositoryMetadata.class], URL [jar:file:/C:/Users/Adi/.m2/repository/org/springframework/data/spring-data-commons/1.11.4.RELEASE/spring-data-commons-1.11.4.RELEASE.jar!/org/springframework/data/querydsl/EntityPathResolver.class], URL [jar:file:/C:/Users/Adi/.m2/repository/org/springframework/data/spring-data-commons/1.11.4.RELEASE/spring-data-commons-1.11.4.RELEASE.jar!/org/springframework/data/querydsl/SimpleEntityPathResolver.class], URL [jar:file:/C:/Users/Adi/.m2/repository/org/springframework/data/spring-data-commons/1.11.4.RELEASE/spring-data-commons-1.11.4.RELEASE.jar!/org/springframework/data/querydsl/QueryDslUtils.class], URL [jar:file:/C:/Users/Adi/.m2/repository/org/springframework/data/spring-data-commons/1.11.4.RELEASE/spring-data-commons-1.11.4.RELEASE.jar!/org/springframework/data/querydsl/QueryDslPredicateExecutor.class], URL [jar:file:/C:/Users/Adi/.m2/repository/org/springframework/data/spring-data-commons/1.11.4.RELEASE/spring-data-commons-1.11.4.RELEASE.jar!/org/springframework/data/querydsl/binding/QuerydslBindings$PathBinder.class], URL [jar:file:/C:/Users/Adi/.m2/repository/org/springframework/data/spring-data-commons/1.11.4.RELEASE/spring-data-commons-1.11.4.RELEASE.jar!/org/springframework/data/querydsl/binding/MultiValueBinding.class], URL [jar:file:/C:/Users/Adi/.m2/repository/org/springframework/data/spring-data-commons/1.11.4.RELEASE/spring-data-commons-1.11.4.RELEASE.jar!/org/springframework/data/querydsl/binding/QuerydslBinderCustomizer.class], URL [jar:file:/C:/Users/Adi/.m2/repository/org/springframework/data/spring-data-commons/1.11.4.RELEASE/spring-data-commons-1.11.4.RELEASE.jar!/org/springframework/data/querydsl/binding/QuerydslDefaultBinding.class], URL [jar:file:/C:/Users/Adi/.m2/repository/org/springframework/data/spring-data-commons/1.11.4.RELEASE/spring-data-commons-1.11.4.RELEASE.jar!/org/springframework/data/querydsl/binding/QuerydslBindings$1.class], URL [jar:file:/C:/Users/Adi/.m2/repository/org/springframework/data/spring-data-commons/1.11.4.RELEASE/spring-data-commons-1.11.4.RELEASE.jar!/org/springframework/data/querydsl/binding/QuerydslBindings.class], URL [jar:file:/C:/Users/Adi/.m2/repository/org/springframework/data/spring-data-commons/1.11.4.RELEASE/spring-data-commons-1.11.4.RELEASE.jar!/org/springframework/data/querydsl/binding/QuerydslPredicate.class], URL [jar:file:/C:/Users/Adi/.m2/repository/org/springframework/data/spring-data-commons/1.11.4.RELEASE/spring-data-commons-1.11.4.RELEASE.jar!/org/springframework/data/querydsl/binding/QuerydslPredicateBuilder.class], URL [jar:file:/C:/Users/Adi/.m2/repository/org/springframework/data/spring-data-commons/1.11.4.RELEASE/spring-data-commons-1.11.4.RELEASE.jar!/org/springframework/data/querydsl/binding/QuerydslBindingsFactory$NoOpCustomizer.class], URL [jar:file:/C:/Users/Adi/.m2/repository/org/springframework/data/spring-data-commons/1.11.4.RELEASE/spring-data-commons-1.11.4.RELEASE.jar!/org/springframework/data/querydsl/binding/SingleValueBinding.class], URL [jar:file:/C:/Users/Adi/.m2/repository/org/springframework/data/spring-data-commons/1.11.4.RELEASE/spring-data-commons-1.11.4.RELEASE.jar!/org/springframework/data/querydsl/binding/QuerydslBindings$PathAndBinding.class], URL [jar:file:/C:/Users/Adi/.m2/repository/org/springframework/data/spring-data-commons/1.11.4.RELEASE/spring-data-commons-1.11.4.RELEASE.jar!/org/springframework/data/querydsl/binding/QuerydslBindings$MultiValueBindingAdapter.class], URL [jar:file:/C:/Users/Adi/.m2/repository/org/springframework/data/spring-data-commons/1.11.4.RELEASE/spring-data-commons-1.11.4.RELEASE.jar!/org/springframework/data/querydsl/binding/QuerydslBindingsFactory.class], URL [jar:file:/C:/Users/Adi/.m2/repository/org/springframework/data/spring-data-commons/1.11.4.RELEASE/spring-data-commons-1.11.4.RELEASE.jar!/org/springframework/data/querydsl/binding/QuerydslBindings$TypeBinder.class], URL [jar:file:/C:/Users/Adi/.m2/repository/org/springframework/data/spring-data-commons/1.11.4.RELEASE/spring-data-commons-1.11.4.RELEASE.jar!/org/springframework/data/querydsl/QSort.class], URL [jar:file:/C:/Users/Adi/.m2/repository/org/springframework/data/spring-data-commons/1.11.4.RELEASE/spring-data-commons-1.11.4.RELEASE.jar!/org/springframework/data/querydsl/QPageRequest.class], URL [jar:file:/C:/Users/Adi/.m2/repository/org/springframework/data/spring-data-commons/1.11.4.RELEASE/spring-data-commons-1.11.4.RELEASE.jar!/org/springframework/data/querydsl/QuerydslRepositoryInvokerAdapter.class], URL [jar:file:/C:/Users/Adi/.m2/repository/org/springframework/data/spring-data-commons/1.11.4.RELEASE/spring-data-commons-1.11.4.RELEASE.jar!/org/springframework/data/annotation/Persistent.class], URL [jar:file:/C:/Users/Adi/.m2/repository/org/springframework/data/spring-data-commons/1.11.4.RELEASE/spring-data-commons-1.11.4.RELEASE.jar!/org/springframework/data/annotation/ReadOnlyProperty.class], URL [jar:file:/C:/Users/Adi/.m2/repository/org/springframework/data/spring-data-commons/1.11.4.RELEASE/spring-data-commons-1.11.4.RELEASE.jar!/org/springframework/data/annotation/Transient.class], URL [jar:file:/C:/Users/Adi/.m2/repository/org/springframework/data/spring-data-commons/1.11.4.RELEASE/spring-data-commons-1.11.4.RELEASE.jar!/org/springframework/data/annotation/AccessType.class], URL [jar:file:/C:/Users/Adi/.m2/repository/org/springframework/data/spring-data-commons/1.11.4.RELEASE/spring-data-commons-1.11.4.RELEASE.jar!/org/springframework/data/annotation/Id.class], URL [jar:file:/C:/Users/Adi/.m2/repository/org/springframework/data/spring-data-commons/1.11.4.RELEASE/spring-data-commons-1.11.4.RELEASE.jar!/org/springframework/data/annotation/CreatedDate.class], URL [jar:file:/C:/Users/Adi/.m2/repository/org/springframework/data/spring-data-commons/1.11.4.RELEASE/spring-data-commons-1.11.4.RELEASE.jar!/org/springframework/data/annotation/CreatedBy.class], URL [jar:file:/C:/Users/Adi/.m2/repository/org/springframework/data/spring-data-commons/1.11.4.RELEASE/spring-data-commons-1.11.4.RELEASE.jar!/org/springframework/data/annotation/PersistenceConstructor.class], URL [jar:file:/C:/Users/Adi/.m2/repository/org/springframework/data/spring-data-commons/1.11.4.RELEASE/spring-data-commons-1.11.4.RELEASE.jar!/org/springframework/data/annotation/LastModifiedDate.class], URL [jar:file:/C:/Users/Adi/.m2/repository/org/springframework/data/spring-data-commons/1.11.4.RELEASE/spring-data-commons-1.11.4.RELEASE.jar!/org/springframework/data/annotation/AccessType$Type.class], URL [jar:file:/C:/Users/Adi/.m2/repository/org/springframework/data/spring-data-commons/1.11.4.RELEASE/spring-data-commons-1.11.4.RELEASE.jar!/org/springframework/data/annotation/LastModifiedBy.class], URL [jar:file:/C:/Users/Adi/.m2/repository/org/springframework/data/spring-data-commons/1.11.4.RELEASE/spring-data-commons-1.11.4.RELEASE.jar!/org/springframework/data/annotation/TypeAlias.class], URL [jar:file:/C:/Users/Adi/.m2/repository/org/springframework/data/spring-data-commons/1.11.4.RELEASE/spring-data-commons-1.11.4.RELEASE.jar!/org/springframework/data/annotation/Version.class], URL [jar:file:/C:/Users/Adi/.m2/repository/org/springframework/data/spring-data-commons/1.11.4.RELEASE/spring-data-commons-1.11.4.RELEASE.jar!/org/springframework/data/annotation/Reference.class], URL [jar:file:/C:/Users/Adi/.m2/repository/org/springframework/data/spring-data-commons/1.11.4.RELEASE/spring-data-commons-1.11.4.RELEASE.jar!/org/springframework/data/annotation/QueryAnnotation.class], URL [jar:file:/C:/Users/Adi/.m2/repository/org/springframework/data/spring-data-commons/1.11.4.RELEASE/spring-data-commons-1.11.4.RELEASE.jar!/org/springframework/data/domain/Persistable.class], URL [jar:file:/C:/Users/Adi/.m2/repository/org/springframework/data/spring-data-commons/1.11.4.RELEASE/spring-data-commons-1.11.4.RELEASE.jar!/org/springframework/data/domain/AuditorAware.class], URL [jar:file:/C:/Users/Adi/.m2/repository/org/springframework/data/spring-data-commons/1.11.4.RELEASE/spring-data-commons-1.11.4.RELEASE.jar!/org/springframework/data/domain/Sort.class], URL [jar:file:/C:/Users/Adi/.m2/repository/org/springframework/data/spring-data-commons/1.11.4.RELEASE/spring-data-commons-1.11.4.RELEASE.jar!/org/springframework/data/domain/Sort$NullHandling.class], URL [jar:file:/C:/Users/Adi/.m2/repository/org/springframework/data/spring-data-commons/1.11.4.RELEASE/spring-data-commons-1.11.4.RELEASE.jar!/org/springframework/data/domain/SliceImpl.class], URL [jar:file:/C:/Users/Adi/.m2/repository/org/springframework/data/spring-data-commons/1.11.4.RELEASE/spring-data-commons-1.11.4.RELEASE.jar!/org/springframework/data/domain/Page.class], URL [jar:file:/C:/Users/Adi/.m2/repository/org/springframework/data/spring-data-commons/1.11.4.RELEASE/spring-data-commons-1.11.4.RELEASE.jar!/org/springframework/data/domain/Pageable.class], URL [jar:file:/C:/Users/Adi/.m2/repository/org/springframework/data/spring-data-commons/1.11.4.RELEASE/spring-data-commons-1.11.4.RELEASE.jar!/org/springframework/data/domain/PageImpl.class], URL [jar:file:/C:/Users/Adi/.m2/repository/org/springframework/data/spring-data-commons/1.11.4.RELEASE/spring-data-commons-1.11.4.RELEASE.jar!/org/springframework/data/domain/Chunk.class], URL [jar:file:/C:/Users/Adi/.m2/repository/org/springframework/data/spring-data-commons/1.11.4.RELEASE/spring-data-commons-1.11.4.RELEASE.jar!/org/springframework/data/domain/PageRequest.class], URL [jar:file:/C:/Users/Adi/.m2/repository/org/springframework/data/spring-data-commons/1.11.4.RELEASE/spring-data-commons-1.11.4.RELEASE.jar!/org/springframework/data/domain/Sort$Direction.class], URL [jar:file:/C:/Users/Adi/.m2/repository/org/springframework/data/spring-data-commons/1.11.4.RELEASE/spring-data-commons-1.11.4.RELEASE.jar!/org/springframework/data/domain/Range.class], URL [jar:file:/C:/Users/Adi/.m2/repository/org/springframework/data/spring-data-commons/1.11.4.RELEASE/spring-data-commons-1.11.4.RELEASE.jar!/org/springframework/data/domain/jaxb/SpringDataJaxb$OrderDto.class], URL [jar:file:/C:/Users/Adi/.m2/repository/org/springframework/data/spring-data-commons/1.11.4.RELEASE/spring-data-commons-1.11.4.RELEASE.jar!/org/springframework/data/domain/jaxb/PageAdapter.class], URL [jar:file:/C:/Users/Adi/.m2/repository/org/springframework/data/spring-data-commons/1.11.4.RELEASE/spring-data-commons-1.11.4.RELEASE.jar!/org/springframework/data/domain/jaxb/OrderAdapter.class], URL [jar:file:/C:/Users/Adi/.m2/repository/org/springframework/data/spring-data-commons/1.11.4.RELEASE/spring-data-commons-1.11.4.RELEASE.jar!/org/springframework/data/domain/jaxb/SpringDataJaxb$SortDto.class], URL [jar:file:/C:/Users/Adi/.m2/repository/org/springframework/data/spring-data-commons/1.11.4.RELEASE/spring-data-commons-1.11.4.RELEASE.jar!/org/springframework/data/domain/jaxb/SpringDataJaxb$PageRequestDto.class], URL [jar:file:/C:/Users/Adi/.m2/repository/org/springframework/data/spring-data-commons/1.11.4.RELEASE/spring-data-commons-1.11.4.RELEASE.jar!/org/springframework/data/domain/jaxb/SpringDataJaxb$PageDto.class], URL [jar:file:/C:/Users/Adi/.m2/repository/org/springframework/data/spring-data-commons/1.11.4.RELEASE/spring-data-commons-1.11.4.RELEASE.jar!/org/springframework/data/domain/jaxb/SpringDataJaxb.class], URL [jar:file:/C:/Users/Adi/.m2/repository/org/springframework/data/spring-data-commons/1.11.4.RELEASE/spring-data-commons-1.11.4.RELEASE.jar!/org/springframework/data/domain/jaxb/PageableAdapter.class], URL [jar:file:/C:/Users/Adi/.m2/repository/org/springframework/data/spring-data-commons/1.11.4.RELEASE/spring-data-commons-1.11.4.RELEASE.jar!/org/springframework/data/domain/jaxb/SortAdapter.class], URL [jar:file:/C:/Users/Adi/.m2/repository/org/springframework/data/spring-data-commons/1.11.4.RELEASE/spring-data-commons-1.11.4.RELEASE.jar!/org/springframework/data/domain/jaxb/package-info.class], URL [jar:file:/C:/Users/Adi/.m2/repository/org/springframework/data/spring-data-commons/1.11.4.RELEASE/spring-data-commons-1.11.4.RELEASE.jar!/org/springframework/data/domain/Sort$Order.class], URL [jar:file:/C:/Users/Adi/.m2/repository/org/springframework/data/spring-data-commons/1.11.4.RELEASE/spring-data-commons-1.11.4.RELEASE.jar!/org/springframework/data/domain/Slice.class], URL [jar:file:/C:/Users/Adi/.m2/repository/org/springframework/data/spring-data-commons/1.11.4.RELEASE/spring-data-commons-1.11.4.RELEASE.jar!/org/springframework/data/domain/Auditable.class], URL [jar:file:/C:/Users/Adi/.m2/repository/org/springframework/data/spring-data-commons/1.11.4.RELEASE/spring-data-commons-1.11.4.RELEASE.jar!/org/springframework/data/domain/AbstractPageRequest.class], URL [jar:file:/C:/Users/Adi/.m2/repository/org/springframework/data/spring-data-commons/1.11.4.RELEASE/spring-data-commons-1.11.4.RELEASE.jar!/org/springframework/data/config/TypeFilterParser$1.class], URL [jar:file:/C:/Users/Adi/.m2/repository/org/springframework/data/spring-data-commons/1.11.4.RELEASE/spring-data-commons-1.11.4.RELEASE.jar!/org/springframework/data/config/BeanComponentDefinitionBuilder.class], URL [jar:file:/C:/Users/Adi/.m2/repository/org/springframework/data/spring-data-commons/1.11.4.RELEASE/spring-data-commons-1.11.4.RELEASE.jar!/org/springframework/data/config/TypeFilterParser$FilterType$2.class], URL [jar:file:/C:/Users/Adi/.m2/repository/org/springframework/data/spring-data-commons/1.11.4.RELEASE/spring-data-commons-1.11.4.RELEASE.jar!/org/springframework/data/config/TypeFilterParser$FilterType$1.class], URL [jar:file:/C:/Users/Adi/.m2/repository/org/springframework/data/spring-data-commons/1.11.4.RELEASE/spring-data-commons-1.11.4.RELEASE.jar!/org/springframework/data/config/TypeFilterParser$FilterType.class], URL [jar:file:/C:/Users/Adi/.m2/repository/org/springframework/data/spring-data-commons/1.11.4.RELEASE/spring-data-commons-1.11.4.RELEASE.jar!/org/springframework/data/config/ParsingUtils.class], URL [jar:file:/C:/Users/Adi/.m2/repository/org/springframework/data/spring-data-commons/1.11.4.RELEASE/spring-data-commons-1.11.4.RELEASE.jar!/org/springframework/data/config/TypeFilterParser$Type.class], URL [jar:file:/C:/Users/Adi/.m2/repository/org/springframework/data/spring-data-commons/1.11.4.RELEASE/spring-data-commons-1.11.4.RELEASE.jar!/org/springframework/data/config/TypeFilterParser$FilterType$3.class], URL [jar:file:/C:/Users/Adi/.m2/repository/org/springframework/data/spring-data-commons/1.11.4.RELEASE/spring-data-commons-1.11.4.RELEASE.jar!/org/springframework/data/config/TypeFilterParser$FilterType$5.class], URL [jar:file:/C:/Users/Adi/.m2/repository/org/springframework/data/spring-data-commons/1.11.4.RELEASE/spring-data-commons-1.11.4.RELEASE.jar!/org/springframework/data/config/TypeFilterParser.class], URL [jar:file:/C:/Users/Adi/.m2/repository/org/springframework/data/spring-data-commons/1.11.4.RELEASE/spring-data-commons-1.11.4.RELEASE.jar!/org/springframework/data/config/TypeFilterParser$FilterType$4.class], URL [jar:file:/C:/Users/Adi/.m2/repository/org/springframework/data/spring-data-commons/1.11.4.RELEASE/spring-data-commons-1.11.4.RELEASE.jar!/org/springframework/data/auditing/CurrentDateTimeProvider.class], URL [jar:file:/C:/Users/Adi/.m2/repository/org/springframework/data/spring-data-commons/1.11.4.RELEASE/spring-data-commons-1.11.4.RELEASE.jar!/org/springframework/data/auditing/MappingAuditableBeanWrapperFactory.class], URL [jar:file:/C:/Users/Adi/.m2/repository/org/springframework/data/spring-data-commons/1.11.4.RELEASE/spring-data-commons-1.11.4.RELEASE.jar!/org/springframework/data/auditing/AuditingHandler.class], URL [jar:file:/C:/Users/Adi/.m2/repository/org/springframework/data/spring-data-commons/1.11.4.RELEASE/spring-data-commons-1.11.4.RELEASE.jar!/org/springframework/data/auditing/MappingAuditableBeanWrapperFactory$MappingAuditingMetadata.class], URL [jar:file:/C:/Users/Adi/.m2/repository/org/springframework/data/spring-data-commons/1.11.4.RELEASE/spring-data-commons-1.11.4.RELEASE.jar!/org/springframework/data/auditing/AnnotationAuditingMetadata.class], URL [jar:file:/C:/Users/Adi/.m2/repository/org/springframework/data/spring-data-commons/1.11.4.RELEASE/spring-data-commons-1.11.4.RELEASE.jar!/org/springframework/data/auditing/MappingAuditableBeanWrapperFactory$MappingMetadataAuditableBeanWrapper.class], URL [jar:file:/C:/Users/Adi/.m2/repository/org/springframework/data/spring-data-commons/1.11.4.RELEASE/spring-data-commons-1.11.4.RELEASE.jar!/org/springframework/data/auditing/DefaultAuditableBeanWrapperFactory.class], URL [jar:file:/C:/Users/Adi/.m2/repository/org/springframework/data/spring-data-commons/1.11.4.RELEASE/spring-data-commons-1.11.4.RELEASE.jar!/org/springframework/data/auditing/DateTimeProvider.class], URL [jar:file:/C:/Users/Adi/.m2/repository/org/springframework/data/spring-data-commons/1.11.4.RELEASE/spring-data-commons-1.11.4.RELEASE.jar!/org/springframework/data/auditing/DefaultAuditableBeanWrapperFactory$AuditableInterfaceBeanWrapper.class], URL [jar:file:/C:/Users/Adi/.m2/repository/org/springframework/data/spring-data-commons/1.11.4.RELEASE/spring-data-commons-1.11.4.RELEASE.jar!/org/springframework/data/auditing/AuditableBeanWrapper.class], URL [jar:file:/C:/Users/Adi/.m2/repository/org/springframework/data/spring-data-commons/1.11.4.RELEASE/spring-data-commons-1.11.4.RELEASE.jar!/org/springframework/data/auditing/DefaultAuditableBeanWrapperFactory$CalendarToDateTimeConverter.class], URL [jar:file:/C:/Users/Adi/.m2/repository/org/springframework/data/spring-data-commons/1.11.4.RELEASE/spring-data-commons-1.11.4.RELEASE.jar!/org/springframework/data/auditing/AuditableBeanWrapperFactory.class], URL [jar:file:/C:/Users/Adi/.m2/repository/org/springframework/data/spring-data-commons/1.11.4.RELEASE/spring-data-commons-1.11.4.RELEASE.jar!/org/springframework/data/auditing/DefaultAuditableBeanWrapperFactory$CalendarToLocalDateTimeConverter.class], URL [jar:file:/C:/Users/Adi/.m2/repository/org/springframework/data/spring-data-commons/1.11.4.RELEASE/spring-data-commons-1.11.4.RELEASE.jar!/org/springframework/data/auditing/DefaultAuditableBeanWrapperFactory$DateConvertingAuditableBeanWrapper.class], URL [jar:file:/C:/Users/Adi/.m2/repository/org/springframework/data/spring-data-commons/1.11.4.RELEASE/spring-data-commons-1.11.4.RELEASE.jar!/org/springframework/data/auditing/DefaultAuditableBeanWrapperFactory$ReflectionAuditingBeanWrapper.class], URL [jar:file:/C:/Users/Adi/.m2/repository/org/springframework/data/spring-data-commons/1.11.4.RELEASE/spring-data-commons-1.11.4.RELEASE.jar!/org/springframework/data/auditing/config/IsNewAwareAuditingHandlerBeanDefinitionParser.class], URL [jar:file:/C:/Users/Adi/.m2/repository/org/springframework/data/spring-data-commons/1.11.4.RELEASE/spring-data-commons-1.11.4.RELEASE.jar!/org/springframework/data/auditing/config/AuditingConfiguration.class], URL [jar:file:/C:/Users/Adi/.m2/repository/org/springframework/data/spring-data-commons/1.11.4.RELEASE/spring-data-commons-1.11.4.RELEASE.jar!/org/springframework/data/auditing/config/AuditingHandlerBeanDefinitionParser.class], URL [jar:file:/C:/Users/Adi/.m2/repository/org/springframework/data/spring-data-commons/1.11.4.RELEASE/spring-data-commons-1.11.4.RELEASE.jar!/org/springframework/data/auditing/config/AuditingBeanDefinitionRegistrarSupport.class], URL [jar:file:/C:/Users/Adi/.m2/repository/org/springframework/data/spring-data-commons/1.11.4.RELEASE/spring-data-commons-1.11.4.RELEASE.jar!/org/springframework/data/auditing/config/AnnotationAuditingConfiguration.class], URL [jar:file:/C:/Users/Adi/.m2/repository/org/springframework/data/spring-data-commons/1.11.4.RELEASE/spring-data-commons-1.11.4.RELEASE.jar!/org/springframework/data/auditing/IsNewAwareAuditingHandler.class], URL [jar:file:/C:/Users/Adi/.m2/repository/org/springframework/data/spring-data-commons/1.11.4.RELEASE/spring-data-commons-1.11.4.RELEASE.jar!/org/springframework/data/authentication/UserCredentials.class], URL [jar:file:/C:/Users/Adi/.m2/repository/org/springframework/data/spring-data-commons/1.11.4.RELEASE/spring-data-commons-1.11.4.RELEASE.jar!/org/springframework/data/support/PersistableIsNewStrategy.class], URL [jar:file:/C:/Users/Adi/.m2/repository/org/springframework/data/spring-data-commons/1.11.4.RELEASE/spring-data-commons-1.11.4.RELEASE.jar!/org/springframework/data/support/CachingIsNewStrategyFactory.class], URL [jar:file:/C:/Users/Adi/.m2/repository/org/springframework/data/spring-data-commons/1.11.4.RELEASE/spring-data-commons-1.11.4.RELEASE.jar!/org/springframework/data/support/IsNewStrategy.class], URL [jar:file:/C:/Users/Adi/.m2/repository/org/springframework/data/spring-data-commons/1.11.4.RELEASE/spring-data-commons-1.11.4.RELEASE.jar!/org/springframework/data/support/IsNewStrategyFactorySupport.class], URL [jar:file:/C:/Users/Adi/.m2/repository/org/springframework/data/spring-data-commons/1.11.4.RELEASE/spring-data-commons-1.11.4.RELEASE.jar!/org/springframework/data/support/IsNewStrategyFactory.class], URL [jar:file:/C:/Users/Adi/.m2/repository/org/springframework/data/spring-data-commons/1.11.4.RELEASE/spring-data-commons-1.11.4.RELEASE.jar!/org/springframework/data/projection/DefaultMethodInvokingMethodInterceptor.class], URL [jar:file:/C:/Users/Adi/.m2/repository/org/springframework/data/spring-data-commons/1.11.4.RELEASE/spring-data-commons-1.11.4.RELEASE.jar!/org/springframework/data/projection/ProjectingMethodInterceptor.class], URL [jar:file:/C:/Users/Adi/.m2/repository/org/springframework/data/spring-data-commons/1.11.4.RELEASE/spring-data-commons-1.11.4.RELEASE.jar!/org/springframework/data/projection/TargetAware.class], URL [jar:file:/C:/Users/Adi/.m2/repository/org/springframework/data/spring-data-commons/1.11.4.RELEASE/spring-data-commons-1.11.4.RELEASE.jar!/org/springframework/data/projection/SpelEvaluatingMethodInterceptor$TargetWrapper.class], URL [jar:file:/C:/Users/Adi/.m2/repository/org/springframework/data/spring-data-commons/1.11.4.RELEASE/spring-data-commons-1.11.4.RELEASE.jar!/org/springframework/data/projection/SpelEvaluatingMethodInterceptor.class], URL [jar:file:/C:/Users/Adi/.m2/repository/org/springframework/data/spring-data-commons/1.11.4.RELEASE/spring-data-commons-1.11.4.RELEASE.jar!/org/springframework/data/projection/MapAccessingMethodInterceptor.class], URL [jar:file:/C:/Users/Adi/.m2/repository/org/springframework/data/spring-data-commons/1.11.4.RELEASE/spring-data-commons-1.11.4.RELEASE.jar!/org/springframework/data/projection/SpelAwareProxyProjectionFactory.class], URL [jar:file:/C:/Users/Adi/.m2/repository/org/springframework/data/spring-data-commons/1.11.4.RELEASE/spring-data-commons-1.11.4.RELEASE.jar!/org/springframework/data/projection/ProxyProjectionFactory.class], URL [jar:file:/C:/Users/Adi/.m2/repository/org/springframework/data/spring-data-commons/1.11.4.RELEASE/spring-data-commons-1.11.4.RELEASE.jar!/org/springframework/data/projection/ProjectionFactory.class], URL [jar:file:/C:/Users/Adi/.m2/repository/org/springframework/data/spring-data-commons/1.11.4.RELEASE/spring-data-commons-1.11.4.RELEASE.jar!/org/springframework/data/projection/PropertyAccessingMethodInterceptor.class], URL [jar:file:/C:/Users/Adi/.m2/repository/org/springframework/data/spring-data-commons/1.11.4.RELEASE/spring-data-commons-1.11.4.RELEASE.jar!/org/springframework/data/projection/ProxyProjectionFactory$TargetAwareMethodInterceptor.class], URL [jar:file:/C:/Users/Adi/.m2/repository/org/springframework/data/spring-data-commons/1.11.4.RELEASE/spring-data-commons-1.11.4.RELEASE.jar!/org/springframework/data/projection/MapAccessingMethodInterceptor$Accessor.class], URL [jar:file:/C:/Users/Adi/.m2/repository/org/springframework/data/spring-data-commons/1.11.4.RELEASE/spring-data-commons-1.11.4.RELEASE.jar!/org/springframework/data/transaction/MultiTransactionStatus$SavePoints.class], URL [jar:file:/C:/Users/Adi/.m2/repository/org/springframework/data/spring-data-commons/1.11.4.RELEASE/spring-data-commons-1.11.4.RELEASE.jar!/org/springframework/data/transaction/ChainedTransactionManager.class], URL [jar:file:/C:/Users/Adi/.m2/repository/org/springframework/data/spring-data-commons/1.11.4.RELEASE/spring-data-commons-1.11.4.RELEASE.jar!/org/springframework/data/transaction/SpringTransactionSynchronizationManager.class], URL [jar:file:/C:/Users/Adi/.m2/repository/org/springframework/data/spring-data-commons/1.11.4.RELEASE/spring-data-commons-1.11.4.RELEASE.jar!/org/springframework/data/transaction/MultiTransactionStatus$1.class], URL [jar:file:/C:/Users/Adi/.m2/repository/org/springframework/data/spring-data-commons/1.11.4.RELEASE/spring-data-commons-1.11.4.RELEASE.jar!/org/springframework/data/transaction/MultiTransactionStatus.class], URL [jar:file:/C:/Users/Adi/.m2/repository/org/springframework/data/spring-data-commons/1.11.4.RELEASE/spring-data-commons-1.11.4.RELEASE.jar!/org/springframework/data/transaction/SynchronizationManager.class]]
[DEBUG] Identified candidate component class: URL [jar:file:/C:/Users/Adi/.m2/repository/org/springframework/data/spring-data-commons/1.11.4.RELEASE/spring-data-commons-1.11.4.RELEASE.jar!/org/springframework/data/web/config/SpringDataJacksonConfiguration.class]
[DEBUG] Returning cached instance of singleton bean &apos;autoConfigurationReport&apos;
[DEBUG] Returning cached instance of singleton bean &apos;autoConfigurationReport&apos;
[DEBUG] Returning cached instance of singleton bean &apos;autoConfigurationReport&apos;
[DEBUG] Returning cached instance of singleton bean &apos;autoConfigurationReport&apos;
[DEBUG] Returning cached instance of singleton bean &apos;autoConfigurationReport&apos;
[DEBUG] Returning cached instance of singleton bean &apos;autoConfigurationReport&apos;
[DEBUG] Returning cached instance of singleton bean &apos;autoConfigurationReport&apos;
[DEBUG] Returning cached instance of singleton bean &apos;autoConfigurationReport&apos;
[DEBUG] Returning cached instance of singleton bean &apos;autoConfigurationReport&apos;
[DEBUG] Returning cached instance of singleton bean &apos;autoConfigurationReport&apos;
[DEBUG] Returning cached instance of singleton bean &apos;autoConfigurationReport&apos;
[DEBUG] Returning cached instance of singleton bean &apos;autoConfigurationReport&apos;
[DEBUG] Returning cached instance of singleton bean &apos;autoConfigurationReport&apos;
[DEBUG] Returning cached instance of singleton bean &apos;autoConfigurationReport&apos;
[DEBUG] Returning cached instance of singleton bean &apos;autoConfigurationReport&apos;
[DEBUG] Returning cached instance of singleton bean &apos;autoConfigurationReport&apos;
[DEBUG] Returning cached instance of singleton bean &apos;autoConfigurationReport&apos;
[DEBUG] Returning cached instance of singleton bean &apos;autoConfigurationReport&apos;
[DEBUG] Returning cached instance of singleton bean &apos;autoConfigurationReport&apos;
[DEBUG] Returning cached instance of singleton bean &apos;autoConfigurationReport&apos;
[DEBUG] Returning cached instance of singleton bean &apos;autoConfigurationReport&apos;
[DEBUG] Returning cached instance of singleton bean &apos;autoConfigurationReport&apos;
[DEBUG] Returning cached instance of singleton bean &apos;autoConfigurationReport&apos;
[DEBUG] Returning cached instance of singleton bean &apos;autoConfigurationReport&apos;
[DEBUG] Returning cached instance of singleton bean &apos;autoConfigurationReport&apos;
[DEBUG] Returning cached instance of singleton bean &apos;autoConfigurationReport&apos;
[DEBUG] Returning cached instance of singleton bean &apos;autoConfigurationReport&apos;
[DEBUG] Returning cached instance of singleton bean &apos;autoConfigurationReport&apos;
[DEBUG] Returning cached instance of singleton bean &apos;autoConfigurationReport&apos;
[DEBUG] Returning cached instance of singleton bean &apos;autoConfigurationReport&apos;
[DEBUG] Returning cached instance of singleton bean &apos;autoConfigurationReport&apos;
[DEBUG] Returning cached instance of singleton bean &apos;autoConfigurationReport&apos;
[DEBUG] Returning cached instance of singleton bean &apos;autoConfigurationReport&apos;
[DEBUG] Returning cached instance of singleton bean &apos;autoConfigurationReport&apos;
[DEBUG] Returning cached instance of singleton bean &apos;autoConfigurationReport&apos;
[DEBUG] Returning cached instance of singleton bean &apos;autoConfigurationReport&apos;
[DEBUG] Returning cached instance of singleton bean &apos;autoConfigurationReport&apos;
[DEBUG] Returning cached instance of singleton bean &apos;autoConfigurationReport&apos;
[DEBUG] Returning cached instance of singleton bean &apos;autoConfigurationReport&apos;
[DEBUG] Returning cached instance of singleton bean &apos;autoConfigurationReport&apos;
[DEBUG] Returning cached instance of singleton bean &apos;autoConfigurationReport&apos;
[DEBUG] Returning cached instance of singleton bean &apos;autoConfigurationReport&apos;
[DEBUG] Returning cached instance of singleton bean &apos;autoConfigurationReport&apos;
[DEBUG] Returning cached instance of singleton bean &apos;autoConfigurationReport&apos;
[DEBUG] Returning cached instance of singleton bean &apos;autoConfigurationReport&apos;
[DEBUG] Returning cached instance of singleton bean &apos;autoConfigurationReport&apos;
[DEBUG] Returning cached instance of singleton bean &apos;autoConfigurationReport&apos;
[DEBUG] Returning cached instance of singleton bean &apos;autoConfigurationReport&apos;
[DEBUG] Returning cached instance of singleton bean &apos;autoConfigurationReport&apos;
[DEBUG] Returning cached instance of singleton bean &apos;autoConfigurationReport&apos;
[DEBUG] Returning cached instance of singleton bean &apos;autoConfigurationReport&apos;
[DEBUG] Returning cached instance of singleton bean &apos;autoConfigurationReport&apos;
[DEBUG] Returning cached instance of singleton bean &apos;autoConfigurationReport&apos;
[DEBUG] Returning cached instance of singleton bean &apos;autoConfigurationReport&apos;
[DEBUG] Returning cached instance of singleton bean &apos;autoConfigurationReport&apos;
[DEBUG] Returning cached instance of singleton bean &apos;autoConfigurationReport&apos;
[DEBUG] Returning cached instance of singleton bean &apos;autoConfigurationReport&apos;
[DEBUG] Registered bean definition for imported class &apos;org.springframework.security.config.annotation.authentication.configuration.AuthenticationConfiguration&apos;
[DEBUG] Registering bean definition for @Bean method org.springframework.security.config.annotation.authentication.configuration.AuthenticationConfiguration.authenticationManagerBuilder()
[DEBUG] Registering bean definition for @Bean method org.springframework.security.config.annotation.authentication.configuration.AuthenticationConfiguration.enableGlobalAuthenticationAutowiredConfigurer()
[DEBUG] Registered bean definition for imported class &apos;org.springframework.security.config.annotation.web.configuration.WebSecurityConfiguration&apos;
[DEBUG] Registering bean definition for @Bean method org.springframework.security.config.annotation.web.configuration.WebSecurityConfiguration.delegatingApplicationListener()
[DEBUG] Registering bean definition for @Bean method org.springframework.security.config.annotation.web.configuration.WebSecurityConfiguration.webSecurityExpressionHandler()
[DEBUG] Registering bean definition for @Bean method org.springframework.security.config.annotation.web.configuration.WebSecurityConfiguration.springSecurityFilterChain()
[DEBUG] Registering bean definition for @Bean method org.springframework.security.config.annotation.web.configuration.WebSecurityConfiguration.privilegeEvaluator()
[DEBUG] Registering bean definition for @Bean method org.springframework.security.config.annotation.web.configuration.WebSecurityConfiguration.autowiredWebSecurityConfigurersIgnoreParents()
[DEBUG] Registered bean definition for imported class &apos;org.springframework.security.config.annotation.configuration.ObjectPostProcessorConfiguration&apos;
[DEBUG] Registering bean definition for @Bean method org.springframework.security.config.annotation.configuration.ObjectPostProcessorConfiguration.objectPostProcessor()
[DEBUG] Registered bean definition for imported class &apos;org.springframework.security.config.annotation.web.configuration.WebMvcSecurityConfiguration&apos;
[DEBUG] Registering bean definition for @Bean method org.springframework.security.config.annotation.web.configuration.WebMvcSecurityConfiguration.requestDataValueProcessor()
[DEBUG] Registering bean definition for @Bean method com.crossover.trial.journals.config.WebSecurityConfig.passwordEncoder()
[DEBUG] Registered bean definition for imported class &apos;org.springframework.boot.autoconfigure.PropertyPlaceholderAutoConfiguration&apos;
[DEBUG] Creating shared instance of singleton bean &apos;org.springframework.boot.autoconfigure.condition.BeanTypeRegistry&apos;
[DEBUG] Creating instance of bean &apos;org.springframework.boot.autoconfigure.condition.BeanTypeRegistry&apos;
[DEBUG] Eagerly caching bean &apos;org.springframework.boot.autoconfigure.condition.BeanTypeRegistry&apos; to allow for resolving potential circular references
[DEBUG] Finished creating instance of bean &apos;org.springframework.boot.autoconfigure.condition.BeanTypeRegistry&apos;
[DEBUG] Returning cached instance of singleton bean &apos;autoConfigurationReport&apos;
[DEBUG] Registering bean definition for @Bean method org.springframework.boot.autoconfigure.PropertyPlaceholderAutoConfiguration.propertySourcesPlaceholderConfigurer()
[DEBUG] Returning cached instance of singleton bean &apos;autoConfigurationReport&apos;
[DEBUG] Returning cached instance of singleton bean &apos;autoConfigurationReport&apos;
[DEBUG] Returning cached instance of singleton bean &apos;autoConfigurationReport&apos;
[DEBUG] Registered bean definition for imported class &apos;org.springframework.boot.autoconfigure.websocket.WebSocketAutoConfiguration$TomcatWebSocketConfiguration&apos;
[DEBUG] Returning cached instance of singleton bean &apos;autoConfigurationReport&apos;
[DEBUG] Returning cached instance of singleton bean &apos;autoConfigurationReport&apos;
[DEBUG] Registering bean definition for @Bean method org.springframework.boot.autoconfigure.websocket.WebSocketAutoConfiguration$TomcatWebSocketConfiguration.websocketContainerCustomizer()
[DEBUG] Registered bean definition for imported class &apos;org.springframework.boot.autoconfigure.websocket.WebSocketAutoConfiguration&apos;
[DEBUG] Returning cached instance of singleton bean &apos;autoConfigurationReport&apos;
[DEBUG] Returning cached instance of singleton bean &apos;autoConfigurationReport&apos;
[DEBUG] Returning cached instance of singleton bean &apos;org.springframework.boot.autoconfigure.condition.BeanTypeRegistry&apos;
[DEBUG] Returning cached instance of singleton bean &apos;autoConfigurationReport&apos;
[DEBUG] Registered bean definition for imported class &apos;org.springframework.boot.autoconfigure.web.EmbeddedServletContainerAutoConfiguration$EmbeddedTomcat&apos;
[DEBUG] Registering bean definition for @Bean method org.springframework.boot.autoconfigure.web.EmbeddedServletContainerAutoConfiguration$EmbeddedTomcat.tomcatEmbeddedServletContainerFactory()
[DEBUG] Registered bean definition for imported class &apos;org.springframework.boot.autoconfigure.web.EmbeddedServletContainerAutoConfiguration&apos;
[DEBUG] Returning cached instance of singleton bean &apos;autoConfigurationReport&apos;
[DEBUG] Returning cached instance of singleton bean &apos;autoConfigurationReport&apos;
[DEBUG] Returning cached instance of singleton bean &apos;autoConfigurationReport&apos;
[DEBUG] Returning cached instance of singleton bean &apos;autoConfigurationReport&apos;
[DEBUG] Registered bean definition for imported class &apos;org.springframework.boot.autoconfigure.web.DispatcherServletAutoConfiguration$DispatcherServletConfiguration&apos;
[DEBUG] Registering bean definition for @Bean method org.springframework.boot.autoconfigure.web.DispatcherServletAutoConfiguration$DispatcherServletConfiguration.dispatcherServlet()
[DEBUG] Registering bean definition for @Bean method org.springframework.boot.autoconfigure.web.DispatcherServletAutoConfiguration$DispatcherServletConfiguration.dispatcherServletRegistration()
[DEBUG] Returning cached instance of singleton bean &apos;org.springframework.boot.autoconfigure.condition.BeanTypeRegistry&apos;
[DEBUG] Returning cached instance of singleton bean &apos;autoConfigurationReport&apos;
[DEBUG] Registered bean definition for imported class &apos;org.springframework.boot.autoconfigure.web.DispatcherServletAutoConfiguration&apos;
[DEBUG] Returning cached instance of singleton bean &apos;autoConfigurationReport&apos;
[DEBUG] Returning cached instance of singleton bean &apos;autoConfigurationReport&apos;
[DEBUG] Returning cached instance of singleton bean &apos;autoConfigurationReport&apos;
[DEBUG] Returning cached instance of singleton bean &apos;autoConfigurationReport&apos;
[DEBUG] Registered bean definition for imported class &apos;org.springframework.boot.autoconfigure.web.ErrorMvcAutoConfiguration$WhitelabelErrorViewConfiguration&apos;
[DEBUG] Returning cached instance of singleton bean &apos;autoConfigurationReport&apos;
[DEBUG] Registering bean definition for @Bean method org.springframework.boot.autoconfigure.web.ErrorMvcAutoConfiguration$WhitelabelErrorViewConfiguration.error()
[DEBUG] Returning cached instance of singleton bean &apos;org.springframework.boot.autoconfigure.condition.BeanTypeRegistry&apos;
[DEBUG] Returning cached instance of singleton bean &apos;autoConfigurationReport&apos;
[DEBUG] Registering bean definition for @Bean method org.springframework.boot.autoconfigure.web.ErrorMvcAutoConfiguration$WhitelabelErrorViewConfiguration.beanNameViewResolver()
[DEBUG] Registered bean definition for imported class &apos;org.springframework.boot.autoconfigure.web.ErrorMvcAutoConfiguration&apos;
[DEBUG] Returning cached instance of singleton bean &apos;org.springframework.boot.autoconfigure.condition.BeanTypeRegistry&apos;
[DEBUG] Returning cached instance of singleton bean &apos;autoConfigurationReport&apos;
[DEBUG] Registering bean definition for @Bean method org.springframework.boot.autoconfigure.web.ErrorMvcAutoConfiguration.errorAttributes()
[DEBUG] Returning cached instance of singleton bean &apos;org.springframework.boot.autoconfigure.condition.BeanTypeRegistry&apos;
[DEBUG] Returning cached instance of singleton bean &apos;autoConfigurationReport&apos;
[DEBUG] Registering bean definition for @Bean method org.springframework.boot.autoconfigure.web.ErrorMvcAutoConfiguration.basicErrorController()
[DEBUG] Registering bean definition for @Bean method org.springframework.boot.autoconfigure.web.ErrorMvcAutoConfiguration.errorPageCustomizer()
[DEBUG] Registering bean definition for @Bean method org.springframework.boot.autoconfigure.web.ErrorMvcAutoConfiguration.preserveErrorControllerTargetClassPostProcessor()
[DEBUG] Returning cached instance of singleton bean &apos;autoConfigurationReport&apos;
[DEBUG] Returning cached instance of singleton bean &apos;autoConfigurationReport&apos;
[DEBUG] Returning cached instance of singleton bean &apos;org.springframework.boot.autoconfigure.condition.BeanTypeRegistry&apos;
[DEBUG] Returning cached instance of singleton bean &apos;autoConfigurationReport&apos;
[DEBUG] Registered bean definition for imported class &apos;org.springframework.boot.autoconfigure.web.WebMvcAutoConfiguration$EnableWebMvcConfiguration&apos;
[DEBUG] Registering bean definition for @Bean method org.springframework.boot.autoconfigure.web.WebMvcAutoConfiguration$EnableWebMvcConfiguration.requestMappingHandlerAdapter()
[DEBUG] Registering bean definition for @Bean method org.springframework.boot.autoconfigure.web.WebMvcAutoConfiguration$EnableWebMvcConfiguration.requestMappingHandlerMapping()
[DEBUG] Registering bean definition for @Bean method org.springframework.boot.autoconfigure.web.WebMvcAutoConfiguration$EnableWebMvcConfiguration.mvcContentNegotiationManager()
[DEBUG] Registering bean definition for @Bean method org.springframework.boot.autoconfigure.web.WebMvcAutoConfiguration$EnableWebMvcConfiguration.viewControllerHandlerMapping()
[DEBUG] Registering bean definition for @Bean method org.springframework.boot.autoconfigure.web.WebMvcAutoConfiguration$EnableWebMvcConfiguration.beanNameHandlerMapping()
[DEBUG] Registering bean definition for @Bean method org.springframework.boot.autoconfigure.web.WebMvcAutoConfiguration$EnableWebMvcConfiguration.resourceHandlerMapping()
[DEBUG] Registering bean definition for @Bean method org.springframework.boot.autoconfigure.web.WebMvcAutoConfiguration$EnableWebMvcConfiguration.mvcResourceUrlProvider()
[DEBUG] Registering bean definition for @Bean method org.springframework.boot.autoconfigure.web.WebMvcAutoConfiguration$EnableWebMvcConfiguration.defaultServletHandlerMapping()
[DEBUG] Registering bean definition for @Bean method org.springframework.boot.autoconfigure.web.WebMvcAutoConfiguration$EnableWebMvcConfiguration.mvcConversionService()
[DEBUG] Registering bean definition for @Bean method org.springframework.boot.autoconfigure.web.WebMvcAutoConfiguration$EnableWebMvcConfiguration.mvcValidator()
[DEBUG] Registering bean definition for @Bean method org.springframework.boot.autoconfigure.web.WebMvcAutoConfiguration$EnableWebMvcConfiguration.mvcPathMatcher()
[DEBUG] Registering bean definition for @Bean method org.springframework.boot.autoconfigure.web.WebMvcAutoConfiguration$EnableWebMvcConfiguration.mvcUrlPathHelper()
[DEBUG] Registering bean definition for @Bean method org.springframework.boot.autoconfigure.web.WebMvcAutoConfiguration$EnableWebMvcConfiguration.mvcUriComponentsContributor()
[DEBUG] Registering bean definition for @Bean method org.springframework.boot.autoconfigure.web.WebMvcAutoConfiguration$EnableWebMvcConfiguration.httpRequestHandlerAdapter()
[DEBUG] Registering bean definition for @Bean method org.springframework.boot.autoconfigure.web.WebMvcAutoConfiguration$EnableWebMvcConfiguration.simpleControllerHandlerAdapter()
[DEBUG] Registering bean definition for @Bean method org.springframework.boot.autoconfigure.web.WebMvcAutoConfiguration$EnableWebMvcConfiguration.handlerExceptionResolver()
[DEBUG] Registering bean definition for @Bean method org.springframework.boot.autoconfigure.web.WebMvcAutoConfiguration$EnableWebMvcConfiguration.mvcViewResolver()
[DEBUG] Returning cached instance of singleton bean &apos;autoConfigurationReport&apos;
[DEBUG] Registered bean definition for imported class &apos;org.springframework.boot.autoconfigure.web.WebMvcAutoConfiguration$WebMvcAutoConfigurationAdapter$FaviconConfiguration&apos;
[DEBUG] Registering bean definition for @Bean method org.springframework.boot.autoconfigure.web.WebMvcAutoConfiguration$WebMvcAutoConfigurationAdapter$FaviconConfiguration.faviconHandlerMapping()
[DEBUG] Registering bean definition for @Bean method org.springframework.boot.autoconfigure.web.WebMvcAutoConfiguration$WebMvcAutoConfigurationAdapter$FaviconConfiguration.faviconRequestHandler()
[DEBUG] Registered bean definition for imported class &apos;org.springframework.boot.autoconfigure.web.WebMvcAutoConfiguration$WebMvcAutoConfigurationAdapter&apos;
[DEBUG] Returning cached instance of singleton bean &apos;org.springframework.boot.autoconfigure.condition.BeanTypeRegistry&apos;
[DEBUG] Returning cached instance of singleton bean &apos;autoConfigurationReport&apos;
[DEBUG] Registering bean definition for @Bean method org.springframework.boot.autoconfigure.web.WebMvcAutoConfiguration$WebMvcAutoConfigurationAdapter.defaultViewResolver()
[DEBUG] Returning cached instance of singleton bean &apos;org.springframework.boot.autoconfigure.condition.BeanTypeRegistry&apos;
[DEBUG] Returning cached instance of singleton bean &apos;org.springframework.boot.autoconfigure.condition.BeanTypeRegistry&apos;
[DEBUG] Returning cached instance of singleton bean &apos;autoConfigurationReport&apos;
[DEBUG] Registering bean definition for @Bean method org.springframework.boot.autoconfigure.web.WebMvcAutoConfiguration$WebMvcAutoConfigurationAdapter.requestContextFilter()
[DEBUG] Returning cached instance of singleton bean &apos;org.springframework.boot.autoconfigure.condition.BeanTypeRegistry&apos;
[DEBUG] Returning cached instance of singleton bean &apos;autoConfigurationReport&apos;
[DEBUG] Registering bean definition for @Bean method org.springframework.boot.autoconfigure.web.WebMvcAutoConfiguration$WebMvcAutoConfigurationAdapter.beanNameViewResolver()
[INFO] Overriding bean definition for bean &apos;beanNameViewResolver&apos; with a different definition: replacing [Root bean: class [null]; scope=; abstract=false; lazyInit=false; autowireMode=3; dependencyCheck=0; autowireCandidate=true; primary=false; factoryBeanName=org.springframework.boot.autoconfigure.web.ErrorMvcAutoConfiguration$WhitelabelErrorViewConfiguration; factoryMethodName=beanNameViewResolver; initMethodName=null; destroyMethodName=(inferred); defined in class path resource [org/springframework/boot/autoconfigure/web/ErrorMvcAutoConfiguration$WhitelabelErrorViewConfiguration.class]] with [Root bean: class [null]; scope=; abstract=false; lazyInit=false; autowireMode=3; dependencyCheck=0; autowireCandidate=true; primary=false; factoryBeanName=org.springframework.boot.autoconfigure.web.WebMvcAutoConfiguration$WebMvcAutoConfigurationAdapter; factoryMethodName=beanNameViewResolver; initMethodName=null; destroyMethodName=(inferred); defined in class path resource [org/springframework/boot/autoconfigure/web/WebMvcAutoConfiguration$WebMvcAutoConfigurationAdapter.class]]
[DEBUG] Returning cached instance of singleton bean &apos;org.springframework.boot.autoconfigure.condition.BeanTypeRegistry&apos;
[DEBUG] Returning cached instance of singleton bean &apos;org.springframework.boot.autoconfigure.condition.BeanTypeRegistry&apos;
[DEBUG] Returning cached instance of singleton bean &apos;autoConfigurationReport&apos;
[DEBUG] Returning cached instance of singleton bean &apos;org.springframework.boot.autoconfigure.condition.BeanTypeRegistry&apos;
[DEBUG] Returning cached instance of singleton bean &apos;org.springframework.boot.autoconfigure.condition.BeanTypeRegistry&apos;
[DEBUG] Returning cached instance of singleton bean &apos;autoConfigurationReport&apos;
[DEBUG] Registering bean definition for @Bean method org.springframework.boot.autoconfigure.web.WebMvcAutoConfiguration$WebMvcAutoConfigurationAdapter.viewResolver()
[DEBUG] Returning cached instance of singleton bean &apos;org.springframework.boot.autoconfigure.condition.BeanTypeRegistry&apos;
[DEBUG] Returning cached instance of singleton bean &apos;autoConfigurationReport&apos;
[DEBUG] Returning cached instance of singleton bean &apos;autoConfigurationReport&apos;
[DEBUG] Returning cached instance of singleton bean &apos;autoConfigurationReport&apos;
[DEBUG] Registered bean definition for imported class &apos;org.springframework.boot.autoconfigure.web.WebMvcAutoConfiguration&apos;
[DEBUG] Returning cached instance of singleton bean &apos;org.springframework.boot.autoconfigure.condition.BeanTypeRegistry&apos;
[DEBUG] Returning cached instance of singleton bean &apos;autoConfigurationReport&apos;
[DEBUG] Registering bean definition for @Bean method org.springframework.boot.autoconfigure.web.WebMvcAutoConfiguration.hiddenHttpMethodFilter()
[DEBUG] Returning cached instance of singleton bean &apos;org.springframework.boot.autoconfigure.condition.BeanTypeRegistry&apos;
[DEBUG] Returning cached instance of singleton bean &apos;autoConfigurationReport&apos;
[DEBUG] Registering bean definition for @Bean method org.springframework.boot.autoconfigure.web.WebMvcAutoConfiguration.httpPutFormContentFilter()
[DEBUG] Returning cached instance of singleton bean &apos;autoConfigurationReport&apos;
[DEBUG] Returning cached instance of singleton bean &apos;autoConfigurationReport&apos;
[DEBUG] Returning cached instance of singleton bean &apos;autoConfigurationReport&apos;
[DEBUG] Registered bean definition for imported class &apos;org.springframework.boot.autoconfigure.aop.AopAutoConfiguration$JdkDynamicAutoProxyConfiguration&apos;
[DEBUG] Registered bean definition for imported class &apos;org.springframework.boot.autoconfigure.aop.AopAutoConfiguration&apos;
[DEBUG] Returning cached instance of singleton bean &apos;autoConfigurationReport&apos;
[DEBUG] Returning cached instance of singleton bean &apos;autoConfigurationReport&apos;
[DEBUG] Registered bean definition for imported class &apos;org.springframework.boot.autoconfigure.transaction.jta.JtaAutoConfiguration&apos;
[DEBUG] Returning cached instance of singleton bean &apos;autoConfigurationReport&apos;
[DEBUG] Returning cached instance of singleton bean &apos;org.springframework.boot.autoconfigure.condition.BeanTypeRegistry&apos;
[DEBUG] Returning cached instance of singleton bean &apos;autoConfigurationReport&apos;
[DEBUG] Returning cached instance of singleton bean &apos;autoConfigurationReport&apos;
[DEBUG] Returning cached instance of singleton bean &apos;autoConfigurationReport&apos;
[DEBUG] Registered bean definition for imported class &apos;org.springframework.boot.autoconfigure.jdbc.DataSourceAutoConfiguration$JdbcTemplateConfiguration&apos;
[DEBUG] Returning cached instance of singleton bean &apos;org.springframework.boot.autoconfigure.condition.BeanTypeRegistry&apos;
[DEBUG] Returning cached instance of singleton bean &apos;autoConfigurationReport&apos;
[DEBUG] Registering bean definition for @Bean method org.springframework.boot.autoconfigure.jdbc.DataSourceAutoConfiguration$JdbcTemplateConfiguration.jdbcTemplate()
[DEBUG] Returning cached instance of singleton bean &apos;org.springframework.boot.autoconfigure.condition.BeanTypeRegistry&apos;
[DEBUG] Returning cached instance of singleton bean &apos;autoConfigurationReport&apos;
[DEBUG] Registering bean definition for @Bean method org.springframework.boot.autoconfigure.jdbc.DataSourceAutoConfiguration$JdbcTemplateConfiguration.namedParameterJdbcTemplate()
[DEBUG] Returning cached instance of singleton bean &apos;autoConfigurationReport&apos;
[DEBUG] Returning cached instance of singleton bean &apos;org.springframework.boot.autoconfigure.condition.BeanTypeRegistry&apos;
[DEBUG] Returning cached instance of singleton bean &apos;org.springframework.boot.autoconfigure.condition.BeanTypeRegistry&apos;
[DEBUG] Returning cached instance of singleton bean &apos;autoConfigurationReport&apos;
[DEBUG] Registered bean definition for imported class &apos;org.springframework.boot.autoconfigure.jdbc.DataSourceAutoConfiguration$NonEmbeddedConfiguration&apos;
[DEBUG] Registering bean definition for @Bean method org.springframework.boot.autoconfigure.jdbc.DataSourceAutoConfiguration$NonEmbeddedConfiguration.dataSource()
[DEBUG] Returning cached instance of singleton bean &apos;org.springframework.boot.autoconfigure.condition.BeanTypeRegistry&apos;
[DEBUG] Returning cached instance of singleton bean &apos;autoConfigurationReport&apos;
[DEBUG] Registered bean definition for imported class &apos;org.springframework.boot.autoconfigure.jdbc.DataSourceAutoConfiguration$DataSourceInitializerConfiguration&apos;
[DEBUG] Registering bean definition for @Bean method org.springframework.boot.autoconfigure.jdbc.DataSourceAutoConfiguration$DataSourceInitializerConfiguration.dataSourceInitializer()
[DEBUG] Returning cached instance of singleton bean &apos;autoConfigurationReport&apos;
[DEBUG] Registered bean definition for imported class &apos;org.springframework.boot.autoconfigure.jdbc.metadata.DataSourcePoolMetadataProvidersConfiguration$TomcatDataSourcePoolMetadataProviderConfiguration&apos;
[DEBUG] Registering bean definition for @Bean method org.springframework.boot.autoconfigure.jdbc.metadata.DataSourcePoolMetadataProvidersConfiguration$TomcatDataSourcePoolMetadataProviderConfiguration.tomcatPoolDataSourceMetadataProvider()
[DEBUG] Registered bean definition for imported class &apos;org.springframework.boot.autoconfigure.jdbc.metadata.DataSourcePoolMetadataProvidersConfiguration&apos;
[DEBUG] Registered bean definition for imported class &apos;org.springframework.boot.autoconfigure.jdbc.DataSourceAutoConfiguration&apos;
[DEBUG] Returning cached instance of singleton bean &apos;autoConfigurationReport&apos;
[DEBUG] Returning cached instance of singleton bean &apos;org.springframework.boot.autoconfigure.condition.BeanTypeRegistry&apos;
[DEBUG] Returning cached instance of singleton bean &apos;autoConfigurationReport&apos;
[DEBUG] Returning cached instance of singleton bean &apos;autoConfigurationReport&apos;
[DEBUG] Returning cached instance of singleton bean &apos;autoConfigurationReport&apos;
[DEBUG] Returning cached instance of singleton bean &apos;autoConfigurationReport&apos;
[DEBUG] Returning cached instance of singleton bean &apos;autoConfigurationReport&apos;
[DEBUG] Returning cached instance of singleton bean &apos;org.springframework.boot.autoconfigure.condition.BeanTypeRegistry&apos;
[DEBUG] Returning cached instance of singleton bean &apos;org.springframework.boot.autoconfigure.condition.BeanTypeRegistry&apos;
[DEBUG] Returning cached instance of singleton bean &apos;autoConfigurationReport&apos;
[DEBUG] Returning cached instance of singleton bean &apos;autoConfigurationReport&apos;
[DEBUG] Registered bean definition for imported class &apos;org.springframework.boot.autoconfigure.orm.jpa.JpaBaseConfiguration$JpaWebConfiguration$JpaWebMvcConfiguration&apos;
[DEBUG] Registering bean definition for @Bean method org.springframework.boot.autoconfigure.orm.jpa.JpaBaseConfiguration$JpaWebConfiguration$JpaWebMvcConfiguration.openEntityManagerInViewInterceptor()
[DEBUG] Registered bean definition for imported class &apos;org.springframework.boot.autoconfigure.orm.jpa.JpaBaseConfiguration$JpaWebConfiguration&apos;
[DEBUG] Registered bean definition for imported class &apos;org.springframework.boot.autoconfigure.orm.jpa.HibernateJpaAutoConfiguration&apos;
[DEBUG] Returning cached instance of singleton bean &apos;org.springframework.boot.autoconfigure.condition.BeanTypeRegistry&apos;
[DEBUG] Returning cached instance of singleton bean &apos;autoConfigurationReport&apos;
[DEBUG] Registering bean definition for @Bean method org.springframework.boot.autoconfigure.orm.jpa.HibernateJpaAutoConfiguration.transactionManager()
[DEBUG] Returning cached instance of singleton bean &apos;org.springframework.boot.autoconfigure.condition.BeanTypeRegistry&apos;
[DEBUG] Returning cached instance of singleton bean &apos;autoConfigurationReport&apos;
[DEBUG] Registering bean definition for @Bean method org.springframework.boot.autoconfigure.orm.jpa.HibernateJpaAutoConfiguration.jpaVendorAdapter()
[DEBUG] Returning cached instance of singleton bean &apos;org.springframework.boot.autoconfigure.condition.BeanTypeRegistry&apos;
[DEBUG] Returning cached instance of singleton bean &apos;autoConfigurationReport&apos;
[DEBUG] Registering bean definition for @Bean method org.springframework.boot.autoconfigure.orm.jpa.HibernateJpaAutoConfiguration.entityManagerFactoryBuilder()
[DEBUG] Returning cached instance of singleton bean &apos;org.springframework.boot.autoconfigure.condition.BeanTypeRegistry&apos;
[DEBUG] Returning cached instance of singleton bean &apos;org.springframework.boot.autoconfigure.condition.BeanTypeRegistry&apos;
[DEBUG] Returning cached instance of singleton bean &apos;autoConfigurationReport&apos;
[DEBUG] Registering bean definition for @Bean method org.springframework.boot.autoconfigure.orm.jpa.HibernateJpaAutoConfiguration.entityManagerFactory()
[DEBUG] Registered bean definition for imported class &apos;org.springframework.boot.autoconfigure.context.ConfigurationPropertiesAutoConfiguration&apos;
[DEBUG] Returning cached instance of singleton bean &apos;autoConfigurationReport&apos;
[DEBUG] Registered bean definition for imported class &apos;org.springframework.boot.autoconfigure.dao.PersistenceExceptionTranslationAutoConfiguration&apos;
[DEBUG] Returning cached instance of singleton bean &apos;org.springframework.boot.autoconfigure.condition.BeanTypeRegistry&apos;
[DEBUG] Returning cached instance of singleton bean &apos;autoConfigurationReport&apos;
[DEBUG] Returning cached instance of singleton bean &apos;autoConfigurationReport&apos;
[DEBUG] Registering bean definition for @Bean method org.springframework.boot.autoconfigure.dao.PersistenceExceptionTranslationAutoConfiguration.persistenceExceptionTranslationPostProcessor()
[DEBUG] Returning cached instance of singleton bean &apos;autoConfigurationReport&apos;
[DEBUG] Returning cached instance of singleton bean &apos;org.springframework.boot.autoconfigure.condition.BeanTypeRegistry&apos;
[DEBUG] Returning cached instance of singleton bean &apos;org.springframework.boot.autoconfigure.condition.BeanTypeRegistry&apos;
[DEBUG] Returning cached instance of singleton bean &apos;org.springframework.boot.autoconfigure.condition.BeanTypeRegistry&apos;
[DEBUG] Returning cached instance of singleton bean &apos;autoConfigurationReport&apos;
[DEBUG] Returning cached instance of singleton bean &apos;org.springframework.boot.autoconfigure.condition.BeanTypeRegistry&apos;
[DEBUG] Returning cached instance of singleton bean &apos;org.springframework.boot.autoconfigure.condition.BeanTypeRegistry&apos;
[DEBUG] Returning cached instance of singleton bean &apos;org.springframework.boot.autoconfigure.condition.BeanTypeRegistry&apos;
[DEBUG] Returning cached instance of singleton bean &apos;autoConfigurationReport&apos;
[DEBUG] Returning cached instance of singleton bean &apos;autoConfigurationReport&apos;
[DEBUG] Registered bean definition for imported class &apos;org.springframework.boot.autoconfigure.data.jpa.JpaRepositoriesAutoConfiguration&apos;
[DEBUG] Adding [systemProperties] PropertySource with lowest search precedence
[DEBUG] Adding [systemEnvironment] PropertySource with lowest search precedence
[DEBUG] Initialized StandardEnvironment with PropertySources [systemProperties,systemEnvironment]
[DEBUG] Resolved classpath location [org/springframework/data/] to resources [URL [jar:file:/C:/Users/Adi/.m2/repository/org/springframework/data/spring-data-jpa/1.9.4.RELEASE/spring-data-jpa-1.9.4.RELEASE.jar!/org/springframework/data/], URL [jar:file:/C:/Users/Adi/.m2/repository/org/springframework/data/spring-data-commons/1.11.4.RELEASE/spring-data-commons-1.11.4.RELEASE.jar!/org/springframework/data/]]
[DEBUG] Looking for matching resources in jar file [file:/C:/Users/Adi/.m2/repository/org/springframework/data/spring-data-jpa/1.9.4.RELEASE/spring-data-jpa-1.9.4.RELEASE.jar]
[DEBUG] Looking for matching resources in jar file [file:/C:/Users/Adi/.m2/repository/org/springframework/data/spring-data-commons/1.11.4.RELEASE/spring-data-commons-1.11.4.RELEASE.jar]
[DEBUG] Resolved location pattern [classpath*:org/springframework/data/**/repository/support/**/*.class] to resources [URL [jar:file:/C:/Users/Adi/.m2/repository/org/springframework/data/spring-data-jpa/1.9.4.RELEASE/spring-data-jpa-1.9.4.RELEASE.jar!/org/springframework/data/jpa/repository/support/Querydsl$1.class], URL [jar:file:/C:/Users/Adi/.m2/repository/org/springframework/data/spring-data-jpa/1.9.4.RELEASE/spring-data-jpa-1.9.4.RELEASE.jar!/org/springframework/data/jpa/repository/support/CrudMethodMetadataPostProcessor$ThreadBoundTargetSource.class], URL [jar:file:/C:/Users/Adi/.m2/repository/org/springframework/data/spring-data-jpa/1.9.4.RELEASE/spring-data-jpa-1.9.4.RELEASE.jar!/org/springframework/data/jpa/repository/support/JpaPersistableEntityInformation.class], URL [jar:file:/C:/Users/Adi/.m2/repository/org/springframework/data/spring-data-jpa/1.9.4.RELEASE/spring-data-jpa-1.9.4.RELEASE.jar!/org/springframework/data/jpa/repository/support/CrudMethodMetadataPostProcessor.class], URL [jar:file:/C:/Users/Adi/.m2/repository/org/springframework/data/spring-data-jpa/1.9.4.RELEASE/spring-data-jpa-1.9.4.RELEASE.jar!/org/springframework/data/jpa/repository/support/CrudMethodMetadataPostProcessor$1.class], URL [jar:file:/C:/Users/Adi/.m2/repository/org/springframework/data/spring-data-jpa/1.9.4.RELEASE/spring-data-jpa-1.9.4.RELEASE.jar!/org/springframework/data/jpa/repository/support/JpaEntityInformation.class], URL [jar:file:/C:/Users/Adi/.m2/repository/org/springframework/data/spring-data-jpa/1.9.4.RELEASE/spring-data-jpa-1.9.4.RELEASE.jar!/org/springframework/data/jpa/repository/support/JpaMetamodelEntityInformation.class], URL [jar:file:/C:/Users/Adi/.m2/repository/org/springframework/data/spring-data-jpa/1.9.4.RELEASE/spring-data-jpa-1.9.4.RELEASE.jar!/org/springframework/data/jpa/repository/support/JpaMetamodelEntityInformation$IdMetadata.class], URL [jar:file:/C:/Users/Adi/.m2/repository/org/springframework/data/spring-data-jpa/1.9.4.RELEASE/spring-data-jpa-1.9.4.RELEASE.jar!/org/springframework/data/jpa/repository/support/JpaEntityInformationSupport.class], URL [jar:file:/C:/Users/Adi/.m2/repository/org/springframework/data/spring-data-jpa/1.9.4.RELEASE/spring-data-jpa-1.9.4.RELEASE.jar!/org/springframework/data/jpa/repository/support/QueryDslRepositorySupport.class], URL [jar:file:/C:/Users/Adi/.m2/repository/org/springframework/data/spring-data-jpa/1.9.4.RELEASE/spring-data-jpa-1.9.4.RELEASE.jar!/org/springframework/data/jpa/repository/support/JpaRepositoryFactory.class], URL [jar:file:/C:/Users/Adi/.m2/repository/org/springframework/data/spring-data-jpa/1.9.4.RELEASE/spring-data-jpa-1.9.4.RELEASE.jar!/org/springframework/data/jpa/repository/support/CrudMethodMetadataPostProcessor$DefaultCrudMethodMetadata.class], URL [jar:file:/C:/Users/Adi/.m2/repository/org/springframework/data/spring-data-jpa/1.9.4.RELEASE/spring-data-jpa-1.9.4.RELEASE.jar!/org/springframework/data/jpa/repository/support/SimpleJpaRepository.class], URL [jar:file:/C:/Users/Adi/.m2/repository/org/springframework/data/spring-data-jpa/1.9.4.RELEASE/spring-data-jpa-1.9.4.RELEASE.jar!/org/springframework/data/jpa/repository/support/Querydsl.class], URL [jar:file:/C:/Users/Adi/.m2/repository/org/springframework/data/spring-data-jpa/1.9.4.RELEASE/spring-data-jpa-1.9.4.RELEASE.jar!/org/springframework/data/jpa/repository/support/CrudMethodMetadata.class], URL [jar:file:/C:/Users/Adi/.m2/repository/org/springframework/data/spring-data-jpa/1.9.4.RELEASE/spring-data-jpa-1.9.4.RELEASE.jar!/org/springframework/data/jpa/repository/support/CrudMethodMetadataPostProcessor$CrudMethodMetadataPopulatingMethodInterceptor.class], URL [jar:file:/C:/Users/Adi/.m2/repository/org/springframework/data/spring-data-jpa/1.9.4.RELEASE/spring-data-jpa-1.9.4.RELEASE.jar!/org/springframework/data/jpa/repository/support/EntityManagerBeanDefinitionRegistrarPostProcessor.class], URL [jar:file:/C:/Users/Adi/.m2/repository/org/springframework/data/spring-data-jpa/1.9.4.RELEASE/spring-data-jpa-1.9.4.RELEASE.jar!/org/springframework/data/jpa/repository/support/JpaMetamodelEntityInformation$IdentifierDerivingDirectFieldAccessFallbackBeanWrapper.class], URL [jar:file:/C:/Users/Adi/.m2/repository/org/springframework/data/spring-data-jpa/1.9.4.RELEASE/spring-data-jpa-1.9.4.RELEASE.jar!/org/springframework/data/jpa/repository/support/QueryDslJpaRepository.class], URL [jar:file:/C:/Users/Adi/.m2/repository/org/springframework/data/spring-data-jpa/1.9.4.RELEASE/spring-data-jpa-1.9.4.RELEASE.jar!/org/springframework/data/jpa/repository/support/JpaRepositoryFactoryBean.class], URL [jar:file:/C:/Users/Adi/.m2/repository/org/springframework/data/spring-data-jpa/1.9.4.RELEASE/spring-data-jpa-1.9.4.RELEASE.jar!/org/springframework/data/jpa/repository/support/DefaultJpaContext.class], URL [jar:file:/C:/Users/Adi/.m2/repository/org/springframework/data/spring-data-jpa/1.9.4.RELEASE/spring-data-jpa-1.9.4.RELEASE.jar!/org/springframework/data/jpa/repository/support/SimpleJpaRepository$ByIdsSpecification.class], URL [jar:file:/C:/Users/Adi/.m2/repository/org/springframework/data/spring-data-commons/1.11.4.RELEASE/spring-data-commons-1.11.4.RELEASE.jar!/org/springframework/data/repository/support/DomainClassConverter$ConversionMatchAbbreviationException.class], URL [jar:file:/C:/Users/Adi/.m2/repository/org/springframework/data/spring-data-commons/1.11.4.RELEASE/spring-data-commons-1.11.4.RELEASE.jar!/org/springframework/data/repository/support/DomainClassConverter$ToIdConverter.class], URL [jar:file:/C:/Users/Adi/.m2/repository/org/springframework/data/spring-data-commons/1.11.4.RELEASE/spring-data-commons-1.11.4.RELEASE.jar!/org/springframework/data/repository/support/Repositories$EmptyRepositoryFactoryInformation.class], URL [jar:file:/C:/Users/Adi/.m2/repository/org/springframework/data/spring-data-commons/1.11.4.RELEASE/spring-data-commons-1.11.4.RELEASE.jar!/org/springframework/data/repository/support/PagingAndSortingRepositoryInvoker.class], URL [jar:file:/C:/Users/Adi/.m2/repository/org/springframework/data/spring-data-commons/1.11.4.RELEASE/spring-data-commons-1.11.4.RELEASE.jar!/org/springframework/data/repository/support/QueryMethodParameterConversionException.class], URL [jar:file:/C:/Users/Adi/.m2/repository/org/springframework/data/spring-data-commons/1.11.4.RELEASE/spring-data-commons-1.11.4.RELEASE.jar!/org/springframework/data/repository/support/MethodParameters.class], URL [jar:file:/C:/Users/Adi/.m2/repository/org/springframework/data/spring-data-commons/1.11.4.RELEASE/spring-data-commons-1.11.4.RELEASE.jar!/org/springframework/data/repository/support/RepositoryInvoker.class], URL [jar:file:/C:/Users/Adi/.m2/repository/org/springframework/data/spring-data-commons/1.11.4.RELEASE/spring-data-commons-1.11.4.RELEASE.jar!/org/springframework/data/repository/support/RepositoryInvokerFactory.class], URL [jar:file:/C:/Users/Adi/.m2/repository/org/springframework/data/spring-data-commons/1.11.4.RELEASE/spring-data-commons-1.11.4.RELEASE.jar!/org/springframework/data/repository/support/DomainClassPropertyEditorRegistrar.class], URL [jar:file:/C:/Users/Adi/.m2/repository/org/springframework/data/spring-data-commons/1.11.4.RELEASE/spring-data-commons-1.11.4.RELEASE.jar!/org/springframework/data/repository/support/AnnotationAttribute.class], URL [jar:file:/C:/Users/Adi/.m2/repository/org/springframework/data/spring-data-commons/1.11.4.RELEASE/spring-data-commons-1.11.4.RELEASE.jar!/org/springframework/data/repository/support/DefaultRepositoryInvokerFactory.class], URL [jar:file:/C:/Users/Adi/.m2/repository/org/springframework/data/spring-data-commons/1.11.4.RELEASE/spring-data-commons-1.11.4.RELEASE.jar!/org/springframework/data/repository/support/MethodParameters$AnnotationNamingMethodParameter.class], URL [jar:file:/C:/Users/Adi/.m2/repository/org/springframework/data/spring-data-commons/1.11.4.RELEASE/spring-data-commons-1.11.4.RELEASE.jar!/org/springframework/data/repository/support/CrudRepositoryInvoker.class], URL [jar:file:/C:/Users/Adi/.m2/repository/org/springframework/data/spring-data-commons/1.11.4.RELEASE/spring-data-commons-1.11.4.RELEASE.jar!/org/springframework/data/repository/support/Repositories.class], URL [jar:file:/C:/Users/Adi/.m2/repository/org/springframework/data/spring-data-commons/1.11.4.RELEASE/spring-data-commons-1.11.4.RELEASE.jar!/org/springframework/data/repository/support/DomainClassConverter$ToEntityConverter.class], URL [jar:file:/C:/Users/Adi/.m2/repository/org/springframework/data/spring-data-commons/1.11.4.RELEASE/spring-data-commons-1.11.4.RELEASE.jar!/org/springframework/data/repository/support/ReflectionRepositoryInvoker.class], URL [jar:file:/C:/Users/Adi/.m2/repository/org/springframework/data/spring-data-commons/1.11.4.RELEASE/spring-data-commons-1.11.4.RELEASE.jar!/org/springframework/data/repository/support/DomainClassPropertyEditor.class], URL [jar:file:/C:/Users/Adi/.m2/repository/org/springframework/data/spring-data-commons/1.11.4.RELEASE/spring-data-commons-1.11.4.RELEASE.jar!/org/springframework/data/repository/support/DomainClassConverter.class], URL [jar:file:/C:/Users/Adi/.m2/repository/org/springframework/data/spring-data-commons/1.11.4.RELEASE/spring-data-commons-1.11.4.RELEASE.jar!/org/springframework/data/repository/support/DomainClassConverter$1.class], URL [jar:file:/C:/Users/Adi/.m2/repository/org/springframework/data/spring-data-commons/1.11.4.RELEASE/spring-data-commons-1.11.4.RELEASE.jar!/org/springframework/data/repository/support/RepositoryInvocationInformation.class]]
[DEBUG] Identified candidate component class: URL [jar:file:/C:/Users/Adi/.m2/repository/org/springframework/data/spring-data-jpa/1.9.4.RELEASE/spring-data-jpa-1.9.4.RELEASE.jar!/org/springframework/data/jpa/repository/support/JpaRepositoryFactory.class]
[DEBUG] Adding [systemProperties] PropertySource with lowest search precedence
[DEBUG] Adding [systemEnvironment] PropertySource with lowest search precedence
[DEBUG] Initialized StandardEnvironment with PropertySources [systemProperties,systemEnvironment]
[DEBUG] Creating shared instance of singleton bean &apos;org.springframework.boot.autoconfigure.AutoConfigurationPackages&apos;
[DEBUG] Creating instance of bean &apos;org.springframework.boot.autoconfigure.AutoConfigurationPackages&apos;
[DEBUG] Eagerly caching bean &apos;org.springframework.boot.autoconfigure.AutoConfigurationPackages&apos; to allow for resolving potential circular references
[DEBUG] Finished creating instance of bean &apos;org.springframework.boot.autoconfigure.AutoConfigurationPackages&apos;
[DEBUG] @EnableAutoConfiguration was declared on a class in the package &apos;com.crossover.trial.journals&apos;. Automatic @Repository and @Entity scanning is enabled.
[DEBUG] Resolved classpath location [com/crossover/trial/journals/] to resources [URL [file:/D:/Projects/CrossoverTrial%20-%20Second/Code/target/test-classes/com/crossover/trial/journals/], URL [file:/D:/Projects/CrossoverTrial%20-%20Second/Code/target/generated-classes/cobertura/com/crossover/trial/journals/]]
[DEBUG] Looking for matching resources in directory tree [D:\Projects\CrossoverTrial - Second\Code\target\test-classes\com\crossover\trial\journals]
[DEBUG] Searching directory [D:\Projects\CrossoverTrial - Second\Code\target\test-classes\com\crossover\trial\journals] for files matching pattern [D:/Projects/CrossoverTrial - Second/Code/target/test-classes/com/crossover/trial/journals/**/*.class]
[DEBUG] Searching directory [D:\Projects\CrossoverTrial - Second\Code\target\test-classes\com\crossover\trial\journals\rest] for files matching pattern [D:/Projects/CrossoverTrial - Second/Code/target/test-classes/com/crossover/trial/journals/**/*.class]
[DEBUG] Looking for matching resources in directory tree [D:\Projects\CrossoverTrial - Second\Code\target\generated-classes\cobertura\com\crossover\trial\journals]
[DEBUG] Searching directory [D:\Projects\CrossoverTrial - Second\Code\target\generated-classes\cobertura\com\crossover\trial\journals] for files matching pattern [D:/Projects/CrossoverTrial - Second/Code/target/generated-classes/cobertura/com/crossover/trial/journals/**/*.class]
[DEBUG] Searching directory [D:\Projects\CrossoverTrial - Second\Code\target\generated-classes\cobertura\com\crossover\trial\journals\config] for files matching pattern [D:/Projects/CrossoverTrial - Second/Code/target/generated-classes/cobertura/com/crossover/trial/journals/**/*.class]
[DEBUG] Searching directory [D:\Projects\CrossoverTrial - Second\Code\target\generated-classes\cobertura\com\crossover\trial\journals\controller] for files matching pattern [D:/Projects/CrossoverTrial - Second/Code/target/generated-classes/cobertura/com/crossover/trial/journals/**/*.class]
[DEBUG] Searching directory [D:\Projects\CrossoverTrial - Second\Code\target\generated-classes\cobertura\com\crossover\trial\journals\dto] for files matching pattern [D:/Projects/CrossoverTrial - Second/Code/target/generated-classes/cobertura/com/crossover/trial/journals/**/*.class]
[DEBUG] Searching directory [D:\Projects\CrossoverTrial - Second\Code\target\generated-classes\cobertura\com\crossover\trial\journals\model] for files matching pattern [D:/Projects/CrossoverTrial - Second/Code/target/generated-classes/cobertura/com/crossover/trial/journals/**/*.class]
[DEBUG] Searching directory [D:\Projects\CrossoverTrial - Second\Code\target\generated-classes\cobertura\com\crossover\trial\journals\repository] for files matching pattern [D:/Projects/CrossoverTrial - Second/Code/target/generated-classes/cobertura/com/crossover/trial/journals/**/*.class]
[DEBUG] Searching directory [D:\Projects\CrossoverTrial - Second\Code\target\generated-classes\cobertura\com\crossover\trial\journals\rest] for files matching pattern [D:/Projects/CrossoverTrial - Second/Code/target/generated-classes/cobertura/com/crossover/trial/journals/**/*.class]
[DEBUG] Searching directory [D:\Projects\CrossoverTrial - Second\Code\target\generated-classes\cobertura\com\crossover\trial\journals\service] for files matching pattern [D:/Projects/CrossoverTrial - Second/Code/target/generated-classes/cobertura/com/crossover/trial/journals/**/*.class]
[DEBUG] Resolved location pattern [classpath*:com/crossover/trial/journals/**/*.class] to resources [file [D:\Projects\CrossoverTrial - Second\Code\target\test-classes\com\crossover\trial\journals\rest\CategoryRestServiceTest.class], file [D:\Projects\CrossoverTrial - Second\Code\target\test-classes\com\crossover\trial\journals\rest\JournalServiceTest.class], file [D:\Projects\CrossoverTrial - Second\Code\target\generated-classes\cobertura\com\crossover\trial\journals\Application.class], file [D:\Projects\CrossoverTrial - Second\Code\target\generated-classes\cobertura\com\crossover\trial\journals\config\MvcConfig.class], file [D:\Projects\CrossoverTrial - Second\Code\target\generated-classes\cobertura\com\crossover\trial\journals\config\WebSecurityConfig.class], file [D:\Projects\CrossoverTrial - Second\Code\target\generated-classes\cobertura\com\crossover\trial\journals\controller\JournalController.class], file [D:\Projects\CrossoverTrial - Second\Code\target\generated-classes\cobertura\com\crossover\trial\journals\controller\PublisherController.class], file [D:\Projects\CrossoverTrial - Second\Code\target\generated-classes\cobertura\com\crossover\trial\journals\dto\SubscriptionDTO.class], file [D:\Projects\CrossoverTrial - Second\Code\target\generated-classes\cobertura\com\crossover\trial\journals\model\Category.class], file [D:\Projects\CrossoverTrial - Second\Code\target\generated-classes\cobertura\com\crossover\trial\journals\model\Journal.class], file [D:\Projects\CrossoverTrial - Second\Code\target\generated-classes\cobertura\com\crossover\trial\journals\model\Publisher.class], file [D:\Projects\CrossoverTrial - Second\Code\target\generated-classes\cobertura\com\crossover\trial\journals\model\Role.class], file [D:\Projects\CrossoverTrial - Second\Code\target\generated-classes\cobertura\com\crossover\trial\journals\model\Subscription.class], file [D:\Projects\CrossoverTrial - Second\Code\target\generated-classes\cobertura\com\crossover\trial\journals\model\User.class], file [D:\Projects\CrossoverTrial - Second\Code\target\generated-classes\cobertura\com\crossover\trial\journals\repository\CategoryRepository.class], file [D:\Projects\CrossoverTrial - Second\Code\target\generated-classes\cobertura\com\crossover\trial\journals\repository\JournalRepository.class], file [D:\Projects\CrossoverTrial - Second\Code\target\generated-classes\cobertura\com\crossover\trial\journals\repository\PublisherRepository.class], file [D:\Projects\CrossoverTrial - Second\Code\target\generated-classes\cobertura\com\crossover\trial\journals\repository\UserRepository.class], file [D:\Projects\CrossoverTrial - Second\Code\target\generated-classes\cobertura\com\crossover\trial\journals\rest\CategoryRestService.class], file [D:\Projects\CrossoverTrial - Second\Code\target\generated-classes\cobertura\com\crossover\trial\journals\rest\JournalRestService.class], file [D:\Projects\CrossoverTrial - Second\Code\target\generated-classes\cobertura\com\crossover\trial\journals\service\CurrentUser.class], file [D:\Projects\CrossoverTrial - Second\Code\target\generated-classes\cobertura\com\crossover\trial\journals\service\CurrentUserDetailsService.class], file [D:\Projects\CrossoverTrial - Second\Code\target\generated-classes\cobertura\com\crossover\trial\journals\service\JournalService.class], file [D:\Projects\CrossoverTrial - Second\Code\target\generated-classes\cobertura\com\crossover\trial\journals\service\JournalServiceImpl.class], file [D:\Projects\CrossoverTrial - Second\Code\target\generated-classes\cobertura\com\crossover\trial\journals\service\ServiceException.class], file [D:\Projects\CrossoverTrial - Second\Code\target\generated-classes\cobertura\com\crossover\trial\journals\service\UserService.class], file [D:\Projects\CrossoverTrial - Second\Code\target\generated-classes\cobertura\com\crossover\trial\journals\service\UserServiceImpl.class]]
[DEBUG] Identified candidate component class: file [D:\Projects\CrossoverTrial - Second\Code\target\generated-classes\cobertura\com\crossover\trial\journals\repository\CategoryRepository.class]
[DEBUG] Identified candidate component class: file [D:\Projects\CrossoverTrial - Second\Code\target\generated-classes\cobertura\com\crossover\trial\journals\repository\JournalRepository.class]
[DEBUG] Identified candidate component class: file [D:\Projects\CrossoverTrial - Second\Code\target\generated-classes\cobertura\com\crossover\trial\journals\repository\PublisherRepository.class]
[DEBUG] Identified candidate component class: file [D:\Projects\CrossoverTrial - Second\Code\target\generated-classes\cobertura\com\crossover\trial\journals\repository\UserRepository.class]
[DEBUG] Returning cached instance of singleton bean &apos;org.springframework.boot.autoconfigure.AutoConfigurationPackages&apos;
[DEBUG] Adding [systemProperties] PropertySource with lowest search precedence
[DEBUG] Adding [systemEnvironment] PropertySource with lowest search precedence
[DEBUG] Initialized StandardEnvironment with PropertySources [systemProperties,systemEnvironment]
[DEBUG] Resolved classpath location [com/crossover/trial/journals/] to resources [URL [file:/D:/Projects/CrossoverTrial%20-%20Second/Code/target/test-classes/com/crossover/trial/journals/], URL [file:/D:/Projects/CrossoverTrial%20-%20Second/Code/target/generated-classes/cobertura/com/crossover/trial/journals/]]
[DEBUG] Looking for matching resources in directory tree [D:\Projects\CrossoverTrial - Second\Code\target\test-classes\com\crossover\trial\journals]
[DEBUG] Searching directory [D:\Projects\CrossoverTrial - Second\Code\target\test-classes\com\crossover\trial\journals] for files matching pattern [D:/Projects/CrossoverTrial - Second/Code/target/test-classes/com/crossover/trial/journals/**/*CategoryRepositoryImpl.class]
[DEBUG] Searching directory [D:\Projects\CrossoverTrial - Second\Code\target\test-classes\com\crossover\trial\journals\rest] for files matching pattern [D:/Projects/CrossoverTrial - Second/Code/target/test-classes/com/crossover/trial/journals/**/*CategoryRepositoryImpl.class]
[DEBUG] Looking for matching resources in directory tree [D:\Projects\CrossoverTrial - Second\Code\target\generated-classes\cobertura\com\crossover\trial\journals]
[DEBUG] Searching directory [D:\Projects\CrossoverTrial - Second\Code\target\generated-classes\cobertura\com\crossover\trial\journals] for files matching pattern [D:/Projects/CrossoverTrial - Second/Code/target/generated-classes/cobertura/com/crossover/trial/journals/**/*CategoryRepositoryImpl.class]
[DEBUG] Searching directory [D:\Projects\CrossoverTrial - Second\Code\target\generated-classes\cobertura\com\crossover\trial\journals\config] for files matching pattern [D:/Projects/CrossoverTrial - Second/Code/target/generated-classes/cobertura/com/crossover/trial/journals/**/*CategoryRepositoryImpl.class]
[DEBUG] Searching directory [D:\Projects\CrossoverTrial - Second\Code\target\generated-classes\cobertura\com\crossover\trial\journals\controller] for files matching pattern [D:/Projects/CrossoverTrial - Second/Code/target/generated-classes/cobertura/com/crossover/trial/journals/**/*CategoryRepositoryImpl.class]
[DEBUG] Searching directory [D:\Projects\CrossoverTrial - Second\Code\target\generated-classes\cobertura\com\crossover\trial\journals\dto] for files matching pattern [D:/Projects/CrossoverTrial - Second/Code/target/generated-classes/cobertura/com/crossover/trial/journals/**/*CategoryRepositoryImpl.class]
[DEBUG] Searching directory [D:\Projects\CrossoverTrial - Second\Code\target\generated-classes\cobertura\com\crossover\trial\journals\model] for files matching pattern [D:/Projects/CrossoverTrial - Second/Code/target/generated-classes/cobertura/com/crossover/trial/journals/**/*CategoryRepositoryImpl.class]
[DEBUG] Searching directory [D:\Projects\CrossoverTrial - Second\Code\target\generated-classes\cobertura\com\crossover\trial\journals\repository] for files matching pattern [D:/Projects/CrossoverTrial - Second/Code/target/generated-classes/cobertura/com/crossover/trial/journals/**/*CategoryRepositoryImpl.class]
[DEBUG] Searching directory [D:\Projects\CrossoverTrial - Second\Code\target\generated-classes\cobertura\com\crossover\trial\journals\rest] for files matching pattern [D:/Projects/CrossoverTrial - Second/Code/target/generated-classes/cobertura/com/crossover/trial/journals/**/*CategoryRepositoryImpl.class]
[DEBUG] Searching directory [D:\Projects\CrossoverTrial - Second\Code\target\generated-classes\cobertura\com\crossover\trial\journals\service] for files matching pattern [D:/Projects/CrossoverTrial - Second/Code/target/generated-classes/cobertura/com/crossover/trial/journals/**/*CategoryRepositoryImpl.class]
[DEBUG] Resolved location pattern [classpath*:com/crossover/trial/journals/**/*CategoryRepositoryImpl.class] to resources []
[DEBUG] Spring Data JPA - Registering repository: categoryRepository - Interface: com.crossover.trial.journals.repository.CategoryRepository - Factory: org.springframework.data.jpa.repository.support.JpaRepositoryFactoryBean
[DEBUG] Returning cached instance of singleton bean &apos;org.springframework.boot.autoconfigure.AutoConfigurationPackages&apos;
[DEBUG] Adding [systemProperties] PropertySource with lowest search precedence
[DEBUG] Adding [systemEnvironment] PropertySource with lowest search precedence
[DEBUG] Initialized StandardEnvironment with PropertySources [systemProperties,systemEnvironment]
[DEBUG] Resolved classpath location [com/crossover/trial/journals/] to resources [URL [file:/D:/Projects/CrossoverTrial%20-%20Second/Code/target/test-classes/com/crossover/trial/journals/], URL [file:/D:/Projects/CrossoverTrial%20-%20Second/Code/target/generated-classes/cobertura/com/crossover/trial/journals/]]
[DEBUG] Looking for matching resources in directory tree [D:\Projects\CrossoverTrial - Second\Code\target\test-classes\com\crossover\trial\journals]
[DEBUG] Searching directory [D:\Projects\CrossoverTrial - Second\Code\target\test-classes\com\crossover\trial\journals] for files matching pattern [D:/Projects/CrossoverTrial - Second/Code/target/test-classes/com/crossover/trial/journals/**/*PublisherRepositoryImpl.class]
[DEBUG] Searching directory [D:\Projects\CrossoverTrial - Second\Code\target\test-classes\com\crossover\trial\journals\rest] for files matching pattern [D:/Projects/CrossoverTrial - Second/Code/target/test-classes/com/crossover/trial/journals/**/*PublisherRepositoryImpl.class]
[DEBUG] Looking for matching resources in directory tree [D:\Projects\CrossoverTrial - Second\Code\target\generated-classes\cobertura\com\crossover\trial\journals]
[DEBUG] Searching directory [D:\Projects\CrossoverTrial - Second\Code\target\generated-classes\cobertura\com\crossover\trial\journals] for files matching pattern [D:/Projects/CrossoverTrial - Second/Code/target/generated-classes/cobertura/com/crossover/trial/journals/**/*PublisherRepositoryImpl.class]
[DEBUG] Searching directory [D:\Projects\CrossoverTrial - Second\Code\target\generated-classes\cobertura\com\crossover\trial\journals\config] for files matching pattern [D:/Projects/CrossoverTrial - Second/Code/target/generated-classes/cobertura/com/crossover/trial/journals/**/*PublisherRepositoryImpl.class]
[DEBUG] Searching directory [D:\Projects\CrossoverTrial - Second\Code\target\generated-classes\cobertura\com\crossover\trial\journals\controller] for files matching pattern [D:/Projects/CrossoverTrial - Second/Code/target/generated-classes/cobertura/com/crossover/trial/journals/**/*PublisherRepositoryImpl.class]
[DEBUG] Searching directory [D:\Projects\CrossoverTrial - Second\Code\target\generated-classes\cobertura\com\crossover\trial\journals\dto] for files matching pattern [D:/Projects/CrossoverTrial - Second/Code/target/generated-classes/cobertura/com/crossover/trial/journals/**/*PublisherRepositoryImpl.class]
[DEBUG] Searching directory [D:\Projects\CrossoverTrial - Second\Code\target\generated-classes\cobertura\com\crossover\trial\journals\model] for files matching pattern [D:/Projects/CrossoverTrial - Second/Code/target/generated-classes/cobertura/com/crossover/trial/journals/**/*PublisherRepositoryImpl.class]
[DEBUG] Searching directory [D:\Projects\CrossoverTrial - Second\Code\target\generated-classes\cobertura\com\crossover\trial\journals\repository] for files matching pattern [D:/Projects/CrossoverTrial - Second/Code/target/generated-classes/cobertura/com/crossover/trial/journals/**/*PublisherRepositoryImpl.class]
[DEBUG] Searching directory [D:\Projects\CrossoverTrial - Second\Code\target\generated-classes\cobertura\com\crossover\trial\journals\rest] for files matching pattern [D:/Projects/CrossoverTrial - Second/Code/target/generated-classes/cobertura/com/crossover/trial/journals/**/*PublisherRepositoryImpl.class]
[DEBUG] Searching directory [D:\Projects\CrossoverTrial - Second\Code\target\generated-classes\cobertura\com\crossover\trial\journals\service] for files matching pattern [D:/Projects/CrossoverTrial - Second/Code/target/generated-classes/cobertura/com/crossover/trial/journals/**/*PublisherRepositoryImpl.class]
[DEBUG] Resolved location pattern [classpath*:com/crossover/trial/journals/**/*PublisherRepositoryImpl.class] to resources []
[DEBUG] Spring Data JPA - Registering repository: publisherRepository - Interface: com.crossover.trial.journals.repository.PublisherRepository - Factory: org.springframework.data.jpa.repository.support.JpaRepositoryFactoryBean
[DEBUG] Returning cached instance of singleton bean &apos;org.springframework.boot.autoconfigure.AutoConfigurationPackages&apos;
[DEBUG] Adding [systemProperties] PropertySource with lowest search precedence
[DEBUG] Adding [systemEnvironment] PropertySource with lowest search precedence
[DEBUG] Initialized StandardEnvironment with PropertySources [systemProperties,systemEnvironment]
[DEBUG] Resolved classpath location [com/crossover/trial/journals/] to resources [URL [file:/D:/Projects/CrossoverTrial%20-%20Second/Code/target/test-classes/com/crossover/trial/journals/], URL [file:/D:/Projects/CrossoverTrial%20-%20Second/Code/target/generated-classes/cobertura/com/crossover/trial/journals/]]
[DEBUG] Looking for matching resources in directory tree [D:\Projects\CrossoverTrial - Second\Code\target\test-classes\com\crossover\trial\journals]
[DEBUG] Searching directory [D:\Projects\CrossoverTrial - Second\Code\target\test-classes\com\crossover\trial\journals] for files matching pattern [D:/Projects/CrossoverTrial - Second/Code/target/test-classes/com/crossover/trial/journals/**/*JournalRepositoryImpl.class]
[DEBUG] Searching directory [D:\Projects\CrossoverTrial - Second\Code\target\test-classes\com\crossover\trial\journals\rest] for files matching pattern [D:/Projects/CrossoverTrial - Second/Code/target/test-classes/com/crossover/trial/journals/**/*JournalRepositoryImpl.class]
[DEBUG] Looking for matching resources in directory tree [D:\Projects\CrossoverTrial - Second\Code\target\generated-classes\cobertura\com\crossover\trial\journals]
[DEBUG] Searching directory [D:\Projects\CrossoverTrial - Second\Code\target\generated-classes\cobertura\com\crossover\trial\journals] for files matching pattern [D:/Projects/CrossoverTrial - Second/Code/target/generated-classes/cobertura/com/crossover/trial/journals/**/*JournalRepositoryImpl.class]
[DEBUG] Searching directory [D:\Projects\CrossoverTrial - Second\Code\target\generated-classes\cobertura\com\crossover\trial\journals\config] for files matching pattern [D:/Projects/CrossoverTrial - Second/Code/target/generated-classes/cobertura/com/crossover/trial/journals/**/*JournalRepositoryImpl.class]
[DEBUG] Searching directory [D:\Projects\CrossoverTrial - Second\Code\target\generated-classes\cobertura\com\crossover\trial\journals\controller] for files matching pattern [D:/Projects/CrossoverTrial - Second/Code/target/generated-classes/cobertura/com/crossover/trial/journals/**/*JournalRepositoryImpl.class]
[DEBUG] Searching directory [D:\Projects\CrossoverTrial - Second\Code\target\generated-classes\cobertura\com\crossover\trial\journals\dto] for files matching pattern [D:/Projects/CrossoverTrial - Second/Code/target/generated-classes/cobertura/com/crossover/trial/journals/**/*JournalRepositoryImpl.class]
[DEBUG] Searching directory [D:\Projects\CrossoverTrial - Second\Code\target\generated-classes\cobertura\com\crossover\trial\journals\model] for files matching pattern [D:/Projects/CrossoverTrial - Second/Code/target/generated-classes/cobertura/com/crossover/trial/journals/**/*JournalRepositoryImpl.class]
[DEBUG] Searching directory [D:\Projects\CrossoverTrial - Second\Code\target\generated-classes\cobertura\com\crossover\trial\journals\repository] for files matching pattern [D:/Projects/CrossoverTrial - Second/Code/target/generated-classes/cobertura/com/crossover/trial/journals/**/*JournalRepositoryImpl.class]
[DEBUG] Searching directory [D:\Projects\CrossoverTrial - Second\Code\target\generated-classes\cobertura\com\crossover\trial\journals\rest] for files matching pattern [D:/Projects/CrossoverTrial - Second/Code/target/generated-classes/cobertura/com/crossover/trial/journals/**/*JournalRepositoryImpl.class]
[DEBUG] Searching directory [D:\Projects\CrossoverTrial - Second\Code\target\generated-classes\cobertura\com\crossover\trial\journals\service] for files matching pattern [D:/Projects/CrossoverTrial - Second/Code/target/generated-classes/cobertura/com/crossover/trial/journals/**/*JournalRepositoryImpl.class]
[DEBUG] Resolved location pattern [classpath*:com/crossover/trial/journals/**/*JournalRepositoryImpl.class] to resources []
[DEBUG] Spring Data JPA - Registering repository: journalRepository - Interface: com.crossover.trial.journals.repository.JournalRepository - Factory: org.springframework.data.jpa.repository.support.JpaRepositoryFactoryBean
[DEBUG] Returning cached instance of singleton bean &apos;org.springframework.boot.autoconfigure.AutoConfigurationPackages&apos;
[DEBUG] Adding [systemProperties] PropertySource with lowest search precedence
[DEBUG] Adding [systemEnvironment] PropertySource with lowest search precedence
[DEBUG] Initialized StandardEnvironment with PropertySources [systemProperties,systemEnvironment]
[DEBUG] Resolved classpath location [com/crossover/trial/journals/] to resources [URL [file:/D:/Projects/CrossoverTrial%20-%20Second/Code/target/test-classes/com/crossover/trial/journals/], URL [file:/D:/Projects/CrossoverTrial%20-%20Second/Code/target/generated-classes/cobertura/com/crossover/trial/journals/]]
[DEBUG] Looking for matching resources in directory tree [D:\Projects\CrossoverTrial - Second\Code\target\test-classes\com\crossover\trial\journals]
[DEBUG] Searching directory [D:\Projects\CrossoverTrial - Second\Code\target\test-classes\com\crossover\trial\journals] for files matching pattern [D:/Projects/CrossoverTrial - Second/Code/target/test-classes/com/crossover/trial/journals/**/*UserRepositoryImpl.class]
[DEBUG] Searching directory [D:\Projects\CrossoverTrial - Second\Code\target\test-classes\com\crossover\trial\journals\rest] for files matching pattern [D:/Projects/CrossoverTrial - Second/Code/target/test-classes/com/crossover/trial/journals/**/*UserRepositoryImpl.class]
[DEBUG] Looking for matching resources in directory tree [D:\Projects\CrossoverTrial - Second\Code\target\generated-classes\cobertura\com\crossover\trial\journals]
[DEBUG] Searching directory [D:\Projects\CrossoverTrial - Second\Code\target\generated-classes\cobertura\com\crossover\trial\journals] for files matching pattern [D:/Projects/CrossoverTrial - Second/Code/target/generated-classes/cobertura/com/crossover/trial/journals/**/*UserRepositoryImpl.class]
[DEBUG] Searching directory [D:\Projects\CrossoverTrial - Second\Code\target\generated-classes\cobertura\com\crossover\trial\journals\config] for files matching pattern [D:/Projects/CrossoverTrial - Second/Code/target/generated-classes/cobertura/com/crossover/trial/journals/**/*UserRepositoryImpl.class]
[DEBUG] Searching directory [D:\Projects\CrossoverTrial - Second\Code\target\generated-classes\cobertura\com\crossover\trial\journals\controller] for files matching pattern [D:/Projects/CrossoverTrial - Second/Code/target/generated-classes/cobertura/com/crossover/trial/journals/**/*UserRepositoryImpl.class]
[DEBUG] Searching directory [D:\Projects\CrossoverTrial - Second\Code\target\generated-classes\cobertura\com\crossover\trial\journals\dto] for files matching pattern [D:/Projects/CrossoverTrial - Second/Code/target/generated-classes/cobertura/com/crossover/trial/journals/**/*UserRepositoryImpl.class]
[DEBUG] Searching directory [D:\Projects\CrossoverTrial - Second\Code\target\generated-classes\cobertura\com\crossover\trial\journals\model] for files matching pattern [D:/Projects/CrossoverTrial - Second/Code/target/generated-classes/cobertura/com/crossover/trial/journals/**/*UserRepositoryImpl.class]
[DEBUG] Searching directory [D:\Projects\CrossoverTrial - Second\Code\target\generated-classes\cobertura\com\crossover\trial\journals\repository] for files matching pattern [D:/Projects/CrossoverTrial - Second/Code/target/generated-classes/cobertura/com/crossover/trial/journals/**/*UserRepositoryImpl.class]
[DEBUG] Searching directory [D:\Projects\CrossoverTrial - Second\Code\target\generated-classes\cobertura\com\crossover\trial\journals\rest] for files matching pattern [D:/Projects/CrossoverTrial - Second/Code/target/generated-classes/cobertura/com/crossover/trial/journals/**/*UserRepositoryImpl.class]
[DEBUG] Searching directory [D:\Projects\CrossoverTrial - Second\Code\target\generated-classes\cobertura\com\crossover\trial\journals\service] for files matching pattern [D:/Projects/CrossoverTrial - Second/Code/target/generated-classes/cobertura/com/crossover/trial/journals/**/*UserRepositoryImpl.class]
[DEBUG] Resolved location pattern [classpath*:com/crossover/trial/journals/**/*UserRepositoryImpl.class] to resources []
[DEBUG] Spring Data JPA - Registering repository: userRepository - Interface: com.crossover.trial.journals.repository.UserRepository - Factory: org.springframework.data.jpa.repository.support.JpaRepositoryFactoryBean
[DEBUG] Returning cached instance of singleton bean &apos;autoConfigurationReport&apos;
[DEBUG] Returning cached instance of singleton bean &apos;autoConfigurationReport&apos;
[DEBUG] Registered bean definition for imported class &apos;org.springframework.boot.autoconfigure.jackson.JacksonAutoConfiguration$JacksonObjectMapperBuilderConfiguration&apos;
[DEBUG] Returning cached instance of singleton bean &apos;org.springframework.boot.autoconfigure.condition.BeanTypeRegistry&apos;
[DEBUG] Returning cached instance of singleton bean &apos;autoConfigurationReport&apos;
[DEBUG] Registering bean definition for @Bean method org.springframework.boot.autoconfigure.jackson.JacksonAutoConfiguration$JacksonObjectMapperBuilderConfiguration.jacksonObjectMapperBuilder()
[DEBUG] Returning cached instance of singleton bean &apos;autoConfigurationReport&apos;
[DEBUG] Registered bean definition for imported class &apos;org.springframework.boot.autoconfigure.jackson.JacksonAutoConfiguration$JacksonObjectMapperConfiguration&apos;
[DEBUG] Returning cached instance of singleton bean &apos;org.springframework.boot.autoconfigure.condition.BeanTypeRegistry&apos;
[DEBUG] Returning cached instance of singleton bean &apos;autoConfigurationReport&apos;
[DEBUG] Registering bean definition for @Bean method org.springframework.boot.autoconfigure.jackson.JacksonAutoConfiguration$JacksonObjectMapperConfiguration.jacksonObjectMapper()
[DEBUG] Registered bean definition for imported class &apos;org.springframework.boot.autoconfigure.jackson.JacksonAutoConfiguration&apos;
[DEBUG] Returning cached instance of singleton bean &apos;autoConfigurationReport&apos;
[DEBUG] Returning cached instance of singleton bean &apos;autoConfigurationReport&apos;
[DEBUG] Registered bean definition for imported class &apos;org.springframework.boot.autoconfigure.web.HttpMessageConvertersAutoConfiguration$StringHttpMessageConverterConfiguration&apos;
[DEBUG] Returning cached instance of singleton bean &apos;org.springframework.boot.autoconfigure.condition.BeanTypeRegistry&apos;
[DEBUG] Returning cached instance of singleton bean &apos;autoConfigurationReport&apos;
[DEBUG] Registering bean definition for @Bean method org.springframework.boot.autoconfigure.web.HttpMessageConvertersAutoConfiguration$StringHttpMessageConverterConfiguration.stringHttpMessageConverter()
[DEBUG] Returning cached instance of singleton bean &apos;autoConfigurationReport&apos;
[DEBUG] Returning cached instance of singleton bean &apos;org.springframework.boot.autoconfigure.condition.BeanTypeRegistry&apos;
[DEBUG] Returning cached instance of singleton bean &apos;autoConfigurationReport&apos;
[DEBUG] Returning cached instance of singleton bean &apos;autoConfigurationReport&apos;
[DEBUG] Registered bean definition for imported class &apos;org.springframework.boot.autoconfigure.web.JacksonHttpMessageConvertersConfiguration$MappingJackson2HttpMessageConverterConfiguration&apos;
[DEBUG] Returning cached instance of singleton bean &apos;org.springframework.boot.autoconfigure.condition.BeanTypeRegistry&apos;
[DEBUG] Returning cached instance of singleton bean &apos;autoConfigurationReport&apos;
[DEBUG] Registering bean definition for @Bean method org.springframework.boot.autoconfigure.web.JacksonHttpMessageConvertersConfiguration$MappingJackson2HttpMessageConverterConfiguration.mappingJackson2HttpMessageConverter()
[DEBUG] Registered bean definition for imported class &apos;org.springframework.boot.autoconfigure.web.JacksonHttpMessageConvertersConfiguration&apos;
[DEBUG] Registered bean definition for imported class &apos;org.springframework.boot.autoconfigure.web.HttpMessageConvertersAutoConfiguration&apos;
[DEBUG] Returning cached instance of singleton bean &apos;org.springframework.boot.autoconfigure.condition.BeanTypeRegistry&apos;
[DEBUG] Returning cached instance of singleton bean &apos;autoConfigurationReport&apos;
[DEBUG] Registering bean definition for @Bean method org.springframework.boot.autoconfigure.web.HttpMessageConvertersAutoConfiguration.messageConverters()
[DEBUG] Returning cached instance of singleton bean &apos;autoConfigurationReport&apos;
[DEBUG] Returning cached instance of singleton bean &apos;autoConfigurationReport&apos;
[DEBUG] Returning cached instance of singleton bean &apos;org.springframework.boot.autoconfigure.condition.BeanTypeRegistry&apos;
[DEBUG] Returning cached instance of singleton bean &apos;autoConfigurationReport&apos;
[DEBUG] Registered bean definition for imported class &apos;org.springframework.data.web.config.SpringDataWebConfiguration&apos;
[DEBUG] Registering bean definition for @Bean method org.springframework.data.web.config.SpringDataWebConfiguration.pageableResolver()
[DEBUG] Registering bean definition for @Bean method org.springframework.data.web.config.SpringDataWebConfiguration.sortResolver()
[DEBUG] Registered bean definition for imported class &apos;org.springframework.data.web.config.SpringDataJacksonConfiguration&apos;
[DEBUG] Registering bean definition for @Bean method org.springframework.data.web.config.SpringDataJacksonConfiguration.jacksonGeoModule()
[DEBUG] Registered bean definition for imported class &apos;org.springframework.boot.autoconfigure.data.web.SpringDataWebAutoConfiguration&apos;
[DEBUG] Returning cached instance of singleton bean &apos;autoConfigurationReport&apos;
[DEBUG] Returning cached instance of singleton bean &apos;autoConfigurationReport&apos;
[DEBUG] Returning cached instance of singleton bean &apos;autoConfigurationReport&apos;
[DEBUG] Returning cached instance of singleton bean &apos;org.springframework.boot.autoconfigure.condition.BeanTypeRegistry&apos;
[DEBUG] Returning cached instance of singleton bean &apos;autoConfigurationReport&apos;
[DEBUG] Returning cached instance of singleton bean &apos;org.springframework.boot.autoconfigure.condition.BeanTypeRegistry&apos;
[DEBUG] Returning cached instance of singleton bean &apos;org.springframework.boot.autoconfigure.condition.BeanTypeRegistry&apos;
[DEBUG] Returning cached instance of singleton bean &apos;autoConfigurationReport&apos;
[DEBUG] Returning cached instance of singleton bean &apos;org.springframework.boot.autoconfigure.condition.BeanTypeRegistry&apos;
[DEBUG] Returning cached instance of singleton bean &apos;org.springframework.boot.autoconfigure.condition.BeanTypeRegistry&apos;
[DEBUG] Returning cached instance of singleton bean &apos;autoConfigurationReport&apos;
[DEBUG] Registered bean definition for imported class &apos;org.springframework.boot.autoconfigure.security.AuthenticationManagerConfiguration$AuthenticationManagerConfigurationListener&apos;
[DEBUG] Registered bean definition for imported class &apos;org.springframework.boot.autoconfigure.security.AuthenticationManagerConfiguration&apos;
[DEBUG] Registering bean definition for @Bean method org.springframework.boot.autoconfigure.security.AuthenticationManagerConfiguration.authenticationManager()
[DEBUG] Registering bean definition for @Bean method org.springframework.boot.autoconfigure.security.AuthenticationManagerConfiguration.springBootAuthenticationConfigurerAdapter()
[DEBUG] Returning cached instance of singleton bean &apos;autoConfigurationReport&apos;
[DEBUG] Registered bean definition for imported class &apos;org.springframework.boot.autoconfigure.security.BootGlobalAuthenticationConfiguration&apos;
[DEBUG] Registering bean definition for @Bean method org.springframework.boot.autoconfigure.security.BootGlobalAuthenticationConfiguration.bootGlobalAuthenticationConfigurationAdapter()
[DEBUG] Registered bean definition for imported class &apos;org.springframework.boot.autoconfigure.security.SecurityAutoConfiguration&apos;
[DEBUG] Returning cached instance of singleton bean &apos;org.springframework.boot.autoconfigure.condition.BeanTypeRegistry&apos;
[DEBUG] Returning cached instance of singleton bean &apos;autoConfigurationReport&apos;
[DEBUG] Registering bean definition for @Bean method org.springframework.boot.autoconfigure.security.SecurityAutoConfiguration.authenticationEventPublisher()
[DEBUG] Returning cached instance of singleton bean &apos;org.springframework.boot.autoconfigure.condition.BeanTypeRegistry&apos;
[DEBUG] Returning cached instance of singleton bean &apos;autoConfigurationReport&apos;
[DEBUG] Registering bean definition for @Bean method org.springframework.boot.autoconfigure.security.SecurityAutoConfiguration.securityProperties()
[DEBUG] Returning cached instance of singleton bean &apos;autoConfigurationReport&apos;
[DEBUG] Returning cached instance of singleton bean &apos;org.springframework.boot.autoconfigure.condition.BeanTypeRegistry&apos;
[DEBUG] Returning cached instance of singleton bean &apos;autoConfigurationReport&apos;
[DEBUG] Registered bean definition for imported class &apos;org.springframework.transaction.annotation.ProxyTransactionManagementConfiguration&apos;
[DEBUG] Registering bean definition for @Bean method org.springframework.transaction.annotation.ProxyTransactionManagementConfiguration.org.springframework.transaction.config.internalTransactionAdvisor()
[DEBUG] Registering bean definition for @Bean method org.springframework.transaction.annotation.ProxyTransactionManagementConfiguration.transactionAttributeSource()
[DEBUG] Registering bean definition for @Bean method org.springframework.transaction.annotation.ProxyTransactionManagementConfiguration.transactionInterceptor()
[DEBUG] Registering bean definition for @Bean method org.springframework.transaction.annotation.ProxyTransactionManagementConfiguration.org.springframework.transaction.config.internalTransactionalEventListenerFactory()
[DEBUG] Registered bean definition for imported class &apos;org.springframework.boot.autoconfigure.jdbc.DataSourceTransactionManagerAutoConfiguration$TransactionManagementConfiguration&apos;
[DEBUG] Registered bean definition for imported class &apos;org.springframework.boot.autoconfigure.jdbc.DataSourceTransactionManagerAutoConfiguration&apos;
[DEBUG] Returning cached instance of singleton bean &apos;org.springframework.boot.autoconfigure.condition.BeanTypeRegistry&apos;
[DEBUG] Returning cached instance of singleton bean &apos;org.springframework.boot.autoconfigure.condition.BeanTypeRegistry&apos;
[DEBUG] Returning cached instance of singleton bean &apos;autoConfigurationReport&apos;
[DEBUG] Returning cached instance of singleton bean &apos;autoConfigurationReport&apos;
[DEBUG] Returning cached instance of singleton bean &apos;autoConfigurationReport&apos;
[DEBUG] Registered bean definition for imported class &apos;org.springframework.boot.autoconfigure.thymeleaf.ThymeleafAutoConfiguration$ThymeleafResourceHandlingConfig&apos;
[DEBUG] Returning cached instance of singleton bean &apos;org.springframework.boot.autoconfigure.condition.BeanTypeRegistry&apos;
[DEBUG] Returning cached instance of singleton bean &apos;autoConfigurationReport&apos;
[DEBUG] Searching for key &apos;idea.version&apos; in [systemProperties]
[DEBUG] Found key &apos;idea.version&apos; in [systemProperties] with type [String] and value &apos;2016.3.5&apos;
[DEBUG] Searching for key &apos;java.runtime.name&apos; in [systemProperties]
[DEBUG] Found key &apos;java.runtime.name&apos; in [systemProperties] with type [String] and value &apos;Java(TM) SE Runtime Environment&apos;
[DEBUG] Searching for key &apos;sun.boot.library.path&apos; in [systemProperties]
[DEBUG] Found key &apos;sun.boot.library.path&apos; in [systemProperties] with type [String] and value &apos;C:\Program Files\Java\jdk1.8.0_45\jre\bin&apos;
[DEBUG] Searching for key &apos;java.vm.version&apos; in [systemProperties]
[DEBUG] Found key &apos;java.vm.version&apos; in [systemProperties] with type [String] and value &apos;25.45-b02&apos;
[DEBUG] Searching for key &apos;user.country.format&apos; in [systemProperties]
[DEBUG] Found key &apos;user.country.format&apos; in [systemProperties] with type [String] and value &apos;RO&apos;
[DEBUG] Searching for key &apos;java.vm.vendor&apos; in [systemProperties]
[DEBUG] Found key &apos;java.vm.vendor&apos; in [systemProperties] with type [String] and value &apos;Oracle Corporation&apos;
[DEBUG] Searching for key &apos;java.vendor.url&apos; in [systemProperties]
[DEBUG] Found key &apos;java.vendor.url&apos; in [systemProperties] with type [String] and value &apos;http://java.oracle.com/&apos;
[DEBUG] Searching for key &apos;path.separator&apos; in [systemProperties]
[DEBUG] Found key &apos;path.separator&apos; in [systemProperties] with type [String] and value &apos;;&apos;
[DEBUG] Searching for key &apos;java.vm.name&apos; in [systemProperties]
[DEBUG] Found key &apos;java.vm.name&apos; in [systemProperties] with type [String] and value &apos;Java HotSpot(TM) 64-Bit Server VM&apos;
[DEBUG] Searching for key &apos;file.encoding.pkg&apos; in [systemProperties]
[DEBUG] Found key &apos;file.encoding.pkg&apos; in [systemProperties] with type [String] and value &apos;sun.io&apos;
[DEBUG] Searching for key &apos;user.country&apos; in [systemProperties]
[DEBUG] Found key &apos;user.country&apos; in [systemProperties] with type [String] and value &apos;US&apos;
[DEBUG] Searching for key &apos;user.script&apos; in [systemProperties]
[DEBUG] Found key &apos;user.script&apos; in [systemProperties] with type [String] and value &apos;&apos;
[DEBUG] Searching for key &apos;sun.java.launcher&apos; in [systemProperties]
[DEBUG] Found key &apos;sun.java.launcher&apos; in [systemProperties] with type [String] and value &apos;SUN_STANDARD&apos;
[DEBUG] Searching for key &apos;sun.os.patch.level&apos; in [systemProperties]
[DEBUG] Found key &apos;sun.os.patch.level&apos; in [systemProperties] with type [String] and value &apos;Service Pack 1&apos;
[DEBUG] Searching for key &apos;PID&apos; in [systemProperties]
[DEBUG] Found key &apos;PID&apos; in [systemProperties] with type [String] and value &apos;5332&apos;
[DEBUG] Searching for key &apos;java.vm.specification.name&apos; in [systemProperties]
[DEBUG] Found key &apos;java.vm.specification.name&apos; in [systemProperties] with type [String] and value &apos;Java Virtual Machine Specification&apos;
[DEBUG] Searching for key &apos;user.dir&apos; in [systemProperties]
[DEBUG] Found key &apos;user.dir&apos; in [systemProperties] with type [String] and value &apos;D:\Projects\CrossoverTrial - Second\Code&apos;
[DEBUG] Searching for key &apos;java.runtime.version&apos; in [systemProperties]
[DEBUG] Found key &apos;java.runtime.version&apos; in [systemProperties] with type [String] and value &apos;1.8.0_45-b15&apos;
[DEBUG] Searching for key &apos;basedir&apos; in [systemProperties]
[DEBUG] Found key &apos;basedir&apos; in [systemProperties] with type [String] and value &apos;D:\Projects\CrossoverTrial - Second\Code&apos;
[DEBUG] Searching for key &apos;java.awt.graphicsenv&apos; in [systemProperties]
[DEBUG] Found key &apos;java.awt.graphicsenv&apos; in [systemProperties] with type [String] and value &apos;sun.awt.Win32GraphicsEnvironment&apos;
[DEBUG] Searching for key &apos;org.jboss.logging.provider&apos; in [systemProperties]
[DEBUG] Found key &apos;org.jboss.logging.provider&apos; in [systemProperties] with type [String] and value &apos;slf4j&apos;
[DEBUG] Searching for key &apos;java.endorsed.dirs&apos; in [systemProperties]
[DEBUG] Found key &apos;java.endorsed.dirs&apos; in [systemProperties] with type [String] and value &apos;C:\Program Files\Java\jdk1.8.0_45\jre\lib\endorsed&apos;
[DEBUG] Searching for key &apos;os.arch&apos; in [systemProperties]
[DEBUG] Found key &apos;os.arch&apos; in [systemProperties] with type [String] and value &apos;amd64&apos;
[DEBUG] Searching for key &apos;surefire.real.class.path&apos; in [systemProperties]
[DEBUG] Found key &apos;surefire.real.class.path&apos; in [systemProperties] with type [String] and value &apos;D:\Projects\CrossoverTrial - Second\Code\target\surefire\surefirebooter4697183251586044228.jar&apos;
[DEBUG] Searching for key &apos;java.io.tmpdir&apos; in [systemProperties]
[DEBUG] Found key &apos;java.io.tmpdir&apos; in [systemProperties] with type [String] and value &apos;C:\Users\Adi\AppData\Local\Temp\&apos;
[DEBUG] Searching for key &apos;line.separator&apos; in [systemProperties]
[DEBUG] Found key &apos;line.separator&apos; in [systemProperties] with type [String] and value &apos;
&apos;
[DEBUG] Searching for key &apos;java.vm.specification.vendor&apos; in [systemProperties]
[DEBUG] Found key &apos;java.vm.specification.vendor&apos; in [systemProperties] with type [String] and value &apos;Oracle Corporation&apos;
[DEBUG] Searching for key &apos;user.variant&apos; in [systemProperties]
[DEBUG] Found key &apos;user.variant&apos; in [systemProperties] with type [String] and value &apos;&apos;
[DEBUG] Searching for key &apos;os.name&apos; in [systemProperties]
[DEBUG] Found key &apos;os.name&apos; in [systemProperties] with type [String] and value &apos;Windows 7&apos;
[DEBUG] Searching for key &apos;sun.jnu.encoding&apos; in [systemProperties]
[DEBUG] Found key &apos;sun.jnu.encoding&apos; in [systemProperties] with type [String] and value &apos;Cp1250&apos;
[DEBUG] Searching for key &apos;spring.beaninfo.ignore&apos; in [systemProperties]
[DEBUG] Found key &apos;spring.beaninfo.ignore&apos; in [systemProperties] with type [String] and value &apos;true&apos;
[DEBUG] Searching for key &apos;java.library.path&apos; in [systemProperties]
[DEBUG] Found key &apos;java.library.path&apos; in [systemProperties] with type [String] and value &apos;C:\Program Files\Java\jdk1.8.0_45\jre\bin;C:\Windows\Sun\Java\bin;C:\Windows\system32;C:\Windows;C:\ProgramData\Oracle\Java\javapath;C:\Windows\system32;C:\Windows;C:\Windows\System32\Wbem;C:\Windows\System32\WindowsPowerShell\v1.0\;D:\Scala-2.10.1\bin\;C:\Program Files (x86)\scala\bin;C:\Program Files\Git\cmd;C:\Program Files\MySQL\MySQL Utilities 1.6\;C:\Program Files (x86)\Skype\Phone\;D:\Tools\nodejs\;C:\Program Files\Docker Toolbox;d:\Tools\apache-maven-3.3.9\bin\;D:\Tools\bind;C:\Users\Adi\AppData\Roaming\npm;D:\Tools\Microsoft VS Code\bin;.&apos;
[DEBUG] Searching for key &apos;surefire.test.class.path&apos; in [systemProperties]
[DEBUG] Found key &apos;surefire.test.class.path&apos; in [systemProperties] with type [String] and value &apos;D:\Projects\CrossoverTrial - Second\Code\target\test-classes;D:\Projects\CrossoverTrial - Second\Code\target\generated-classes\cobertura;C:\Users\Adi\.m2\repository\org\springframework\boot\spring-boot-starter-thymeleaf\1.3.3.RELEASE\spring-boot-starter-thymeleaf-1.3.3.RELEASE.jar;C:\Users\Adi\.m2\repository\org\springframework\boot\spring-boot-starter\1.3.3.RELEASE\spring-boot-starter-1.3.3.RELEASE.jar;C:\Users\Adi\.m2\repository\org\springframework\boot\spring-boot\1.3.3.RELEASE\spring-boot-1.3.3.RELEASE.jar;C:\Users\Adi\.m2\repository\org\springframework\boot\spring-boot-autoconfigure\1.3.3.RELEASE\spring-boot-autoconfigure-1.3.3.RELEASE.jar;C:\Users\Adi\.m2\repository\org\springframework\boot\spring-boot-starter-logging\1.3.3.RELEASE\spring-boot-starter-logging-1.3.3.RELEASE.jar;C:\Users\Adi\.m2\repository\org\slf4j\jul-to-slf4j\1.7.16\jul-to-slf4j-1.7.16.jar;C:\Users\Adi\.m2\repository\org\slf4j\log4j-over-slf4j\1.7.16\log4j-over-slf4j-1.7.16.jar;C:\Users\Adi\.m2\repository\org\yaml\snakeyaml\1.16\snakeyaml-1.16.jar;C:\Users\Adi\.m2\repository\org\thymeleaf\thymeleaf-spring4\2.1.4.RELEASE\thymeleaf-spring4-2.1.4.RELEASE.jar;C:\Users\Adi\.m2\repository\nz\net\ultraq\thymeleaf\thymeleaf-layout-dialect\1.3.3\thymeleaf-layout-dialect-1.3.3.jar;C:\Users\Adi\.m2\repository\org\codehaus\groovy\groovy\2.4.6\groovy-2.4.6.jar;C:\Users\Adi\.m2\repository\org\springframework\boot\spring-boot-starter-web\1.3.3.RELEASE\spring-boot-starter-web-1.3.3.RELEASE.jar;C:\Users\Adi\.m2\repository\org\springframework\boot\spring-boot-starter-tomcat\1.3.3.RELEASE\spring-boot-starter-tomcat-1.3.3.RELEASE.jar;C:\Users\Adi\.m2\repository\org\apache\tomcat\embed\tomcat-embed-core\8.0.32\tomcat-embed-core-8.0.32.jar;C:\Users\Adi\.m2\repository\org\apache\tomcat\embed\tomcat-embed-el\8.0.32\tomcat-embed-el-8.0.32.jar;C:\Users\Adi\.m2\repository\org\apache\tomcat\embed\tomcat-embed-logging-juli\8.0.32\tomcat-embed-logging-juli-8.0.32.jar;C:\Users\Adi\.m2\repository\org\apache\tomcat\embed\tomcat-embed-websocket\8.0.32\tomcat-embed-websocket-8.0.32.jar;C:\Users\Adi\.m2\repository\org\springframework\boot\spring-boot-starter-validation\1.3.3.RELEASE\spring-boot-starter-validation-1.3.3.RELEASE.jar;C:\Users\Adi\.m2\repository\org\hibernate\hibernate-validator\5.2.4.Final\hibernate-validator-5.2.4.Final.jar;C:\Users\Adi\.m2\repository\javax\validation\validation-api\1.1.0.Final\validation-api-1.1.0.Final.jar;C:\Users\Adi\.m2\repository\com\fasterxml\classmate\1.1.0\classmate-1.1.0.jar;C:\Users\Adi\.m2\repository\com\fasterxml\jackson\core\jackson-databind\2.6.5\jackson-databind-2.6.5.jar;C:\Users\Adi\.m2\repository\com\fasterxml\jackson\core\jackson-annotations\2.6.5\jackson-annotations-2.6.5.jar;C:\Users\Adi\.m2\repository\com\fasterxml\jackson\core\jackson-core\2.6.5\jackson-core-2.6.5.jar;C:\Users\Adi\.m2\repository\org\springframework\spring-web\4.2.5.RELEASE\spring-web-4.2.5.RELEASE.jar;C:\Users\Adi\.m2\repository\org\springframework\spring-beans\4.2.5.RELEASE\spring-beans-4.2.5.RELEASE.jar;C:\Users\Adi\.m2\repository\org\springframework\spring-context\4.2.5.RELEASE\spring-context-4.2.5.RELEASE.jar;C:\Users\Adi\.m2\repository\org\springframework\spring-webmvc\4.2.5.RELEASE\spring-webmvc-4.2.5.RELEASE.jar;C:\Users\Adi\.m2\repository\org\springframework\spring-expression\4.2.5.RELEASE\spring-expression-4.2.5.RELEASE.jar;C:\Users\Adi\.m2\repository\org\springframework\boot\spring-boot-starter-data-jpa\1.3.3.RELEASE\spring-boot-starter-data-jpa-1.3.3.RELEASE.jar;C:\Users\Adi\.m2\repository\org\springframework\boot\spring-boot-starter-aop\1.3.3.RELEASE\spring-boot-starter-aop-1.3.3.RELEASE.jar;C:\Users\Adi\.m2\repository\org\aspectj\aspectjweaver\1.8.8\aspectjweaver-1.8.8.jar;C:\Users\Adi\.m2\repository\org\springframework\boot\spring-boot-starter-jdbc\1.3.3.RELEASE\spring-boot-starter-jdbc-1.3.3.RELEASE.jar;C:\Users\Adi\.m2\repository\org\apache\tomcat\tomcat-jdbc\8.0.32\tomcat-jdbc-8.0.32.jar;C:\Users\Adi\.m2\repository\org\apache\tomcat\tomcat-juli\8.0.32\tomcat-juli-8.0.32.jar;C:\Users\Adi\.m2\repository\org\springframework\spring-jdbc\4.2.5.RELEASE\spring-jdbc-4.2.5.RELEASE.jar;C:\Users\Adi\.m2\repository\org\hibernate\hibernate-entitymanager\4.3.11.Final\hibernate-entitymanager-4.3.11.Final.jar;C:\Users\Adi\.m2\repository\org\jboss\logging\jboss-logging\3.3.0.Final\jboss-logging-3.3.0.Final.jar;C:\Users\Adi\.m2\repository\org\jboss\logging\jboss-logging-annotations\1.2.0.Beta1\jboss-logging-annotations-1.2.0.Beta1.jar;C:\Users\Adi\.m2\repository\org\hibernate\hibernate-core\4.3.11.Final\hibernate-core-4.3.11.Final.jar;C:\Users\Adi\.m2\repository\antlr\antlr\2.7.7\antlr-2.7.7.jar;C:\Users\Adi\.m2\repository\org\jboss\jandex\1.1.0.Final\jandex-1.1.0.Final.jar;C:\Users\Adi\.m2\repository\dom4j\dom4j\1.6.1\dom4j-1.6.1.jar;C:\Users\Adi\.m2\repository\xml-apis\xml-apis\1.0.b2\xml-apis-1.0.b2.jar;C:\Users\Adi\.m2\repository\org\hibernate\common\hibernate-commons-annotations\4.0.5.Final\hibernate-commons-annotations-4.0.5.Final.jar;C:\Users\Adi\.m2\repository\org\hibernate\javax\persistence\hibernate-jpa-2.1-api\1.0.0.Final\hibernate-jpa-2.1-api-1.0.0.Final.jar;C:\Users\Adi\.m2\repository\org\javassist\javassist\3.18.1-GA\javassist-3.18.1-GA.jar;C:\Users\Adi\.m2\repository\javax\transaction\javax.transaction-api\1.2\javax.transaction-api-1.2.jar;C:\Users\Adi\.m2\repository\org\springframework\data\spring-data-jpa\1.9.4.RELEASE\spring-data-jpa-1.9.4.RELEASE.jar;C:\Users\Adi\.m2\repository\org\springframework\data\spring-data-commons\1.11.4.RELEASE\spring-data-commons-1.11.4.RELEASE.jar;C:\Users\Adi\.m2\repository\org\springframework\spring-orm\4.2.5.RELEASE\spring-orm-4.2.5.RELEASE.jar;C:\Users\Adi\.m2\repository\org\springframework\spring-tx\4.2.5.RELEASE\spring-tx-4.2.5.RELEASE.jar;C:\Users\Adi\.m2\repository\org\slf4j\jcl-over-slf4j\1.7.16\jcl-over-slf4j-1.7.16.jar;C:\Users\Adi\.m2\repository\org\springframework\spring-aspects\4.2.5.RELEASE\spring-aspects-4.2.5.RELEASE.jar;C:\Users\Adi\.m2\repository\org\springframework\boot\spring-boot-starter-test\1.3.3.RELEASE\spring-boot-starter-test-1.3.3.RELEASE.jar;C:\Users\Adi\.m2\repository\junit\junit\4.12\junit-4.12.jar;C:\Users\Adi\.m2\repository\org\mockito\mockito-core\1.10.19\mockito-core-1.10.19.jar;C:\Users\Adi\.m2\repository\org\objenesis\objenesis\2.1\objenesis-2.1.jar;C:\Users\Adi\.m2\repository\org\hamcrest\hamcrest-core\1.3\hamcrest-core-1.3.jar;C:\Users\Adi\.m2\repository\org\hamcrest\hamcrest-library\1.3\hamcrest-library-1.3.jar;C:\Users\Adi\.m2\repository\org\springframework\spring-core\4.2.5.RELEASE\spring-core-4.2.5.RELEASE.jar;C:\Users\Adi\.m2\repository\org\springframework\spring-test\4.2.5.RELEASE\spring-test-4.2.5.RELEASE.jar;C:\Users\Adi\.m2\repository\org\springframework\boot\spring-boot-starter-security\1.3.3.RELEASE\spring-boot-starter-security-1.3.3.RELEASE.jar;C:\Users\Adi\.m2\repository\org\springframework\spring-aop\4.2.5.RELEASE\spring-aop-4.2.5.RELEASE.jar;C:\Users\Adi\.m2\repository\aopalliance\aopalliance\1.0\aopalliance-1.0.jar;C:\Users\Adi\.m2\repository\org\springframework\security\spring-security-config\4.0.3.RELEASE\spring-security-config-4.0.3.RELEASE.jar;C:\Users\Adi\.m2\repository\org\springframework\security\spring-security-web\4.0.3.RELEASE\spring-security-web-4.0.3.RELEASE.jar;C:\Users\Adi\.m2\repository\org\springframework\security\spring-security-test\4.0.3.RELEASE\spring-security-test-4.0.3.RELEASE.jar;C:\Users\Adi\.m2\repository\org\springframework\security\spring-security-core\4.0.3.RELEASE\spring-security-core-4.0.3.RELEASE.jar;C:\Users\Adi\.m2\repository\org\thymeleaf\extras\thymeleaf-extras-springsecurity4\2.1.2.RELEASE\thymeleaf-extras-springsecurity4-2.1.2.RELEASE.jar;C:\Users\Adi\.m2\repository\org\thymeleaf\thymeleaf\2.1.4.RELEASE\thymeleaf-2.1.4.RELEASE.jar;C:\Users\Adi\.m2\repository\ognl\ognl\3.0.8\ognl-3.0.8.jar;C:\Users\Adi\.m2\repository\org\unbescape\unbescape\1.1.0.RELEASE\unbescape-1.1.0.RELEASE.jar;C:\Users\Adi\.m2\repository\org\slf4j\slf4j-api\1.7.16\slf4j-api-1.7.16.jar;C:\Users\Adi\.m2\repository\mysql\mysql-connector-java\5.1.6\mysql-connector-java-5.1.6.jar;C:\Users\Adi\.m2\repository\commons-io\commons-io\2.4\commons-io-2.4.jar;C:\Users\Adi\.m2\repository\com\jayway\jsonpath\json-path\2.0.0\json-path-2.0.0.jar;C:\Users\Adi\.m2\repository\net\minidev\json-smart\2.1.1\json-smart-2.1.1.jar;C:\Users\Adi\.m2\repository\net\minidev\asm\1.0.2\asm-1.0.2.jar;C:\Users\Adi\.m2\repository\asm\asm\3.3.1\asm-3.3.1.jar;C:\Users\Adi\.m2\repository\net\sourceforge\cobertura\cobertura\2.1.1\cobertura-2.1.1.jar;C:\Users\Adi\.m2\repository\jaxen\jaxen\1.1.6\jaxen-1.1.6.jar;C:\Users\Adi\.m2\repository\org\apache\ant\ant\1.8.3\ant-1.8.3.jar;C:\Users\Adi\.m2\repository\org\apache\ant\ant-launcher\1.8.3\ant-launcher-1.8.3.jar;C:\Users\Adi\.m2\repository\org\apache\ant\ant-junit\1.8.3\ant-junit-1.8.3.jar;C:\Users\Adi\.m2\repository\org\mortbay\jetty\servlet-api-2.5\6.1.14\servlet-api-2.5-6.1.14.jar;C:\Users\Adi\.m2\repository\org\mortbay\jetty\jetty\6.1.14\jetty-6.1.14.jar;C:\Users\Adi\.m2\repository\org\mortbay\jetty\jetty-util\6.1.14\jetty-util-6.1.14.jar;C:\Program Files\Java\jdk1.8.0_45\jre\..\lib\tools.jar;C:\Users\Adi\.m2\repository\ch\qos\logback\logback-classic\1.1.5\logback-classic-1.1.5.jar;C:\Users\Adi\.m2\repository\ch\qos\logback\logback-core\1.1.5\logback-core-1.1.5.jar;C:\Users\Adi\.m2\repository\org\apache\commons\commons-lang3\3.3.2\commons-lang3-3.3.2.jar;&apos;
[DEBUG] Searching for key &apos;java.specification.name&apos; in [systemProperties]
[DEBUG] Found key &apos;java.specification.name&apos; in [systemProperties] with type [String] and value &apos;Java Platform API Specification&apos;
[DEBUG] Searching for key &apos;java.class.version&apos; in [systemProperties]
[DEBUG] Found key &apos;java.class.version&apos; in [systemProperties] with type [String] and value &apos;52.0&apos;
[DEBUG] Searching for key &apos;sun.management.compiler&apos; in [systemProperties]
[DEBUG] Found key &apos;sun.management.compiler&apos; in [systemProperties] with type [String] and value &apos;HotSpot 64-Bit Tiered Compilers&apos;
[DEBUG] Searching for key &apos;os.version&apos; in [systemProperties]
[DEBUG] Found key &apos;os.version&apos; in [systemProperties] with type [String] and value &apos;6.1&apos;
[DEBUG] Searching for key &apos;user.home&apos; in [systemProperties]
[DEBUG] Found key &apos;user.home&apos; in [systemProperties] with type [String] and value &apos;C:\Users\Adi&apos;
[DEBUG] Searching for key &apos;user.timezone&apos; in [systemProperties]
[DEBUG] Found key &apos;user.timezone&apos; in [systemProperties] with type [String] and value &apos;Europe/Athens&apos;
[DEBUG] Searching for key &apos;java.awt.printerjob&apos; in [systemProperties]
[DEBUG] Found key &apos;java.awt.printerjob&apos; in [systemProperties] with type [String] and value &apos;sun.awt.windows.WPrinterJob&apos;
[DEBUG] Searching for key &apos;file.encoding&apos; in [systemProperties]
[DEBUG] Found key &apos;file.encoding&apos; in [systemProperties] with type [String] and value &apos;Cp1250&apos;
[DEBUG] Searching for key &apos;java.specification.version&apos; in [systemProperties]
[DEBUG] Found key &apos;java.specification.version&apos; in [systemProperties] with type [String] and value &apos;1.8&apos;
[DEBUG] Searching for key &apos;java.class.path&apos; in [systemProperties]
[DEBUG] Found key &apos;java.class.path&apos; in [systemProperties] with type [String] and value &apos;D:\Projects\CrossoverTrial - Second\Code\target\test-classes;D:\Projects\CrossoverTrial - Second\Code\target\generated-classes\cobertura;C:\Users\Adi\.m2\repository\org\springframework\boot\spring-boot-starter-thymeleaf\1.3.3.RELEASE\spring-boot-starter-thymeleaf-1.3.3.RELEASE.jar;C:\Users\Adi\.m2\repository\org\springframework\boot\spring-boot-starter\1.3.3.RELEASE\spring-boot-starter-1.3.3.RELEASE.jar;C:\Users\Adi\.m2\repository\org\springframework\boot\spring-boot\1.3.3.RELEASE\spring-boot-1.3.3.RELEASE.jar;C:\Users\Adi\.m2\repository\org\springframework\boot\spring-boot-autoconfigure\1.3.3.RELEASE\spring-boot-autoconfigure-1.3.3.RELEASE.jar;C:\Users\Adi\.m2\repository\org\springframework\boot\spring-boot-starter-logging\1.3.3.RELEASE\spring-boot-starter-logging-1.3.3.RELEASE.jar;C:\Users\Adi\.m2\repository\org\slf4j\jul-to-slf4j\1.7.16\jul-to-slf4j-1.7.16.jar;C:\Users\Adi\.m2\repository\org\slf4j\log4j-over-slf4j\1.7.16\log4j-over-slf4j-1.7.16.jar;C:\Users\Adi\.m2\repository\org\yaml\snakeyaml\1.16\snakeyaml-1.16.jar;C:\Users\Adi\.m2\repository\org\thymeleaf\thymeleaf-spring4\2.1.4.RELEASE\thymeleaf-spring4-2.1.4.RELEASE.jar;C:\Users\Adi\.m2\repository\nz\net\ultraq\thymeleaf\thymeleaf-layout-dialect\1.3.3\thymeleaf-layout-dialect-1.3.3.jar;C:\Users\Adi\.m2\repository\org\codehaus\groovy\groovy\2.4.6\groovy-2.4.6.jar;C:\Users\Adi\.m2\repository\org\springframework\boot\spring-boot-starter-web\1.3.3.RELEASE\spring-boot-starter-web-1.3.3.RELEASE.jar;C:\Users\Adi\.m2\repository\org\springframework\boot\spring-boot-starter-tomcat\1.3.3.RELEASE\spring-boot-starter-tomcat-1.3.3.RELEASE.jar;C:\Users\Adi\.m2\repository\org\apache\tomcat\embed\tomcat-embed-core\8.0.32\tomcat-embed-core-8.0.32.jar;C:\Users\Adi\.m2\repository\org\apache\tomcat\embed\tomcat-embed-el\8.0.32\tomcat-embed-el-8.0.32.jar;C:\Users\Adi\.m2\repository\org\apache\tomcat\embed\tomcat-embed-logging-juli\8.0.32\tomcat-embed-logging-juli-8.0.32.jar;C:\Users\Adi\.m2\repository\org\apache\tomcat\embed\tomcat-embed-websocket\8.0.32\tomcat-embed-websocket-8.0.32.jar;C:\Users\Adi\.m2\repository\org\springframework\boot\spring-boot-starter-validation\1.3.3.RELEASE\spring-boot-starter-validation-1.3.3.RELEASE.jar;C:\Users\Adi\.m2\repository\org\hibernate\hibernate-validator\5.2.4.Final\hibernate-validator-5.2.4.Final.jar;C:\Users\Adi\.m2\repository\javax\validation\validation-api\1.1.0.Final\validation-api-1.1.0.Final.jar;C:\Users\Adi\.m2\repository\com\fasterxml\classmate\1.1.0\classmate-1.1.0.jar;C:\Users\Adi\.m2\repository\com\fasterxml\jackson\core\jackson-databind\2.6.5\jackson-databind-2.6.5.jar;C:\Users\Adi\.m2\repository\com\fasterxml\jackson\core\jackson-annotations\2.6.5\jackson-annotations-2.6.5.jar;C:\Users\Adi\.m2\repository\com\fasterxml\jackson\core\jackson-core\2.6.5\jackson-core-2.6.5.jar;C:\Users\Adi\.m2\repository\org\springframework\spring-web\4.2.5.RELEASE\spring-web-4.2.5.RELEASE.jar;C:\Users\Adi\.m2\repository\org\springframework\spring-beans\4.2.5.RELEASE\spring-beans-4.2.5.RELEASE.jar;C:\Users\Adi\.m2\repository\org\springframework\spring-context\4.2.5.RELEASE\spring-context-4.2.5.RELEASE.jar;C:\Users\Adi\.m2\repository\org\springframework\spring-webmvc\4.2.5.RELEASE\spring-webmvc-4.2.5.RELEASE.jar;C:\Users\Adi\.m2\repository\org\springframework\spring-expression\4.2.5.RELEASE\spring-expression-4.2.5.RELEASE.jar;C:\Users\Adi\.m2\repository\org\springframework\boot\spring-boot-starter-data-jpa\1.3.3.RELEASE\spring-boot-starter-data-jpa-1.3.3.RELEASE.jar;C:\Users\Adi\.m2\repository\org\springframework\boot\spring-boot-starter-aop\1.3.3.RELEASE\spring-boot-starter-aop-1.3.3.RELEASE.jar;C:\Users\Adi\.m2\repository\org\aspectj\aspectjweaver\1.8.8\aspectjweaver-1.8.8.jar;C:\Users\Adi\.m2\repository\org\springframework\boot\spring-boot-starter-jdbc\1.3.3.RELEASE\spring-boot-starter-jdbc-1.3.3.RELEASE.jar;C:\Users\Adi\.m2\repository\org\apache\tomcat\tomcat-jdbc\8.0.32\tomcat-jdbc-8.0.32.jar;C:\Users\Adi\.m2\repository\org\apache\tomcat\tomcat-juli\8.0.32\tomcat-juli-8.0.32.jar;C:\Users\Adi\.m2\repository\org\springframework\spring-jdbc\4.2.5.RELEASE\spring-jdbc-4.2.5.RELEASE.jar;C:\Users\Adi\.m2\repository\org\hibernate\hibernate-entitymanager\4.3.11.Final\hibernate-entitymanager-4.3.11.Final.jar;C:\Users\Adi\.m2\repository\org\jboss\logging\jboss-logging\3.3.0.Final\jboss-logging-3.3.0.Final.jar;C:\Users\Adi\.m2\repository\org\jboss\logging\jboss-logging-annotations\1.2.0.Beta1\jboss-logging-annotations-1.2.0.Beta1.jar;C:\Users\Adi\.m2\repository\org\hibernate\hibernate-core\4.3.11.Final\hibernate-core-4.3.11.Final.jar;C:\Users\Adi\.m2\repository\antlr\antlr\2.7.7\antlr-2.7.7.jar;C:\Users\Adi\.m2\repository\org\jboss\jandex\1.1.0.Final\jandex-1.1.0.Final.jar;C:\Users\Adi\.m2\repository\dom4j\dom4j\1.6.1\dom4j-1.6.1.jar;C:\Users\Adi\.m2\repository\xml-apis\xml-apis\1.0.b2\xml-apis-1.0.b2.jar;C:\Users\Adi\.m2\repository\org\hibernate\common\hibernate-commons-annotations\4.0.5.Final\hibernate-commons-annotations-4.0.5.Final.jar;C:\Users\Adi\.m2\repository\org\hibernate\javax\persistence\hibernate-jpa-2.1-api\1.0.0.Final\hibernate-jpa-2.1-api-1.0.0.Final.jar;C:\Users\Adi\.m2\repository\org\javassist\javassist\3.18.1-GA\javassist-3.18.1-GA.jar;C:\Users\Adi\.m2\repository\javax\transaction\javax.transaction-api\1.2\javax.transaction-api-1.2.jar;C:\Users\Adi\.m2\repository\org\springframework\data\spring-data-jpa\1.9.4.RELEASE\spring-data-jpa-1.9.4.RELEASE.jar;C:\Users\Adi\.m2\repository\org\springframework\data\spring-data-commons\1.11.4.RELEASE\spring-data-commons-1.11.4.RELEASE.jar;C:\Users\Adi\.m2\repository\org\springframework\spring-orm\4.2.5.RELEASE\spring-orm-4.2.5.RELEASE.jar;C:\Users\Adi\.m2\repository\org\springframework\spring-tx\4.2.5.RELEASE\spring-tx-4.2.5.RELEASE.jar;C:\Users\Adi\.m2\repository\org\slf4j\jcl-over-slf4j\1.7.16\jcl-over-slf4j-1.7.16.jar;C:\Users\Adi\.m2\repository\org\springframework\spring-aspects\4.2.5.RELEASE\spring-aspects-4.2.5.RELEASE.jar;C:\Users\Adi\.m2\repository\org\springframework\boot\spring-boot-starter-test\1.3.3.RELEASE\spring-boot-starter-test-1.3.3.RELEASE.jar;C:\Users\Adi\.m2\repository\junit\junit\4.12\junit-4.12.jar;C:\Users\Adi\.m2\repository\org\mockito\mockito-core\1.10.19\mockito-core-1.10.19.jar;C:\Users\Adi\.m2\repository\org\objenesis\objenesis\2.1\objenesis-2.1.jar;C:\Users\Adi\.m2\repository\org\hamcrest\hamcrest-core\1.3\hamcrest-core-1.3.jar;C:\Users\Adi\.m2\repository\org\hamcrest\hamcrest-library\1.3\hamcrest-library-1.3.jar;C:\Users\Adi\.m2\repository\org\springframework\spring-core\4.2.5.RELEASE\spring-core-4.2.5.RELEASE.jar;C:\Users\Adi\.m2\repository\org\springframework\spring-test\4.2.5.RELEASE\spring-test-4.2.5.RELEASE.jar;C:\Users\Adi\.m2\repository\org\springframework\boot\spring-boot-starter-security\1.3.3.RELEASE\spring-boot-starter-security-1.3.3.RELEASE.jar;C:\Users\Adi\.m2\repository\org\springframework\spring-aop\4.2.5.RELEASE\spring-aop-4.2.5.RELEASE.jar;C:\Users\Adi\.m2\repository\aopalliance\aopalliance\1.0\aopalliance-1.0.jar;C:\Users\Adi\.m2\repository\org\springframework\security\spring-security-config\4.0.3.RELEASE\spring-security-config-4.0.3.RELEASE.jar;C:\Users\Adi\.m2\repository\org\springframework\security\spring-security-web\4.0.3.RELEASE\spring-security-web-4.0.3.RELEASE.jar;C:\Users\Adi\.m2\repository\org\springframework\security\spring-security-test\4.0.3.RELEASE\spring-security-test-4.0.3.RELEASE.jar;C:\Users\Adi\.m2\repository\org\springframework\security\spring-security-core\4.0.3.RELEASE\spring-security-core-4.0.3.RELEASE.jar;C:\Users\Adi\.m2\repository\org\thymeleaf\extras\thymeleaf-extras-springsecurity4\2.1.2.RELEASE\thymeleaf-extras-springsecurity4-2.1.2.RELEASE.jar;C:\Users\Adi\.m2\repository\org\thymeleaf\thymeleaf\2.1.4.RELEASE\thymeleaf-2.1.4.RELEASE.jar;C:\Users\Adi\.m2\repository\ognl\ognl\3.0.8\ognl-3.0.8.jar;C:\Users\Adi\.m2\repository\org\unbescape\unbescape\1.1.0.RELEASE\unbescape-1.1.0.RELEASE.jar;C:\Users\Adi\.m2\repository\org\slf4j\slf4j-api\1.7.16\slf4j-api-1.7.16.jar;C:\Users\Adi\.m2\repository\mysql\mysql-connector-java\5.1.6\mysql-connector-java-5.1.6.jar;C:\Users\Adi\.m2\repository\commons-io\commons-io\2.4\commons-io-2.4.jar;C:\Users\Adi\.m2\repository\com\jayway\jsonpath\json-path\2.0.0\json-path-2.0.0.jar;C:\Users\Adi\.m2\repository\net\minidev\json-smart\2.1.1\json-smart-2.1.1.jar;C:\Users\Adi\.m2\repository\net\minidev\asm\1.0.2\asm-1.0.2.jar;C:\Users\Adi\.m2\repository\asm\asm\3.3.1\asm-3.3.1.jar;C:\Users\Adi\.m2\repository\net\sourceforge\cobertura\cobertura\2.1.1\cobertura-2.1.1.jar;C:\Users\Adi\.m2\repository\jaxen\jaxen\1.1.6\jaxen-1.1.6.jar;C:\Users\Adi\.m2\repository\org\apache\ant\ant\1.8.3\ant-1.8.3.jar;C:\Users\Adi\.m2\repository\org\apache\ant\ant-launcher\1.8.3\ant-launcher-1.8.3.jar;C:\Users\Adi\.m2\repository\org\apache\ant\ant-junit\1.8.3\ant-junit-1.8.3.jar;C:\Users\Adi\.m2\repository\org\mortbay\jetty\servlet-api-2.5\6.1.14\servlet-api-2.5-6.1.14.jar;C:\Users\Adi\.m2\repository\org\mortbay\jetty\jetty\6.1.14\jetty-6.1.14.jar;C:\Users\Adi\.m2\repository\org\mortbay\jetty\jetty-util\6.1.14\jetty-util-6.1.14.jar;C:\Program Files\Java\jdk1.8.0_45\jre\..\lib\tools.jar;C:\Users\Adi\.m2\repository\ch\qos\logback\logback-classic\1.1.5\logback-classic-1.1.5.jar;C:\Users\Adi\.m2\repository\ch\qos\logback\logback-core\1.1.5\logback-core-1.1.5.jar;C:\Users\Adi\.m2\repository\org\apache\commons\commons-lang3\3.3.2\commons-lang3-3.3.2.jar;&apos;
[DEBUG] Searching for key &apos;user.name&apos; in [systemProperties]
[DEBUG] Found key &apos;user.name&apos; in [systemProperties] with type [String] and value &apos;Adi&apos;
[DEBUG] Searching for key &apos;java.vm.specification.version&apos; in [systemProperties]
[DEBUG] Found key &apos;java.vm.specification.version&apos; in [systemProperties] with type [String] and value &apos;1.8&apos;
[DEBUG] Searching for key &apos;sun.java.command&apos; in [systemProperties]
[DEBUG] Found key &apos;sun.java.command&apos; in [systemProperties] with type [String] and value &apos;D:\Projects\CrossoverTrial - Second\Code\target\surefire\surefirebooter4697183251586044228.jar D:\Projects\CrossoverTrial - Second\Code\target\surefire\surefire276055830167518930tmp D:\Projects\CrossoverTrial - Second\Code\target\surefire\surefire_03281173417458063849tmp&apos;
[DEBUG] Searching for key &apos;java.home&apos; in [systemProperties]
[DEBUG] Found key &apos;java.home&apos; in [systemProperties] with type [String] and value &apos;C:\Program Files\Java\jdk1.8.0_45\jre&apos;
[DEBUG] Searching for key &apos;sun.arch.data.model&apos; in [systemProperties]
[DEBUG] Found key &apos;sun.arch.data.model&apos; in [systemProperties] with type [String] and value &apos;64&apos;
[DEBUG] Searching for key &apos;user.language&apos; in [systemProperties]
[DEBUG] Found key &apos;user.language&apos; in [systemProperties] with type [String] and value &apos;en&apos;
[DEBUG] Searching for key &apos;java.specification.vendor&apos; in [systemProperties]
[DEBUG] Found key &apos;java.specification.vendor&apos; in [systemProperties] with type [String] and value &apos;Oracle Corporation&apos;
[DEBUG] Searching for key &apos;user.language.format&apos; in [systemProperties]
[DEBUG] Found key &apos;user.language.format&apos; in [systemProperties] with type [String] and value &apos;ro&apos;
[DEBUG] Searching for key &apos;awt.toolkit&apos; in [systemProperties]
[DEBUG] Found key &apos;awt.toolkit&apos; in [systemProperties] with type [String] and value &apos;sun.awt.windows.WToolkit&apos;
[DEBUG] Searching for key &apos;java.vm.info&apos; in [systemProperties]
[DEBUG] Found key &apos;java.vm.info&apos; in [systemProperties] with type [String] and value &apos;mixed mode&apos;
[DEBUG] Searching for key &apos;java.version&apos; in [systemProperties]
[DEBUG] Found key &apos;java.version&apos; in [systemProperties] with type [String] and value &apos;1.8.0_45&apos;
[DEBUG] Searching for key &apos;java.ext.dirs&apos; in [systemProperties]
[DEBUG] Found key &apos;java.ext.dirs&apos; in [systemProperties] with type [String] and value &apos;C:\Program Files\Java\jdk1.8.0_45\jre\lib\ext;C:\Windows\Sun\Java\lib\ext&apos;
[DEBUG] Searching for key &apos;sun.boot.class.path&apos; in [systemProperties]
[DEBUG] Found key &apos;sun.boot.class.path&apos; in [systemProperties] with type [String] and value &apos;C:\Program Files\Java\jdk1.8.0_45\jre\lib\resources.jar;C:\Program Files\Java\jdk1.8.0_45\jre\lib\rt.jar;C:\Program Files\Java\jdk1.8.0_45\jre\lib\sunrsasign.jar;C:\Program Files\Java\jdk1.8.0_45\jre\lib\jsse.jar;C:\Program Files\Java\jdk1.8.0_45\jre\lib\jce.jar;C:\Program Files\Java\jdk1.8.0_45\jre\lib\charsets.jar;C:\Program Files\Java\jdk1.8.0_45\jre\lib\jfr.jar;C:\Program Files\Java\jdk1.8.0_45\jre\classes&apos;
[DEBUG] Searching for key &apos;java.awt.headless&apos; in [systemProperties]
[DEBUG] Found key &apos;java.awt.headless&apos; in [systemProperties] with type [String] and value &apos;true&apos;
[DEBUG] Searching for key &apos;java.vendor&apos; in [systemProperties]
[DEBUG] Found key &apos;java.vendor&apos; in [systemProperties] with type [String] and value &apos;Oracle Corporation&apos;
[DEBUG] Searching for key &apos;localRepository&apos; in [systemProperties]
[DEBUG] Found key &apos;localRepository&apos; in [systemProperties] with type [String] and value &apos;C:\Users\Adi\.m2\repository&apos;
[DEBUG] Searching for key &apos;file.separator&apos; in [systemProperties]
[DEBUG] Found key &apos;file.separator&apos; in [systemProperties] with type [String] and value &apos;\&apos;
[DEBUG] Searching for key &apos;java.vendor.url.bug&apos; in [systemProperties]
[DEBUG] Found key &apos;java.vendor.url.bug&apos; in [systemProperties] with type [String] and value &apos;http://bugreport.sun.com/bugreport/&apos;
[DEBUG] Searching for key &apos;sun.io.unicode.encoding&apos; in [systemProperties]
[DEBUG] Found key &apos;sun.io.unicode.encoding&apos; in [systemProperties] with type [String] and value &apos;UnicodeLittle&apos;
[DEBUG] Searching for key &apos;sun.cpu.endian&apos; in [systemProperties]
[DEBUG] Found key &apos;sun.cpu.endian&apos; in [systemProperties] with type [String] and value &apos;little&apos;
[DEBUG] Searching for key &apos;sun.desktop&apos; in [systemProperties]
[DEBUG] Found key &apos;sun.desktop&apos; in [systemProperties] with type [String] and value &apos;windows&apos;
[DEBUG] Searching for key &apos;sun.cpu.isalist&apos; in [systemProperties]
[DEBUG] Found key &apos;sun.cpu.isalist&apos; in [systemProperties] with type [String] and value &apos;amd64&apos;
[DEBUG] Searching for key &apos;PATH&apos; in [systemProperties]
[DEBUG] Searching for key &apos;PATH&apos; in [systemEnvironment]
[DEBUG] Found key &apos;PATH&apos; in [systemEnvironment] with type [String] and value &apos;C:\ProgramData\Oracle\Java\javapath;C:\Windows\system32;C:\Windows;C:\Windows\System32\Wbem;C:\Windows\System32\WindowsPowerShell\v1.0\;D:\Scala-2.10.1\bin\;C:\Program Files (x86)\scala\bin;C:\Program Files\Git\cmd;C:\Program Files\MySQL\MySQL Utilities 1.6\;C:\Program Files (x86)\Skype\Phone\;D:\Tools\nodejs\;C:\Program Files\Docker Toolbox;d:\Tools\apache-maven-3.3.9\bin\;D:\Tools\bind;C:\Users\Adi\AppData\Roaming\npm;D:\Tools\Microsoft VS Code\bin&apos;
[DEBUG] Searching for key &apos;LOCALAPPDATA&apos; in [systemProperties]
[DEBUG] Searching for key &apos;LOCALAPPDATA&apos; in [systemEnvironment]
[DEBUG] Found key &apos;LOCALAPPDATA&apos; in [systemEnvironment] with type [String] and value &apos;C:\Users\Adi\AppData\Local&apos;
[DEBUG] Searching for key &apos;PROCESSOR_LEVEL&apos; in [systemProperties]
[DEBUG] Searching for key &apos;PROCESSOR_LEVEL&apos; in [systemEnvironment]
[DEBUG] Found key &apos;PROCESSOR_LEVEL&apos; in [systemEnvironment] with type [String] and value &apos;6&apos;
[DEBUG] Searching for key &apos;SYSTEMDRIVE&apos; in [systemProperties]
[DEBUG] Searching for key &apos;SYSTEMDRIVE&apos; in [systemEnvironment]
[DEBUG] Found key &apos;SYSTEMDRIVE&apos; in [systemEnvironment] with type [String] and value &apos;C:&apos;
[DEBUG] Searching for key &apos;COMMONPROGRAMFILES(X86)&apos; in [systemProperties]
[DEBUG] Searching for key &apos;COMMONPROGRAMFILES(X86)&apos; in [systemEnvironment]
[DEBUG] Found key &apos;COMMONPROGRAMFILES(X86)&apos; in [systemEnvironment] with type [String] and value &apos;C:\Program Files (x86)\Common Files&apos;
[DEBUG] Searching for key &apos;FP_NO_HOST_CHECK&apos; in [systemProperties]
[DEBUG] Searching for key &apos;FP_NO_HOST_CHECK&apos; in [systemEnvironment]
[DEBUG] Found key &apos;FP_NO_HOST_CHECK&apos; in [systemEnvironment] with type [String] and value &apos;NO&apos;
[DEBUG] Searching for key &apos;USERDOMAIN&apos; in [systemProperties]
[DEBUG] Searching for key &apos;USERDOMAIN&apos; in [systemEnvironment]
[DEBUG] Found key &apos;USERDOMAIN&apos; in [systemEnvironment] with type [String] and value &apos;Adi-PC&apos;
[DEBUG] Searching for key &apos;LOGONSERVER&apos; in [systemProperties]
[DEBUG] Searching for key &apos;LOGONSERVER&apos; in [systemEnvironment]
[DEBUG] Found key &apos;LOGONSERVER&apos; in [systemEnvironment] with type [String] and value &apos;\\ADI-PC&apos;
[DEBUG] Searching for key &apos;JAVA_HOME&apos; in [systemProperties]
[DEBUG] Searching for key &apos;JAVA_HOME&apos; in [systemEnvironment]
[DEBUG] Found key &apos;JAVA_HOME&apos; in [systemEnvironment] with type [String] and value &apos;c:\Program Files\Java\jdk1.8.0_45\&apos;
[DEBUG] Searching for key &apos;PROMPT&apos; in [systemProperties]
[DEBUG] Searching for key &apos;PROMPT&apos; in [systemEnvironment]
[DEBUG] Found key &apos;PROMPT&apos; in [systemEnvironment] with type [String] and value &apos;$P$G&apos;
[DEBUG] Searching for key &apos;SESSIONNAME&apos; in [systemProperties]
[DEBUG] Searching for key &apos;SESSIONNAME&apos; in [systemEnvironment]
[DEBUG] Found key &apos;SESSIONNAME&apos; in [systemEnvironment] with type [String] and value &apos;Console&apos;
[DEBUG] Searching for key &apos;ALLUSERSPROFILE&apos; in [systemProperties]
[DEBUG] Searching for key &apos;ALLUSERSPROFILE&apos; in [systemEnvironment]
[DEBUG] Found key &apos;ALLUSERSPROFILE&apos; in [systemEnvironment] with type [String] and value &apos;C:\ProgramData&apos;
[DEBUG] Searching for key &apos;PROGRAMFILES(X86)&apos; in [systemProperties]
[DEBUG] Searching for key &apos;PROGRAMFILES(X86)&apos; in [systemEnvironment]
[DEBUG] Found key &apos;PROGRAMFILES(X86)&apos; in [systemEnvironment] with type [String] and value &apos;C:\Program Files (x86)&apos;
[DEBUG] Searching for key &apos;ASL.LOG&apos; in [systemProperties]
[DEBUG] Searching for key &apos;ASL.LOG&apos; in [systemEnvironment]
[DEBUG] Found key &apos;ASL.LOG&apos; in [systemEnvironment] with type [String] and value &apos;Destination=file&apos;
[DEBUG] Searching for key &apos;PROCESSOR_ARCHITECTURE&apos; in [systemProperties]
[DEBUG] Searching for key &apos;PROCESSOR_ARCHITECTURE&apos; in [systemEnvironment]
[DEBUG] Found key &apos;PROCESSOR_ARCHITECTURE&apos; in [systemEnvironment] with type [String] and value &apos;AMD64&apos;
[DEBUG] Searching for key &apos;PROGRAMFILES&apos; in [systemProperties]
[DEBUG] Searching for key &apos;PROGRAMFILES&apos; in [systemEnvironment]
[DEBUG] Found key &apos;PROGRAMFILES&apos; in [systemEnvironment] with type [String] and value &apos;C:\Program Files&apos;
[DEBUG] Searching for key &apos;APPDATA&apos; in [systemProperties]
[DEBUG] Searching for key &apos;APPDATA&apos; in [systemEnvironment]
[DEBUG] Found key &apos;APPDATA&apos; in [systemEnvironment] with type [String] and value &apos;C:\Users\Adi\AppData\Roaming&apos;
[DEBUG] Searching for key &apos;PSMODULEPATH&apos; in [systemProperties]
[DEBUG] Searching for key &apos;PSMODULEPATH&apos; in [systemEnvironment]
[DEBUG] Found key &apos;PSMODULEPATH&apos; in [systemEnvironment] with type [String] and value &apos;C:\Windows\system32\WindowsPowerShell\v1.0\Modules\&apos;
[DEBUG] Searching for key &apos;PROGRAMW6432&apos; in [systemProperties]
[DEBUG] Searching for key &apos;PROGRAMW6432&apos; in [systemEnvironment]
[DEBUG] Found key &apos;PROGRAMW6432&apos; in [systemEnvironment] with type [String] and value &apos;C:\Program Files&apos;
[DEBUG] Searching for key &apos;PROGRAMDATA&apos; in [systemProperties]
[DEBUG] Searching for key &apos;PROGRAMDATA&apos; in [systemEnvironment]
[DEBUG] Found key &apos;PROGRAMDATA&apos; in [systemEnvironment] with type [String] and value &apos;C:\ProgramData&apos;
[DEBUG] Searching for key &apos;SYSTEMROOT&apos; in [systemProperties]
[DEBUG] Searching for key &apos;SYSTEMROOT&apos; in [systemEnvironment]
[DEBUG] Found key &apos;SYSTEMROOT&apos; in [systemEnvironment] with type [String] and value &apos;C:\Windows&apos;
[DEBUG] Searching for key &apos;USERNAME&apos; in [systemProperties]
[DEBUG] Searching for key &apos;USERNAME&apos; in [systemEnvironment]
[DEBUG] Found key &apos;USERNAME&apos; in [systemEnvironment] with type [String] and value &apos;Adi&apos;
[DEBUG] Searching for key &apos;VBOX_MSI_INSTALL_PATH&apos; in [systemProperties]
[DEBUG] Searching for key &apos;VBOX_MSI_INSTALL_PATH&apos; in [systemEnvironment]
[DEBUG] Found key &apos;VBOX_MSI_INSTALL_PATH&apos; in [systemEnvironment] with type [String] and value &apos;C:\Program Files\Oracle\VirtualBox\&apos;
[DEBUG] Searching for key &apos;MEMBASE_NUM_VBUCKETS&apos; in [systemProperties]
[DEBUG] Searching for key &apos;MEMBASE_NUM_VBUCKETS&apos; in [systemEnvironment]
[DEBUG] Found key &apos;MEMBASE_NUM_VBUCKETS&apos; in [systemEnvironment] with type [String] and value &apos;256&apos;
[DEBUG] Searching for key &apos;PATHEXT&apos; in [systemProperties]
[DEBUG] Searching for key &apos;PATHEXT&apos; in [systemEnvironment]
[DEBUG] Found key &apos;PATHEXT&apos; in [systemEnvironment] with type [String] and value &apos;.COM;.EXE;.BAT;.CMD;.VBS;.VBE;.JS;.JSE;.WSF;.WSH;.MSC;.PY&apos;
[DEBUG] Searching for key &apos;OS&apos; in [systemProperties]
[DEBUG] Searching for key &apos;OS&apos; in [systemEnvironment]
[DEBUG] Found key &apos;OS&apos; in [systemEnvironment] with type [String] and value &apos;Windows_NT&apos;
[DEBUG] Searching for key &apos;COMMONPROGRAMW6432&apos; in [systemProperties]
[DEBUG] Searching for key &apos;COMMONPROGRAMW6432&apos; in [systemEnvironment]
[DEBUG] Found key &apos;COMMONPROGRAMW6432&apos; in [systemEnvironment] with type [String] and value &apos;C:\Program Files\Common Files&apos;
[DEBUG] Searching for key &apos;COMPUTERNAME&apos; in [systemProperties]
[DEBUG] Searching for key &apos;COMPUTERNAME&apos; in [systemEnvironment]
[DEBUG] Found key &apos;COMPUTERNAME&apos; in [systemEnvironment] with type [String] and value &apos;ADI-PC&apos;
[DEBUG] Searching for key &apos;COMMONPROGRAMFILES&apos; in [systemProperties]
[DEBUG] Searching for key &apos;COMMONPROGRAMFILES&apos; in [systemEnvironment]
[DEBUG] Found key &apos;COMMONPROGRAMFILES&apos; in [systemEnvironment] with type [String] and value &apos;C:\Program Files\Common Files&apos;
[DEBUG] Searching for key &apos;COMSPEC&apos; in [systemProperties]
[DEBUG] Searching for key &apos;COMSPEC&apos; in [systemEnvironment]
[DEBUG] Found key &apos;COMSPEC&apos; in [systemEnvironment] with type [String] and value &apos;C:\Windows\system32\cmd.exe&apos;
[DEBUG] Searching for key &apos;PROCESSOR_REVISION&apos; in [systemProperties]
[DEBUG] Searching for key &apos;PROCESSOR_REVISION&apos; in [systemEnvironment]
[DEBUG] Found key &apos;PROCESSOR_REVISION&apos; in [systemEnvironment] with type [String] and value &apos;2a07&apos;
[DEBUG] Searching for key &apos;WINDIR&apos; in [systemProperties]
[DEBUG] Searching for key &apos;WINDIR&apos; in [systemEnvironment]
[DEBUG] Found key &apos;WINDIR&apos; in [systemEnvironment] with type [String] and value &apos;C:\Windows&apos;
[DEBUG] Searching for key &apos;=D:&apos; in [systemProperties]
[DEBUG] Searching for key &apos;=D:&apos; in [systemEnvironment]
[DEBUG] Found key &apos;=D:&apos; in [systemEnvironment] with type [String] and value &apos;D:\Projects\CrossoverTrial - Second\Code&apos;
[DEBUG] Searching for key &apos;HOMEPATH&apos; in [systemProperties]
[DEBUG] Searching for key &apos;HOMEPATH&apos; in [systemEnvironment]
[DEBUG] Found key &apos;HOMEPATH&apos; in [systemEnvironment] with type [String] and value &apos;\Users\Adi&apos;
[DEBUG] Searching for key &apos;TEMP&apos; in [systemProperties]
[DEBUG] Searching for key &apos;TEMP&apos; in [systemEnvironment]
[DEBUG] Found key &apos;TEMP&apos; in [systemEnvironment] with type [String] and value &apos;C:\Users\Adi\AppData\Local\Temp&apos;
[DEBUG] Searching for key &apos;HOMEDRIVE&apos; in [systemProperties]
[DEBUG] Searching for key &apos;HOMEDRIVE&apos; in [systemEnvironment]
[DEBUG] Found key &apos;HOMEDRIVE&apos; in [systemEnvironment] with type [String] and value &apos;C:&apos;
[DEBUG] Searching for key &apos;PROCESSOR_IDENTIFIER&apos; in [systemProperties]
[DEBUG] Searching for key &apos;PROCESSOR_IDENTIFIER&apos; in [systemEnvironment]
[DEBUG] Found key &apos;PROCESSOR_IDENTIFIER&apos; in [systemEnvironment] with type [String] and value &apos;Intel64 Family 6 Model 42 Stepping 7, GenuineIntel&apos;
[DEBUG] Searching for key &apos;USERPROFILE&apos; in [systemProperties]
[DEBUG] Searching for key &apos;USERPROFILE&apos; in [systemEnvironment]
[DEBUG] Found key &apos;USERPROFILE&apos; in [systemEnvironment] with type [String] and value &apos;C:\Users\Adi&apos;
[DEBUG] Searching for key &apos;TMP&apos; in [systemProperties]
[DEBUG] Searching for key &apos;TMP&apos; in [systemEnvironment]
[DEBUG] Found key &apos;TMP&apos; in [systemEnvironment] with type [String] and value &apos;C:\Users\Adi\AppData\Local\Temp&apos;
[DEBUG] Searching for key &apos;PUBLIC&apos; in [systemProperties]
[DEBUG] Searching for key &apos;PUBLIC&apos; in [systemEnvironment]
[DEBUG] Found key &apos;PUBLIC&apos; in [systemEnvironment] with type [String] and value &apos;C:\Users\Public&apos;
[DEBUG] Searching for key &apos;NUMBER_OF_PROCESSORS&apos; in [systemProperties]
[DEBUG] Searching for key &apos;NUMBER_OF_PROCESSORS&apos; in [systemEnvironment]
[DEBUG] Found key &apos;NUMBER_OF_PROCESSORS&apos; in [systemEnvironment] with type [String] and value &apos;8&apos;
[DEBUG] Searching for key &apos;=::&apos; in [systemProperties]
[DEBUG] Searching for key &apos;=::&apos; in [systemEnvironment]
[DEBUG] Found key &apos;=::&apos; in [systemEnvironment] with type [String] and value &apos;::\&apos;
[DEBUG] Searching for key &apos;DOCKER_TOOLBOX_INSTALL_PATH&apos; in [systemProperties]
[DEBUG] Searching for key &apos;DOCKER_TOOLBOX_INSTALL_PATH&apos; in [systemEnvironment]
[DEBUG] Found key &apos;DOCKER_TOOLBOX_INSTALL_PATH&apos; in [systemEnvironment] with type [String] and value &apos;C:\Program Files\Docker Toolbox&apos;
[DEBUG] Searching for key &apos;spring.jmx.enabled&apos; in [systemProperties]
[DEBUG] Searching for key &apos;spring.jmx.enabled&apos; in [systemEnvironment]
[DEBUG] Searching for key &apos;spring.jmx.enabled&apos; in [random]
[DEBUG] Searching for key &apos;spring.jmx.enabled&apos; in [integrationTest]
[DEBUG] Found key &apos;spring.jmx.enabled&apos; in [integrationTest] with type [String] and value &apos;false&apos;
[DEBUG] Searching for key &apos;server.port&apos; in [systemProperties]
[DEBUG] Searching for key &apos;server.port&apos; in [systemEnvironment]
[DEBUG] Searching for key &apos;server.port&apos; in [random]
[DEBUG] Searching for key &apos;server.port&apos; in [integrationTest]
[DEBUG] Found key &apos;server.port&apos; in [integrationTest] with type [String] and value &apos;-1&apos;
[DEBUG] Searching for key &apos;spring.datasource.url&apos; in [systemProperties]
[DEBUG] Searching for key &apos;spring.datasource.url&apos; in [systemEnvironment]
[DEBUG] Searching for key &apos;spring.datasource.url&apos; in [random]
[DEBUG] Searching for key &apos;spring.datasource.url&apos; in [integrationTest]
[DEBUG] Searching for key &apos;spring.datasource.url&apos; in [applicationConfigurationProperties]
[DEBUG] Found key &apos;spring.datasource.url&apos; in [applicationConfigurationProperties] with type [String] and value &apos;jdbc:mysql://localhost:3306/journals?createDatabaseIfNotExist=true&apos;
[DEBUG] Searching for key &apos;spring.datasource.username&apos; in [systemProperties]
[DEBUG] Searching for key &apos;spring.datasource.username&apos; in [systemEnvironment]
[DEBUG] Searching for key &apos;spring.datasource.username&apos; in [random]
[DEBUG] Searching for key &apos;spring.datasource.username&apos; in [integrationTest]
[DEBUG] Searching for key &apos;spring.datasource.username&apos; in [applicationConfigurationProperties]
[DEBUG] Found key &apos;spring.datasource.username&apos; in [applicationConfigurationProperties] with type [String] and value &apos;root&apos;
[DEBUG] Searching for key &apos;spring.jpa.hibernate.ddl-auto&apos; in [systemProperties]
[DEBUG] Searching for key &apos;spring.jpa.hibernate.ddl-auto&apos; in [systemEnvironment]
[DEBUG] Searching for key &apos;spring.jpa.hibernate.ddl-auto&apos; in [random]
[DEBUG] Searching for key &apos;spring.jpa.hibernate.ddl-auto&apos; in [integrationTest]
[DEBUG] Searching for key &apos;spring.jpa.hibernate.ddl-auto&apos; in [applicationConfigurationProperties]
[DEBUG] Found key &apos;spring.jpa.hibernate.ddl-auto&apos; in [applicationConfigurationProperties] with type [String] and value &apos;create&apos;
[DEBUG] Searching for key &apos;spring.datasource.driver-class-name&apos; in [systemProperties]
[DEBUG] Searching for key &apos;spring.datasource.driver-class-name&apos; in [systemEnvironment]
[DEBUG] Searching for key &apos;spring.datasource.driver-class-name&apos; in [random]
[DEBUG] Searching for key &apos;spring.datasource.driver-class-name&apos; in [integrationTest]
[DEBUG] Searching for key &apos;spring.datasource.driver-class-name&apos; in [applicationConfigurationProperties]
[DEBUG] Found key &apos;spring.datasource.driver-class-name&apos; in [applicationConfigurationProperties] with type [String] and value &apos;com.mysql.jdbc.Driver&apos;
[DEBUG] Searching for key &apos;spring.jpa.properties.hibernate.format_sql&apos; in [systemProperties]
[DEBUG] Searching for key &apos;spring.jpa.properties.hibernate.format_sql&apos; in [systemEnvironment]
[DEBUG] Searching for key &apos;spring.jpa.properties.hibernate.format_sql&apos; in [random]
[DEBUG] Searching for key &apos;spring.jpa.properties.hibernate.format_sql&apos; in [integrationTest]
[DEBUG] Searching for key &apos;spring.jpa.properties.hibernate.format_sql&apos; in [applicationConfigurationProperties]
[DEBUG] Found key &apos;spring.jpa.properties.hibernate.format_sql&apos; in [applicationConfigurationProperties] with type [String] and value &apos;true&apos;
[DEBUG] Searching for key &apos;spring.datasource.password&apos; in [systemProperties]
[DEBUG] Searching for key &apos;spring.datasource.password&apos; in [systemEnvironment]
[DEBUG] Searching for key &apos;spring.datasource.password&apos; in [random]
[DEBUG] Searching for key &apos;spring.datasource.password&apos; in [integrationTest]
[DEBUG] Searching for key &apos;spring.datasource.password&apos; in [applicationConfigurationProperties]
[DEBUG] Found key &apos;spring.datasource.password&apos; in [applicationConfigurationProperties] with type [String] and value &apos;admin&apos;
[DEBUG] Searching for key &apos;multipart.maxFileSize&apos; in [systemProperties]
[DEBUG] Searching for key &apos;multipart.maxFileSize&apos; in [systemEnvironment]
[DEBUG] Searching for key &apos;multipart.maxFileSize&apos; in [random]
[DEBUG] Searching for key &apos;multipart.maxFileSize&apos; in [integrationTest]
[DEBUG] Searching for key &apos;multipart.maxFileSize&apos; in [applicationConfigurationProperties]
[DEBUG] Found key &apos;multipart.maxFileSize&apos; in [applicationConfigurationProperties] with type [String] and value &apos;1MB&apos;
[DEBUG] Searching for key &apos;spring.jpa.database-platform&apos; in [systemProperties]
[DEBUG] Searching for key &apos;spring.jpa.database-platform&apos; in [systemEnvironment]
[DEBUG] Searching for key &apos;spring.jpa.database-platform&apos; in [random]
[DEBUG] Searching for key &apos;spring.jpa.database-platform&apos; in [integrationTest]
[DEBUG] Searching for key &apos;spring.jpa.database-platform&apos; in [applicationConfigurationProperties]
[DEBUG] Found key &apos;spring.jpa.database-platform&apos; in [applicationConfigurationProperties] with type [String] and value &apos;org.hibernate.dialect.MySQL5Dialect&apos;
[DEBUG] Searching for key &apos;spring.jpa.properties.hibernate.globally_quoted_identifiers&apos; in [systemProperties]
[DEBUG] Searching for key &apos;spring.jpa.properties.hibernate.globally_quoted_identifiers&apos; in [systemEnvironment]
[DEBUG] Searching for key &apos;spring.jpa.properties.hibernate.globally_quoted_identifiers&apos; in [random]
[DEBUG] Searching for key &apos;spring.jpa.properties.hibernate.globally_quoted_identifiers&apos; in [integrationTest]
[DEBUG] Searching for key &apos;spring.jpa.properties.hibernate.globally_quoted_identifiers&apos; in [applicationConfigurationProperties]
[DEBUG] Found key &apos;spring.jpa.properties.hibernate.globally_quoted_identifiers&apos; in [applicationConfigurationProperties] with type [String] and value &apos;true&apos;
[DEBUG] Searching for key &apos;multipart.maxRequestSize&apos; in [systemProperties]
[DEBUG] Searching for key &apos;multipart.maxRequestSize&apos; in [systemEnvironment]
[DEBUG] Searching for key &apos;multipart.maxRequestSize&apos; in [random]
[DEBUG] Searching for key &apos;multipart.maxRequestSize&apos; in [integrationTest]
[DEBUG] Searching for key &apos;multipart.maxRequestSize&apos; in [applicationConfigurationProperties]
[DEBUG] Found key &apos;multipart.maxRequestSize&apos; in [applicationConfigurationProperties] with type [String] and value &apos;1MB&apos;
[DEBUG] Searching for key &apos;spring.jpa.show-sql&apos; in [systemProperties]
[DEBUG] Searching for key &apos;spring.jpa.show-sql&apos; in [systemEnvironment]
[DEBUG] Searching for key &apos;spring.jpa.show-sql&apos; in [random]
[DEBUG] Searching for key &apos;spring.jpa.show-sql&apos; in [integrationTest]
[DEBUG] Searching for key &apos;spring.jpa.show-sql&apos; in [applicationConfigurationProperties]
[DEBUG] Found key &apos;spring.jpa.show-sql&apos; in [applicationConfigurationProperties] with type [String] and value &apos;true&apos;
[DEBUG] Returning cached instance of singleton bean &apos;autoConfigurationReport&apos;
[DEBUG] Returning cached instance of singleton bean &apos;autoConfigurationReport&apos;
[DEBUG] Returning cached instance of singleton bean &apos;autoConfigurationReport&apos;
[DEBUG] Registered bean definition for imported class &apos;org.springframework.boot.autoconfigure.thymeleaf.ThymeleafAutoConfiguration$ThymeleafViewResolverConfiguration&apos;
[DEBUG] Returning cached instance of singleton bean &apos;autoConfigurationReport&apos;
[DEBUG] Returning cached instance of singleton bean &apos;autoConfigurationReport&apos;
[DEBUG] Registering bean definition for @Bean method org.springframework.boot.autoconfigure.thymeleaf.ThymeleafAutoConfiguration$ThymeleafViewResolverConfiguration.thymeleafViewResolver()
[DEBUG] Returning cached instance of singleton bean &apos;autoConfigurationReport&apos;
[DEBUG] Registered bean definition for imported class &apos;org.springframework.boot.autoconfigure.thymeleaf.ThymeleafAutoConfiguration$ThymeleafSecurityDialectConfiguration&apos;
[DEBUG] Returning cached instance of singleton bean &apos;org.springframework.boot.autoconfigure.condition.BeanTypeRegistry&apos;
[DEBUG] Returning cached instance of singleton bean &apos;autoConfigurationReport&apos;
[DEBUG] Registering bean definition for @Bean method org.springframework.boot.autoconfigure.thymeleaf.ThymeleafAutoConfiguration$ThymeleafSecurityDialectConfiguration.securityDialect()
[DEBUG] Returning cached instance of singleton bean &apos;autoConfigurationReport&apos;
[DEBUG] Registered bean definition for imported class &apos;org.springframework.boot.autoconfigure.thymeleaf.ThymeleafAutoConfiguration$ThymeleafWebLayoutConfiguration&apos;
[DEBUG] Returning cached instance of singleton bean &apos;org.springframework.boot.autoconfigure.condition.BeanTypeRegistry&apos;
[DEBUG] Returning cached instance of singleton bean &apos;autoConfigurationReport&apos;
[DEBUG] Registering bean definition for @Bean method org.springframework.boot.autoconfigure.thymeleaf.ThymeleafAutoConfiguration$ThymeleafWebLayoutConfiguration.layoutDialect()
[DEBUG] Returning cached instance of singleton bean &apos;org.springframework.boot.autoconfigure.condition.BeanTypeRegistry&apos;
[DEBUG] Returning cached instance of singleton bean &apos;autoConfigurationReport&apos;
[DEBUG] Registered bean definition for imported class &apos;org.springframework.boot.autoconfigure.thymeleaf.ThymeleafAutoConfiguration$ThymeleafDefaultConfiguration&apos;
[DEBUG] Registering bean definition for @Bean method org.springframework.boot.autoconfigure.thymeleaf.ThymeleafAutoConfiguration$ThymeleafDefaultConfiguration.templateEngine()
[DEBUG] Returning cached instance of singleton bean &apos;autoConfigurationReport&apos;
[DEBUG] Registered bean definition for imported class &apos;org.springframework.boot.autoconfigure.thymeleaf.ThymeleafAutoConfiguration$DefaultTemplateResolverConfiguration&apos;
[DEBUG] Registering bean definition for @Bean method org.springframework.boot.autoconfigure.thymeleaf.ThymeleafAutoConfiguration$DefaultTemplateResolverConfiguration.defaultTemplateResolver()
[DEBUG] Registering bean definition for @Bean method org.springframework.boot.autoconfigure.thymeleaf.ThymeleafAutoConfiguration$DefaultTemplateResolverConfiguration.thymeleafResourceResolver()
[DEBUG] Registered bean definition for imported class &apos;org.springframework.boot.autoconfigure.thymeleaf.ThymeleafAutoConfiguration&apos;
[DEBUG] Returning cached instance of singleton bean &apos;autoConfigurationReport&apos;
[DEBUG] Returning cached instance of singleton bean &apos;autoConfigurationReport&apos;
[DEBUG] Registered bean definition for imported class &apos;org.springframework.boot.autoconfigure.security.SecurityFilterAutoConfiguration&apos;
[DEBUG] Returning cached instance of singleton bean &apos;autoConfigurationReport&apos;
[DEBUG] Registering bean definition for @Bean method org.springframework.boot.autoconfigure.security.SecurityFilterAutoConfiguration.securityFilterChainRegistration()
[DEBUG] Returning cached instance of singleton bean &apos;org.springframework.boot.autoconfigure.condition.BeanTypeRegistry&apos;
[DEBUG] Returning cached instance of singleton bean &apos;autoConfigurationReport&apos;
[DEBUG] Returning cached instance of singleton bean &apos;autoConfigurationReport&apos;
[DEBUG] Returning cached instance of singleton bean &apos;org.springframework.boot.autoconfigure.condition.BeanTypeRegistry&apos;
[DEBUG] Returning cached instance of singleton bean &apos;autoConfigurationReport&apos;
[DEBUG] Registered bean definition for imported class &apos;org.springframework.boot.autoconfigure.transaction.TransactionAutoConfiguration&apos;
[DEBUG] Returning cached instance of singleton bean &apos;org.springframework.boot.autoconfigure.condition.BeanTypeRegistry&apos;
[DEBUG] Returning cached instance of singleton bean &apos;autoConfigurationReport&apos;
[DEBUG] Registering bean definition for @Bean method org.springframework.boot.autoconfigure.transaction.TransactionAutoConfiguration.transactionTemplate()
[DEBUG] Returning cached instance of singleton bean &apos;autoConfigurationReport&apos;
[DEBUG] Returning cached instance of singleton bean &apos;autoConfigurationReport&apos;
[DEBUG] Registered bean definition for imported class &apos;org.springframework.boot.autoconfigure.web.HttpEncodingAutoConfiguration&apos;
[DEBUG] Returning cached instance of singleton bean &apos;org.springframework.boot.autoconfigure.condition.BeanTypeRegistry&apos;
[DEBUG] Returning cached instance of singleton bean &apos;autoConfigurationReport&apos;
[DEBUG] Registering bean definition for @Bean method org.springframework.boot.autoconfigure.web.HttpEncodingAutoConfiguration.characterEncodingFilter()
[DEBUG] Returning cached instance of singleton bean &apos;autoConfigurationReport&apos;
[DEBUG] Returning cached instance of singleton bean &apos;autoConfigurationReport&apos;
[DEBUG] Registered bean definition for imported class &apos;org.springframework.boot.autoconfigure.web.MultipartAutoConfiguration&apos;
[DEBUG] Returning cached instance of singleton bean &apos;org.springframework.boot.autoconfigure.condition.BeanTypeRegistry&apos;
[DEBUG] Returning cached instance of singleton bean &apos;autoConfigurationReport&apos;
[DEBUG] Registering bean definition for @Bean method org.springframework.boot.autoconfigure.web.MultipartAutoConfiguration.multipartConfigElement()
[DEBUG] Returning cached instance of singleton bean &apos;org.springframework.boot.autoconfigure.condition.BeanTypeRegistry&apos;
[DEBUG] Returning cached instance of singleton bean &apos;autoConfigurationReport&apos;
[DEBUG] Registering bean definition for @Bean method org.springframework.boot.autoconfigure.web.MultipartAutoConfiguration.multipartResolver()
[DEBUG] Returning cached instance of singleton bean &apos;autoConfigurationReport&apos;
[DEBUG] Registered bean definition for imported class &apos;org.springframework.boot.autoconfigure.web.ServerPropertiesAutoConfiguration&apos;
[DEBUG] Returning cached instance of singleton bean &apos;org.springframework.boot.autoconfigure.condition.BeanTypeRegistry&apos;
[DEBUG] Returning cached instance of singleton bean &apos;autoConfigurationReport&apos;
[DEBUG] Registering bean definition for @Bean method org.springframework.boot.autoconfigure.web.ServerPropertiesAutoConfiguration.serverProperties()
[DEBUG] Registering bean definition for @Bean method org.springframework.boot.autoconfigure.web.ServerPropertiesAutoConfiguration.duplicateServerPropertiesDetector()
[DEBUG] Successfully enhanced com.crossover.trial.journals.config.MvcConfig; enhanced class name is: com.crossover.trial.journals.config.MvcConfig$$EnhancerBySpringCGLIB$$70e174b5
[DEBUG] Replacing bean definition &apos;mvcConfig&apos; existing class &apos;com.crossover.trial.journals.config.MvcConfig&apos; with enhanced class &apos;com.crossover.trial.journals.config.MvcConfig$$EnhancerBySpringCGLIB$$70e174b5&apos;
[DEBUG] Successfully enhanced com.crossover.trial.journals.config.WebSecurityConfig; enhanced class name is: com.crossover.trial.journals.config.WebSecurityConfig$$EnhancerBySpringCGLIB$$bb942b0f
[DEBUG] Replacing bean definition &apos;webSecurityConfig&apos; existing class &apos;com.crossover.trial.journals.config.WebSecurityConfig&apos; with enhanced class &apos;com.crossover.trial.journals.config.WebSecurityConfig$$EnhancerBySpringCGLIB$$bb942b0f&apos;
[DEBUG] Successfully enhanced org.springframework.security.config.annotation.authentication.configuration.AuthenticationConfiguration; enhanced class name is: org.springframework.security.config.annotation.authentication.configuration.AuthenticationConfiguration$$EnhancerBySpringCGLIB$$8b2b141c
[DEBUG] Replacing bean definition &apos;org.springframework.security.config.annotation.authentication.configuration.AuthenticationConfiguration&apos; existing class &apos;org.springframework.security.config.annotation.authentication.configuration.AuthenticationConfiguration&apos; with enhanced class &apos;org.springframework.security.config.annotation.authentication.configuration.AuthenticationConfiguration$$EnhancerBySpringCGLIB$$8b2b141c&apos;
[DEBUG] Successfully enhanced org.springframework.security.config.annotation.authentication.configuration.AuthenticationConfiguration; enhanced class name is: org.springframework.security.config.annotation.authentication.configuration.AuthenticationConfiguration$$EnhancerBySpringCGLIB$$8b2b141c
[DEBUG] Replacing bean definition &apos;enableGlobalAuthenticationAutowiredConfigurer&apos; existing class &apos;org.springframework.security.config.annotation.authentication.configuration.AuthenticationConfiguration&apos; with enhanced class &apos;org.springframework.security.config.annotation.authentication.configuration.AuthenticationConfiguration$$EnhancerBySpringCGLIB$$8b2b141c&apos;
[DEBUG] Successfully enhanced org.springframework.security.config.annotation.web.configuration.WebSecurityConfiguration; enhanced class name is: org.springframework.security.config.annotation.web.configuration.WebSecurityConfiguration$$EnhancerBySpringCGLIB$$def775e0
[DEBUG] Replacing bean definition &apos;org.springframework.security.config.annotation.web.configuration.WebSecurityConfiguration&apos; existing class &apos;org.springframework.security.config.annotation.web.configuration.WebSecurityConfiguration&apos; with enhanced class &apos;org.springframework.security.config.annotation.web.configuration.WebSecurityConfiguration$$EnhancerBySpringCGLIB$$def775e0&apos;
[DEBUG] Successfully enhanced org.springframework.security.config.annotation.web.configuration.WebSecurityConfiguration; enhanced class name is: org.springframework.security.config.annotation.web.configuration.WebSecurityConfiguration$$EnhancerBySpringCGLIB$$def775e0
[DEBUG] Replacing bean definition &apos;delegatingApplicationListener&apos; existing class &apos;org.springframework.security.config.annotation.web.configuration.WebSecurityConfiguration&apos; with enhanced class &apos;org.springframework.security.config.annotation.web.configuration.WebSecurityConfiguration$$EnhancerBySpringCGLIB$$def775e0&apos;
[DEBUG] Successfully enhanced org.springframework.security.config.annotation.configuration.ObjectPostProcessorConfiguration; enhanced class name is: org.springframework.security.config.annotation.configuration.ObjectPostProcessorConfiguration$$EnhancerBySpringCGLIB$$f38e3447
[DEBUG] Replacing bean definition &apos;org.springframework.security.config.annotation.configuration.ObjectPostProcessorConfiguration&apos; existing class &apos;org.springframework.security.config.annotation.configuration.ObjectPostProcessorConfiguration&apos; with enhanced class &apos;org.springframework.security.config.annotation.configuration.ObjectPostProcessorConfiguration$$EnhancerBySpringCGLIB$$f38e3447&apos;
[DEBUG] Successfully enhanced org.springframework.boot.autoconfigure.PropertyPlaceholderAutoConfiguration; enhanced class name is: org.springframework.boot.autoconfigure.PropertyPlaceholderAutoConfiguration$$EnhancerBySpringCGLIB$$1b660c87
[DEBUG] Replacing bean definition &apos;org.springframework.boot.autoconfigure.PropertyPlaceholderAutoConfiguration&apos; existing class &apos;org.springframework.boot.autoconfigure.PropertyPlaceholderAutoConfiguration&apos; with enhanced class &apos;org.springframework.boot.autoconfigure.PropertyPlaceholderAutoConfiguration$$EnhancerBySpringCGLIB$$1b660c87&apos;
[DEBUG] Successfully enhanced org.springframework.boot.autoconfigure.PropertyPlaceholderAutoConfiguration; enhanced class name is: org.springframework.boot.autoconfigure.PropertyPlaceholderAutoConfiguration$$EnhancerBySpringCGLIB$$1b660c87
[DEBUG] Replacing bean definition &apos;propertySourcesPlaceholderConfigurer&apos; existing class &apos;org.springframework.boot.autoconfigure.PropertyPlaceholderAutoConfiguration&apos; with enhanced class &apos;org.springframework.boot.autoconfigure.PropertyPlaceholderAutoConfiguration$$EnhancerBySpringCGLIB$$1b660c87&apos;
[DEBUG] Successfully enhanced org.springframework.boot.autoconfigure.websocket.WebSocketAutoConfiguration$TomcatWebSocketConfiguration; enhanced class name is: org.springframework.boot.autoconfigure.websocket.WebSocketAutoConfiguration$TomcatWebSocketConfiguration$$EnhancerBySpringCGLIB$$6f269a56
[DEBUG] Replacing bean definition &apos;org.springframework.boot.autoconfigure.websocket.WebSocketAutoConfiguration$TomcatWebSocketConfiguration&apos; existing class &apos;org.springframework.boot.autoconfigure.websocket.WebSocketAutoConfiguration$TomcatWebSocketConfiguration&apos; with enhanced class &apos;org.springframework.boot.autoconfigure.websocket.WebSocketAutoConfiguration$TomcatWebSocketConfiguration$$EnhancerBySpringCGLIB$$6f269a56&apos;
[DEBUG] Successfully enhanced org.springframework.boot.autoconfigure.websocket.WebSocketAutoConfiguration; enhanced class name is: org.springframework.boot.autoconfigure.websocket.WebSocketAutoConfiguration$$EnhancerBySpringCGLIB$$f181d4a5
[DEBUG] Replacing bean definition &apos;org.springframework.boot.autoconfigure.websocket.WebSocketAutoConfiguration&apos; existing class &apos;org.springframework.boot.autoconfigure.websocket.WebSocketAutoConfiguration&apos; with enhanced class &apos;org.springframework.boot.autoconfigure.websocket.WebSocketAutoConfiguration$$EnhancerBySpringCGLIB$$f181d4a5&apos;
[DEBUG] Successfully enhanced org.springframework.boot.autoconfigure.web.EmbeddedServletContainerAutoConfiguration$EmbeddedTomcat; enhanced class name is: org.springframework.boot.autoconfigure.web.EmbeddedServletContainerAutoConfiguration$EmbeddedTomcat$$EnhancerBySpringCGLIB$$60f5fae9
[DEBUG] Replacing bean definition &apos;org.springframework.boot.autoconfigure.web.EmbeddedServletContainerAutoConfiguration$EmbeddedTomcat&apos; existing class &apos;org.springframework.boot.autoconfigure.web.EmbeddedServletContainerAutoConfiguration$EmbeddedTomcat&apos; with enhanced class &apos;org.springframework.boot.autoconfigure.web.EmbeddedServletContainerAutoConfiguration$EmbeddedTomcat$$EnhancerBySpringCGLIB$$60f5fae9&apos;
[DEBUG] Successfully enhanced org.springframework.boot.autoconfigure.web.EmbeddedServletContainerAutoConfiguration; enhanced class name is: org.springframework.boot.autoconfigure.web.EmbeddedServletContainerAutoConfiguration$$EnhancerBySpringCGLIB$$2e84b38d
[DEBUG] Replacing bean definition &apos;org.springframework.boot.autoconfigure.web.EmbeddedServletContainerAutoConfiguration&apos; existing class &apos;org.springframework.boot.autoconfigure.web.EmbeddedServletContainerAutoConfiguration&apos; with enhanced class &apos;org.springframework.boot.autoconfigure.web.EmbeddedServletContainerAutoConfiguration$$EnhancerBySpringCGLIB$$2e84b38d&apos;
[DEBUG] Successfully enhanced org.springframework.boot.autoconfigure.web.DispatcherServletAutoConfiguration$DispatcherServletConfiguration; enhanced class name is: org.springframework.boot.autoconfigure.web.DispatcherServletAutoConfiguration$DispatcherServletConfiguration$$EnhancerBySpringCGLIB$$fe37185f
[DEBUG] Replacing bean definition &apos;org.springframework.boot.autoconfigure.web.DispatcherServletAutoConfiguration$DispatcherServletConfiguration&apos; existing class &apos;org.springframework.boot.autoconfigure.web.DispatcherServletAutoConfiguration$DispatcherServletConfiguration&apos; with enhanced class &apos;org.springframework.boot.autoconfigure.web.DispatcherServletAutoConfiguration$DispatcherServletConfiguration$$EnhancerBySpringCGLIB$$fe37185f&apos;
[DEBUG] Successfully enhanced org.springframework.boot.autoconfigure.web.DispatcherServletAutoConfiguration; enhanced class name is: org.springframework.boot.autoconfigure.web.DispatcherServletAutoConfiguration$$EnhancerBySpringCGLIB$$d1177321
[DEBUG] Replacing bean definition &apos;org.springframework.boot.autoconfigure.web.DispatcherServletAutoConfiguration&apos; existing class &apos;org.springframework.boot.autoconfigure.web.DispatcherServletAutoConfiguration&apos; with enhanced class &apos;org.springframework.boot.autoconfigure.web.DispatcherServletAutoConfiguration$$EnhancerBySpringCGLIB$$d1177321&apos;
[DEBUG] Successfully enhanced org.springframework.boot.autoconfigure.web.ErrorMvcAutoConfiguration$WhitelabelErrorViewConfiguration; enhanced class name is: org.springframework.boot.autoconfigure.web.ErrorMvcAutoConfiguration$WhitelabelErrorViewConfiguration$$EnhancerBySpringCGLIB$$433ac6fb
[DEBUG] Replacing bean definition &apos;org.springframework.boot.autoconfigure.web.ErrorMvcAutoConfiguration$WhitelabelErrorViewConfiguration&apos; existing class &apos;org.springframework.boot.autoconfigure.web.ErrorMvcAutoConfiguration$WhitelabelErrorViewConfiguration&apos; with enhanced class &apos;org.springframework.boot.autoconfigure.web.ErrorMvcAutoConfiguration$WhitelabelErrorViewConfiguration$$EnhancerBySpringCGLIB$$433ac6fb&apos;
[DEBUG] Successfully enhanced org.springframework.boot.autoconfigure.web.ErrorMvcAutoConfiguration; enhanced class name is: org.springframework.boot.autoconfigure.web.ErrorMvcAutoConfiguration$$EnhancerBySpringCGLIB$$80ddc6c1
[DEBUG] Replacing bean definition &apos;org.springframework.boot.autoconfigure.web.ErrorMvcAutoConfiguration&apos; existing class &apos;org.springframework.boot.autoconfigure.web.ErrorMvcAutoConfiguration&apos; with enhanced class &apos;org.springframework.boot.autoconfigure.web.ErrorMvcAutoConfiguration$$EnhancerBySpringCGLIB$$80ddc6c1&apos;
[DEBUG] Successfully enhanced org.springframework.boot.autoconfigure.web.ErrorMvcAutoConfiguration; enhanced class name is: org.springframework.boot.autoconfigure.web.ErrorMvcAutoConfiguration$$EnhancerBySpringCGLIB$$80ddc6c1
[DEBUG] Replacing bean definition &apos;preserveErrorControllerTargetClassPostProcessor&apos; existing class &apos;org.springframework.boot.autoconfigure.web.ErrorMvcAutoConfiguration&apos; with enhanced class &apos;org.springframework.boot.autoconfigure.web.ErrorMvcAutoConfiguration$$EnhancerBySpringCGLIB$$80ddc6c1&apos;
[DEBUG] Successfully enhanced org.springframework.boot.autoconfigure.web.WebMvcAutoConfiguration$EnableWebMvcConfiguration; enhanced class name is: org.springframework.boot.autoconfigure.web.WebMvcAutoConfiguration$EnableWebMvcConfiguration$$EnhancerBySpringCGLIB$$f0430036
[DEBUG] Replacing bean definition &apos;org.springframework.boot.autoconfigure.web.WebMvcAutoConfiguration$EnableWebMvcConfiguration&apos; existing class &apos;org.springframework.boot.autoconfigure.web.WebMvcAutoConfiguration$EnableWebMvcConfiguration&apos; with enhanced class &apos;org.springframework.boot.autoconfigure.web.WebMvcAutoConfiguration$EnableWebMvcConfiguration$$EnhancerBySpringCGLIB$$f0430036&apos;
[DEBUG] Successfully enhanced org.springframework.boot.autoconfigure.web.WebMvcAutoConfiguration$WebMvcAutoConfigurationAdapter$FaviconConfiguration; enhanced class name is: org.springframework.boot.autoconfigure.web.WebMvcAutoConfiguration$WebMvcAutoConfigurationAdapter$FaviconConfiguration$$EnhancerBySpringCGLIB$$1163a8c1
[DEBUG] Replacing bean definition &apos;org.springframework.boot.autoconfigure.web.WebMvcAutoConfiguration$WebMvcAutoConfigurationAdapter$FaviconConfiguration&apos; existing class &apos;org.springframework.boot.autoconfigure.web.WebMvcAutoConfiguration$WebMvcAutoConfigurationAdapter$FaviconConfiguration&apos; with enhanced class &apos;org.springframework.boot.autoconfigure.web.WebMvcAutoConfiguration$WebMvcAutoConfigurationAdapter$FaviconConfiguration$$EnhancerBySpringCGLIB$$1163a8c1&apos;
[DEBUG] Successfully enhanced org.springframework.boot.autoconfigure.web.WebMvcAutoConfiguration$WebMvcAutoConfigurationAdapter; enhanced class name is: org.springframework.boot.autoconfigure.web.WebMvcAutoConfiguration$WebMvcAutoConfigurationAdapter$$EnhancerBySpringCGLIB$$618b0349
[DEBUG] Replacing bean definition &apos;org.springframework.boot.autoconfigure.web.WebMvcAutoConfiguration$WebMvcAutoConfigurationAdapter&apos; existing class &apos;org.springframework.boot.autoconfigure.web.WebMvcAutoConfiguration$WebMvcAutoConfigurationAdapter&apos; with enhanced class &apos;org.springframework.boot.autoconfigure.web.WebMvcAutoConfiguration$WebMvcAutoConfigurationAdapter$$EnhancerBySpringCGLIB$$618b0349&apos;
[DEBUG] Successfully enhanced org.springframework.boot.autoconfigure.web.WebMvcAutoConfiguration; enhanced class name is: org.springframework.boot.autoconfigure.web.WebMvcAutoConfiguration$$EnhancerBySpringCGLIB$$d45ac8d
[DEBUG] Replacing bean definition &apos;org.springframework.boot.autoconfigure.web.WebMvcAutoConfiguration&apos; existing class &apos;org.springframework.boot.autoconfigure.web.WebMvcAutoConfiguration&apos; with enhanced class &apos;org.springframework.boot.autoconfigure.web.WebMvcAutoConfiguration$$EnhancerBySpringCGLIB$$d45ac8d&apos;
[DEBUG] Successfully enhanced org.springframework.boot.autoconfigure.aop.AopAutoConfiguration$JdkDynamicAutoProxyConfiguration; enhanced class name is: org.springframework.boot.autoconfigure.aop.AopAutoConfiguration$JdkDynamicAutoProxyConfiguration$$EnhancerBySpringCGLIB$$8d1e189e
[DEBUG] Replacing bean definition &apos;org.springframework.boot.autoconfigure.aop.AopAutoConfiguration$JdkDynamicAutoProxyConfiguration&apos; existing class &apos;org.springframework.boot.autoconfigure.aop.AopAutoConfiguration$JdkDynamicAutoProxyConfiguration&apos; with enhanced class &apos;org.springframework.boot.autoconfigure.aop.AopAutoConfiguration$JdkDynamicAutoProxyConfiguration$$EnhancerBySpringCGLIB$$8d1e189e&apos;
[DEBUG] Successfully enhanced org.springframework.boot.autoconfigure.aop.AopAutoConfiguration; enhanced class name is: org.springframework.boot.autoconfigure.aop.AopAutoConfiguration$$EnhancerBySpringCGLIB$$5a02b9cf
[DEBUG] Replacing bean definition &apos;org.springframework.boot.autoconfigure.aop.AopAutoConfiguration&apos; existing class &apos;org.springframework.boot.autoconfigure.aop.AopAutoConfiguration&apos; with enhanced class &apos;org.springframework.boot.autoconfigure.aop.AopAutoConfiguration$$EnhancerBySpringCGLIB$$5a02b9cf&apos;
[DEBUG] Successfully enhanced org.springframework.boot.autoconfigure.jdbc.DataSourceAutoConfiguration$JdbcTemplateConfiguration; enhanced class name is: org.springframework.boot.autoconfigure.jdbc.DataSourceAutoConfiguration$JdbcTemplateConfiguration$$EnhancerBySpringCGLIB$$d978848a
[DEBUG] Replacing bean definition &apos;org.springframework.boot.autoconfigure.jdbc.DataSourceAutoConfiguration$JdbcTemplateConfiguration&apos; existing class &apos;org.springframework.boot.autoconfigure.jdbc.DataSourceAutoConfiguration$JdbcTemplateConfiguration&apos; with enhanced class &apos;org.springframework.boot.autoconfigure.jdbc.DataSourceAutoConfiguration$JdbcTemplateConfiguration$$EnhancerBySpringCGLIB$$d978848a&apos;
[DEBUG] Successfully enhanced org.springframework.boot.autoconfigure.jdbc.DataSourceAutoConfiguration$DataSourceInitializerConfiguration; enhanced class name is: org.springframework.boot.autoconfigure.jdbc.DataSourceAutoConfiguration$DataSourceInitializerConfiguration$$EnhancerBySpringCGLIB$$2530fc94
[DEBUG] Replacing bean definition &apos;org.springframework.boot.autoconfigure.jdbc.DataSourceAutoConfiguration$DataSourceInitializerConfiguration&apos; existing class &apos;org.springframework.boot.autoconfigure.jdbc.DataSourceAutoConfiguration$DataSourceInitializerConfiguration&apos; with enhanced class &apos;org.springframework.boot.autoconfigure.jdbc.DataSourceAutoConfiguration$DataSourceInitializerConfiguration$$EnhancerBySpringCGLIB$$2530fc94&apos;
[DEBUG] Successfully enhanced org.springframework.boot.autoconfigure.jdbc.metadata.DataSourcePoolMetadataProvidersConfiguration$TomcatDataSourcePoolMetadataProviderConfiguration; enhanced class name is: org.springframework.boot.autoconfigure.jdbc.metadata.DataSourcePoolMetadataProvidersConfiguration$TomcatDataSourcePoolMetadataProviderConfiguration$$EnhancerBySpringCGLIB$$9948abbb
[DEBUG] Replacing bean definition &apos;org.springframework.boot.autoconfigure.jdbc.metadata.DataSourcePoolMetadataProvidersConfiguration$TomcatDataSourcePoolMetadataProviderConfiguration&apos; existing class &apos;org.springframework.boot.autoconfigure.jdbc.metadata.DataSourcePoolMetadataProvidersConfiguration$TomcatDataSourcePoolMetadataProviderConfiguration&apos; with enhanced class &apos;org.springframework.boot.autoconfigure.jdbc.metadata.DataSourcePoolMetadataProvidersConfiguration$TomcatDataSourcePoolMetadataProviderConfiguration$$EnhancerBySpringCGLIB$$9948abbb&apos;
[DEBUG] Successfully enhanced org.springframework.boot.autoconfigure.jdbc.metadata.DataSourcePoolMetadataProvidersConfiguration; enhanced class name is: org.springframework.boot.autoconfigure.jdbc.metadata.DataSourcePoolMetadataProvidersConfiguration$$EnhancerBySpringCGLIB$$2379df6e
[DEBUG] Replacing bean definition &apos;org.springframework.boot.autoconfigure.jdbc.metadata.DataSourcePoolMetadataProvidersConfiguration&apos; existing class &apos;org.springframework.boot.autoconfigure.jdbc.metadata.DataSourcePoolMetadataProvidersConfiguration&apos; with enhanced class &apos;org.springframework.boot.autoconfigure.jdbc.metadata.DataSourcePoolMetadataProvidersConfiguration$$EnhancerBySpringCGLIB$$2379df6e&apos;
[DEBUG] Successfully enhanced org.springframework.boot.autoconfigure.jdbc.DataSourceAutoConfiguration; enhanced class name is: org.springframework.boot.autoconfigure.jdbc.DataSourceAutoConfiguration$$EnhancerBySpringCGLIB$$5a2fa2ad
[DEBUG] Replacing bean definition &apos;org.springframework.boot.autoconfigure.jdbc.DataSourceAutoConfiguration&apos; existing class &apos;org.springframework.boot.autoconfigure.jdbc.DataSourceAutoConfiguration&apos; with enhanced class &apos;org.springframework.boot.autoconfigure.jdbc.DataSourceAutoConfiguration$$EnhancerBySpringCGLIB$$5a2fa2ad&apos;
[DEBUG] Successfully enhanced org.springframework.boot.autoconfigure.orm.jpa.JpaBaseConfiguration$JpaWebConfiguration$JpaWebMvcConfiguration; enhanced class name is: org.springframework.boot.autoconfigure.orm.jpa.JpaBaseConfiguration$JpaWebConfiguration$JpaWebMvcConfiguration$$EnhancerBySpringCGLIB$$74a9b945
[DEBUG] Replacing bean definition &apos;org.springframework.boot.autoconfigure.orm.jpa.JpaBaseConfiguration$JpaWebConfiguration$JpaWebMvcConfiguration&apos; existing class &apos;org.springframework.boot.autoconfigure.orm.jpa.JpaBaseConfiguration$JpaWebConfiguration$JpaWebMvcConfiguration&apos; with enhanced class &apos;org.springframework.boot.autoconfigure.orm.jpa.JpaBaseConfiguration$JpaWebConfiguration$JpaWebMvcConfiguration$$EnhancerBySpringCGLIB$$74a9b945&apos;
[DEBUG] Successfully enhanced org.springframework.boot.autoconfigure.orm.jpa.JpaBaseConfiguration$JpaWebConfiguration; enhanced class name is: org.springframework.boot.autoconfigure.orm.jpa.JpaBaseConfiguration$JpaWebConfiguration$$EnhancerBySpringCGLIB$$fc1bbb38
[DEBUG] Replacing bean definition &apos;org.springframework.boot.autoconfigure.orm.jpa.JpaBaseConfiguration$JpaWebConfiguration&apos; existing class &apos;org.springframework.boot.autoconfigure.orm.jpa.JpaBaseConfiguration$JpaWebConfiguration&apos; with enhanced class &apos;org.springframework.boot.autoconfigure.orm.jpa.JpaBaseConfiguration$JpaWebConfiguration$$EnhancerBySpringCGLIB$$fc1bbb38&apos;
[DEBUG] Successfully enhanced org.springframework.boot.autoconfigure.orm.jpa.HibernateJpaAutoConfiguration; enhanced class name is: org.springframework.boot.autoconfigure.orm.jpa.HibernateJpaAutoConfiguration$$EnhancerBySpringCGLIB$$b5794b6d
[DEBUG] Replacing bean definition &apos;org.springframework.boot.autoconfigure.orm.jpa.HibernateJpaAutoConfiguration&apos; existing class &apos;org.springframework.boot.autoconfigure.orm.jpa.HibernateJpaAutoConfiguration&apos; with enhanced class &apos;org.springframework.boot.autoconfigure.orm.jpa.HibernateJpaAutoConfiguration$$EnhancerBySpringCGLIB$$b5794b6d&apos;
[DEBUG] Successfully enhanced org.springframework.boot.autoconfigure.context.ConfigurationPropertiesAutoConfiguration; enhanced class name is: org.springframework.boot.autoconfigure.context.ConfigurationPropertiesAutoConfiguration$$EnhancerBySpringCGLIB$$93bf24db
[DEBUG] Replacing bean definition &apos;org.springframework.boot.autoconfigure.context.ConfigurationPropertiesAutoConfiguration&apos; existing class &apos;org.springframework.boot.autoconfigure.context.ConfigurationPropertiesAutoConfiguration&apos; with enhanced class &apos;org.springframework.boot.autoconfigure.context.ConfigurationPropertiesAutoConfiguration$$EnhancerBySpringCGLIB$$93bf24db&apos;
[DEBUG] Successfully enhanced org.springframework.boot.autoconfigure.data.jpa.JpaRepositoriesAutoConfiguration; enhanced class name is: org.springframework.boot.autoconfigure.data.jpa.JpaRepositoriesAutoConfiguration$$EnhancerBySpringCGLIB$$c78c3281
[DEBUG] Replacing bean definition &apos;org.springframework.boot.autoconfigure.data.jpa.JpaRepositoriesAutoConfiguration&apos; existing class &apos;org.springframework.boot.autoconfigure.data.jpa.JpaRepositoriesAutoConfiguration&apos; with enhanced class &apos;org.springframework.boot.autoconfigure.data.jpa.JpaRepositoriesAutoConfiguration$$EnhancerBySpringCGLIB$$c78c3281&apos;
[DEBUG] Successfully enhanced org.springframework.boot.autoconfigure.jackson.JacksonAutoConfiguration$JacksonObjectMapperBuilderConfiguration; enhanced class name is: org.springframework.boot.autoconfigure.jackson.JacksonAutoConfiguration$JacksonObjectMapperBuilderConfiguration$$EnhancerBySpringCGLIB$$80ae3fb7
[DEBUG] Replacing bean definition &apos;org.springframework.boot.autoconfigure.jackson.JacksonAutoConfiguration$JacksonObjectMapperBuilderConfiguration&apos; existing class &apos;org.springframework.boot.autoconfigure.jackson.JacksonAutoConfiguration$JacksonObjectMapperBuilderConfiguration&apos; with enhanced class &apos;org.springframework.boot.autoconfigure.jackson.JacksonAutoConfiguration$JacksonObjectMapperBuilderConfiguration$$EnhancerBySpringCGLIB$$80ae3fb7&apos;
[DEBUG] Successfully enhanced org.springframework.boot.autoconfigure.jackson.JacksonAutoConfiguration$JacksonObjectMapperConfiguration; enhanced class name is: org.springframework.boot.autoconfigure.jackson.JacksonAutoConfiguration$JacksonObjectMapperConfiguration$$EnhancerBySpringCGLIB$$43dbccbe
[DEBUG] Replacing bean definition &apos;org.springframework.boot.autoconfigure.jackson.JacksonAutoConfiguration$JacksonObjectMapperConfiguration&apos; existing class &apos;org.springframework.boot.autoconfigure.jackson.JacksonAutoConfiguration$JacksonObjectMapperConfiguration&apos; with enhanced class &apos;org.springframework.boot.autoconfigure.jackson.JacksonAutoConfiguration$JacksonObjectMapperConfiguration$$EnhancerBySpringCGLIB$$43dbccbe&apos;
[DEBUG] Successfully enhanced org.springframework.boot.autoconfigure.jackson.JacksonAutoConfiguration; enhanced class name is: org.springframework.boot.autoconfigure.jackson.JacksonAutoConfiguration$$EnhancerBySpringCGLIB$$68eee46d
[DEBUG] Replacing bean definition &apos;org.springframework.boot.autoconfigure.jackson.JacksonAutoConfiguration&apos; existing class &apos;org.springframework.boot.autoconfigure.jackson.JacksonAutoConfiguration&apos; with enhanced class &apos;org.springframework.boot.autoconfigure.jackson.JacksonAutoConfiguration$$EnhancerBySpringCGLIB$$68eee46d&apos;
[DEBUG] Successfully enhanced org.springframework.boot.autoconfigure.web.HttpMessageConvertersAutoConfiguration$StringHttpMessageConverterConfiguration; enhanced class name is: org.springframework.boot.autoconfigure.web.HttpMessageConvertersAutoConfiguration$StringHttpMessageConverterConfiguration$$EnhancerBySpringCGLIB$$4109f44d
[DEBUG] Replacing bean definition &apos;org.springframework.boot.autoconfigure.web.HttpMessageConvertersAutoConfiguration$StringHttpMessageConverterConfiguration&apos; existing class &apos;org.springframework.boot.autoconfigure.web.HttpMessageConvertersAutoConfiguration$StringHttpMessageConverterConfiguration&apos; with enhanced class &apos;org.springframework.boot.autoconfigure.web.HttpMessageConvertersAutoConfiguration$StringHttpMessageConverterConfiguration$$EnhancerBySpringCGLIB$$4109f44d&apos;
[DEBUG] Successfully enhanced org.springframework.boot.autoconfigure.web.JacksonHttpMessageConvertersConfiguration$MappingJackson2HttpMessageConverterConfiguration; enhanced class name is: org.springframework.boot.autoconfigure.web.JacksonHttpMessageConvertersConfiguration$MappingJackson2HttpMessageConverterConfiguration$$EnhancerBySpringCGLIB$$709ade4d
[DEBUG] Replacing bean definition &apos;org.springframework.boot.autoconfigure.web.JacksonHttpMessageConvertersConfiguration$MappingJackson2HttpMessageConverterConfiguration&apos; existing class &apos;org.springframework.boot.autoconfigure.web.JacksonHttpMessageConvertersConfiguration$MappingJackson2HttpMessageConverterConfiguration&apos; with enhanced class &apos;org.springframework.boot.autoconfigure.web.JacksonHttpMessageConvertersConfiguration$MappingJackson2HttpMessageConverterConfiguration$$EnhancerBySpringCGLIB$$709ade4d&apos;
[DEBUG] Successfully enhanced org.springframework.boot.autoconfigure.web.JacksonHttpMessageConvertersConfiguration; enhanced class name is: org.springframework.boot.autoconfigure.web.JacksonHttpMessageConvertersConfiguration$$EnhancerBySpringCGLIB$$c0f6a003
[DEBUG] Replacing bean definition &apos;org.springframework.boot.autoconfigure.web.JacksonHttpMessageConvertersConfiguration&apos; existing class &apos;org.springframework.boot.autoconfigure.web.JacksonHttpMessageConvertersConfiguration&apos; with enhanced class &apos;org.springframework.boot.autoconfigure.web.JacksonHttpMessageConvertersConfiguration$$EnhancerBySpringCGLIB$$c0f6a003&apos;
[DEBUG] Successfully enhanced org.springframework.boot.autoconfigure.web.HttpMessageConvertersAutoConfiguration; enhanced class name is: org.springframework.boot.autoconfigure.web.HttpMessageConvertersAutoConfiguration$$EnhancerBySpringCGLIB$$2600bdad
[DEBUG] Replacing bean definition &apos;org.springframework.boot.autoconfigure.web.HttpMessageConvertersAutoConfiguration&apos; existing class &apos;org.springframework.boot.autoconfigure.web.HttpMessageConvertersAutoConfiguration&apos; with enhanced class &apos;org.springframework.boot.autoconfigure.web.HttpMessageConvertersAutoConfiguration$$EnhancerBySpringCGLIB$$2600bdad&apos;
[DEBUG] Successfully enhanced org.springframework.data.web.config.SpringDataWebConfiguration; enhanced class name is: org.springframework.data.web.config.SpringDataWebConfiguration$$EnhancerBySpringCGLIB$$8a65cb40
[DEBUG] Replacing bean definition &apos;org.springframework.data.web.config.SpringDataWebConfiguration&apos; existing class &apos;org.springframework.data.web.config.SpringDataWebConfiguration&apos; with enhanced class &apos;org.springframework.data.web.config.SpringDataWebConfiguration$$EnhancerBySpringCGLIB$$8a65cb40&apos;
[DEBUG] Successfully enhanced org.springframework.data.web.config.SpringDataJacksonConfiguration; enhanced class name is: org.springframework.data.web.config.SpringDataJacksonConfiguration$$EnhancerBySpringCGLIB$$f7e174a1
[DEBUG] Replacing bean definition &apos;org.springframework.data.web.config.SpringDataJacksonConfiguration&apos; existing class &apos;org.springframework.data.web.config.SpringDataJacksonConfiguration&apos; with enhanced class &apos;org.springframework.data.web.config.SpringDataJacksonConfiguration$$EnhancerBySpringCGLIB$$f7e174a1&apos;
[DEBUG] Successfully enhanced org.springframework.boot.autoconfigure.data.web.SpringDataWebAutoConfiguration; enhanced class name is: org.springframework.boot.autoconfigure.data.web.SpringDataWebAutoConfiguration$$EnhancerBySpringCGLIB$$6fb714e
[DEBUG] Replacing bean definition &apos;org.springframework.boot.autoconfigure.data.web.SpringDataWebAutoConfiguration&apos; existing class &apos;org.springframework.boot.autoconfigure.data.web.SpringDataWebAutoConfiguration&apos; with enhanced class &apos;org.springframework.boot.autoconfigure.data.web.SpringDataWebAutoConfiguration$$EnhancerBySpringCGLIB$$6fb714e&apos;
[DEBUG] Successfully enhanced org.springframework.boot.autoconfigure.security.AuthenticationManagerConfiguration; enhanced class name is: org.springframework.boot.autoconfigure.security.AuthenticationManagerConfiguration$$EnhancerBySpringCGLIB$$3841ab75
[DEBUG] Replacing bean definition &apos;org.springframework.boot.autoconfigure.security.AuthenticationManagerConfiguration&apos; existing class &apos;org.springframework.boot.autoconfigure.security.AuthenticationManagerConfiguration&apos; with enhanced class &apos;org.springframework.boot.autoconfigure.security.AuthenticationManagerConfiguration$$EnhancerBySpringCGLIB$$3841ab75&apos;
[DEBUG] Successfully enhanced org.springframework.boot.autoconfigure.security.AuthenticationManagerConfiguration; enhanced class name is: org.springframework.boot.autoconfigure.security.AuthenticationManagerConfiguration$$EnhancerBySpringCGLIB$$3841ab75
[DEBUG] Replacing bean definition &apos;springBootAuthenticationConfigurerAdapter&apos; existing class &apos;org.springframework.boot.autoconfigure.security.AuthenticationManagerConfiguration&apos; with enhanced class &apos;org.springframework.boot.autoconfigure.security.AuthenticationManagerConfiguration$$EnhancerBySpringCGLIB$$3841ab75&apos;
[DEBUG] Successfully enhanced org.springframework.boot.autoconfigure.security.BootGlobalAuthenticationConfiguration; enhanced class name is: org.springframework.boot.autoconfigure.security.BootGlobalAuthenticationConfiguration$$EnhancerBySpringCGLIB$$631b3739
[DEBUG] Replacing bean definition &apos;org.springframework.boot.autoconfigure.security.BootGlobalAuthenticationConfiguration&apos; existing class &apos;org.springframework.boot.autoconfigure.security.BootGlobalAuthenticationConfiguration&apos; with enhanced class &apos;org.springframework.boot.autoconfigure.security.BootGlobalAuthenticationConfiguration$$EnhancerBySpringCGLIB$$631b3739&apos;
[DEBUG] Successfully enhanced org.springframework.boot.autoconfigure.security.BootGlobalAuthenticationConfiguration; enhanced class name is: org.springframework.boot.autoconfigure.security.BootGlobalAuthenticationConfiguration$$EnhancerBySpringCGLIB$$631b3739
[DEBUG] Replacing bean definition &apos;bootGlobalAuthenticationConfigurationAdapter&apos; existing class &apos;org.springframework.boot.autoconfigure.security.BootGlobalAuthenticationConfiguration&apos; with enhanced class &apos;org.springframework.boot.autoconfigure.security.BootGlobalAuthenticationConfiguration$$EnhancerBySpringCGLIB$$631b3739&apos;
[DEBUG] Successfully enhanced org.springframework.boot.autoconfigure.security.SecurityAutoConfiguration; enhanced class name is: org.springframework.boot.autoconfigure.security.SecurityAutoConfiguration$$EnhancerBySpringCGLIB$$39558377
[DEBUG] Replacing bean definition &apos;org.springframework.boot.autoconfigure.security.SecurityAutoConfiguration&apos; existing class &apos;org.springframework.boot.autoconfigure.security.SecurityAutoConfiguration&apos; with enhanced class &apos;org.springframework.boot.autoconfigure.security.SecurityAutoConfiguration$$EnhancerBySpringCGLIB$$39558377&apos;
[DEBUG] Successfully enhanced org.springframework.transaction.annotation.ProxyTransactionManagementConfiguration; enhanced class name is: org.springframework.transaction.annotation.ProxyTransactionManagementConfiguration$$EnhancerBySpringCGLIB$$ca6ceb4d
[DEBUG] Replacing bean definition &apos;org.springframework.transaction.annotation.ProxyTransactionManagementConfiguration&apos; existing class &apos;org.springframework.transaction.annotation.ProxyTransactionManagementConfiguration&apos; with enhanced class &apos;org.springframework.transaction.annotation.ProxyTransactionManagementConfiguration$$EnhancerBySpringCGLIB$$ca6ceb4d&apos;
[DEBUG] Successfully enhanced org.springframework.boot.autoconfigure.jdbc.DataSourceTransactionManagerAutoConfiguration$TransactionManagementConfiguration; enhanced class name is: org.springframework.boot.autoconfigure.jdbc.DataSourceTransactionManagerAutoConfiguration$TransactionManagementConfiguration$$EnhancerBySpringCGLIB$$6bc9f21f
[DEBUG] Replacing bean definition &apos;org.springframework.boot.autoconfigure.jdbc.DataSourceTransactionManagerAutoConfiguration$TransactionManagementConfiguration&apos; existing class &apos;org.springframework.boot.autoconfigure.jdbc.DataSourceTransactionManagerAutoConfiguration$TransactionManagementConfiguration&apos; with enhanced class &apos;org.springframework.boot.autoconfigure.jdbc.DataSourceTransactionManagerAutoConfiguration$TransactionManagementConfiguration$$EnhancerBySpringCGLIB$$6bc9f21f&apos;
[DEBUG] Successfully enhanced org.springframework.boot.autoconfigure.jdbc.DataSourceTransactionManagerAutoConfiguration; enhanced class name is: org.springframework.boot.autoconfigure.jdbc.DataSourceTransactionManagerAutoConfiguration$$EnhancerBySpringCGLIB$$a480257e
[DEBUG] Replacing bean definition &apos;org.springframework.boot.autoconfigure.jdbc.DataSourceTransactionManagerAutoConfiguration&apos; existing class &apos;org.springframework.boot.autoconfigure.jdbc.DataSourceTransactionManagerAutoConfiguration&apos; with enhanced class &apos;org.springframework.boot.autoconfigure.jdbc.DataSourceTransactionManagerAutoConfiguration$$EnhancerBySpringCGLIB$$a480257e&apos;
[DEBUG] Successfully enhanced org.springframework.boot.autoconfigure.thymeleaf.ThymeleafAutoConfiguration$ThymeleafResourceHandlingConfig; enhanced class name is: org.springframework.boot.autoconfigure.thymeleaf.ThymeleafAutoConfiguration$ThymeleafResourceHandlingConfig$$EnhancerBySpringCGLIB$$a0eaf9e9
[DEBUG] Replacing bean definition &apos;org.springframework.boot.autoconfigure.thymeleaf.ThymeleafAutoConfiguration$ThymeleafResourceHandlingConfig&apos; existing class &apos;org.springframework.boot.autoconfigure.thymeleaf.ThymeleafAutoConfiguration$ThymeleafResourceHandlingConfig&apos; with enhanced class &apos;org.springframework.boot.autoconfigure.thymeleaf.ThymeleafAutoConfiguration$ThymeleafResourceHandlingConfig$$EnhancerBySpringCGLIB$$a0eaf9e9&apos;
[DEBUG] Successfully enhanced org.springframework.boot.autoconfigure.thymeleaf.ThymeleafAutoConfiguration$ThymeleafViewResolverConfiguration; enhanced class name is: org.springframework.boot.autoconfigure.thymeleaf.ThymeleafAutoConfiguration$ThymeleafViewResolverConfiguration$$EnhancerBySpringCGLIB$$6ee2201b
[DEBUG] Replacing bean definition &apos;org.springframework.boot.autoconfigure.thymeleaf.ThymeleafAutoConfiguration$ThymeleafViewResolverConfiguration&apos; existing class &apos;org.springframework.boot.autoconfigure.thymeleaf.ThymeleafAutoConfiguration$ThymeleafViewResolverConfiguration&apos; with enhanced class &apos;org.springframework.boot.autoconfigure.thymeleaf.ThymeleafAutoConfiguration$ThymeleafViewResolverConfiguration$$EnhancerBySpringCGLIB$$6ee2201b&apos;
[DEBUG] Successfully enhanced org.springframework.boot.autoconfigure.thymeleaf.ThymeleafAutoConfiguration$ThymeleafSecurityDialectConfiguration; enhanced class name is: org.springframework.boot.autoconfigure.thymeleaf.ThymeleafAutoConfiguration$ThymeleafSecurityDialectConfiguration$$EnhancerBySpringCGLIB$$55ff2104
[DEBUG] Replacing bean definition &apos;org.springframework.boot.autoconfigure.thymeleaf.ThymeleafAutoConfiguration$ThymeleafSecurityDialectConfiguration&apos; existing class &apos;org.springframework.boot.autoconfigure.thymeleaf.ThymeleafAutoConfiguration$ThymeleafSecurityDialectConfiguration&apos; with enhanced class &apos;org.springframework.boot.autoconfigure.thymeleaf.ThymeleafAutoConfiguration$ThymeleafSecurityDialectConfiguration$$EnhancerBySpringCGLIB$$55ff2104&apos;
[DEBUG] Successfully enhanced org.springframework.boot.autoconfigure.thymeleaf.ThymeleafAutoConfiguration$ThymeleafWebLayoutConfiguration; enhanced class name is: org.springframework.boot.autoconfigure.thymeleaf.ThymeleafAutoConfiguration$ThymeleafWebLayoutConfiguration$$EnhancerBySpringCGLIB$$d84954ac
[DEBUG] Replacing bean definition &apos;org.springframework.boot.autoconfigure.thymeleaf.ThymeleafAutoConfiguration$ThymeleafWebLayoutConfiguration&apos; existing class &apos;org.springframework.boot.autoconfigure.thymeleaf.ThymeleafAutoConfiguration$ThymeleafWebLayoutConfiguration&apos; with enhanced class &apos;org.springframework.boot.autoconfigure.thymeleaf.ThymeleafAutoConfiguration$ThymeleafWebLayoutConfiguration$$EnhancerBySpringCGLIB$$d84954ac&apos;
[DEBUG] Successfully enhanced org.springframework.boot.autoconfigure.thymeleaf.ThymeleafAutoConfiguration$ThymeleafDefaultConfiguration; enhanced class name is: org.springframework.boot.autoconfigure.thymeleaf.ThymeleafAutoConfiguration$ThymeleafDefaultConfiguration$$EnhancerBySpringCGLIB$$dd910a69
[DEBUG] Replacing bean definition &apos;org.springframework.boot.autoconfigure.thymeleaf.ThymeleafAutoConfiguration$ThymeleafDefaultConfiguration&apos; existing class &apos;org.springframework.boot.autoconfigure.thymeleaf.ThymeleafAutoConfiguration$ThymeleafDefaultConfiguration&apos; with enhanced class &apos;org.springframework.boot.autoconfigure.thymeleaf.ThymeleafAutoConfiguration$ThymeleafDefaultConfiguration$$EnhancerBySpringCGLIB$$dd910a69&apos;
[DEBUG] Successfully enhanced org.springframework.boot.autoconfigure.thymeleaf.ThymeleafAutoConfiguration$DefaultTemplateResolverConfiguration; enhanced class name is: org.springframework.boot.autoconfigure.thymeleaf.ThymeleafAutoConfiguration$DefaultTemplateResolverConfiguration$$EnhancerBySpringCGLIB$$afe7b0e0
[DEBUG] Replacing bean definition &apos;org.springframework.boot.autoconfigure.thymeleaf.ThymeleafAutoConfiguration$DefaultTemplateResolverConfiguration&apos; existing class &apos;org.springframework.boot.autoconfigure.thymeleaf.ThymeleafAutoConfiguration$DefaultTemplateResolverConfiguration&apos; with enhanced class &apos;org.springframework.boot.autoconfigure.thymeleaf.ThymeleafAutoConfiguration$DefaultTemplateResolverConfiguration$$EnhancerBySpringCGLIB$$afe7b0e0&apos;
[DEBUG] Successfully enhanced org.springframework.boot.autoconfigure.thymeleaf.ThymeleafAutoConfiguration; enhanced class name is: org.springframework.boot.autoconfigure.thymeleaf.ThymeleafAutoConfiguration$$EnhancerBySpringCGLIB$$e63416dd
[DEBUG] Replacing bean definition &apos;org.springframework.boot.autoconfigure.thymeleaf.ThymeleafAutoConfiguration&apos; existing class &apos;org.springframework.boot.autoconfigure.thymeleaf.ThymeleafAutoConfiguration&apos; with enhanced class &apos;org.springframework.boot.autoconfigure.thymeleaf.ThymeleafAutoConfiguration$$EnhancerBySpringCGLIB$$e63416dd&apos;
[DEBUG] Successfully enhanced org.springframework.boot.autoconfigure.security.SecurityFilterAutoConfiguration; enhanced class name is: org.springframework.boot.autoconfigure.security.SecurityFilterAutoConfiguration$$EnhancerBySpringCGLIB$$41bc705f
[DEBUG] Replacing bean definition &apos;org.springframework.boot.autoconfigure.security.SecurityFilterAutoConfiguration&apos; existing class &apos;org.springframework.boot.autoconfigure.security.SecurityFilterAutoConfiguration&apos; with enhanced class &apos;org.springframework.boot.autoconfigure.security.SecurityFilterAutoConfiguration$$EnhancerBySpringCGLIB$$41bc705f&apos;
[DEBUG] Successfully enhanced org.springframework.boot.autoconfigure.transaction.TransactionAutoConfiguration; enhanced class name is: org.springframework.boot.autoconfigure.transaction.TransactionAutoConfiguration$$EnhancerBySpringCGLIB$$5ac64d17
[DEBUG] Replacing bean definition &apos;org.springframework.boot.autoconfigure.transaction.TransactionAutoConfiguration&apos; existing class &apos;org.springframework.boot.autoconfigure.transaction.TransactionAutoConfiguration&apos; with enhanced class &apos;org.springframework.boot.autoconfigure.transaction.TransactionAutoConfiguration$$EnhancerBySpringCGLIB$$5ac64d17&apos;
[DEBUG] Successfully enhanced org.springframework.boot.autoconfigure.web.HttpEncodingAutoConfiguration; enhanced class name is: org.springframework.boot.autoconfigure.web.HttpEncodingAutoConfiguration$$EnhancerBySpringCGLIB$$622dd898
[DEBUG] Replacing bean definition &apos;org.springframework.boot.autoconfigure.web.HttpEncodingAutoConfiguration&apos; existing class &apos;org.springframework.boot.autoconfigure.web.HttpEncodingAutoConfiguration&apos; with enhanced class &apos;org.springframework.boot.autoconfigure.web.HttpEncodingAutoConfiguration$$EnhancerBySpringCGLIB$$622dd898&apos;
[DEBUG] Successfully enhanced org.springframework.boot.autoconfigure.web.MultipartAutoConfiguration; enhanced class name is: org.springframework.boot.autoconfigure.web.MultipartAutoConfiguration$$EnhancerBySpringCGLIB$$d4ddadd3
[DEBUG] Replacing bean definition &apos;org.springframework.boot.autoconfigure.web.MultipartAutoConfiguration&apos; existing class &apos;org.springframework.boot.autoconfigure.web.MultipartAutoConfiguration&apos; with enhanced class &apos;org.springframework.boot.autoconfigure.web.MultipartAutoConfiguration$$EnhancerBySpringCGLIB$$d4ddadd3&apos;
[DEBUG] Successfully enhanced org.springframework.boot.autoconfigure.web.ServerPropertiesAutoConfiguration; enhanced class name is: org.springframework.boot.autoconfigure.web.ServerPropertiesAutoConfiguration$$EnhancerBySpringCGLIB$$7fff2d1d
[DEBUG] Replacing bean definition &apos;org.springframework.boot.autoconfigure.web.ServerPropertiesAutoConfiguration&apos; existing class &apos;org.springframework.boot.autoconfigure.web.ServerPropertiesAutoConfiguration&apos; with enhanced class &apos;org.springframework.boot.autoconfigure.web.ServerPropertiesAutoConfiguration$$EnhancerBySpringCGLIB$$7fff2d1d&apos;
[DEBUG] Adding [applicationConfig: [classpath:/application.properties]] PropertySource with search precedence immediately lower than [applicationConfigurationProperties]
[DEBUG] Removing [applicationConfigurationProperties] PropertySource
[DEBUG] Removing [defaultProperties] PropertySource
[DEBUG] Creating shared instance of singleton bean &apos;propertySourcesPlaceholderConfigurer&apos;
[DEBUG] Creating instance of bean &apos;propertySourcesPlaceholderConfigurer&apos;
[DEBUG] Eagerly caching bean &apos;propertySourcesPlaceholderConfigurer&apos; to allow for resolving potential circular references
[DEBUG] Finished creating instance of bean &apos;propertySourcesPlaceholderConfigurer&apos;
[DEBUG] Adding [environmentProperties] PropertySource with lowest search precedence
[DEBUG] Adding [localProperties] PropertySource with lowest search precedence
[DEBUG] Creating shared instance of singleton bean &apos;org.springframework.boot.context.properties.ConfigurationPropertiesBindingPostProcessor.store&apos;
[DEBUG] Creating instance of bean &apos;org.springframework.boot.context.properties.ConfigurationPropertiesBindingPostProcessor.store&apos;
[DEBUG] Eagerly caching bean &apos;org.springframework.boot.context.properties.ConfigurationPropertiesBindingPostProcessor.store&apos; to allow for resolving potential circular references
[DEBUG] Finished creating instance of bean &apos;org.springframework.boot.context.properties.ConfigurationPropertiesBindingPostProcessor.store&apos;
[DEBUG] Creating shared instance of singleton bean &apos;preserveErrorControllerTargetClassPostProcessor&apos;
[DEBUG] Creating instance of bean &apos;preserveErrorControllerTargetClassPostProcessor&apos;
[DEBUG] Eagerly caching bean &apos;preserveErrorControllerTargetClassPostProcessor&apos; to allow for resolving potential circular references
[DEBUG] Finished creating instance of bean &apos;preserveErrorControllerTargetClassPostProcessor&apos;
[DEBUG] Creating shared instance of singleton bean &apos;emBeanDefinitionRegistrarPostProcessor&apos;
[DEBUG] Creating instance of bean &apos;emBeanDefinitionRegistrarPostProcessor&apos;
[DEBUG] Eagerly caching bean &apos;emBeanDefinitionRegistrarPostProcessor&apos; to allow for resolving potential circular references
[DEBUG] Finished creating instance of bean &apos;emBeanDefinitionRegistrarPostProcessor&apos;
[DEBUG] Creating shared instance of singleton bean &apos;org.springframework.context.annotation.internalAutowiredAnnotationProcessor&apos;
[DEBUG] Creating instance of bean &apos;org.springframework.context.annotation.internalAutowiredAnnotationProcessor&apos;
[DEBUG] Eagerly caching bean &apos;org.springframework.context.annotation.internalAutowiredAnnotationProcessor&apos; to allow for resolving potential circular references
[DEBUG] Finished creating instance of bean &apos;org.springframework.context.annotation.internalAutowiredAnnotationProcessor&apos;
[DEBUG] Creating shared instance of singleton bean &apos;org.springframework.context.annotation.internalRequiredAnnotationProcessor&apos;
[DEBUG] Creating instance of bean &apos;org.springframework.context.annotation.internalRequiredAnnotationProcessor&apos;
[DEBUG] Eagerly caching bean &apos;org.springframework.context.annotation.internalRequiredAnnotationProcessor&apos; to allow for resolving potential circular references
[DEBUG] Finished creating instance of bean &apos;org.springframework.context.annotation.internalRequiredAnnotationProcessor&apos;
[DEBUG] Creating shared instance of singleton bean &apos;org.springframework.context.annotation.internalCommonAnnotationProcessor&apos;
[DEBUG] Creating instance of bean &apos;org.springframework.context.annotation.internalCommonAnnotationProcessor&apos;
[DEBUG] Eagerly caching bean &apos;org.springframework.context.annotation.internalCommonAnnotationProcessor&apos; to allow for resolving potential circular references
[DEBUG] Finished creating instance of bean &apos;org.springframework.context.annotation.internalCommonAnnotationProcessor&apos;
[DEBUG] Creating shared instance of singleton bean &apos;org.springframework.context.annotation.internalPersistenceAnnotationProcessor&apos;
[DEBUG] Creating instance of bean &apos;org.springframework.context.annotation.internalPersistenceAnnotationProcessor&apos;
[DEBUG] Eagerly caching bean &apos;org.springframework.context.annotation.internalPersistenceAnnotationProcessor&apos; to allow for resolving potential circular references
[DEBUG] Finished creating instance of bean &apos;org.springframework.context.annotation.internalPersistenceAnnotationProcessor&apos;
[DEBUG] Creating shared instance of singleton bean &apos;org.springframework.context.annotation.ConfigurationClassPostProcessor.importAwareProcessor&apos;
[DEBUG] Creating instance of bean &apos;org.springframework.context.annotation.ConfigurationClassPostProcessor.importAwareProcessor&apos;
[DEBUG] Eagerly caching bean &apos;org.springframework.context.annotation.ConfigurationClassPostProcessor.importAwareProcessor&apos; to allow for resolving potential circular references
[DEBUG] Finished creating instance of bean &apos;org.springframework.context.annotation.ConfigurationClassPostProcessor.importAwareProcessor&apos;
[DEBUG] Creating shared instance of singleton bean &apos;org.springframework.context.annotation.ConfigurationClassPostProcessor.enhancedConfigurationProcessor&apos;
[DEBUG] Creating instance of bean &apos;org.springframework.context.annotation.ConfigurationClassPostProcessor.enhancedConfigurationProcessor&apos;
[DEBUG] Eagerly caching bean &apos;org.springframework.context.annotation.ConfigurationClassPostProcessor.enhancedConfigurationProcessor&apos; to allow for resolving potential circular references
[DEBUG] Finished creating instance of bean &apos;org.springframework.context.annotation.ConfigurationClassPostProcessor.enhancedConfigurationProcessor&apos;
[DEBUG] Creating shared instance of singleton bean &apos;org.springframework.boot.context.properties.ConfigurationPropertiesBindingPostProcessor&apos;
[DEBUG] Creating instance of bean &apos;org.springframework.boot.context.properties.ConfigurationPropertiesBindingPostProcessor&apos;
[DEBUG] Adding [systemProperties] PropertySource with lowest search precedence
[DEBUG] Adding [systemEnvironment] PropertySource with lowest search precedence
[DEBUG] Initialized StandardEnvironment with PropertySources [systemProperties,systemEnvironment]
[DEBUG] Eagerly caching bean &apos;org.springframework.boot.context.properties.ConfigurationPropertiesBindingPostProcessor&apos; to allow for resolving potential circular references
[DEBUG] Returning cached instance of singleton bean &apos;org.springframework.boot.context.properties.ConfigurationPropertiesBindingPostProcessor.store&apos;
[DEBUG] Invoking afterPropertiesSet() on bean with name &apos;org.springframework.boot.context.properties.ConfigurationPropertiesBindingPostProcessor&apos;
[DEBUG] Returning cached instance of singleton bean &apos;propertySourcesPlaceholderConfigurer&apos;
[DEBUG] Finished creating instance of bean &apos;org.springframework.boot.context.properties.ConfigurationPropertiesBindingPostProcessor&apos;
[DEBUG] Creating shared instance of singleton bean &apos;org.springframework.data.repository.core.support.RepositoryInterfaceAwareBeanPostProcessor&apos;
[DEBUG] Creating instance of bean &apos;org.springframework.data.repository.core.support.RepositoryInterfaceAwareBeanPostProcessor&apos;
[DEBUG] Eagerly caching bean &apos;org.springframework.data.repository.core.support.RepositoryInterfaceAwareBeanPostProcessor&apos; to allow for resolving potential circular references
[DEBUG] Finished creating instance of bean &apos;org.springframework.data.repository.core.support.RepositoryInterfaceAwareBeanPostProcessor&apos;
[DEBUG] Creating shared instance of singleton bean &apos;org.springframework.aop.config.internalAutoProxyCreator&apos;
[DEBUG] Creating instance of bean &apos;org.springframework.aop.config.internalAutoProxyCreator&apos;
[DEBUG] Eagerly caching bean &apos;org.springframework.aop.config.internalAutoProxyCreator&apos; to allow for resolving potential circular references
[DEBUG] Finished creating instance of bean &apos;org.springframework.aop.config.internalAutoProxyCreator&apos;
[DEBUG] Creating shared instance of singleton bean &apos;dataSourceInitializerPostProcessor&apos;
[DEBUG] Creating instance of bean &apos;dataSourceInitializerPostProcessor&apos;
[DEBUG] Registered injected element on class [org.springframework.boot.autoconfigure.jdbc.DataSourceInitializerPostProcessor]: AutowiredFieldElement for private org.springframework.beans.factory.BeanFactory org.springframework.boot.autoconfigure.jdbc.DataSourceInitializerPostProcessor.beanFactory
[DEBUG] Eagerly caching bean &apos;dataSourceInitializerPostProcessor&apos; to allow for resolving potential circular references
[DEBUG] Processing injected element of bean &apos;dataSourceInitializerPostProcessor&apos;: AutowiredFieldElement for private org.springframework.beans.factory.BeanFactory org.springframework.boot.autoconfigure.jdbc.DataSourceInitializerPostProcessor.beanFactory
[DEBUG] Autowiring by type from bean name &apos;dataSourceInitializerPostProcessor&apos; to bean named &apos;org.springframework.beans.factory.support.DefaultListableBeanFactory@81d9a72&apos;
[DEBUG] Finished creating instance of bean &apos;dataSourceInitializerPostProcessor&apos;
[DEBUG] Creating shared instance of singleton bean &apos;persistenceExceptionTranslationPostProcessor&apos;
[DEBUG] Creating instance of bean &apos;persistenceExceptionTranslationPostProcessor&apos;
[DEBUG] Eagerly caching bean &apos;persistenceExceptionTranslationPostProcessor&apos; to allow for resolving potential circular references
[DEBUG] Finished creating instance of bean &apos;persistenceExceptionTranslationPostProcessor&apos;
[DEBUG] Creating shared instance of singleton bean &apos;embeddedServletContainerCustomizerBeanPostProcessor&apos;
[DEBUG] Creating instance of bean &apos;embeddedServletContainerCustomizerBeanPostProcessor&apos;
[DEBUG] Creating shared instance of singleton bean &apos;org.springframework.transaction.config.internalTransactionAdvisor&apos;
[DEBUG] Creating instance of bean &apos;org.springframework.transaction.config.internalTransactionAdvisor&apos;
[DEBUG] Creating shared instance of singleton bean &apos;org.springframework.transaction.annotation.ProxyTransactionManagementConfiguration&apos;
[DEBUG] Creating instance of bean &apos;org.springframework.transaction.annotation.ProxyTransactionManagementConfiguration&apos;
[DEBUG] Skipping currently created advisor &apos;org.springframework.transaction.config.internalTransactionAdvisor&apos;
[DEBUG] Registered injected element on class [org.springframework.transaction.annotation.ProxyTransactionManagementConfiguration$$EnhancerBySpringCGLIB$$ca6ceb4d]: AutowiredMethodElement for void org.springframework.transaction.annotation.AbstractTransactionManagementConfiguration.setConfigurers(java.util.Collection)
[DEBUG] Eagerly caching bean &apos;org.springframework.transaction.annotation.ProxyTransactionManagementConfiguration&apos; to allow for resolving potential circular references
[DEBUG] Processing injected element of bean &apos;org.springframework.transaction.annotation.ProxyTransactionManagementConfiguration&apos;: AutowiredMethodElement for void org.springframework.transaction.annotation.AbstractTransactionManagementConfiguration.setConfigurers(java.util.Collection)
[DEBUG] Returning cached instance of singleton bean &apos;org.springframework.context.annotation.ConfigurationClassPostProcessor.importRegistry&apos;
[INFO] Bean &apos;org.springframework.transaction.annotation.ProxyTransactionManagementConfiguration&apos; of type [class org.springframework.transaction.annotation.ProxyTransactionManagementConfiguration$$EnhancerBySpringCGLIB$$ca6ceb4d] is not eligible for getting processed by all BeanPostProcessors (for example: not eligible for auto-proxying)
[DEBUG] Skipping currently created advisor &apos;org.springframework.transaction.config.internalTransactionAdvisor&apos;
[DEBUG] Skipping currently created advisor &apos;org.springframework.transaction.config.internalTransactionAdvisor&apos;
[DEBUG] Finished creating instance of bean &apos;org.springframework.transaction.annotation.ProxyTransactionManagementConfiguration&apos;
[DEBUG] Creating shared instance of singleton bean &apos;transactionAttributeSource&apos;
[DEBUG] Creating instance of bean &apos;transactionAttributeSource&apos;
[DEBUG] Skipping currently created advisor &apos;org.springframework.transaction.config.internalTransactionAdvisor&apos;
[DEBUG] Returning cached instance of singleton bean &apos;org.springframework.transaction.annotation.ProxyTransactionManagementConfiguration&apos;
[DEBUG] Eagerly caching bean &apos;transactionAttributeSource&apos; to allow for resolving potential circular references
[DEBUG] Skipping currently created advisor &apos;org.springframework.transaction.config.internalTransactionAdvisor&apos;
[DEBUG] Skipping currently created advisor &apos;org.springframework.transaction.config.internalTransactionAdvisor&apos;
[DEBUG] Finished creating instance of bean &apos;transactionAttributeSource&apos;
[DEBUG] Creating shared instance of singleton bean &apos;transactionInterceptor&apos;
[DEBUG] Creating instance of bean &apos;transactionInterceptor&apos;
[DEBUG] Returning cached instance of singleton bean &apos;org.springframework.transaction.annotation.ProxyTransactionManagementConfiguration&apos;
[DEBUG] Returning cached instance of singleton bean &apos;transactionAttributeSource&apos;
[DEBUG] Eagerly caching bean &apos;transactionInterceptor&apos; to allow for resolving potential circular references
[DEBUG] Invoking afterPropertiesSet() on bean with name &apos;transactionInterceptor&apos;
[DEBUG] Finished creating instance of bean &apos;transactionInterceptor&apos;
[DEBUG] Eagerly caching bean &apos;org.springframework.transaction.config.internalTransactionAdvisor&apos; to allow for resolving potential circular references
[DEBUG] Finished creating instance of bean &apos;org.springframework.transaction.config.internalTransactionAdvisor&apos;
[DEBUG] Eagerly caching bean &apos;embeddedServletContainerCustomizerBeanPostProcessor&apos; to allow for resolving potential circular references
[DEBUG] Returning cached instance of singleton bean &apos;org.springframework.transaction.config.internalTransactionAdvisor&apos;
[DEBUG] Returning cached instance of singleton bean &apos;org.springframework.transaction.config.internalTransactionAdvisor&apos;
[DEBUG] Finished creating instance of bean &apos;embeddedServletContainerCustomizerBeanPostProcessor&apos;
[DEBUG] Creating shared instance of singleton bean &apos;dataSourceInitializedPublisher&apos;
[DEBUG] Creating instance of bean &apos;dataSourceInitializedPublisher&apos;
[DEBUG] Registered injected element on class [org.springframework.boot.autoconfigure.orm.jpa.DataSourceInitializedPublisher]: AutowiredFieldElement for private org.springframework.context.ApplicationContext org.springframework.boot.autoconfigure.orm.jpa.DataSourceInitializedPublisher.applicationContext
[DEBUG] Eagerly caching bean &apos;dataSourceInitializedPublisher&apos; to allow for resolving potential circular references
[DEBUG] Processing injected element of bean &apos;dataSourceInitializedPublisher&apos;: AutowiredFieldElement for private org.springframework.context.ApplicationContext org.springframework.boot.autoconfigure.orm.jpa.DataSourceInitializedPublisher.applicationContext
[DEBUG] Autowiring by type from bean name &apos;dataSourceInitializedPublisher&apos; to bean named &apos;org.springframework.web.context.support.GenericWebApplicationContext@24269709&apos;
[DEBUG] Finished creating instance of bean &apos;dataSourceInitializedPublisher&apos;
[DEBUG] Unable to locate MessageSource with name &apos;messageSource&apos;: using default [org.springframework.context.support.DelegatingMessageSource@ad9e63e]
[DEBUG] Returning cached instance of singleton bean &apos;applicationEventMulticaster&apos;
[DEBUG] Using ApplicationEventMulticaster [org.springframework.context.event.SimpleApplicationEventMulticaster@47fbc56]
[DEBUG] Unable to locate ThemeSource with name &apos;themeSource&apos;: using default [org.springframework.ui.context.support.ResourceBundleThemeSource@3b9632d1]
[DEBUG] Creating shared instance of singleton bean &apos;entityManagerFactory&apos;
[DEBUG] Creating instance of bean &apos;entityManagerFactory&apos;
[DEBUG] Returning cached instance of singleton bean &apos;org.springframework.transaction.config.internalTransactionAdvisor&apos;
[DEBUG] Creating shared instance of singleton bean &apos;org.springframework.boot.autoconfigure.orm.jpa.HibernateJpaAutoConfiguration&apos;
[DEBUG] Creating instance of bean &apos;org.springframework.boot.autoconfigure.orm.jpa.HibernateJpaAutoConfiguration&apos;
[DEBUG] Returning cached instance of singleton bean &apos;org.springframework.transaction.config.internalTransactionAdvisor&apos;
[DEBUG] Registered injected element on class [org.springframework.boot.autoconfigure.orm.jpa.HibernateJpaAutoConfiguration$$EnhancerBySpringCGLIB$$b5794b6d]: AutowiredFieldElement for private javax.sql.DataSource org.springframework.boot.autoconfigure.orm.jpa.JpaBaseConfiguration.dataSource
[DEBUG] Registered injected element on class [org.springframework.boot.autoconfigure.orm.jpa.HibernateJpaAutoConfiguration$$EnhancerBySpringCGLIB$$b5794b6d]: AutowiredFieldElement for private org.springframework.orm.jpa.persistenceunit.PersistenceUnitManager org.springframework.boot.autoconfigure.orm.jpa.JpaBaseConfiguration.persistenceUnitManager
[DEBUG] Registered injected element on class [org.springframework.boot.autoconfigure.orm.jpa.HibernateJpaAutoConfiguration$$EnhancerBySpringCGLIB$$b5794b6d]: AutowiredFieldElement for private org.springframework.boot.autoconfigure.orm.jpa.JpaProperties org.springframework.boot.autoconfigure.orm.jpa.JpaBaseConfiguration.jpaProperties
[DEBUG] Registered injected element on class [org.springframework.boot.autoconfigure.orm.jpa.HibernateJpaAutoConfiguration$$EnhancerBySpringCGLIB$$b5794b6d]: AutowiredFieldElement for private org.springframework.transaction.jta.JtaTransactionManager org.springframework.boot.autoconfigure.orm.jpa.JpaBaseConfiguration.jtaTransactionManager
[DEBUG] Registered injected element on class [org.springframework.boot.autoconfigure.orm.jpa.HibernateJpaAutoConfiguration$$EnhancerBySpringCGLIB$$b5794b6d]: AutowiredFieldElement for private org.springframework.boot.autoconfigure.orm.jpa.JpaProperties org.springframework.boot.autoconfigure.orm.jpa.HibernateJpaAutoConfiguration.properties
[DEBUG] Registered injected element on class [org.springframework.boot.autoconfigure.orm.jpa.HibernateJpaAutoConfiguration$$EnhancerBySpringCGLIB$$b5794b6d]: AutowiredFieldElement for private javax.sql.DataSource org.springframework.boot.autoconfigure.orm.jpa.HibernateJpaAutoConfiguration.dataSource
[DEBUG] Eagerly caching bean &apos;org.springframework.boot.autoconfigure.orm.jpa.HibernateJpaAutoConfiguration&apos; to allow for resolving potential circular references
[DEBUG] Processing injected element of bean &apos;org.springframework.boot.autoconfigure.orm.jpa.HibernateJpaAutoConfiguration&apos;: AutowiredFieldElement for private javax.sql.DataSource org.springframework.boot.autoconfigure.orm.jpa.JpaBaseConfiguration.dataSource
[DEBUG] Creating shared instance of singleton bean &apos;dataSource&apos;
[DEBUG] Creating instance of bean &apos;dataSource&apos;
[DEBUG] Returning cached instance of singleton bean &apos;org.springframework.transaction.config.internalTransactionAdvisor&apos;
[DEBUG] Creating shared instance of singleton bean &apos;org.springframework.boot.autoconfigure.jdbc.DataSourceAutoConfiguration$NonEmbeddedConfiguration&apos;
[DEBUG] Creating instance of bean &apos;org.springframework.boot.autoconfigure.jdbc.DataSourceAutoConfiguration$NonEmbeddedConfiguration&apos;
[DEBUG] Returning cached instance of singleton bean &apos;org.springframework.transaction.config.internalTransactionAdvisor&apos;
[DEBUG] Registered injected element on class [org.springframework.boot.autoconfigure.jdbc.DataSourceAutoConfiguration$NonEmbeddedConfiguration]: AutowiredFieldElement for private org.springframework.boot.autoconfigure.jdbc.DataSourceProperties org.springframework.boot.autoconfigure.jdbc.DataSourceAutoConfiguration$NonEmbeddedConfiguration.properties
[DEBUG] Eagerly caching bean &apos;org.springframework.boot.autoconfigure.jdbc.DataSourceAutoConfiguration$NonEmbeddedConfiguration&apos; to allow for resolving potential circular references
[DEBUG] Processing injected element of bean &apos;org.springframework.boot.autoconfigure.jdbc.DataSourceAutoConfiguration$NonEmbeddedConfiguration&apos;: AutowiredFieldElement for private org.springframework.boot.autoconfigure.jdbc.DataSourceProperties org.springframework.boot.autoconfigure.jdbc.DataSourceAutoConfiguration$NonEmbeddedConfiguration.properties
[DEBUG] Creating shared instance of singleton bean &apos;spring.datasource.CONFIGURATION_PROPERTIES&apos;
[DEBUG] Creating instance of bean &apos;spring.datasource.CONFIGURATION_PROPERTIES&apos;
[DEBUG] Returning cached instance of singleton bean &apos;org.springframework.transaction.config.internalTransactionAdvisor&apos;
[DEBUG] Eagerly caching bean &apos;spring.datasource.CONFIGURATION_PROPERTIES&apos; to allow for resolving potential circular references
[DEBUG] Found javax.persistence.Persistence on classpath containing &apos;getPersistenceUtil&apos;. Assuming JPA 2 environment. Trying to instantiate JPA aware TraversableResolver
[DEBUG] Instantiated JPA aware TraversableResolver of type org.hibernate.validator.internal.engine.resolver.JPATraversableResolver.
[DEBUG] Setting custom MessageInterpolator of type org.springframework.validation.beanvalidation.LocaleContextMessageInterpolator
[DEBUG] Setting custom ConstraintValidatorFactory of type org.springframework.validation.beanvalidation.SpringConstraintValidatorFactory
[DEBUG] Setting custom ParameterNameProvider of type com.sun.proxy.$Proxy64
[DEBUG] Trying to load META-INF/validation.xml for XML based Validator configuration.
[DEBUG] Trying to load META-INF/validation.xml via user class loader
[DEBUG] Trying to load META-INF/validation.xml via TCCL
[DEBUG] Trying to load META-INF/validation.xml via Hibernate Validator&apos;s class loader
[DEBUG] No META-INF/validation.xml found. Using annotation based configuration only.
[DEBUG] Processing injected element of bean &apos;org.springframework.boot.context.properties.ConfigurationPropertiesBindingPostProcessor&apos;: AutowiredMethodElement for public void org.springframework.boot.context.properties.ConfigurationPropertiesBindingPostProcessor.setConverters(java.util.List)
[DEBUG] Processing injected element of bean &apos;org.springframework.boot.context.properties.ConfigurationPropertiesBindingPostProcessor&apos;: AutowiredMethodElement for public void org.springframework.boot.context.properties.ConfigurationPropertiesBindingPostProcessor.setGenericConverters(java.util.List)
[DEBUG] Adding [systemProperties] PropertySource with lowest search precedence
[DEBUG] Adding [systemEnvironment] PropertySource with lowest search precedence
[DEBUG] Adding [random] PropertySource with lowest search precedence
[DEBUG] Adding [integrationTest] PropertySource with lowest search precedence
[DEBUG] Adding [applicationConfig: [classpath:/application.properties]] PropertySource with lowest search precedence
[DEBUG] Adding [localProperties] PropertySource with lowest search precedence
[DEBUG] Adding [systemProperties] PropertySource with lowest search precedence
[DEBUG] Adding [systemEnvironment] PropertySource with lowest search precedence
[DEBUG] Adding [random] PropertySource with lowest search precedence
[DEBUG] Adding [integrationTest] PropertySource with lowest search precedence
[DEBUG] Adding [applicationConfig: [classpath:/application.properties]] PropertySource with lowest search precedence
[DEBUG] Adding [localProperties] PropertySource with lowest search precedence
[DEBUG] Searching for key &apos;spring.datasource.url&apos; in [systemProperties]
[DEBUG] Searching for key &apos;spring.datasource.url&apos; in [systemEnvironment]
[DEBUG] Searching for key &apos;spring.datasource.url&apos; in [random]
[DEBUG] Searching for key &apos;spring.datasource.url&apos; in [integrationTest]
[DEBUG] Searching for key &apos;spring.datasource.url&apos; in [applicationConfig: [classpath:/application.properties]]
[DEBUG] Found key &apos;spring.datasource.url&apos; in [applicationConfig: [classpath:/application.properties]] with type [String] and value &apos;jdbc:mysql://localhost:3306/journals?createDatabaseIfNotExist=true&apos;
[DEBUG] Adding [systemProperties] PropertySource with lowest search precedence
[DEBUG] Adding [systemEnvironment] PropertySource with lowest search precedence
[DEBUG] Adding [random] PropertySource with lowest search precedence
[DEBUG] Adding [integrationTest] PropertySource with lowest search precedence
[DEBUG] Adding [applicationConfig: [classpath:/application.properties]] PropertySource with lowest search precedence
[DEBUG] Adding [localProperties] PropertySource with lowest search precedence
[DEBUG] Searching for key &apos;spring.datasource.username&apos; in [systemProperties]
[DEBUG] Searching for key &apos;spring.datasource.username&apos; in [systemEnvironment]
[DEBUG] Searching for key &apos;spring.datasource.username&apos; in [random]
[DEBUG] Searching for key &apos;spring.datasource.username&apos; in [integrationTest]
[DEBUG] Searching for key &apos;spring.datasource.username&apos; in [applicationConfig: [classpath:/application.properties]]
[DEBUG] Found key &apos;spring.datasource.username&apos; in [applicationConfig: [classpath:/application.properties]] with type [String] and value &apos;root&apos;
[DEBUG] Adding [systemProperties] PropertySource with lowest search precedence
[DEBUG] Adding [systemEnvironment] PropertySource with lowest search precedence
[DEBUG] Adding [random] PropertySource with lowest search precedence
[DEBUG] Adding [integrationTest] PropertySource with lowest search precedence
[DEBUG] Adding [applicationConfig: [classpath:/application.properties]] PropertySource with lowest search precedence
[DEBUG] Adding [localProperties] PropertySource with lowest search precedence
[DEBUG] Searching for key &apos;spring.datasource.driver-class-name&apos; in [systemProperties]
[DEBUG] Searching for key &apos;spring.datasource.driver-class-name&apos; in [systemEnvironment]
[DEBUG] Searching for key &apos;spring.datasource.driver-class-name&apos; in [random]
[DEBUG] Searching for key &apos;spring.datasource.driver-class-name&apos; in [integrationTest]
[DEBUG] Searching for key &apos;spring.datasource.driver-class-name&apos; in [applicationConfig: [classpath:/application.properties]]
[DEBUG] Found key &apos;spring.datasource.driver-class-name&apos; in [applicationConfig: [classpath:/application.properties]] with type [String] and value &apos;com.mysql.jdbc.Driver&apos;
[DEBUG] Adding [systemProperties] PropertySource with lowest search precedence
[DEBUG] Adding [systemEnvironment] PropertySource with lowest search precedence
[DEBUG] Adding [random] PropertySource with lowest search precedence
[DEBUG] Adding [integrationTest] PropertySource with lowest search precedence
[DEBUG] Adding [applicationConfig: [classpath:/application.properties]] PropertySource with lowest search precedence
[DEBUG] Adding [localProperties] PropertySource with lowest search precedence
[DEBUG] Searching for key &apos;spring.datasource.password&apos; in [systemProperties]
[DEBUG] Searching for key &apos;spring.datasource.password&apos; in [systemEnvironment]
[DEBUG] Searching for key &apos;spring.datasource.password&apos; in [random]
[DEBUG] Searching for key &apos;spring.datasource.password&apos; in [integrationTest]
[DEBUG] Searching for key &apos;spring.datasource.password&apos; in [applicationConfig: [classpath:/application.properties]]
[DEBUG] Found key &apos;spring.datasource.password&apos; in [applicationConfig: [classpath:/application.properties]] with type [String] and value &apos;admin&apos;
[DEBUG] Could not read previous value of property &apos;url&apos;
java.lang.reflect.InvocationTargetException: null
	at sun.reflect.NativeMethodAccessorImpl.invoke0(Native Method)
	at sun.reflect.NativeMethodAccessorImpl.invoke(NativeMethodAccessorImpl.java:62)
	at sun.reflect.DelegatingMethodAccessorImpl.invoke(DelegatingMethodAccessorImpl.java:43)
	at java.lang.reflect.Method.invoke(Method.java:497)
	at org.springframework.beans.BeanWrapperImpl$BeanPropertyHandler.getValue(BeanWrapperImpl.java:307)
	at org.springframework.beans.AbstractNestablePropertyAccessor.setPropertyValue(AbstractNestablePropertyAccessor.java:437)
	at org.springframework.beans.AbstractNestablePropertyAccessor.setPropertyValue(AbstractNestablePropertyAccessor.java:280)
	at org.springframework.boot.bind.RelaxedDataBinder$RelaxedBeanWrapper.setPropertyValue(RelaxedDataBinder.java:700)
	at org.springframework.beans.AbstractPropertyAccessor.setPropertyValues(AbstractPropertyAccessor.java:95)
	at org.springframework.validation.DataBinder.applyPropertyValues(DataBinder.java:834)
	at org.springframework.validation.DataBinder.doBind(DataBinder.java:730)
	at org.springframework.boot.bind.RelaxedDataBinder.doBind(RelaxedDataBinder.java:128)
	at org.springframework.validation.DataBinder.bind(DataBinder.java:715)
	at org.springframework.boot.bind.PropertiesConfigurationFactory.doBindPropertiesToTarget(PropertiesConfigurationFactory.java:269)
	at org.springframework.boot.bind.PropertiesConfigurationFactory.bindPropertiesToTarget(PropertiesConfigurationFactory.java:241)
	at org.springframework.boot.context.properties.ConfigurationPropertiesBindingPostProcessor.postProcessBeforeInitialization(ConfigurationPropertiesBindingPostProcessor.java:334)
	at org.springframework.boot.context.properties.ConfigurationPropertiesBindingPostProcessor.postProcessBeforeInitialization(ConfigurationPropertiesBindingPostProcessor.java:289)
	at org.springframework.beans.factory.support.AbstractAutowireCapableBeanFactory.applyBeanPostProcessorsBeforeInitialization(AbstractAutowireCapableBeanFactory.java:408)
	at org.springframework.beans.factory.support.AbstractAutowireCapableBeanFactory.initializeBean(AbstractAutowireCapableBeanFactory.java:1570)
	at org.springframework.beans.factory.support.AbstractAutowireCapableBeanFactory.doCreateBean(AbstractAutowireCapableBeanFactory.java:545)
	at org.springframework.beans.factory.support.AbstractAutowireCapableBeanFactory.createBean(AbstractAutowireCapableBeanFactory.java:482)
	at org.springframework.beans.factory.support.AbstractBeanFactory$1.getObject(AbstractBeanFactory.java:306)
	at org.springframework.beans.factory.support.DefaultSingletonBeanRegistry.getSingleton(DefaultSingletonBeanRegistry.java:230)
	at org.springframework.beans.factory.support.AbstractBeanFactory.doGetBean(AbstractBeanFactory.java:302)
	at org.springframework.beans.factory.support.AbstractBeanFactory.getBean(AbstractBeanFactory.java:197)
	at org.springframework.beans.factory.support.DefaultListableBeanFactory.findAutowireCandidates(DefaultListableBeanFactory.java:1192)
	at org.springframework.beans.factory.support.DefaultListableBeanFactory.doResolveDependency(DefaultListableBeanFactory.java:1116)
	at org.springframework.beans.factory.support.DefaultListableBeanFactory.resolveDependency(DefaultListableBeanFactory.java:1014)
	at org.springframework.beans.factory.annotation.AutowiredAnnotationBeanPostProcessor$AutowiredFieldElement.inject(AutowiredAnnotationBeanPostProcessor.java:545)
	at org.springframework.beans.factory.annotation.InjectionMetadata.inject(InjectionMetadata.java:88)
	at org.springframework.beans.factory.annotation.AutowiredAnnotationBeanPostProcessor.postProcessPropertyValues(AutowiredAnnotationBeanPostProcessor.java:331)
	at org.springframework.beans.factory.support.AbstractAutowireCapableBeanFactory.populateBean(AbstractAutowireCapableBeanFactory.java:1214)
	at org.springframework.beans.factory.support.AbstractAutowireCapableBeanFactory.doCreateBean(AbstractAutowireCapableBeanFactory.java:543)
	at org.springframework.beans.factory.support.AbstractAutowireCapableBeanFactory.createBean(AbstractAutowireCapableBeanFactory.java:482)
	at org.springframework.beans.factory.support.AbstractBeanFactory$1.getObject(AbstractBeanFactory.java:306)
	at org.springframework.beans.factory.support.DefaultSingletonBeanRegistry.getSingleton(DefaultSingletonBeanRegistry.java:230)
	at org.springframework.beans.factory.support.AbstractBeanFactory.doGetBean(AbstractBeanFactory.java:302)
	at org.springframework.beans.factory.support.AbstractBeanFactory.getBean(AbstractBeanFactory.java:197)
	at org.springframework.beans.factory.support.ConstructorResolver.instantiateUsingFactoryMethod(ConstructorResolver.java:368)
	at org.springframework.beans.factory.support.AbstractAutowireCapableBeanFactory.instantiateUsingFactoryMethod(AbstractAutowireCapableBeanFactory.java:1123)
	at org.springframework.beans.factory.support.AbstractAutowireCapableBeanFactory.createBeanInstance(AbstractAutowireCapableBeanFactory.java:1018)
	at org.springframework.beans.factory.support.AbstractAutowireCapableBeanFactory.doCreateBean(AbstractAutowireCapableBeanFactory.java:510)
	at org.springframework.beans.factory.support.AbstractAutowireCapableBeanFactory.createBean(AbstractAutowireCapableBeanFactory.java:482)
	at org.springframework.beans.factory.support.AbstractBeanFactory$1.getObject(AbstractBeanFactory.java:306)
	at org.springframework.beans.factory.support.DefaultSingletonBeanRegistry.getSingleton(DefaultSingletonBeanRegistry.java:230)
	at org.springframework.beans.factory.support.AbstractBeanFactory.doGetBean(AbstractBeanFactory.java:302)
	at org.springframework.beans.factory.support.AbstractBeanFactory.getBean(AbstractBeanFactory.java:197)
	at org.springframework.beans.factory.support.DefaultListableBeanFactory.findAutowireCandidates(DefaultListableBeanFactory.java:1192)
	at org.springframework.beans.factory.support.DefaultListableBeanFactory.doResolveDependency(DefaultListableBeanFactory.java:1116)
	at org.springframework.beans.factory.support.DefaultListableBeanFactory.resolveDependency(DefaultListableBeanFactory.java:1014)
	at org.springframework.beans.factory.annotation.AutowiredAnnotationBeanPostProcessor$AutowiredFieldElement.inject(AutowiredAnnotationBeanPostProcessor.java:545)
	at org.springframework.beans.factory.annotation.InjectionMetadata.inject(InjectionMetadata.java:88)
	at org.springframework.beans.factory.annotation.AutowiredAnnotationBeanPostProcessor.postProcessPropertyValues(AutowiredAnnotationBeanPostProcessor.java:331)
	at org.springframework.beans.factory.support.AbstractAutowireCapableBeanFactory.populateBean(AbstractAutowireCapableBeanFactory.java:1214)
	at org.springframework.beans.factory.support.AbstractAutowireCapableBeanFactory.doCreateBean(AbstractAutowireCapableBeanFactory.java:543)
	at org.springframework.beans.factory.support.AbstractAutowireCapableBeanFactory.createBean(AbstractAutowireCapableBeanFactory.java:482)
	at org.springframework.beans.factory.support.AbstractBeanFactory$1.getObject(AbstractBeanFactory.java:306)
	at org.springframework.beans.factory.support.DefaultSingletonBeanRegistry.getSingleton(DefaultSingletonBeanRegistry.java:230)
	at org.springframework.beans.factory.support.AbstractBeanFactory.doGetBean(AbstractBeanFactory.java:302)
	at org.springframework.beans.factory.support.AbstractBeanFactory.getBean(AbstractBeanFactory.java:197)
	at org.springframework.beans.factory.support.ConstructorResolver.instantiateUsingFactoryMethod(ConstructorResolver.java:368)
	at org.springframework.beans.factory.support.AbstractAutowireCapableBeanFactory.instantiateUsingFactoryMethod(AbstractAutowireCapableBeanFactory.java:1123)
	at org.springframework.beans.factory.support.AbstractAutowireCapableBeanFactory.createBeanInstance(AbstractAutowireCapableBeanFactory.java:1018)
	at org.springframework.beans.factory.support.AbstractAutowireCapableBeanFactory.doCreateBean(AbstractAutowireCapableBeanFactory.java:510)
	at org.springframework.beans.factory.support.AbstractAutowireCapableBeanFactory.createBean(AbstractAutowireCapableBeanFactory.java:482)
	at org.springframework.beans.factory.support.AbstractBeanFactory$1.getObject(AbstractBeanFactory.java:306)
	at org.springframework.beans.factory.support.DefaultSingletonBeanRegistry.getSingleton(DefaultSingletonBeanRegistry.java:230)
	at org.springframework.beans.factory.support.AbstractBeanFactory.doGetBean(AbstractBeanFactory.java:302)
	at org.springframework.beans.factory.support.AbstractBeanFactory.getBean(AbstractBeanFactory.java:197)
	at org.springframework.context.support.AbstractApplicationContext.getBean(AbstractApplicationContext.java:1054)
	at org.springframework.context.support.AbstractApplicationContext.finishBeanFactoryInitialization(AbstractApplicationContext.java:829)
	at org.springframework.context.support.AbstractApplicationContext.refresh(AbstractApplicationContext.java:538)
	at org.springframework.boot.SpringApplication.refresh(SpringApplication.java:766)
	at org.springframework.boot.SpringApplication.createAndRefreshContext(SpringApplication.java:361)
	at org.springframework.boot.SpringApplication.run(SpringApplication.java:307)
	at org.springframework.boot.test.SpringApplicationContextLoader.loadContext(SpringApplicationContextLoader.java:98)
	at org.springframework.test.context.cache.DefaultCacheAwareContextLoaderDelegate.loadContextInternal(DefaultCacheAwareContextLoaderDelegate.java:98)
	at org.springframework.test.context.cache.DefaultCacheAwareContextLoaderDelegate.loadContext(DefaultCacheAwareContextLoaderDelegate.java:116)
	at org.springframework.test.context.support.DefaultTestContext.getApplicationContext(DefaultTestContext.java:83)
	at org.springframework.test.context.web.ServletTestExecutionListener.setUpRequestContextIfNecessary(ServletTestExecutionListener.java:183)
	at org.springframework.test.context.web.ServletTestExecutionListener.prepareTestInstance(ServletTestExecutionListener.java:123)
	at org.springframework.test.context.TestContextManager.prepareTestInstance(TestContextManager.java:228)
	at org.springframework.test.context.junit4.SpringJUnit4ClassRunner.createTest(SpringJUnit4ClassRunner.java:230)
	at org.springframework.test.context.junit4.SpringJUnit4ClassRunner$1.runReflectiveCall(SpringJUnit4ClassRunner.java:289)
	at org.junit.internal.runners.model.ReflectiveCallable.run(ReflectiveCallable.java:12)
	at org.springframework.test.context.junit4.SpringJUnit4ClassRunner.methodBlock(SpringJUnit4ClassRunner.java:291)
	at org.springframework.test.context.junit4.SpringJUnit4ClassRunner.runChild(SpringJUnit4ClassRunner.java:249)
	at org.springframework.test.context.junit4.SpringJUnit4ClassRunner.runChild(SpringJUnit4ClassRunner.java:89)
	at org.junit.runners.ParentRunner$3.run(ParentRunner.java:290)
	at org.junit.runners.ParentRunner$1.schedule(ParentRunner.java:71)
	at org.junit.runners.ParentRunner.runChildren(ParentRunner.java:288)
	at org.junit.runners.ParentRunner.access$000(ParentRunner.java:58)
	at org.junit.runners.ParentRunner$2.evaluate(ParentRunner.java:268)
	at org.springframework.test.context.junit4.statements.RunBeforeTestClassCallbacks.evaluate(RunBeforeTestClassCallbacks.java:61)
	at org.springframework.test.context.junit4.statements.RunAfterTestClassCallbacks.evaluate(RunAfterTestClassCallbacks.java:70)
	at org.junit.runners.ParentRunner.run(ParentRunner.java:363)
	at org.springframework.test.context.junit4.SpringJUnit4ClassRunner.run(SpringJUnit4ClassRunner.java:193)
	at org.apache.maven.surefire.junit4.JUnit4Provider.execute(JUnit4Provider.java:252)
	at org.apache.maven.surefire.junit4.JUnit4Provider.executeTestSet(JUnit4Provider.java:141)
	at org.apache.maven.surefire.junit4.JUnit4Provider.invoke(JUnit4Provider.java:112)
	at sun.reflect.NativeMethodAccessorImpl.invoke0(Native Method)
	at sun.reflect.NativeMethodAccessorImpl.invoke(NativeMethodAccessorImpl.java:62)
	at sun.reflect.DelegatingMethodAccessorImpl.invoke(DelegatingMethodAccessorImpl.java:43)
	at java.lang.reflect.Method.invoke(Method.java:497)
	at org.apache.maven.surefire.util.ReflectionUtils.invokeMethodWithArray(ReflectionUtils.java:189)
	at org.apache.maven.surefire.booter.ProviderFactory$ProviderProxy.invoke(ProviderFactory.java:165)
	at org.apache.maven.surefire.booter.ProviderFactory.invokeProvider(ProviderFactory.java:85)
	at org.apache.maven.surefire.booter.ForkedBooter.runSuitesInProcess(ForkedBooter.java:115)
	at org.apache.maven.surefire.booter.ForkedBooter.main(ForkedBooter.java:75)
Caused by: java.lang.NullPointerException: null
	at java.util.regex.Matcher.getTextLength(Matcher.java:1283)
	at java.util.regex.Matcher.reset(Matcher.java:309)
	at java.util.regex.Matcher.&lt;init&gt;(Matcher.java:229)
	at java.util.regex.Pattern.matcher(Pattern.java:1093)
	at java.util.Formatter.parse(Formatter.java:2547)
	at java.util.Formatter.format(Formatter.java:2501)
	at java.util.Formatter.format(Formatter.java:2455)
	at java.lang.String.format(String.java:2928)
	at org.springframework.boot.autoconfigure.jdbc.EmbeddedDatabaseConnection.getUrl(EmbeddedDatabaseConnection.java:109)
	at org.springframework.boot.autoconfigure.jdbc.DataSourceProperties.getUrl(DataSourceProperties.java:208)
	... 109 common frames omitted
[DEBUG] Invoking afterPropertiesSet() on bean with name &apos;spring.datasource.CONFIGURATION_PROPERTIES&apos;
[DEBUG] Returning cached instance of singleton bean &apos;org.springframework.transaction.config.internalTransactionAdvisor&apos;
[DEBUG] Returning cached instance of singleton bean &apos;org.springframework.transaction.config.internalTransactionAdvisor&apos;
[DEBUG] Finished creating instance of bean &apos;spring.datasource.CONFIGURATION_PROPERTIES&apos;
[DEBUG] Autowiring by type from bean name &apos;org.springframework.boot.autoconfigure.jdbc.DataSourceAutoConfiguration$NonEmbeddedConfiguration&apos; to bean named &apos;spring.datasource.CONFIGURATION_PROPERTIES&apos;
[DEBUG] Returning cached instance of singleton bean &apos;org.springframework.transaction.config.internalTransactionAdvisor&apos;
[DEBUG] Returning cached instance of singleton bean &apos;org.springframework.transaction.config.internalTransactionAdvisor&apos;
[DEBUG] Finished creating instance of bean &apos;org.springframework.boot.autoconfigure.jdbc.DataSourceAutoConfiguration$NonEmbeddedConfiguration&apos;
[DEBUG] Eagerly caching bean &apos;dataSource&apos; to allow for resolving potential circular references
[DEBUG] Adding [systemProperties] PropertySource with lowest search precedence
[DEBUG] Adding [systemEnvironment] PropertySource with lowest search precedence
[DEBUG] Adding [random] PropertySource with lowest search precedence
[DEBUG] Adding [integrationTest] PropertySource with lowest search precedence
[DEBUG] Adding [applicationConfig: [classpath:/application.properties]] PropertySource with lowest search precedence
[DEBUG] Adding [localProperties] PropertySource with lowest search precedence
[DEBUG] Adding [systemProperties] PropertySource with lowest search precedence
[DEBUG] Adding [systemEnvironment] PropertySource with lowest search precedence
[DEBUG] Adding [random] PropertySource with lowest search precedence
[DEBUG] Adding [integrationTest] PropertySource with lowest search precedence
[DEBUG] Adding [applicationConfig: [classpath:/application.properties]] PropertySource with lowest search precedence
[DEBUG] Adding [localProperties] PropertySource with lowest search precedence
[DEBUG] Searching for key &apos;spring.datasource.url&apos; in [systemProperties]
[DEBUG] Searching for key &apos;spring.datasource.url&apos; in [systemEnvironment]
[DEBUG] Searching for key &apos;spring.datasource.url&apos; in [random]
[DEBUG] Searching for key &apos;spring.datasource.url&apos; in [integrationTest]
[DEBUG] Searching for key &apos;spring.datasource.url&apos; in [applicationConfig: [classpath:/application.properties]]
[DEBUG] Found key &apos;spring.datasource.url&apos; in [applicationConfig: [classpath:/application.properties]] with type [String] and value &apos;jdbc:mysql://localhost:3306/journals?createDatabaseIfNotExist=true&apos;
[DEBUG] Adding [systemProperties] PropertySource with lowest search precedence
[DEBUG] Adding [systemEnvironment] PropertySource with lowest search precedence
[DEBUG] Adding [random] PropertySource with lowest search precedence
[DEBUG] Adding [integrationTest] PropertySource with lowest search precedence
[DEBUG] Adding [applicationConfig: [classpath:/application.properties]] PropertySource with lowest search precedence
[DEBUG] Adding [localProperties] PropertySource with lowest search precedence
[DEBUG] Searching for key &apos;spring.datasource.username&apos; in [systemProperties]
[DEBUG] Searching for key &apos;spring.datasource.username&apos; in [systemEnvironment]
[DEBUG] Searching for key &apos;spring.datasource.username&apos; in [random]
[DEBUG] Searching for key &apos;spring.datasource.username&apos; in [integrationTest]
[DEBUG] Searching for key &apos;spring.datasource.username&apos; in [applicationConfig: [classpath:/application.properties]]
[DEBUG] Found key &apos;spring.datasource.username&apos; in [applicationConfig: [classpath:/application.properties]] with type [String] and value &apos;root&apos;
[DEBUG] Adding [systemProperties] PropertySource with lowest search precedence
[DEBUG] Adding [systemEnvironment] PropertySource with lowest search precedence
[DEBUG] Adding [random] PropertySource with lowest search precedence
[DEBUG] Adding [integrationTest] PropertySource with lowest search precedence
[DEBUG] Adding [applicationConfig: [classpath:/application.properties]] PropertySource with lowest search precedence
[DEBUG] Adding [localProperties] PropertySource with lowest search precedence
[DEBUG] Searching for key &apos;spring.datasource.driver-class-name&apos; in [systemProperties]
[DEBUG] Searching for key &apos;spring.datasource.driver-class-name&apos; in [systemEnvironment]
[DEBUG] Searching for key &apos;spring.datasource.driver-class-name&apos; in [random]
[DEBUG] Searching for key &apos;spring.datasource.driver-class-name&apos; in [integrationTest]
[DEBUG] Searching for key &apos;spring.datasource.driver-class-name&apos; in [applicationConfig: [classpath:/application.properties]]
[DEBUG] Found key &apos;spring.datasource.driver-class-name&apos; in [applicationConfig: [classpath:/application.properties]] with type [String] and value &apos;com.mysql.jdbc.Driver&apos;
[DEBUG] Adding [systemProperties] PropertySource with lowest search precedence
[DEBUG] Adding [systemEnvironment] PropertySource with lowest search precedence
[DEBUG] Adding [random] PropertySource with lowest search precedence
[DEBUG] Adding [integrationTest] PropertySource with lowest search precedence
[DEBUG] Adding [applicationConfig: [classpath:/application.properties]] PropertySource with lowest search precedence
[DEBUG] Adding [localProperties] PropertySource with lowest search precedence
[DEBUG] Searching for key &apos;spring.datasource.password&apos; in [systemProperties]
[DEBUG] Searching for key &apos;spring.datasource.password&apos; in [systemEnvironment]
[DEBUG] Searching for key &apos;spring.datasource.password&apos; in [random]
[DEBUG] Searching for key &apos;spring.datasource.password&apos; in [integrationTest]
[DEBUG] Searching for key &apos;spring.datasource.password&apos; in [applicationConfig: [classpath:/application.properties]]
[DEBUG] Found key &apos;spring.datasource.password&apos; in [applicationConfig: [classpath:/application.properties]] with type [String] and value &apos;admin&apos;
[DEBUG] Returning cached instance of singleton bean &apos;org.springframework.transaction.config.internalTransactionAdvisor&apos;
[DEBUG] Returning cached instance of singleton bean &apos;org.springframework.transaction.config.internalTransactionAdvisor&apos;
[DEBUG] Creating shared instance of singleton bean &apos;dataSourceInitializer&apos;
[DEBUG] Creating instance of bean &apos;dataSourceInitializer&apos;
[DEBUG] Returning cached instance of singleton bean &apos;org.springframework.transaction.config.internalTransactionAdvisor&apos;
[DEBUG] Creating shared instance of singleton bean &apos;org.springframework.boot.autoconfigure.jdbc.DataSourceAutoConfiguration$DataSourceInitializerConfiguration&apos;
[DEBUG] Creating instance of bean &apos;org.springframework.boot.autoconfigure.jdbc.DataSourceAutoConfiguration$DataSourceInitializerConfiguration&apos;
[DEBUG] Returning cached instance of singleton bean &apos;org.springframework.transaction.config.internalTransactionAdvisor&apos;
[DEBUG] Eagerly caching bean &apos;org.springframework.boot.autoconfigure.jdbc.DataSourceAutoConfiguration$DataSourceInitializerConfiguration&apos; to allow for resolving potential circular references
[DEBUG] Returning cached instance of singleton bean &apos;org.springframework.transaction.config.internalTransactionAdvisor&apos;
[DEBUG] Returning cached instance of singleton bean &apos;org.springframework.transaction.config.internalTransactionAdvisor&apos;
[DEBUG] Finished creating instance of bean &apos;org.springframework.boot.autoconfigure.jdbc.DataSourceAutoConfiguration$DataSourceInitializerConfiguration&apos;
[DEBUG] Found init method on class [org.springframework.boot.autoconfigure.jdbc.DataSourceInitializer]: public void org.springframework.boot.autoconfigure.jdbc.DataSourceInitializer.init()
[DEBUG] Registered init method on class [org.springframework.boot.autoconfigure.jdbc.DataSourceInitializer]: org.springframework.beans.factory.annotation.InitDestroyAnnotationBeanPostProcessor$LifecycleElement@316510
[DEBUG] Registered injected element on class [org.springframework.boot.autoconfigure.jdbc.DataSourceInitializer]: AutowiredFieldElement for private org.springframework.context.ConfigurableApplicationContext org.springframework.boot.autoconfigure.jdbc.DataSourceInitializer.applicationContext
[DEBUG] Registered injected element on class [org.springframework.boot.autoconfigure.jdbc.DataSourceInitializer]: AutowiredFieldElement for private org.springframework.boot.autoconfigure.jdbc.DataSourceProperties org.springframework.boot.autoconfigure.jdbc.DataSourceInitializer.properties
[DEBUG] Eagerly caching bean &apos;dataSourceInitializer&apos; to allow for resolving potential circular references
[DEBUG] Processing injected element of bean &apos;dataSourceInitializer&apos;: AutowiredFieldElement for private org.springframework.context.ConfigurableApplicationContext org.springframework.boot.autoconfigure.jdbc.DataSourceInitializer.applicationContext
[DEBUG] Autowiring by type from bean name &apos;dataSourceInitializer&apos; to bean named &apos;org.springframework.web.context.support.GenericWebApplicationContext@24269709&apos;
[DEBUG] Processing injected element of bean &apos;dataSourceInitializer&apos;: AutowiredFieldElement for private org.springframework.boot.autoconfigure.jdbc.DataSourceProperties org.springframework.boot.autoconfigure.jdbc.DataSourceInitializer.properties
[DEBUG] Returning cached instance of singleton bean &apos;spring.datasource.CONFIGURATION_PROPERTIES&apos;
[DEBUG] Autowiring by type from bean name &apos;dataSourceInitializer&apos; to bean named &apos;spring.datasource.CONFIGURATION_PROPERTIES&apos;
[DEBUG] Invoking init method on bean &apos;dataSourceInitializer&apos;: public void org.springframework.boot.autoconfigure.jdbc.DataSourceInitializer.init()
[DEBUG] Returning eagerly cached instance of singleton bean &apos;dataSource&apos; that is not fully initialized yet - a consequence of a circular reference
[DEBUG] Resolved classpath location [schema-all.sql] to resources []
[DEBUG] Resolved classpath location [schema.sql] to resources []
[DEBUG] Returning cached instance of singleton bean &apos;org.springframework.transaction.config.internalTransactionAdvisor&apos;
[DEBUG] Returning cached instance of singleton bean &apos;org.springframework.transaction.config.internalTransactionAdvisor&apos;
[DEBUG] Finished creating instance of bean &apos;dataSourceInitializer&apos;
[DEBUG] Finished creating instance of bean &apos;dataSource&apos;
[DEBUG] Autowiring by type from bean name &apos;org.springframework.boot.autoconfigure.orm.jpa.HibernateJpaAutoConfiguration&apos; to bean named &apos;dataSource&apos;
[DEBUG] Processing injected element of bean &apos;org.springframework.boot.autoconfigure.orm.jpa.HibernateJpaAutoConfiguration&apos;: AutowiredFieldElement for private org.springframework.orm.jpa.persistenceunit.PersistenceUnitManager org.springframework.boot.autoconfigure.orm.jpa.JpaBaseConfiguration.persistenceUnitManager
[DEBUG] Processing injected element of bean &apos;org.springframework.boot.autoconfigure.orm.jpa.HibernateJpaAutoConfiguration&apos;: AutowiredFieldElement for private org.springframework.boot.autoconfigure.orm.jpa.JpaProperties org.springframework.boot.autoconfigure.orm.jpa.JpaBaseConfiguration.jpaProperties
[DEBUG] Creating shared instance of singleton bean &apos;spring.jpa.CONFIGURATION_PROPERTIES&apos;
[DEBUG] Creating instance of bean &apos;spring.jpa.CONFIGURATION_PROPERTIES&apos;
[DEBUG] Returning cached instance of singleton bean &apos;org.springframework.transaction.config.internalTransactionAdvisor&apos;
[DEBUG] Eagerly caching bean &apos;spring.jpa.CONFIGURATION_PROPERTIES&apos; to allow for resolving potential circular references
[DEBUG] Adding [systemProperties] PropertySource with lowest search precedence
[DEBUG] Adding [systemEnvironment] PropertySource with lowest search precedence
[DEBUG] Adding [random] PropertySource with lowest search precedence
[DEBUG] Adding [integrationTest] PropertySource with lowest search precedence
[DEBUG] Adding [applicationConfig: [classpath:/application.properties]] PropertySource with lowest search precedence
[DEBUG] Adding [localProperties] PropertySource with lowest search precedence
[DEBUG] Adding [systemProperties] PropertySource with lowest search precedence
[DEBUG] Adding [systemEnvironment] PropertySource with lowest search precedence
[DEBUG] Adding [random] PropertySource with lowest search precedence
[DEBUG] Adding [integrationTest] PropertySource with lowest search precedence
[DEBUG] Adding [applicationConfig: [classpath:/application.properties]] PropertySource with lowest search precedence
[DEBUG] Adding [localProperties] PropertySource with lowest search precedence
[DEBUG] Searching for key &apos;spring.jpa.hibernate.ddl-auto&apos; in [systemProperties]
[DEBUG] Searching for key &apos;spring.jpa.hibernate.ddl-auto&apos; in [systemEnvironment]
[DEBUG] Searching for key &apos;spring.jpa.hibernate.ddl-auto&apos; in [random]
[DEBUG] Searching for key &apos;spring.jpa.hibernate.ddl-auto&apos; in [integrationTest]
[DEBUG] Searching for key &apos;spring.jpa.hibernate.ddl-auto&apos; in [applicationConfig: [classpath:/application.properties]]
[DEBUG] Found key &apos;spring.jpa.hibernate.ddl-auto&apos; in [applicationConfig: [classpath:/application.properties]] with type [String] and value &apos;create&apos;
[DEBUG] Adding [systemProperties] PropertySource with lowest search precedence
[DEBUG] Adding [systemEnvironment] PropertySource with lowest search precedence
[DEBUG] Adding [random] PropertySource with lowest search precedence
[DEBUG] Adding [integrationTest] PropertySource with lowest search precedence
[DEBUG] Adding [applicationConfig: [classpath:/application.properties]] PropertySource with lowest search precedence
[DEBUG] Adding [localProperties] PropertySource with lowest search precedence
[DEBUG] Searching for key &apos;spring.jpa.properties.hibernate.format_sql&apos; in [systemProperties]
[DEBUG] Searching for key &apos;spring.jpa.properties.hibernate.format_sql&apos; in [systemEnvironment]
[DEBUG] Searching for key &apos;spring.jpa.properties.hibernate.format_sql&apos; in [random]
[DEBUG] Searching for key &apos;spring.jpa.properties.hibernate.format_sql&apos; in [integrationTest]
[DEBUG] Searching for key &apos;spring.jpa.properties.hibernate.format_sql&apos; in [applicationConfig: [classpath:/application.properties]]
[DEBUG] Found key &apos;spring.jpa.properties.hibernate.format_sql&apos; in [applicationConfig: [classpath:/application.properties]] with type [String] and value &apos;true&apos;
[DEBUG] Adding [systemProperties] PropertySource with lowest search precedence
[DEBUG] Adding [systemEnvironment] PropertySource with lowest search precedence
[DEBUG] Adding [random] PropertySource with lowest search precedence
[DEBUG] Adding [integrationTest] PropertySource with lowest search precedence
[DEBUG] Adding [applicationConfig: [classpath:/application.properties]] PropertySource with lowest search precedence
[DEBUG] Adding [localProperties] PropertySource with lowest search precedence
[DEBUG] Searching for key &apos;spring.jpa.database-platform&apos; in [systemProperties]
[DEBUG] Searching for key &apos;spring.jpa.database-platform&apos; in [systemEnvironment]
[DEBUG] Searching for key &apos;spring.jpa.database-platform&apos; in [random]
[DEBUG] Searching for key &apos;spring.jpa.database-platform&apos; in [integrationTest]
[DEBUG] Searching for key &apos;spring.jpa.database-platform&apos; in [applicationConfig: [classpath:/application.properties]]
[DEBUG] Found key &apos;spring.jpa.database-platform&apos; in [applicationConfig: [classpath:/application.properties]] with type [String] and value &apos;org.hibernate.dialect.MySQL5Dialect&apos;
[DEBUG] Adding [systemProperties] PropertySource with lowest search precedence
[DEBUG] Adding [systemEnvironment] PropertySource with lowest search precedence
[DEBUG] Adding [random] PropertySource with lowest search precedence
[DEBUG] Adding [integrationTest] PropertySource with lowest search precedence
[DEBUG] Adding [applicationConfig: [classpath:/application.properties]] PropertySource with lowest search precedence
[DEBUG] Adding [localProperties] PropertySource with lowest search precedence
[DEBUG] Searching for key &apos;spring.jpa.properties.hibernate.globally_quoted_identifiers&apos; in [systemProperties]
[DEBUG] Searching for key &apos;spring.jpa.properties.hibernate.globally_quoted_identifiers&apos; in [systemEnvironment]
[DEBUG] Searching for key &apos;spring.jpa.properties.hibernate.globally_quoted_identifiers&apos; in [random]
[DEBUG] Searching for key &apos;spring.jpa.properties.hibernate.globally_quoted_identifiers&apos; in [integrationTest]
[DEBUG] Searching for key &apos;spring.jpa.properties.hibernate.globally_quoted_identifiers&apos; in [applicationConfig: [classpath:/application.properties]]
[DEBUG] Found key &apos;spring.jpa.properties.hibernate.globally_quoted_identifiers&apos; in [applicationConfig: [classpath:/application.properties]] with type [String] and value &apos;true&apos;
[DEBUG] Adding [systemProperties] PropertySource with lowest search precedence
[DEBUG] Adding [systemEnvironment] PropertySource with lowest search precedence
[DEBUG] Adding [random] PropertySource with lowest search precedence
[DEBUG] Adding [integrationTest] PropertySource with lowest search precedence
[DEBUG] Adding [applicationConfig: [classpath:/application.properties]] PropertySource with lowest search precedence
[DEBUG] Adding [localProperties] PropertySource with lowest search precedence
[DEBUG] Searching for key &apos;spring.jpa.show-sql&apos; in [systemProperties]
[DEBUG] Searching for key &apos;spring.jpa.show-sql&apos; in [systemEnvironment]
[DEBUG] Searching for key &apos;spring.jpa.show-sql&apos; in [random]
[DEBUG] Searching for key &apos;spring.jpa.show-sql&apos; in [integrationTest]
[DEBUG] Searching for key &apos;spring.jpa.show-sql&apos; in [applicationConfig: [classpath:/application.properties]]
[DEBUG] Found key &apos;spring.jpa.show-sql&apos; in [applicationConfig: [classpath:/application.properties]] with type [String] and value &apos;true&apos;
[DEBUG] Returning cached instance of singleton bean &apos;org.springframework.transaction.config.internalTransactionAdvisor&apos;
[DEBUG] Returning cached instance of singleton bean &apos;org.springframework.transaction.config.internalTransactionAdvisor&apos;
[DEBUG] Finished creating instance of bean &apos;spring.jpa.CONFIGURATION_PROPERTIES&apos;
[DEBUG] Autowiring by type from bean name &apos;org.springframework.boot.autoconfigure.orm.jpa.HibernateJpaAutoConfiguration&apos; to bean named &apos;spring.jpa.CONFIGURATION_PROPERTIES&apos;
[DEBUG] Processing injected element of bean &apos;org.springframework.boot.autoconfigure.orm.jpa.HibernateJpaAutoConfiguration&apos;: AutowiredFieldElement for private org.springframework.transaction.jta.JtaTransactionManager org.springframework.boot.autoconfigure.orm.jpa.JpaBaseConfiguration.jtaTransactionManager
[DEBUG] Processing injected element of bean &apos;org.springframework.boot.autoconfigure.orm.jpa.HibernateJpaAutoConfiguration&apos;: AutowiredFieldElement for private org.springframework.boot.autoconfigure.orm.jpa.JpaProperties org.springframework.boot.autoconfigure.orm.jpa.HibernateJpaAutoConfiguration.properties
[DEBUG] Returning cached instance of singleton bean &apos;spring.jpa.CONFIGURATION_PROPERTIES&apos;
[DEBUG] Autowiring by type from bean name &apos;org.springframework.boot.autoconfigure.orm.jpa.HibernateJpaAutoConfiguration&apos; to bean named &apos;spring.jpa.CONFIGURATION_PROPERTIES&apos;
[DEBUG] Processing injected element of bean &apos;org.springframework.boot.autoconfigure.orm.jpa.HibernateJpaAutoConfiguration&apos;: AutowiredFieldElement for private javax.sql.DataSource org.springframework.boot.autoconfigure.orm.jpa.HibernateJpaAutoConfiguration.dataSource
[DEBUG] Returning cached instance of singleton bean &apos;dataSource&apos;
[DEBUG] Autowiring by type from bean name &apos;org.springframework.boot.autoconfigure.orm.jpa.HibernateJpaAutoConfiguration&apos; to bean named &apos;dataSource&apos;
[DEBUG] Returning cached instance of singleton bean &apos;org.springframework.transaction.config.internalTransactionAdvisor&apos;
[DEBUG] Returning cached instance of singleton bean &apos;org.springframework.transaction.config.internalTransactionAdvisor&apos;
[DEBUG] Finished creating instance of bean &apos;org.springframework.boot.autoconfigure.orm.jpa.HibernateJpaAutoConfiguration&apos;
[DEBUG] Creating shared instance of singleton bean &apos;entityManagerFactoryBuilder&apos;
[DEBUG] Creating instance of bean &apos;entityManagerFactoryBuilder&apos;
[DEBUG] Returning cached instance of singleton bean &apos;org.springframework.transaction.config.internalTransactionAdvisor&apos;
[DEBUG] Returning cached instance of singleton bean &apos;org.springframework.boot.autoconfigure.orm.jpa.HibernateJpaAutoConfiguration&apos;
[DEBUG] Creating shared instance of singleton bean &apos;jpaVendorAdapter&apos;
[DEBUG] Creating instance of bean &apos;jpaVendorAdapter&apos;
[DEBUG] Returning cached instance of singleton bean &apos;org.springframework.transaction.config.internalTransactionAdvisor&apos;
[DEBUG] Returning cached instance of singleton bean &apos;org.springframework.boot.autoconfigure.orm.jpa.HibernateJpaAutoConfiguration&apos;
[DEBUG] Eagerly caching bean &apos;jpaVendorAdapter&apos; to allow for resolving potential circular references
[DEBUG] Returning cached instance of singleton bean &apos;org.springframework.transaction.config.internalTransactionAdvisor&apos;
[DEBUG] Returning cached instance of singleton bean &apos;org.springframework.transaction.config.internalTransactionAdvisor&apos;
[DEBUG] Finished creating instance of bean &apos;jpaVendorAdapter&apos;
[DEBUG] Autowiring by type from bean name &apos;entityManagerFactoryBuilder&apos; via factory method to bean named &apos;jpaVendorAdapter&apos;
[DEBUG] Eagerly caching bean &apos;entityManagerFactoryBuilder&apos; to allow for resolving potential circular references
[DEBUG] Returning cached instance of singleton bean &apos;org.springframework.transaction.config.internalTransactionAdvisor&apos;
[DEBUG] Returning cached instance of singleton bean &apos;org.springframework.transaction.config.internalTransactionAdvisor&apos;
[DEBUG] Finished creating instance of bean &apos;entityManagerFactoryBuilder&apos;
[DEBUG] Autowiring by type from bean name &apos;entityManagerFactory&apos; via factory method to bean named &apos;entityManagerFactoryBuilder&apos;
[DEBUG] Returning cached instance of singleton bean &apos;org.springframework.boot.autoconfigure.AutoConfigurationPackages&apos;
[DEBUG] Returning cached instance of singleton bean &apos;org.springframework.boot.autoconfigure.AutoConfigurationPackages&apos;
[DEBUG] Eagerly caching bean &apos;entityManagerFactory&apos; to allow for resolving potential circular references
[DEBUG] Invoking afterPropertiesSet() on bean with name &apos;entityManagerFactory&apos;
[DEBUG] Resolved classpath location [META-INF/persistence.xml] to resources []
[DEBUG] Resolved classpath location [com/crossover/trial/journals/] to resources [URL [file:/D:/Projects/CrossoverTrial%20-%20Second/Code/target/test-classes/com/crossover/trial/journals/], URL [file:/D:/Projects/CrossoverTrial%20-%20Second/Code/target/generated-classes/cobertura/com/crossover/trial/journals/]]
[DEBUG] Looking for matching resources in directory tree [D:\Projects\CrossoverTrial - Second\Code\target\test-classes\com\crossover\trial\journals]
[DEBUG] Searching directory [D:\Projects\CrossoverTrial - Second\Code\target\test-classes\com\crossover\trial\journals] for files matching pattern [D:/Projects/CrossoverTrial - Second/Code/target/test-classes/com/crossover/trial/journals/**/*.class]
[DEBUG] Searching directory [D:\Projects\CrossoverTrial - Second\Code\target\test-classes\com\crossover\trial\journals\rest] for files matching pattern [D:/Projects/CrossoverTrial - Second/Code/target/test-classes/com/crossover/trial/journals/**/*.class]
[DEBUG] Looking for matching resources in directory tree [D:\Projects\CrossoverTrial - Second\Code\target\generated-classes\cobertura\com\crossover\trial\journals]
[DEBUG] Searching directory [D:\Projects\CrossoverTrial - Second\Code\target\generated-classes\cobertura\com\crossover\trial\journals] for files matching pattern [D:/Projects/CrossoverTrial - Second/Code/target/generated-classes/cobertura/com/crossover/trial/journals/**/*.class]
[DEBUG] Searching directory [D:\Projects\CrossoverTrial - Second\Code\target\generated-classes\cobertura\com\crossover\trial\journals\config] for files matching pattern [D:/Projects/CrossoverTrial - Second/Code/target/generated-classes/cobertura/com/crossover/trial/journals/**/*.class]
[DEBUG] Searching directory [D:\Projects\CrossoverTrial - Second\Code\target\generated-classes\cobertura\com\crossover\trial\journals\controller] for files matching pattern [D:/Projects/CrossoverTrial - Second/Code/target/generated-classes/cobertura/com/crossover/trial/journals/**/*.class]
[DEBUG] Searching directory [D:\Projects\CrossoverTrial - Second\Code\target\generated-classes\cobertura\com\crossover\trial\journals\dto] for files matching pattern [D:/Projects/CrossoverTrial - Second/Code/target/generated-classes/cobertura/com/crossover/trial/journals/**/*.class]
[DEBUG] Searching directory [D:\Projects\CrossoverTrial - Second\Code\target\generated-classes\cobertura\com\crossover\trial\journals\model] for files matching pattern [D:/Projects/CrossoverTrial - Second/Code/target/generated-classes/cobertura/com/crossover/trial/journals/**/*.class]
[DEBUG] Searching directory [D:\Projects\CrossoverTrial - Second\Code\target\generated-classes\cobertura\com\crossover\trial\journals\repository] for files matching pattern [D:/Projects/CrossoverTrial - Second/Code/target/generated-classes/cobertura/com/crossover/trial/journals/**/*.class]
[DEBUG] Searching directory [D:\Projects\CrossoverTrial - Second\Code\target\generated-classes\cobertura\com\crossover\trial\journals\rest] for files matching pattern [D:/Projects/CrossoverTrial - Second/Code/target/generated-classes/cobertura/com/crossover/trial/journals/**/*.class]
[DEBUG] Searching directory [D:\Projects\CrossoverTrial - Second\Code\target\generated-classes\cobertura\com\crossover\trial\journals\service] for files matching pattern [D:/Projects/CrossoverTrial - Second/Code/target/generated-classes/cobertura/com/crossover/trial/journals/**/*.class]
[DEBUG] Resolved location pattern [classpath*:com/crossover/trial/journals/**/*.class] to resources [file [D:\Projects\CrossoverTrial - Second\Code\target\test-classes\com\crossover\trial\journals\rest\CategoryRestServiceTest.class], file [D:\Projects\CrossoverTrial - Second\Code\target\test-classes\com\crossover\trial\journals\rest\JournalServiceTest.class], file [D:\Projects\CrossoverTrial - Second\Code\target\generated-classes\cobertura\com\crossover\trial\journals\Application.class], file [D:\Projects\CrossoverTrial - Second\Code\target\generated-classes\cobertura\com\crossover\trial\journals\config\MvcConfig.class], file [D:\Projects\CrossoverTrial - Second\Code\target\generated-classes\cobertura\com\crossover\trial\journals\config\WebSecurityConfig.class], file [D:\Projects\CrossoverTrial - Second\Code\target\generated-classes\cobertura\com\crossover\trial\journals\controller\JournalController.class], file [D:\Projects\CrossoverTrial - Second\Code\target\generated-classes\cobertura\com\crossover\trial\journals\controller\PublisherController.class], file [D:\Projects\CrossoverTrial - Second\Code\target\generated-classes\cobertura\com\crossover\trial\journals\dto\SubscriptionDTO.class], file [D:\Projects\CrossoverTrial - Second\Code\target\generated-classes\cobertura\com\crossover\trial\journals\model\Category.class], file [D:\Projects\CrossoverTrial - Second\Code\target\generated-classes\cobertura\com\crossover\trial\journals\model\Journal.class], file [D:\Projects\CrossoverTrial - Second\Code\target\generated-classes\cobertura\com\crossover\trial\journals\model\Publisher.class], file [D:\Projects\CrossoverTrial - Second\Code\target\generated-classes\cobertura\com\crossover\trial\journals\model\Role.class], file [D:\Projects\CrossoverTrial - Second\Code\target\generated-classes\cobertura\com\crossover\trial\journals\model\Subscription.class], file [D:\Projects\CrossoverTrial - Second\Code\target\generated-classes\cobertura\com\crossover\trial\journals\model\User.class], file [D:\Projects\CrossoverTrial - Second\Code\target\generated-classes\cobertura\com\crossover\trial\journals\repository\CategoryRepository.class], file [D:\Projects\CrossoverTrial - Second\Code\target\generated-classes\cobertura\com\crossover\trial\journals\repository\JournalRepository.class], file [D:\Projects\CrossoverTrial - Second\Code\target\generated-classes\cobertura\com\crossover\trial\journals\repository\PublisherRepository.class], file [D:\Projects\CrossoverTrial - Second\Code\target\generated-classes\cobertura\com\crossover\trial\journals\repository\UserRepository.class], file [D:\Projects\CrossoverTrial - Second\Code\target\generated-classes\cobertura\com\crossover\trial\journals\rest\CategoryRestService.class], file [D:\Projects\CrossoverTrial - Second\Code\target\generated-classes\cobertura\com\crossover\trial\journals\rest\JournalRestService.class], file [D:\Projects\CrossoverTrial - Second\Code\target\generated-classes\cobertura\com\crossover\trial\journals\service\CurrentUser.class], file [D:\Projects\CrossoverTrial - Second\Code\target\generated-classes\cobertura\com\crossover\trial\journals\service\CurrentUserDetailsService.class], file [D:\Projects\CrossoverTrial - Second\Code\target\generated-classes\cobertura\com\crossover\trial\journals\service\JournalService.class], file [D:\Projects\CrossoverTrial - Second\Code\target\generated-classes\cobertura\com\crossover\trial\journals\service\JournalServiceImpl.class], file [D:\Projects\CrossoverTrial - Second\Code\target\generated-classes\cobertura\com\crossover\trial\journals\service\ServiceException.class], file [D:\Projects\CrossoverTrial - Second\Code\target\generated-classes\cobertura\com\crossover\trial\journals\service\UserService.class], file [D:\Projects\CrossoverTrial - Second\Code\target\generated-classes\cobertura\com\crossover\trial\journals\service\UserServiceImpl.class]]
[INFO] Building JPA container EntityManagerFactory for persistence unit &apos;default&apos;
[DEBUG] PersistenceUnitInfo [
	name: default
	persistence provider classname: null
	classloader: sun.misc.Launcher$AppClassLoader@42a57993
	excludeUnlistedClasses: true
	JTA datasource: null
	Non JTA datasource: org.apache.tomcat.jdbc.pool.DataSource@6540cf1d{ConnectionPool[defaultAutoCommit=null; defaultReadOnly=null; defaultTransactionIsolation=-1; defaultCatalog=null; driverClassName=com.mysql.jdbc.Driver; maxActive=100; maxIdle=100; minIdle=10; initialSize=10; maxWait=30000; testOnBorrow=false; testOnReturn=false; timeBetweenEvictionRunsMillis=5000; numTestsPerEvictionRun=0; minEvictableIdleTimeMillis=60000; testWhileIdle=false; testOnConnect=false; password=********; url=jdbc:mysql://localhost:3306/journals?createDatabaseIfNotExist=true; username=root; validationQuery=null; validationQueryTimeout=-1; validatorClassName=null; validationInterval=30000; accessToUnderlyingConnectionAllowed=true; removeAbandoned=false; removeAbandonedTimeout=60; logAbandoned=false; connectionProperties=null; initSQL=null; jdbcInterceptors=null; jmxEnabled=true; fairQueue=true; useEquals=true; abandonWhenPercentageFull=0; maxAge=0; useLock=false; dataSource=null; dataSourceJNDI=null; suspectTimeout=0; alternateUsernameAllowed=false; commitOnReturn=false; rollbackOnReturn=false; useDisposableConnectionFacade=true; logValidationErrors=false; propagateInterruptState=false; ignoreExceptionOnPreLoad=false; }
	Transaction type: RESOURCE_LOCAL
	PU root URL: file:/D:/Projects/CrossoverTrial%20-%20Second/Code/target/test-classes/
	Shared Cache Mode: UNSPECIFIED
	Validation Mode: AUTO
	Jar files URLs []
	Managed classes names [
		com.crossover.trial.journals.model.Category
		com.crossover.trial.journals.model.Journal
		com.crossover.trial.journals.model.Publisher
		com.crossover.trial.journals.model.Subscription
		com.crossover.trial.journals.model.User]
	Mapping files names []
	Properties []
[DEBUG] Adding Integrator [org.hibernate.cfg.beanvalidation.BeanValidationIntegrator].
[DEBUG] Adding Integrator [org.hibernate.secure.spi.JaccIntegrator].
[DEBUG] Adding Integrator [org.hibernate.cache.internal.CollectionCacheInvalidator].
[DEBUG] Adding Integrator [org.hibernate.jpa.event.spi.JpaIntegrator].
[DEBUG] Registering named strategy selector [org.hibernate.dialect.Dialect] : [MySQL5] -&gt; [org.hibernate.dialect.MySQL5Dialect] (replacing [org.hibernate.dialect.MySQL5Dialect])
[DEBUG] Registering named strategy selector [org.hibernate.dialect.Dialect] : [MySQL5InnoDB] -&gt; [org.hibernate.dialect.MySQL5InnoDBDialect] (replacing [org.hibernate.dialect.MySQL5InnoDBDialect])
[INFO] HHH000412: Hibernate Core {4.3.11.Final}
[INFO] HHH000206: hibernate.properties not found
[INFO] HHH000021: Bytecode provider name : javassist
[DEBUG] Overriding existing service binding [org.hibernate.secure.spi.JaccService]
[DEBUG] Adding type registration boolean -&gt; org.hibernate.type.BooleanType@4483d35
[DEBUG] Adding type registration boolean -&gt; org.hibernate.type.BooleanType@4483d35
[DEBUG] Adding type registration java.lang.Boolean -&gt; org.hibernate.type.BooleanType@4483d35
[DEBUG] Adding type registration numeric_boolean -&gt; org.hibernate.type.NumericBooleanType@2f4ba1ae
[DEBUG] Adding type registration true_false -&gt; org.hibernate.type.TrueFalseType@141d3d43
[DEBUG] Adding type registration yes_no -&gt; org.hibernate.type.YesNoType@6ed043d3
[DEBUG] Adding type registration byte -&gt; org.hibernate.type.ByteType@68ed3f30
[DEBUG] Adding type registration byte -&gt; org.hibernate.type.ByteType@68ed3f30
[DEBUG] Adding type registration java.lang.Byte -&gt; org.hibernate.type.ByteType@68ed3f30
[DEBUG] Adding type registration character -&gt; org.hibernate.type.CharacterType@575e572f
[DEBUG] Adding type registration char -&gt; org.hibernate.type.CharacterType@575e572f
[DEBUG] Adding type registration java.lang.Character -&gt; org.hibernate.type.CharacterType@575e572f
[DEBUG] Adding type registration short -&gt; org.hibernate.type.ShortType@6cbe7d4d
[DEBUG] Adding type registration short -&gt; org.hibernate.type.ShortType@6cbe7d4d
[DEBUG] Adding type registration java.lang.Short -&gt; org.hibernate.type.ShortType@6cbe7d4d
[DEBUG] Adding type registration integer -&gt; org.hibernate.type.IntegerType@36aa52d2
[DEBUG] Adding type registration int -&gt; org.hibernate.type.IntegerType@36aa52d2
[DEBUG] Adding type registration java.lang.Integer -&gt; org.hibernate.type.IntegerType@36aa52d2
[DEBUG] Adding type registration long -&gt; org.hibernate.type.LongType@6342ff7f
[DEBUG] Adding type registration long -&gt; org.hibernate.type.LongType@6342ff7f
[DEBUG] Adding type registration java.lang.Long -&gt; org.hibernate.type.LongType@6342ff7f
[DEBUG] Adding type registration float -&gt; org.hibernate.type.FloatType@54755dd9
[DEBUG] Adding type registration float -&gt; org.hibernate.type.FloatType@54755dd9
[DEBUG] Adding type registration java.lang.Float -&gt; org.hibernate.type.FloatType@54755dd9
[DEBUG] Adding type registration double -&gt; org.hibernate.type.DoubleType@2bfb583b
[DEBUG] Adding type registration double -&gt; org.hibernate.type.DoubleType@2bfb583b
[DEBUG] Adding type registration java.lang.Double -&gt; org.hibernate.type.DoubleType@2bfb583b
[DEBUG] Adding type registration big_decimal -&gt; org.hibernate.type.BigDecimalType@7dffda8b
[DEBUG] Adding type registration java.math.BigDecimal -&gt; org.hibernate.type.BigDecimalType@7dffda8b
[DEBUG] Adding type registration big_integer -&gt; org.hibernate.type.BigIntegerType@6ca8fcf3
[DEBUG] Adding type registration java.math.BigInteger -&gt; org.hibernate.type.BigIntegerType@6ca8fcf3
[DEBUG] Adding type registration string -&gt; org.hibernate.type.StringType@6801b414
[DEBUG] Adding type registration java.lang.String -&gt; org.hibernate.type.StringType@6801b414
[DEBUG] Adding type registration nstring -&gt; org.hibernate.type.StringNVarcharType@d2291de
[DEBUG] Adding type registration ncharacter -&gt; org.hibernate.type.CharacterNCharType@1e236278
[DEBUG] Adding type registration url -&gt; org.hibernate.type.UrlType@4d6ccc97
[DEBUG] Adding type registration java.net.URL -&gt; org.hibernate.type.UrlType@4d6ccc97
[DEBUG] Adding type registration date -&gt; org.hibernate.type.DateType@2b0b7e5a
[DEBUG] Adding type registration java.sql.Date -&gt; org.hibernate.type.DateType@2b0b7e5a
[DEBUG] Adding type registration time -&gt; org.hibernate.type.TimeType@3481ff98
[DEBUG] Adding type registration java.sql.Time -&gt; org.hibernate.type.TimeType@3481ff98
[DEBUG] Adding type registration timestamp -&gt; org.hibernate.type.TimestampType@30c4e352
[DEBUG] Adding type registration java.sql.Timestamp -&gt; org.hibernate.type.TimestampType@30c4e352
[DEBUG] Adding type registration java.util.Date -&gt; org.hibernate.type.TimestampType@30c4e352
[DEBUG] Adding type registration dbtimestamp -&gt; org.hibernate.type.DbTimestampType@5f96f6a2
[DEBUG] Adding type registration calendar -&gt; org.hibernate.type.CalendarType@341b13a8
[DEBUG] Adding type registration java.util.Calendar -&gt; org.hibernate.type.CalendarType@341b13a8
[DEBUG] Adding type registration java.util.GregorianCalendar -&gt; org.hibernate.type.CalendarType@341b13a8
[DEBUG] Adding type registration calendar_date -&gt; org.hibernate.type.CalendarDateType@5f14761c
[DEBUG] Adding type registration locale -&gt; org.hibernate.type.LocaleType@724b939e
[DEBUG] Adding type registration java.util.Locale -&gt; org.hibernate.type.LocaleType@724b939e
[DEBUG] Adding type registration currency -&gt; org.hibernate.type.CurrencyType@462abec3
[DEBUG] Adding type registration java.util.Currency -&gt; org.hibernate.type.CurrencyType@462abec3
[DEBUG] Adding type registration timezone -&gt; org.hibernate.type.TimeZoneType@3dc95b8b
[DEBUG] Adding type registration java.util.TimeZone -&gt; org.hibernate.type.TimeZoneType@3dc95b8b
[DEBUG] Adding type registration class -&gt; org.hibernate.type.ClassType@3003827c
[DEBUG] Adding type registration java.lang.Class -&gt; org.hibernate.type.ClassType@3003827c
[DEBUG] Adding type registration uuid-binary -&gt; org.hibernate.type.UUIDBinaryType@3bed3315
[DEBUG] Adding type registration java.util.UUID -&gt; org.hibernate.type.UUIDBinaryType@3bed3315
[DEBUG] Adding type registration uuid-char -&gt; org.hibernate.type.UUIDCharType@4ed4a7e4
[DEBUG] Adding type registration pg-uuid -&gt; org.hibernate.type.PostgresUUIDType@5634a861
[DEBUG] Adding type registration binary -&gt; org.hibernate.type.BinaryType@75e09567
[DEBUG] Adding type registration byte[] -&gt; org.hibernate.type.BinaryType@75e09567
[DEBUG] Adding type registration [B -&gt; org.hibernate.type.BinaryType@75e09567
[DEBUG] Adding type registration wrapper-binary -&gt; org.hibernate.type.WrapperBinaryType@3e7b65d7
[DEBUG] Adding type registration Byte[] -&gt; org.hibernate.type.WrapperBinaryType@3e7b65d7
[DEBUG] Adding type registration [Ljava.lang.Byte; -&gt; org.hibernate.type.WrapperBinaryType@3e7b65d7
[DEBUG] Adding type registration image -&gt; org.hibernate.type.ImageType@6949e948
[DEBUG] Adding type registration characters -&gt; org.hibernate.type.CharArrayType@2e3572e8
[DEBUG] Adding type registration char[] -&gt; org.hibernate.type.CharArrayType@2e3572e8
[DEBUG] Adding type registration [C -&gt; org.hibernate.type.CharArrayType@2e3572e8
[DEBUG] Adding type registration wrapper-characters -&gt; org.hibernate.type.CharacterArrayType@355c94be
[DEBUG] Adding type registration [Ljava.lang.Character; -&gt; org.hibernate.type.CharacterArrayType@355c94be
[DEBUG] Adding type registration Character[] -&gt; org.hibernate.type.CharacterArrayType@355c94be
[DEBUG] Adding type registration text -&gt; org.hibernate.type.TextType@1dd74143
[DEBUG] Adding type registration ntext -&gt; org.hibernate.type.NTextType@66f28a1f
[DEBUG] Adding type registration blob -&gt; org.hibernate.type.BlobType@6a756082
[DEBUG] Adding type registration java.sql.Blob -&gt; org.hibernate.type.BlobType@6a756082
[DEBUG] Adding type registration materialized_blob -&gt; org.hibernate.type.MaterializedBlobType@2a53f215
[DEBUG] Adding type registration clob -&gt; org.hibernate.type.ClobType@7219ac49
[DEBUG] Adding type registration java.sql.Clob -&gt; org.hibernate.type.ClobType@7219ac49
[DEBUG] Adding type registration nclob -&gt; org.hibernate.type.NClobType@5dc0ff7d
[DEBUG] Adding type registration java.sql.NClob -&gt; org.hibernate.type.NClobType@5dc0ff7d
[DEBUG] Adding type registration materialized_clob -&gt; org.hibernate.type.MaterializedClobType@493ac8d3
[DEBUG] Adding type registration materialized_nclob -&gt; org.hibernate.type.MaterializedNClobType@2b38b1f
[DEBUG] Adding type registration serializable -&gt; org.hibernate.type.SerializableType@28757abd
[DEBUG] Adding type registration object -&gt; org.hibernate.type.ObjectType@7fb53256
[DEBUG] Adding type registration java.lang.Object -&gt; org.hibernate.type.ObjectType@7fb53256
[DEBUG] Adding type registration imm_date -&gt; org.hibernate.type.AdaptedImmutableType@7978e022
[DEBUG] Adding type registration imm_time -&gt; org.hibernate.type.AdaptedImmutableType@2f894ad9
[DEBUG] Adding type registration imm_timestamp -&gt; org.hibernate.type.AdaptedImmutableType@5afbd567
[DEBUG] Adding type registration imm_dbtimestamp -&gt; org.hibernate.type.AdaptedImmutableType@6993c8df
[DEBUG] Adding type registration imm_calendar -&gt; org.hibernate.type.AdaptedImmutableType@57545c3f
[DEBUG] Adding type registration imm_calendar_date -&gt; org.hibernate.type.AdaptedImmutableType@326e0b8e
[DEBUG] Adding type registration imm_binary -&gt; org.hibernate.type.AdaptedImmutableType@36baa049
[DEBUG] Adding type registration imm_serializable -&gt; org.hibernate.type.AdaptedImmutableType@41184371
[INFO] HCANN000001: Hibernate Commons Annotations {4.0.5.Final}
[DEBUG] Registering IdentifierGenerator strategy [uuid2] -&gt; [org.hibernate.id.UUIDGenerator]
[DEBUG] Registering IdentifierGenerator strategy [guid] -&gt; [org.hibernate.id.GUIDGenerator]
[DEBUG] Registering IdentifierGenerator strategy [uuid] -&gt; [org.hibernate.id.UUIDHexGenerator]
[DEBUG] Registering IdentifierGenerator strategy [uuid.hex] -&gt; [org.hibernate.id.UUIDHexGenerator]
[DEBUG] Registering IdentifierGenerator strategy [hilo] -&gt; [org.hibernate.id.TableHiLoGenerator]
[DEBUG] Registering IdentifierGenerator strategy [assigned] -&gt; [org.hibernate.id.Assigned]
[DEBUG] Registering IdentifierGenerator strategy [identity] -&gt; [org.hibernate.id.IdentityGenerator]
[DEBUG] Registering IdentifierGenerator strategy [select] -&gt; [org.hibernate.id.SelectGenerator]
[DEBUG] Registering IdentifierGenerator strategy [sequence] -&gt; [org.hibernate.id.SequenceGenerator]
[DEBUG] Registering IdentifierGenerator strategy [seqhilo] -&gt; [org.hibernate.id.SequenceHiLoGenerator]
[DEBUG] Registering IdentifierGenerator strategy [increment] -&gt; [org.hibernate.id.IncrementGenerator]
[DEBUG] Registering IdentifierGenerator strategy [foreign] -&gt; [org.hibernate.id.ForeignGenerator]
[DEBUG] Registering IdentifierGenerator strategy [sequence-identity] -&gt; [org.hibernate.id.SequenceIdentityGenerator]
[DEBUG] Registering IdentifierGenerator strategy [enhanced-sequence] -&gt; [org.hibernate.id.enhanced.SequenceStyleGenerator]
[DEBUG] Registering IdentifierGenerator strategy [enhanced-table] -&gt; [org.hibernate.id.enhanced.TableGenerator]
[DEBUG] Preparing to build session factory with filters : {}
[ERROR] Unable to create initial connections of pool.
com.mysql.jdbc.exceptions.jdbc4.CommunicationsException: Communications link failure

Last packet sent to the server was 0 ms ago.
	at sun.reflect.NativeConstructorAccessorImpl.newInstance0(Native Method)
	at sun.reflect.NativeConstructorAccessorImpl.newInstance(NativeConstructorAccessorImpl.java:62)
	at sun.reflect.DelegatingConstructorAccessorImpl.newInstance(DelegatingConstructorAccessorImpl.java:45)
	at java.lang.reflect.Constructor.newInstance(Constructor.java:422)
	at com.mysql.jdbc.Util.handleNewInstance(Util.java:406)
	at com.mysql.jdbc.SQLError.createCommunicationsException(SQLError.java:1074)
	at com.mysql.jdbc.ConnectionImpl.createNewIO(ConnectionImpl.java:2103)
	at com.mysql.jdbc.ConnectionImpl.&lt;init&gt;(ConnectionImpl.java:718)
	at com.mysql.jdbc.JDBC4Connection.&lt;init&gt;(JDBC4Connection.java:46)
	at sun.reflect.NativeConstructorAccessorImpl.newInstance0(Native Method)
	at sun.reflect.NativeConstructorAccessorImpl.newInstance(NativeConstructorAccessorImpl.java:62)
	at sun.reflect.DelegatingConstructorAccessorImpl.newInstance(DelegatingConstructorAccessorImpl.java:45)
	at java.lang.reflect.Constructor.newInstance(Constructor.java:422)
	at com.mysql.jdbc.Util.handleNewInstance(Util.java:406)
	at com.mysql.jdbc.ConnectionImpl.getInstance(ConnectionImpl.java:302)
	at com.mysql.jdbc.NonRegisteringDriver.connect(NonRegisteringDriver.java:282)
	at org.apache.tomcat.jdbc.pool.PooledConnection.connectUsingDriver(PooledConnection.java:307)
	at org.apache.tomcat.jdbc.pool.PooledConnection.connect(PooledConnection.java:200)
	at org.apache.tomcat.jdbc.pool.ConnectionPool.createConnection(ConnectionPool.java:708)
	at org.apache.tomcat.jdbc.pool.ConnectionPool.borrowConnection(ConnectionPool.java:642)
	at org.apache.tomcat.jdbc.pool.ConnectionPool.init(ConnectionPool.java:464)
	at org.apache.tomcat.jdbc.pool.ConnectionPool.&lt;init&gt;(ConnectionPool.java:141)
	at org.apache.tomcat.jdbc.pool.DataSourceProxy.pCreatePool(DataSourceProxy.java:115)
	at org.apache.tomcat.jdbc.pool.DataSourceProxy.createPool(DataSourceProxy.java:102)
	at org.apache.tomcat.jdbc.pool.DataSourceProxy.getConnection(DataSourceProxy.java:126)
	at org.hibernate.engine.jdbc.connections.internal.DatasourceConnectionProviderImpl.getConnection(DatasourceConnectionProviderImpl.java:139)
	at org.hibernate.engine.jdbc.internal.JdbcServicesImpl$ConnectionProviderJdbcConnectionAccess.obtainConnection(JdbcServicesImpl.java:279)
	at org.hibernate.engine.jdbc.internal.JdbcServicesImpl.configure(JdbcServicesImpl.java:124)
	at org.hibernate.boot.registry.internal.StandardServiceRegistryImpl.configureService(StandardServiceRegistryImpl.java:111)
	at org.hibernate.service.internal.AbstractServiceRegistryImpl.initializeService(AbstractServiceRegistryImpl.java:234)
	at org.hibernate.service.internal.AbstractServiceRegistryImpl.getService(AbstractServiceRegistryImpl.java:206)
	at org.hibernate.cfg.Configuration.buildTypeRegistrations(Configuration.java:1887)
	at org.hibernate.cfg.Configuration.buildSessionFactory(Configuration.java:1845)
	at org.hibernate.jpa.boot.internal.EntityManagerFactoryBuilderImpl$4.perform(EntityManagerFactoryBuilderImpl.java:857)
	at org.hibernate.jpa.boot.internal.EntityManagerFactoryBuilderImpl$4.perform(EntityManagerFactoryBuilderImpl.java:850)
	at org.hibernate.boot.registry.classloading.internal.ClassLoaderServiceImpl.withTccl(ClassLoaderServiceImpl.java:425)
	at org.hibernate.jpa.boot.internal.EntityManagerFactoryBuilderImpl.build(EntityManagerFactoryBuilderImpl.java:849)
	at org.springframework.orm.jpa.vendor.SpringHibernateJpaPersistenceProvider.createContainerEntityManagerFactory(SpringHibernateJpaPersistenceProvider.java:60)
	at org.springframework.orm.jpa.LocalContainerEntityManagerFactoryBean.createNativeEntityManagerFactory(LocalContainerEntityManagerFactoryBean.java:343)
	at org.springframework.orm.jpa.AbstractEntityManagerFactoryBean.afterPropertiesSet(AbstractEntityManagerFactoryBean.java:319)
	at org.springframework.beans.factory.support.AbstractAutowireCapableBeanFactory.invokeInitMethods(AbstractAutowireCapableBeanFactory.java:1637)
	at org.springframework.beans.factory.support.AbstractAutowireCapableBeanFactory.initializeBean(AbstractAutowireCapableBeanFactory.java:1574)
	at org.springframework.beans.factory.support.AbstractAutowireCapableBeanFactory.doCreateBean(AbstractAutowireCapableBeanFactory.java:545)
	at org.springframework.beans.factory.support.AbstractAutowireCapableBeanFactory.createBean(AbstractAutowireCapableBeanFactory.java:482)
	at org.springframework.beans.factory.support.AbstractBeanFactory$1.getObject(AbstractBeanFactory.java:306)
	at org.springframework.beans.factory.support.DefaultSingletonBeanRegistry.getSingleton(DefaultSingletonBeanRegistry.java:230)
	at org.springframework.beans.factory.support.AbstractBeanFactory.doGetBean(AbstractBeanFactory.java:302)
	at org.springframework.beans.factory.support.AbstractBeanFactory.getBean(AbstractBeanFactory.java:197)
	at org.springframework.context.support.AbstractApplicationContext.getBean(AbstractApplicationContext.java:1054)
	at org.springframework.context.support.AbstractApplicationContext.finishBeanFactoryInitialization(AbstractApplicationContext.java:829)
	at org.springframework.context.support.AbstractApplicationContext.refresh(AbstractApplicationContext.java:538)
	at org.springframework.boot.SpringApplication.refresh(SpringApplication.java:766)
	at org.springframework.boot.SpringApplication.createAndRefreshContext(SpringApplication.java:361)
	at org.springframework.boot.SpringApplication.run(SpringApplication.java:307)
	at org.springframework.boot.test.SpringApplicationContextLoader.loadContext(SpringApplicationContextLoader.java:98)
	at org.springframework.test.context.cache.DefaultCacheAwareContextLoaderDelegate.loadContextInternal(DefaultCacheAwareContextLoaderDelegate.java:98)
	at org.springframework.test.context.cache.DefaultCacheAwareContextLoaderDelegate.loadContext(DefaultCacheAwareContextLoaderDelegate.java:116)
	at org.springframework.test.context.support.DefaultTestContext.getApplicationContext(DefaultTestContext.java:83)
	at org.springframework.test.context.web.ServletTestExecutionListener.setUpRequestContextIfNecessary(ServletTestExecutionListener.java:183)
	at org.springframework.test.context.web.ServletTestExecutionListener.prepareTestInstance(ServletTestExecutionListener.java:123)
	at org.springframework.test.context.TestContextManager.prepareTestInstance(TestContextManager.java:228)
	at org.springframework.test.context.junit4.SpringJUnit4ClassRunner.createTest(SpringJUnit4ClassRunner.java:230)
	at org.springframework.test.context.junit4.SpringJUnit4ClassRunner$1.runReflectiveCall(SpringJUnit4ClassRunner.java:289)
	at org.junit.internal.runners.model.ReflectiveCallable.run(ReflectiveCallable.java:12)
	at org.springframework.test.context.junit4.SpringJUnit4ClassRunner.methodBlock(SpringJUnit4ClassRunner.java:291)
	at org.springframework.test.context.junit4.SpringJUnit4ClassRunner.runChild(SpringJUnit4ClassRunner.java:249)
	at org.springframework.test.context.junit4.SpringJUnit4ClassRunner.runChild(SpringJUnit4ClassRunner.java:89)
	at org.junit.runners.ParentRunner$3.run(ParentRunner.java:290)
	at org.junit.runners.ParentRunner$1.schedule(ParentRunner.java:71)
	at org.junit.runners.ParentRunner.runChildren(ParentRunner.java:288)
	at org.junit.runners.ParentRunner.access$000(ParentRunner.java:58)
	at org.junit.runners.ParentRunner$2.evaluate(ParentRunner.java:268)
	at org.springframework.test.context.junit4.statements.RunBeforeTestClassCallbacks.evaluate(RunBeforeTestClassCallbacks.java:61)
	at org.springframework.test.context.junit4.statements.RunAfterTestClassCallbacks.evaluate(RunAfterTestClassCallbacks.java:70)
	at org.junit.runners.ParentRunner.run(ParentRunner.java:363)
	at org.springframework.test.context.junit4.SpringJUnit4ClassRunner.run(SpringJUnit4ClassRunner.java:193)
	at org.apache.maven.surefire.junit4.JUnit4Provider.execute(JUnit4Provider.java:252)
	at org.apache.maven.surefire.junit4.JUnit4Provider.executeTestSet(JUnit4Provider.java:141)
	at org.apache.maven.surefire.junit4.JUnit4Provider.invoke(JUnit4Provider.java:112)
	at sun.reflect.NativeMethodAccessorImpl.invoke0(Native Method)
	at sun.reflect.NativeMethodAccessorImpl.invoke(NativeMethodAccessorImpl.java:62)
	at sun.reflect.DelegatingMethodAccessorImpl.invoke(DelegatingMethodAccessorImpl.java:43)
	at java.lang.reflect.Method.invoke(Method.java:497)
	at org.apache.maven.surefire.util.ReflectionUtils.invokeMethodWithArray(ReflectionUtils.java:189)
	at org.apache.maven.surefire.booter.ProviderFactory$ProviderProxy.invoke(ProviderFactory.java:165)
	at org.apache.maven.surefire.booter.ProviderFactory.invokeProvider(ProviderFactory.java:85)
	at org.apache.maven.surefire.booter.ForkedBooter.runSuitesInProcess(ForkedBooter.java:115)
	at org.apache.maven.surefire.booter.ForkedBooter.main(ForkedBooter.java:75)
Caused by: java.net.ConnectException: Connection refused: connect
	at java.net.DualStackPlainSocketImpl.connect0(Native Method)
	at java.net.DualStackPlainSocketImpl.socketConnect(DualStackPlainSocketImpl.java:79)
	at java.net.AbstractPlainSocketImpl.doConnect(AbstractPlainSocketImpl.java:345)
	at java.net.AbstractPlainSocketImpl.connectToAddress(AbstractPlainSocketImpl.java:206)
	at java.net.AbstractPlainSocketImpl.connect(AbstractPlainSocketImpl.java:188)
	at java.net.PlainSocketImpl.connect(PlainSocketImpl.java:172)
	at java.net.SocksSocketImpl.connect(SocksSocketImpl.java:392)
	at java.net.Socket.connect(Socket.java:589)
	at java.net.Socket.connect(Socket.java:538)
	at java.net.Socket.&lt;init&gt;(Socket.java:434)
	at java.net.Socket.&lt;init&gt;(Socket.java:244)
	at com.mysql.jdbc.StandardSocketFactory.connect(StandardSocketFactory.java:253)
	at com.mysql.jdbc.MysqlIO.&lt;init&gt;(MysqlIO.java:280)
	at com.mysql.jdbc.ConnectionImpl.createNewIO(ConnectionImpl.java:2026)
	... 81 common frames omitted
[WARN] HHH000342: Could not obtain connection to query metadata : Communications link failure

Last packet sent to the server was 0 ms ago.
[INFO] HHH000400: Using dialect: org.hibernate.dialect.MySQL5Dialect
[INFO] HHH000422: Disabling contextual LOB creation as connection was null
[DEBUG] Processing hbm.xml files
[DEBUG] Process annotated classes
[DEBUG] Binding entity from annotated class: com.crossover.trial.journals.model.Publisher
[DEBUG] Binding column: Ejb3DiscriminatorColumn{logicalColumnName&apos;DTYPE&apos;, discriminatorTypeName=&apos;string&apos;}
[DEBUG] Import with entity name Publisher
[DEBUG] Bind entity com.crossover.trial.journals.model.Publisher on table publisher
[DEBUG] Binding column: Ejb3Column{table=org.hibernate.mapping.Table(publisher), mappingColumn=id, insertable=true, updatable=true, unique=false}
[DEBUG] MetadataSourceProcessor property id with lazy=false
[DEBUG] Attempting to locate auto-apply AttributeConverter for property [com.crossover.trial.journals.model.Publisher:id]
[DEBUG] building SimpleValue for id
[DEBUG] Building property id
[DEBUG] Binding column: Ejb3Column{table=org.hibernate.mapping.Table(publisher), mappingColumn=name, insertable=true, updatable=true, unique=false}
[DEBUG] MetadataSourceProcessor property name with lazy=false
[DEBUG] Attempting to locate auto-apply AttributeConverter for property [com.crossover.trial.journals.model.Publisher:name]
[DEBUG] building SimpleValue for name
[DEBUG] Building property name
[DEBUG] Binding column: Ejb3JoinColumn{logicalColumnName=&apos;null&apos;, referencedColumn=&apos;null&apos;, mappedBy=&apos;&apos;}
[DEBUG] Binding column: Ejb3Column{table=org.hibernate.mapping.Table(publisher), mappingColumn=user, insertable=true, updatable=true, unique=false}
[DEBUG] Building property user
[DEBUG] Binding entity from annotated class: com.crossover.trial.journals.model.User
[DEBUG] Binding column: Ejb3DiscriminatorColumn{logicalColumnName&apos;DTYPE&apos;, discriminatorTypeName=&apos;string&apos;}
[DEBUG] Import with entity name User
[DEBUG] Bind entity com.crossover.trial.journals.model.User on table user
[DEBUG] Binding column: Ejb3Column{table=org.hibernate.mapping.Table(user), mappingColumn=id, insertable=true, updatable=false, unique=false}
[DEBUG] MetadataSourceProcessor property id with lazy=false
[DEBUG] Attempting to locate auto-apply AttributeConverter for property [com.crossover.trial.journals.model.User:id]
[DEBUG] building SimpleValue for id
[DEBUG] Building property id
[DEBUG] Binding column: Ejb3Column{table=org.hibernate.mapping.Table(user), mappingColumn=enabled, insertable=true, updatable=true, unique=false}
[DEBUG] MetadataSourceProcessor property enabled with lazy=false
[DEBUG] Attempting to locate auto-apply AttributeConverter for property [com.crossover.trial.journals.model.User:enabled]
[DEBUG] building SimpleValue for enabled
[DEBUG] Building property enabled
[DEBUG] Binding column: Ejb3Column{table=org.hibernate.mapping.Table(user), mappingColumn=login_name, insertable=true, updatable=true, unique=false}
[DEBUG] MetadataSourceProcessor property loginName with lazy=false
[DEBUG] Attempting to locate auto-apply AttributeConverter for property [com.crossover.trial.journals.model.User:loginName]
[DEBUG] building SimpleValue for loginName
[DEBUG] Building property loginName
[DEBUG] Binding column: Ejb3Column{table=org.hibernate.mapping.Table(user), mappingColumn=pwd, insertable=true, updatable=true, unique=false}
[DEBUG] MetadataSourceProcessor property pwd with lazy=false
[DEBUG] Attempting to locate auto-apply AttributeConverter for property [com.crossover.trial.journals.model.User:pwd]
[DEBUG] building SimpleValue for pwd
[DEBUG] Building property pwd
[DEBUG] Binding column: Ejb3Column{table=org.hibernate.mapping.Table(user), mappingColumn=role, insertable=true, updatable=true, unique=false}
[DEBUG] MetadataSourceProcessor property role with lazy=false
[DEBUG] Attempting to locate auto-apply AttributeConverter for property [com.crossover.trial.journals.model.User:role]
[DEBUG] building SimpleValue for role
[DEBUG] Building property role
[DEBUG] Binding column: Ejb3JoinColumn{logicalColumnName=&apos;null&apos;, referencedColumn=&apos;null&apos;, mappedBy=&apos;user&apos;}
[DEBUG] Binding column: Ejb3Column{table=org.hibernate.mapping.Table(user), mappingColumn=subscriptions, insertable=true, updatable=true, unique=false}
[DEBUG] Binding column: Ejb3Column{table=org.hibernate.mapping.Table(user), mappingColumn=null, insertable=true, updatable=true, unique=false}
[DEBUG] Binding column: Ejb3Column{table=org.hibernate.mapping.Table(user), mappingColumn=element, insertable=true, updatable=true, unique=false}
[DEBUG] Binding column: Ejb3Column{table=org.hibernate.mapping.Table(user), mappingColumn=subscriptions_key, insertable=true, updatable=true, unique=false}
[DEBUG] Binding column: Ejb3JoinColumn{logicalColumnName=&apos;subscriptions_KEY&apos;, referencedColumn=&apos;null&apos;, mappedBy=&apos;null&apos;}
[DEBUG] Binding column: Ejb3JoinColumn{logicalColumnName=&apos;null&apos;, referencedColumn=&apos;null&apos;, mappedBy=&apos;user&apos;}
[DEBUG] Binding column: Ejb3JoinColumn{logicalColumnName=&apos;null&apos;, referencedColumn=&apos;null&apos;, mappedBy=&apos;user&apos;}
[DEBUG] Collection role: com.crossover.trial.journals.model.User.subscriptions
[DEBUG] Building property subscriptions
[DEBUG] Binding entity from annotated class: com.crossover.trial.journals.model.Journal
[DEBUG] Binding column: Ejb3DiscriminatorColumn{logicalColumnName&apos;DTYPE&apos;, discriminatorTypeName=&apos;string&apos;}
[DEBUG] Import with entity name Journal
[DEBUG] Bind entity com.crossover.trial.journals.model.Journal on table journal
[DEBUG] Binding column: Ejb3Column{table=org.hibernate.mapping.Table(journal), mappingColumn=id, insertable=true, updatable=true, unique=false}
[DEBUG] MetadataSourceProcessor property id with lazy=false
[DEBUG] Attempting to locate auto-apply AttributeConverter for property [com.crossover.trial.journals.model.Journal:id]
[DEBUG] building SimpleValue for id
[DEBUG] Building property id
[DEBUG] Binding column: Ejb3JoinColumn{logicalColumnName=&apos;category_id&apos;, referencedColumn=&apos;&apos;, mappedBy=&apos;&apos;}
[DEBUG] Binding column: Ejb3Column{table=org.hibernate.mapping.Table(journal), mappingColumn=category, insertable=true, updatable=true, unique=false}
[DEBUG] Building property category
[DEBUG] Binding column: Ejb3Column{table=org.hibernate.mapping.Table(journal), mappingColumn=name, insertable=true, updatable=true, unique=false}
[DEBUG] MetadataSourceProcessor property name with lazy=false
[DEBUG] Attempting to locate auto-apply AttributeConverter for property [com.crossover.trial.journals.model.Journal:name]
[DEBUG] building SimpleValue for name
[DEBUG] Building property name
[DEBUG] Binding column: Ejb3Column{table=org.hibernate.mapping.Table(journal), mappingColumn=publish_date, insertable=true, updatable=true, unique=false}
[DEBUG] MetadataSourceProcessor property publishDate with lazy=false
[DEBUG] Attempting to locate auto-apply AttributeConverter for property [com.crossover.trial.journals.model.Journal:publishDate]
[DEBUG] building SimpleValue for publishDate
[DEBUG] Building property publishDate
[DEBUG] Binding column: Ejb3JoinColumn{logicalColumnName=&apos;publisher_id&apos;, referencedColumn=&apos;&apos;, mappedBy=&apos;&apos;}
[DEBUG] Binding column: Ejb3Column{table=org.hibernate.mapping.Table(journal), mappingColumn=publisher, insertable=true, updatable=true, unique=false}
[DEBUG] Building property publisher
[DEBUG] Binding column: Ejb3Column{table=org.hibernate.mapping.Table(journal), mappingColumn=uuid, insertable=true, updatable=true, unique=false}
[DEBUG] MetadataSourceProcessor property uuid with lazy=false
[DEBUG] Attempting to locate auto-apply AttributeConverter for property [com.crossover.trial.journals.model.Journal:uuid]
[DEBUG] building SimpleValue for uuid
[DEBUG] Building property uuid
[DEBUG] Binding entity from annotated class: com.crossover.trial.journals.model.Category
[DEBUG] Binding column: Ejb3DiscriminatorColumn{logicalColumnName&apos;DTYPE&apos;, discriminatorTypeName=&apos;string&apos;}
[DEBUG] Import with entity name Category
[DEBUG] Bind entity com.crossover.trial.journals.model.Category on table category
[DEBUG] Binding column: Ejb3Column{table=org.hibernate.mapping.Table(category), mappingColumn=id, insertable=true, updatable=true, unique=false}
[DEBUG] MetadataSourceProcessor property id with lazy=false
[DEBUG] Attempting to locate auto-apply AttributeConverter for property [com.crossover.trial.journals.model.Category:id]
[DEBUG] building SimpleValue for id
[DEBUG] Building property id
[DEBUG] Binding column: Ejb3Column{table=org.hibernate.mapping.Table(category), mappingColumn=name, insertable=true, updatable=true, unique=false}
[DEBUG] MetadataSourceProcessor property name with lazy=false
[DEBUG] Attempting to locate auto-apply AttributeConverter for property [com.crossover.trial.journals.model.Category:name]
[DEBUG] building SimpleValue for name
[DEBUG] Building property name
[DEBUG] Binding entity from annotated class: com.crossover.trial.journals.model.Subscription
[DEBUG] Binding column: Ejb3DiscriminatorColumn{logicalColumnName&apos;DTYPE&apos;, discriminatorTypeName=&apos;string&apos;}
[DEBUG] Import with entity name subscription
[DEBUG] Bind entity com.crossover.trial.journals.model.Subscription on table subscription
[DEBUG] Binding column: Ejb3Column{table=org.hibernate.mapping.Table(subscription), mappingColumn=id, insertable=true, updatable=true, unique=false}
[DEBUG] MetadataSourceProcessor property id with lazy=false
[DEBUG] Attempting to locate auto-apply AttributeConverter for property [com.crossover.trial.journals.model.Subscription:id]
[DEBUG] building SimpleValue for id
[DEBUG] Building property id
[DEBUG] Binding column: Ejb3JoinColumn{logicalColumnName=&apos;null&apos;, referencedColumn=&apos;null&apos;, mappedBy=&apos;null&apos;}
[DEBUG] Binding column: Ejb3Column{table=org.hibernate.mapping.Table(subscription), mappingColumn=category, insertable=true, updatable=true, unique=false}
[DEBUG] Building property category
[DEBUG] Binding column: Ejb3Column{table=org.hibernate.mapping.Table(subscription), mappingColumn=date, insertable=true, updatable=true, unique=false}
[DEBUG] MetadataSourceProcessor property date with lazy=false
[DEBUG] Attempting to locate auto-apply AttributeConverter for property [com.crossover.trial.journals.model.Subscription:date]
[DEBUG] building SimpleValue for date
[DEBUG] Building property date
[DEBUG] Binding column: Ejb3JoinColumn{logicalColumnName=&apos;null&apos;, referencedColumn=&apos;null&apos;, mappedBy=&apos;null&apos;}
[DEBUG] Binding column: Ejb3Column{table=org.hibernate.mapping.Table(subscription), mappingColumn=user, insertable=true, updatable=true, unique=false}
[DEBUG] Building property user
[DEBUG] Starting fillSimpleValue for id
[DEBUG] Starting fillSimpleValue for name
[DEBUG] Starting fillSimpleValue for id
[DEBUG] Starting fillSimpleValue for enabled
[DEBUG] Starting fillSimpleValue for loginName
[DEBUG] Starting fillSimpleValue for pwd
[DEBUG] Starting fillSimpleValue for role
[DEBUG] Starting fillSimpleValue for id
[DEBUG] Starting fillSimpleValue for name
[DEBUG] Starting fillSimpleValue for publishDate
[DEBUG] Starting fillSimpleValue for uuid
[DEBUG] Starting fillSimpleValue for id
[DEBUG] Starting fillSimpleValue for name
[DEBUG] Starting fillSimpleValue for id
[DEBUG] Starting fillSimpleValue for date
[DEBUG] Processing fk mappings (*ToOne and JoinedSubclass)
[DEBUG] Processing extends queue
[DEBUG] Processing extends queue
[DEBUG] Processing collection mappings
[DEBUG] Second pass for collection: com.crossover.trial.journals.model.User.subscriptions
[DEBUG] Binding a OneToMany: com.crossover.trial.journals.model.User.subscriptions through a foreign key
[DEBUG] Mapping collection: com.crossover.trial.journals.model.User.subscriptions -&gt; subscription
[DEBUG] Retrieving property com.crossover.trial.journals.model.Subscription.user
[DEBUG] Mapped collection key: user_id, one-to-many: com.crossover.trial.journals.model.Subscription
[DEBUG] Processing native query and ResultSetMapping mappings
[DEBUG] Processing association property references
[DEBUG] Creating tables&apos; unique integer identifiers
[DEBUG] Processing foreign key constraints
[DEBUG] Resolving reference to class: com.crossover.trial.journals.model.Category
[DEBUG] Resolving reference to class: com.crossover.trial.journals.model.Publisher
[DEBUG] Resolving reference to class: com.crossover.trial.journals.model.User
[DEBUG] Resolving reference to class: com.crossover.trial.journals.model.Category
[DEBUG] Resolving reference to class: com.crossover.trial.journals.model.User
[DEBUG] Automatic flush during beforeCompletion(): disabled
[DEBUG] Automatic session close at end of transaction: disabled
[DEBUG] Scrollable result sets: disabled
[DEBUG] Wrap result sets: disabled
[DEBUG] JDBC3 getGeneratedKeys(): disabled
[DEBUG] multi-tenancy strategy : NONE
[DEBUG] Connection release mode: auto
[DEBUG] Using BatchFetchStyle : LEGACY
[DEBUG] Maximum outer join fetch depth: 2
[DEBUG] Default batch fetch size: 1
[DEBUG] Generate SQL with comments: disabled
[DEBUG] Order SQL updates by primary key: disabled
[DEBUG] Order SQL inserts for batching: disabled
[DEBUG] Default null ordering: none
[DEBUG] Query translator: org.hibernate.hql.internal.ast.ASTQueryTranslatorFactory
[INFO] HHH000397: Using ASTQueryTranslatorFactory
[DEBUG] Query language substitutions: {}
[DEBUG] JPA-QL strict compliance: disabled
[DEBUG] Second-level cache: enabled
[DEBUG] Query cache: disabled
[DEBUG] Cache region factory : org.hibernate.cache.internal.NoCachingRegionFactory
[DEBUG] Optimize cache for minimal puts: disabled
[DEBUG] Structured second-level cache entries: disabled
[DEBUG] Second-level cache direct-reference entries: disabled
[DEBUG] Automatic eviction of collection cache: disabled
[DEBUG] Statistics: disabled
[DEBUG] Deleted entity synthetic identifier rollback: disabled
[DEBUG] Default entity-mode: pojo
[DEBUG] Named query checking : enabled
[DEBUG] Check Nullability in Core (should be disabled when Bean Validation is on): enabled
[DEBUG] Allow initialization of lazy state outside session : : disabled
[DEBUG] JTA Track by Thread: enabled
[DEBUG] Building session factory
[DEBUG] Session factory constructed with filter configurations : {}
[DEBUG] Instantiating session factory with properties: {java.vendor=Oracle Corporation, localRepository=C:\Users\Adi\.m2\repository, sun.java.launcher=SUN_STANDARD, sun.management.compiler=HotSpot 64-Bit Tiered Compilers, os.name=Windows 7, sun.boot.class.path=C:\Program Files\Java\jdk1.8.0_45\jre\lib\resources.jar;C:\Program Files\Java\jdk1.8.0_45\jre\lib\rt.jar;C:\Program Files\Java\jdk1.8.0_45\jre\lib\sunrsasign.jar;C:\Program Files\Java\jdk1.8.0_45\jre\lib\jsse.jar;C:\Program Files\Java\jdk1.8.0_45\jre\lib\jce.jar;C:\Program Files\Java\jdk1.8.0_45\jre\lib\charsets.jar;C:\Program Files\Java\jdk1.8.0_45\jre\lib\jfr.jar;C:\Program Files\Java\jdk1.8.0_45\jre\classes, user.country.format=RO, sun.desktop=windows, java.vm.specification.vendor=Oracle Corporation, java.runtime.version=1.8.0_45-b15, user.name=Adi, user.language.format=ro, javax.persistence.validation.mode=AUTO, user.language=en, idea.version=2016.3.5, sun.boot.library.path=C:\Program Files\Java\jdk1.8.0_45\jre\bin, PID=5332, java.version=1.8.0_45, user.timezone=Europe/Athens, sun.arch.data.model=64, java.endorsed.dirs=C:\Program Files\Java\jdk1.8.0_45\jre\lib\endorsed, sun.cpu.isalist=amd64, sun.jnu.encoding=Cp1250, file.encoding.pkg=sun.io, file.separator=\, java.specification.name=Java Platform API Specification, hibernate.format_sql=true, java.class.version=52.0, user.country=US, java.home=C:\Program Files\Java\jdk1.8.0_45\jre, java.vm.info=mixed mode, os.version=6.1, surefire.real.class.path=D:\Projects\CrossoverTrial - Second\Code\target\surefire\surefirebooter4697183251586044228.jar, path.separator=;, java.vm.version=25.45-b02, org.jboss.logging.provider=slf4j, user.variant=, java.awt.printerjob=sun.awt.windows.WPrinterJob, sun.io.unicode.encoding=UnicodeLittle, awt.toolkit=sun.awt.windows.WToolkit, user.script=, hibernate.globally_quoted_identifiers=true, user.home=C:\Users\Adi, java.specification.vendor=Oracle Corporation, hibernate.hbm2ddl.auto=create, java.library.path=C:\Program Files\Java\jdk1.8.0_45\jre\bin;C:\Windows\Sun\Java\bin;C:\Windows\system32;C:\Windows;C:\ProgramData\Oracle\Java\javapath;C:\Windows\system32;C:\Windows;C:\Windows\System32\Wbem;C:\Windows\System32\WindowsPowerShell\v1.0\;D:\Scala-2.10.1\bin\;C:\Program Files (x86)\scala\bin;C:\Program Files\Git\cmd;C:\Program Files\MySQL\MySQL Utilities 1.6\;C:\Program Files (x86)\Skype\Phone\;D:\Tools\nodejs\;C:\Program Files\Docker Toolbox;d:\Tools\apache-maven-3.3.9\bin\;D:\Tools\bind;C:\Users\Adi\AppData\Roaming\npm;D:\Tools\Microsoft VS Code\bin;., java.vendor.url=http://java.oracle.com/, spring.beaninfo.ignore=true, java.vm.vendor=Oracle Corporation, hibernate.dialect=org.hibernate.dialect.MySQL5Dialect, hibernate.ejb.persistenceUnitName=default, java.runtime.name=Java(TM) SE Runtime Environment, sun.java.command=D:\Projects\CrossoverTrial - Second\Code\target\surefire\surefirebooter4697183251586044228.jar D:\Projects\CrossoverTrial - Second\Code\target\surefire\surefire276055830167518930tmp D:\Projects\CrossoverTrial - Second\Code\target\surefire\surefire_03281173417458063849tmp, java.class.path=D:\Projects\CrossoverTrial - Second\Code\target\test-classes;D:\Projects\CrossoverTrial - Second\Code\target\generated-classes\cobertura;C:\Users\Adi\.m2\repository\org\springframework\boot\spring-boot-starter-thymeleaf\1.3.3.RELEASE\spring-boot-starter-thymeleaf-1.3.3.RELEASE.jar;C:\Users\Adi\.m2\repository\org\springframework\boot\spring-boot-starter\1.3.3.RELEASE\spring-boot-starter-1.3.3.RELEASE.jar;C:\Users\Adi\.m2\repository\org\springframework\boot\spring-boot\1.3.3.RELEASE\spring-boot-1.3.3.RELEASE.jar;C:\Users\Adi\.m2\repository\org\springframework\boot\spring-boot-autoconfigure\1.3.3.RELEASE\spring-boot-autoconfigure-1.3.3.RELEASE.jar;C:\Users\Adi\.m2\repository\org\springframework\boot\spring-boot-starter-logging\1.3.3.RELEASE\spring-boot-starter-logging-1.3.3.RELEASE.jar;C:\Users\Adi\.m2\repository\org\slf4j\jul-to-slf4j\1.7.16\jul-to-slf4j-1.7.16.jar;C:\Users\Adi\.m2\repository\org\slf4j\log4j-over-slf4j\1.7.16\log4j-over-slf4j-1.7.16.jar;C:\Users\Adi\.m2\repository\org\yaml\snakeyaml\1.16\snakeyaml-1.16.jar;C:\Users\Adi\.m2\repository\org\thymeleaf\thymeleaf-spring4\2.1.4.RELEASE\thymeleaf-spring4-2.1.4.RELEASE.jar;C:\Users\Adi\.m2\repository\nz\net\ultraq\thymeleaf\thymeleaf-layout-dialect\1.3.3\thymeleaf-layout-dialect-1.3.3.jar;C:\Users\Adi\.m2\repository\org\codehaus\groovy\groovy\2.4.6\groovy-2.4.6.jar;C:\Users\Adi\.m2\repository\org\springframework\boot\spring-boot-starter-web\1.3.3.RELEASE\spring-boot-starter-web-1.3.3.RELEASE.jar;C:\Users\Adi\.m2\repository\org\springframework\boot\spring-boot-starter-tomcat\1.3.3.RELEASE\spring-boot-starter-tomcat-1.3.3.RELEASE.jar;C:\Users\Adi\.m2\repository\org\apache\tomcat\embed\tomcat-embed-core\8.0.32\tomcat-embed-core-8.0.32.jar;C:\Users\Adi\.m2\repository\org\apache\tomcat\embed\tomcat-embed-el\8.0.32\tomcat-embed-el-8.0.32.jar;C:\Users\Adi\.m2\repository\org\apache\tomcat\embed\tomcat-embed-logging-juli\8.0.32\tomcat-embed-logging-juli-8.0.32.jar;C:\Users\Adi\.m2\repository\org\apache\tomcat\embed\tomcat-embed-websocket\8.0.32\tomcat-embed-websocket-8.0.32.jar;C:\Users\Adi\.m2\repository\org\springframework\boot\spring-boot-starter-validation\1.3.3.RELEASE\spring-boot-starter-validation-1.3.3.RELEASE.jar;C:\Users\Adi\.m2\repository\org\hibernate\hibernate-validator\5.2.4.Final\hibernate-validator-5.2.4.Final.jar;C:\Users\Adi\.m2\repository\javax\validation\validation-api\1.1.0.Final\validation-api-1.1.0.Final.jar;C:\Users\Adi\.m2\repository\com\fasterxml\classmate\1.1.0\classmate-1.1.0.jar;C:\Users\Adi\.m2\repository\com\fasterxml\jackson\core\jackson-databind\2.6.5\jackson-databind-2.6.5.jar;C:\Users\Adi\.m2\repository\com\fasterxml\jackson\core\jackson-annotations\2.6.5\jackson-annotations-2.6.5.jar;C:\Users\Adi\.m2\repository\com\fasterxml\jackson\core\jackson-core\2.6.5\jackson-core-2.6.5.jar;C:\Users\Adi\.m2\repository\org\springframework\spring-web\4.2.5.RELEASE\spring-web-4.2.5.RELEASE.jar;C:\Users\Adi\.m2\repository\org\springframework\spring-beans\4.2.5.RELEASE\spring-beans-4.2.5.RELEASE.jar;C:\Users\Adi\.m2\repository\org\springframework\spring-context\4.2.5.RELEASE\spring-context-4.2.5.RELEASE.jar;C:\Users\Adi\.m2\repository\org\springframework\spring-webmvc\4.2.5.RELEASE\spring-webmvc-4.2.5.RELEASE.jar;C:\Users\Adi\.m2\repository\org\springframework\spring-expression\4.2.5.RELEASE\spring-expression-4.2.5.RELEASE.jar;C:\Users\Adi\.m2\repository\org\springframework\boot\spring-boot-starter-data-jpa\1.3.3.RELEASE\spring-boot-starter-data-jpa-1.3.3.RELEASE.jar;C:\Users\Adi\.m2\repository\org\springframework\boot\spring-boot-starter-aop\1.3.3.RELEASE\spring-boot-starter-aop-1.3.3.RELEASE.jar;C:\Users\Adi\.m2\repository\org\aspectj\aspectjweaver\1.8.8\aspectjweaver-1.8.8.jar;C:\Users\Adi\.m2\repository\org\springframework\boot\spring-boot-starter-jdbc\1.3.3.RELEASE\spring-boot-starter-jdbc-1.3.3.RELEASE.jar;C:\Users\Adi\.m2\repository\org\apache\tomcat\tomcat-jdbc\8.0.32\tomcat-jdbc-8.0.32.jar;C:\Users\Adi\.m2\repository\org\apache\tomcat\tomcat-juli\8.0.32\tomcat-juli-8.0.32.jar;C:\Users\Adi\.m2\repository\org\springframework\spring-jdbc\4.2.5.RELEASE\spring-jdbc-4.2.5.RELEASE.jar;C:\Users\Adi\.m2\repository\org\hibernate\hibernate-entitymanager\4.3.11.Final\hibernate-entitymanager-4.3.11.Final.jar;C:\Users\Adi\.m2\repository\org\jboss\logging\jboss-logging\3.3.0.Final\jboss-logging-3.3.0.Final.jar;C:\Users\Adi\.m2\repository\org\jboss\logging\jboss-logging-annotations\1.2.0.Beta1\jboss-logging-annotations-1.2.0.Beta1.jar;C:\Users\Adi\.m2\repository\org\hibernate\hibernate-core\4.3.11.Final\hibernate-core-4.3.11.Final.jar;C:\Users\Adi\.m2\repository\antlr\antlr\2.7.7\antlr-2.7.7.jar;C:\Users\Adi\.m2\repository\org\jboss\jandex\1.1.0.Final\jandex-1.1.0.Final.jar;C:\Users\Adi\.m2\repository\dom4j\dom4j\1.6.1\dom4j-1.6.1.jar;C:\Users\Adi\.m2\repository\xml-apis\xml-apis\1.0.b2\xml-apis-1.0.b2.jar;C:\Users\Adi\.m2\repository\org\hibernate\common\hibernate-commons-annotations\4.0.5.Final\hibernate-commons-annotations-4.0.5.Final.jar;C:\Users\Adi\.m2\repository\org\hibernate\javax\persistence\hibernate-jpa-2.1-api\1.0.0.Final\hibernate-jpa-2.1-api-1.0.0.Final.jar;C:\Users\Adi\.m2\repository\org\javassist\javassist\3.18.1-GA\javassist-3.18.1-GA.jar;C:\Users\Adi\.m2\repository\javax\transaction\javax.transaction-api\1.2\javax.transaction-api-1.2.jar;C:\Users\Adi\.m2\repository\org\springframework\data\spring-data-jpa\1.9.4.RELEASE\spring-data-jpa-1.9.4.RELEASE.jar;C:\Users\Adi\.m2\repository\org\springframework\data\spring-data-commons\1.11.4.RELEASE\spring-data-commons-1.11.4.RELEASE.jar;C:\Users\Adi\.m2\repository\org\springframework\spring-orm\4.2.5.RELEASE\spring-orm-4.2.5.RELEASE.jar;C:\Users\Adi\.m2\repository\org\springframework\spring-tx\4.2.5.RELEASE\spring-tx-4.2.5.RELEASE.jar;C:\Users\Adi\.m2\repository\org\slf4j\jcl-over-slf4j\1.7.16\jcl-over-slf4j-1.7.16.jar;C:\Users\Adi\.m2\repository\org\springframework\spring-aspects\4.2.5.RELEASE\spring-aspects-4.2.5.RELEASE.jar;C:\Users\Adi\.m2\repository\org\springframework\boot\spring-boot-starter-test\1.3.3.RELEASE\spring-boot-starter-test-1.3.3.RELEASE.jar;C:\Users\Adi\.m2\repository\junit\junit\4.12\junit-4.12.jar;C:\Users\Adi\.m2\repository\org\mockito\mockito-core\1.10.19\mockito-core-1.10.19.jar;C:\Users\Adi\.m2\repository\org\objenesis\objenesis\2.1\objenesis-2.1.jar;C:\Users\Adi\.m2\repository\org\hamcrest\hamcrest-core\1.3\hamcrest-core-1.3.jar;C:\Users\Adi\.m2\repository\org\hamcrest\hamcrest-library\1.3\hamcrest-library-1.3.jar;C:\Users\Adi\.m2\repository\org\springframework\spring-core\4.2.5.RELEASE\spring-core-4.2.5.RELEASE.jar;C:\Users\Adi\.m2\repository\org\springframework\spring-test\4.2.5.RELEASE\spring-test-4.2.5.RELEASE.jar;C:\Users\Adi\.m2\repository\org\springframework\boot\spring-boot-starter-security\1.3.3.RELEASE\spring-boot-starter-security-1.3.3.RELEASE.jar;C:\Users\Adi\.m2\repository\org\springframework\spring-aop\4.2.5.RELEASE\spring-aop-4.2.5.RELEASE.jar;C:\Users\Adi\.m2\repository\aopalliance\aopalliance\1.0\aopalliance-1.0.jar;C:\Users\Adi\.m2\repository\org\springframework\security\spring-security-config\4.0.3.RELEASE\spring-security-config-4.0.3.RELEASE.jar;C:\Users\Adi\.m2\repository\org\springframework\security\spring-security-web\4.0.3.RELEASE\spring-security-web-4.0.3.RELEASE.jar;C:\Users\Adi\.m2\repository\org\springframework\security\spring-security-test\4.0.3.RELEASE\spring-security-test-4.0.3.RELEASE.jar;C:\Users\Adi\.m2\repository\org\springframework\security\spring-security-core\4.0.3.RELEASE\spring-security-core-4.0.3.RELEASE.jar;C:\Users\Adi\.m2\repository\org\thymeleaf\extras\thymeleaf-extras-springsecurity4\2.1.2.RELEASE\thymeleaf-extras-springsecurity4-2.1.2.RELEASE.jar;C:\Users\Adi\.m2\repository\org\thymeleaf\thymeleaf\2.1.4.RELEASE\thymeleaf-2.1.4.RELEASE.jar;C:\Users\Adi\.m2\repository\ognl\ognl\3.0.8\ognl-3.0.8.jar;C:\Users\Adi\.m2\repository\org\unbescape\unbescape\1.1.0.RELEASE\unbescape-1.1.0.RELEASE.jar;C:\Users\Adi\.m2\repository\org\slf4j\slf4j-api\1.7.16\slf4j-api-1.7.16.jar;C:\Users\Adi\.m2\repository\mysql\mysql-connector-java\5.1.6\mysql-connector-java-5.1.6.jar;C:\Users\Adi\.m2\repository\commons-io\commons-io\2.4\commons-io-2.4.jar;C:\Users\Adi\.m2\repository\com\jayway\jsonpath\json-path\2.0.0\json-path-2.0.0.jar;C:\Users\Adi\.m2\repository\net\minidev\json-smart\2.1.1\json-smart-2.1.1.jar;C:\Users\Adi\.m2\repository\net\minidev\asm\1.0.2\asm-1.0.2.jar;C:\Users\Adi\.m2\repository\asm\asm\3.3.1\asm-3.3.1.jar;C:\Users\Adi\.m2\repository\net\sourceforge\cobertura\cobertura\2.1.1\cobertura-2.1.1.jar;C:\Users\Adi\.m2\repository\jaxen\jaxen\1.1.6\jaxen-1.1.6.jar;C:\Users\Adi\.m2\repository\org\apache\ant\ant\1.8.3\ant-1.8.3.jar;C:\Users\Adi\.m2\repository\org\apache\ant\ant-launcher\1.8.3\ant-launcher-1.8.3.jar;C:\Users\Adi\.m2\repository\org\apache\ant\ant-junit\1.8.3\ant-junit-1.8.3.jar;C:\Users\Adi\.m2\repository\org\mortbay\jetty\servlet-api-2.5\6.1.14\servlet-api-2.5-6.1.14.jar;C:\Users\Adi\.m2\repository\org\mortbay\jetty\jetty\6.1.14\jetty-6.1.14.jar;C:\Users\Adi\.m2\repository\org\mortbay\jetty\jetty-util\6.1.14\jetty-util-6.1.14.jar;C:\Program Files\Java\jdk1.8.0_45\jre\..\lib\tools.jar;C:\Users\Adi\.m2\repository\ch\qos\logback\logback-classic\1.1.5\logback-classic-1.1.5.jar;C:\Users\Adi\.m2\repository\ch\qos\logback\logback-core\1.1.5\logback-core-1.1.5.jar;C:\Users\Adi\.m2\repository\org\apache\commons\commons-lang3\3.3.2\commons-lang3-3.3.2.jar;, hibernate.bytecode.use_reflection_optimizer=false, java.vm.specification.name=Java Virtual Machine Specification, java.vm.specification.version=1.8, javax.persistence.nonJtaDataSource=org.apache.tomcat.jdbc.pool.DataSource@6540cf1d{ConnectionPool[defaultAutoCommit=null; defaultReadOnly=null; defaultTransactionIsolation=-1; defaultCatalog=null; driverClassName=com.mysql.jdbc.Driver; maxActive=100; maxIdle=100; minIdle=10; initialSize=10; maxWait=30000; testOnBorrow=false; testOnReturn=false; timeBetweenEvictionRunsMillis=5000; numTestsPerEvictionRun=0; minEvictableIdleTimeMillis=60000; testWhileIdle=false; testOnConnect=false; password=********; url=jdbc:mysql://localhost:3306/journals?createDatabaseIfNotExist=true; username=root; validationQuery=null; validationQueryTimeout=-1; validatorClassName=null; validationInterval=30000; accessToUnderlyingConnectionAllowed=true; removeAbandoned=false; removeAbandonedTimeout=60; logAbandoned=false; connectionProperties=null; initSQL=null; jdbcInterceptors=null; jmxEnabled=true; fairQueue=true; useEquals=true; abandonWhenPercentageFull=0; maxAge=0; useLock=false; dataSource=null; dataSourceJNDI=null; suspectTimeout=0; alternateUsernameAllowed=false; commitOnReturn=false; rollbackOnReturn=false; useDisposableConnectionFacade=true; logValidationErrors=false; propagateInterruptState=false; ignoreExceptionOnPreLoad=false; }, sun.cpu.endian=little, hibernate.ejb.naming_strategy=org.springframework.boot.orm.jpa.hibernate.SpringNamingStrategy, sun.os.patch.level=Service Pack 1, java.awt.headless=true, surefire.test.class.path=D:\Projects\CrossoverTrial - Second\Code\target\test-classes;D:\Projects\CrossoverTrial - Second\Code\target\generated-classes\cobertura;C:\Users\Adi\.m2\repository\org\springframework\boot\spring-boot-starter-thymeleaf\1.3.3.RELEASE\spring-boot-starter-thymeleaf-1.3.3.RELEASE.jar;C:\Users\Adi\.m2\repository\org\springframework\boot\spring-boot-starter\1.3.3.RELEASE\spring-boot-starter-1.3.3.RELEASE.jar;C:\Users\Adi\.m2\repository\org\springframework\boot\spring-boot\1.3.3.RELEASE\spring-boot-1.3.3.RELEASE.jar;C:\Users\Adi\.m2\repository\org\springframework\boot\spring-boot-autoconfigure\1.3.3.RELEASE\spring-boot-autoconfigure-1.3.3.RELEASE.jar;C:\Users\Adi\.m2\repository\org\springframework\boot\spring-boot-starter-logging\1.3.3.RELEASE\spring-boot-starter-logging-1.3.3.RELEASE.jar;C:\Users\Adi\.m2\repository\org\slf4j\jul-to-slf4j\1.7.16\jul-to-slf4j-1.7.16.jar;C:\Users\Adi\.m2\repository\org\slf4j\log4j-over-slf4j\1.7.16\log4j-over-slf4j-1.7.16.jar;C:\Users\Adi\.m2\repository\org\yaml\snakeyaml\1.16\snakeyaml-1.16.jar;C:\Users\Adi\.m2\repository\org\thymeleaf\thymeleaf-spring4\2.1.4.RELEASE\thymeleaf-spring4-2.1.4.RELEASE.jar;C:\Users\Adi\.m2\repository\nz\net\ultraq\thymeleaf\thymeleaf-layout-dialect\1.3.3\thymeleaf-layout-dialect-1.3.3.jar;C:\Users\Adi\.m2\repository\org\codehaus\groovy\groovy\2.4.6\groovy-2.4.6.jar;C:\Users\Adi\.m2\repository\org\springframework\boot\spring-boot-starter-web\1.3.3.RELEASE\spring-boot-starter-web-1.3.3.RELEASE.jar;C:\Users\Adi\.m2\repository\org\springframework\boot\spring-boot-starter-tomcat\1.3.3.RELEASE\spring-boot-starter-tomcat-1.3.3.RELEASE.jar;C:\Users\Adi\.m2\repository\org\apache\tomcat\embed\tomcat-embed-core\8.0.32\tomcat-embed-core-8.0.32.jar;C:\Users\Adi\.m2\repository\org\apache\tomcat\embed\tomcat-embed-el\8.0.32\tomcat-embed-el-8.0.32.jar;C:\Users\Adi\.m2\repository\org\apache\tomcat\embed\tomcat-embed-logging-juli\8.0.32\tomcat-embed-logging-juli-8.0.32.jar;C:\Users\Adi\.m2\repository\org\apache\tomcat\embed\tomcat-embed-websocket\8.0.32\tomcat-embed-websocket-8.0.32.jar;C:\Users\Adi\.m2\repository\org\springframework\boot\spring-boot-starter-validation\1.3.3.RELEASE\spring-boot-starter-validation-1.3.3.RELEASE.jar;C:\Users\Adi\.m2\repository\org\hibernate\hibernate-validator\5.2.4.Final\hibernate-validator-5.2.4.Final.jar;C:\Users\Adi\.m2\repository\javax\validation\validation-api\1.1.0.Final\validation-api-1.1.0.Final.jar;C:\Users\Adi\.m2\repository\com\fasterxml\classmate\1.1.0\classmate-1.1.0.jar;C:\Users\Adi\.m2\repository\com\fasterxml\jackson\core\jackson-databind\2.6.5\jackson-databind-2.6.5.jar;C:\Users\Adi\.m2\repository\com\fasterxml\jackson\core\jackson-annotations\2.6.5\jackson-annotations-2.6.5.jar;C:\Users\Adi\.m2\repository\com\fasterxml\jackson\core\jackson-core\2.6.5\jackson-core-2.6.5.jar;C:\Users\Adi\.m2\repository\org\springframework\spring-web\4.2.5.RELEASE\spring-web-4.2.5.RELEASE.jar;C:\Users\Adi\.m2\repository\org\springframework\spring-beans\4.2.5.RELEASE\spring-beans-4.2.5.RELEASE.jar;C:\Users\Adi\.m2\repository\org\springframework\spring-context\4.2.5.RELEASE\spring-context-4.2.5.RELEASE.jar;C:\Users\Adi\.m2\repository\org\springframework\spring-webmvc\4.2.5.RELEASE\spring-webmvc-4.2.5.RELEASE.jar;C:\Users\Adi\.m2\repository\org\springframework\spring-expression\4.2.5.RELEASE\spring-expression-4.2.5.RELEASE.jar;C:\Users\Adi\.m2\repository\org\springframework\boot\spring-boot-starter-data-jpa\1.3.3.RELEASE\spring-boot-starter-data-jpa-1.3.3.RELEASE.jar;C:\Users\Adi\.m2\repository\org\springframework\boot\spring-boot-starter-aop\1.3.3.RELEASE\spring-boot-starter-aop-1.3.3.RELEASE.jar;C:\Users\Adi\.m2\repository\org\aspectj\aspectjweaver\1.8.8\aspectjweaver-1.8.8.jar;C:\Users\Adi\.m2\repository\org\springframework\boot\spring-boot-starter-jdbc\1.3.3.RELEASE\spring-boot-starter-jdbc-1.3.3.RELEASE.jar;C:\Users\Adi\.m2\repository\org\apache\tomcat\tomcat-jdbc\8.0.32\tomcat-jdbc-8.0.32.jar;C:\Users\Adi\.m2\repository\org\apache\tomcat\tomcat-juli\8.0.32\tomcat-juli-8.0.32.jar;C:\Users\Adi\.m2\repository\org\springframework\spring-jdbc\4.2.5.RELEASE\spring-jdbc-4.2.5.RELEASE.jar;C:\Users\Adi\.m2\repository\org\hibernate\hibernate-entitymanager\4.3.11.Final\hibernate-entitymanager-4.3.11.Final.jar;C:\Users\Adi\.m2\repository\org\jboss\logging\jboss-logging\3.3.0.Final\jboss-logging-3.3.0.Final.jar;C:\Users\Adi\.m2\repository\org\jboss\logging\jboss-logging-annotations\1.2.0.Beta1\jboss-logging-annotations-1.2.0.Beta1.jar;C:\Users\Adi\.m2\repository\org\hibernate\hibernate-core\4.3.11.Final\hibernate-core-4.3.11.Final.jar;C:\Users\Adi\.m2\repository\antlr\antlr\2.7.7\antlr-2.7.7.jar;C:\Users\Adi\.m2\repository\org\jboss\jandex\1.1.0.Final\jandex-1.1.0.Final.jar;C:\Users\Adi\.m2\repository\dom4j\dom4j\1.6.1\dom4j-1.6.1.jar;C:\Users\Adi\.m2\repository\xml-apis\xml-apis\1.0.b2\xml-apis-1.0.b2.jar;C:\Users\Adi\.m2\repository\org\hibernate\common\hibernate-commons-annotations\4.0.5.Final\hibernate-commons-annotations-4.0.5.Final.jar;C:\Users\Adi\.m2\repository\org\hibernate\javax\persistence\hibernate-jpa-2.1-api\1.0.0.Final\hibernate-jpa-2.1-api-1.0.0.Final.jar;C:\Users\Adi\.m2\repository\org\javassist\javassist\3.18.1-GA\javassist-3.18.1-GA.jar;C:\Users\Adi\.m2\repository\javax\transaction\javax.transaction-api\1.2\javax.transaction-api-1.2.jar;C:\Users\Adi\.m2\repository\org\springframework\data\spring-data-jpa\1.9.4.RELEASE\spring-data-jpa-1.9.4.RELEASE.jar;C:\Users\Adi\.m2\repository\org\springframework\data\spring-data-commons\1.11.4.RELEASE\spring-data-commons-1.11.4.RELEASE.jar;C:\Users\Adi\.m2\repository\org\springframework\spring-orm\4.2.5.RELEASE\spring-orm-4.2.5.RELEASE.jar;C:\Users\Adi\.m2\repository\org\springframework\spring-tx\4.2.5.RELEASE\spring-tx-4.2.5.RELEASE.jar;C:\Users\Adi\.m2\repository\org\slf4j\jcl-over-slf4j\1.7.16\jcl-over-slf4j-1.7.16.jar;C:\Users\Adi\.m2\repository\org\springframework\spring-aspects\4.2.5.RELEASE\spring-aspects-4.2.5.RELEASE.jar;C:\Users\Adi\.m2\repository\org\springframework\boot\spring-boot-starter-test\1.3.3.RELEASE\spring-boot-starter-test-1.3.3.RELEASE.jar;C:\Users\Adi\.m2\repository\junit\junit\4.12\junit-4.12.jar;C:\Users\Adi\.m2\repository\org\mockito\mockito-core\1.10.19\mockito-core-1.10.19.jar;C:\Users\Adi\.m2\repository\org\objenesis\objenesis\2.1\objenesis-2.1.jar;C:\Users\Adi\.m2\repository\org\hamcrest\hamcrest-core\1.3\hamcrest-core-1.3.jar;C:\Users\Adi\.m2\repository\org\hamcrest\hamcrest-library\1.3\hamcrest-library-1.3.jar;C:\Users\Adi\.m2\repository\org\springframework\spring-core\4.2.5.RELEASE\spring-core-4.2.5.RELEASE.jar;C:\Users\Adi\.m2\repository\org\springframework\spring-test\4.2.5.RELEASE\spring-test-4.2.5.RELEASE.jar;C:\Users\Adi\.m2\repository\org\springframework\boot\spring-boot-starter-security\1.3.3.RELEASE\spring-boot-starter-security-1.3.3.RELEASE.jar;C:\Users\Adi\.m2\repository\org\springframework\spring-aop\4.2.5.RELEASE\spring-aop-4.2.5.RELEASE.jar;C:\Users\Adi\.m2\repository\aopalliance\aopalliance\1.0\aopalliance-1.0.jar;C:\Users\Adi\.m2\repository\org\springframework\security\spring-security-config\4.0.3.RELEASE\spring-security-config-4.0.3.RELEASE.jar;C:\Users\Adi\.m2\repository\org\springframework\security\spring-security-web\4.0.3.RELEASE\spring-security-web-4.0.3.RELEASE.jar;C:\Users\Adi\.m2\repository\org\springframework\security\spring-security-test\4.0.3.RELEASE\spring-security-test-4.0.3.RELEASE.jar;C:\Users\Adi\.m2\repository\org\springframework\security\spring-security-core\4.0.3.RELEASE\spring-security-core-4.0.3.RELEASE.jar;C:\Users\Adi\.m2\repository\org\thymeleaf\extras\thymeleaf-extras-springsecurity4\2.1.2.RELEASE\thymeleaf-extras-springsecurity4-2.1.2.RELEASE.jar;C:\Users\Adi\.m2\repository\org\thymeleaf\thymeleaf\2.1.4.RELEASE\thymeleaf-2.1.4.RELEASE.jar;C:\Users\Adi\.m2\repository\ognl\ognl\3.0.8\ognl-3.0.8.jar;C:\Users\Adi\.m2\repository\org\unbescape\unbescape\1.1.0.RELEASE\unbescape-1.1.0.RELEASE.jar;C:\Users\Adi\.m2\repository\org\slf4j\slf4j-api\1.7.16\slf4j-api-1.7.16.jar;C:\Users\Adi\.m2\repository\mysql\mysql-connector-java\5.1.6\mysql-connector-java-5.1.6.jar;C:\Users\Adi\.m2\repository\commons-io\commons-io\2.4\commons-io-2.4.jar;C:\Users\Adi\.m2\repository\com\jayway\jsonpath\json-path\2.0.0\json-path-2.0.0.jar;C:\Users\Adi\.m2\repository\net\minidev\json-smart\2.1.1\json-smart-2.1.1.jar;C:\Users\Adi\.m2\repository\net\minidev\asm\1.0.2\asm-1.0.2.jar;C:\Users\Adi\.m2\repository\asm\asm\3.3.1\asm-3.3.1.jar;C:\Users\Adi\.m2\repository\net\sourceforge\cobertura\cobertura\2.1.1\cobertura-2.1.1.jar;C:\Users\Adi\.m2\repository\jaxen\jaxen\1.1.6\jaxen-1.1.6.jar;C:\Users\Adi\.m2\repository\org\apache\ant\ant\1.8.3\ant-1.8.3.jar;C:\Users\Adi\.m2\repository\org\apache\ant\ant-launcher\1.8.3\ant-launcher-1.8.3.jar;C:\Users\Adi\.m2\repository\org\apache\ant\ant-junit\1.8.3\ant-junit-1.8.3.jar;C:\Users\Adi\.m2\repository\org\mortbay\jetty\servlet-api-2.5\6.1.14\servlet-api-2.5-6.1.14.jar;C:\Users\Adi\.m2\repository\org\mortbay\jetty\jetty\6.1.14\jetty-6.1.14.jar;C:\Users\Adi\.m2\repository\org\mortbay\jetty\jetty-util\6.1.14\jetty-util-6.1.14.jar;C:\Program Files\Java\jdk1.8.0_45\jre\..\lib\tools.jar;C:\Users\Adi\.m2\repository\ch\qos\logback\logback-classic\1.1.5\logback-classic-1.1.5.jar;C:\Users\Adi\.m2\repository\ch\qos\logback\logback-core\1.1.5\logback-core-1.1.5.jar;C:\Users\Adi\.m2\repository\org\apache\commons\commons-lang3\3.3.2\commons-lang3-3.3.2.jar;, java.io.tmpdir=C:\Users\Adi\AppData\Local\Temp\, java.vendor.url.bug=http://bugreport.sun.com/bugreport/, javax.persistence.sharedCache.mode=UNSPECIFIED, os.arch=amd64, java.awt.graphicsenv=sun.awt.Win32GraphicsEnvironment, java.ext.dirs=C:\Program Files\Java\jdk1.8.0_45\jre\lib\ext;C:\Windows\Sun\Java\lib\ext, user.dir=D:\Projects\CrossoverTrial - Second\Code, line.separator=
, java.vm.name=Java HotSpot(TM) 64-Bit Server VM, hibernate.transaction.jta.platform=org.hibernate.engine.transaction.jta.platform.internal.NoJtaPlatform@6ea246af, basedir=D:\Projects\CrossoverTrial - Second\Code, file.encoding=Cp1250, java.specification.version=1.8, hibernate.show_sql=true}
[DEBUG] Found javax.persistence.Persistence on classpath containing &apos;getPersistenceUtil&apos;. Assuming JPA 2 environment. Trying to instantiate JPA aware TraversableResolver
[DEBUG] Instantiated JPA aware TraversableResolver of type org.hibernate.validator.internal.engine.resolver.JPATraversableResolver.
[DEBUG] Trying to load META-INF/validation.xml for XML based Validator configuration.
[DEBUG] Trying to load META-INF/validation.xml via TCCL
[DEBUG] Trying to load META-INF/validation.xml via Hibernate Validator&apos;s class loader
[DEBUG] No META-INF/validation.xml found. Using annotation based configuration only.
[DEBUG] Skipping JACC integration as it was not enabled
[DEBUG] External cascade style regsitration [persist : STYLE_PERSIST_SKIPLAZY] overrode base registration [STYLE_PERSIST]
[DEBUG] Adding onPersist as PrePersist callback for entity com.crossover.trial.journals.model.Journal
[DEBUG] Adding onPersist as PrePersist callback for entity com.crossover.trial.journals.model.Subscription
[DEBUG] Setting dialect [org.hibernate.dialect.MySQL5Dialect]
[DEBUG] Setting dialect [org.hibernate.dialect.MySQL5Dialect]
[DEBUG] Setting dialect [org.hibernate.dialect.MySQL5Dialect]
[DEBUG] Setting dialect [org.hibernate.dialect.MySQL5Dialect]
[DEBUG] Setting dialect [org.hibernate.dialect.MySQL5Dialect]
[DEBUG] Static SQL for collection: com.crossover.trial.journals.model.User.subscriptions
[DEBUG]  Row insert: update `subscription` set `user_id`=? where `id`=?
[DEBUG]  Row update: update `subscription` set  where `id`=?
[DEBUG]  Row delete: update `subscription` set `user_id`=null where `user_id`=? and `id`=?
[DEBUG]  One-shot delete: update `subscription` set `user_id`=null where `user_id`=?
[DEBUG] Static SQL for entity: com.crossover.trial.journals.model.Publisher
[DEBUG]  Version select: select `id` from `publisher` where `id` =?
[DEBUG]  Snapshot select: select publisher_.`id`, publisher_.`name` as name2_2_, publisher_.`user_id` as user_id3_2_ from `publisher` publisher_ where publisher_.`id`=?
[DEBUG]  Insert 0: insert into `publisher` (`name`, `user_id`, `id`) values (?, ?, ?)
[DEBUG]  Update 0: update `publisher` set `name`=?, `user_id`=? where `id`=?
[DEBUG]  Delete 0: delete from `publisher` where `id`=?
[DEBUG]  Identity insert: insert into `publisher` (`name`, `user_id`) values (?, ?)
[DEBUG] Adding QuerySpace : uid = &lt;gen:0&gt; -&gt; org.hibernate.loader.plan.build.internal.spaces.EntityQuerySpaceImpl@1cb9ef52]
[DEBUG] Visiting attribute path : name
[DEBUG] Visiting attribute path : user
[DEBUG] Adding QuerySpace : uid = &lt;gen:1&gt; -&gt; org.hibernate.loader.plan.build.internal.spaces.EntityQuerySpaceImpl@1d3c112a]
[DEBUG] Visiting attribute path : user.enabled
[DEBUG] Visiting attribute path : user.loginName
[DEBUG] Visiting attribute path : user.pwd
[DEBUG] Visiting attribute path : user.role
[DEBUG] Visiting attribute path : user.subscriptions
[DEBUG] Adding QuerySpace : uid = &lt;gen:2&gt; -&gt; org.hibernate.loader.plan.build.internal.spaces.CollectionQuerySpaceImpl@1e1237ab]
[DEBUG] Adding QuerySpace : uid = &lt;gen:3&gt; -&gt; org.hibernate.loader.plan.build.internal.spaces.EntityQuerySpaceImpl@364b1061]
[DEBUG] Visiting attribute path : user.subscriptions.category
[DEBUG] Adding QuerySpace : uid = &lt;gen:4&gt; -&gt; org.hibernate.loader.plan.build.internal.spaces.EntityQuerySpaceImpl@3380ca3d]
[DEBUG] Visiting attribute path : user.subscriptions.date
[DEBUG] Visiting attribute path : user.subscriptions.user
[DEBUG] Property path deemed to be circular : user.subscriptions.user
[DEBUG] Building LoadPlan...
[DEBUG] processing queryspace &lt;gen:0&gt;
[DEBUG] LoadPlan(entity=com.crossover.trial.journals.model.Publisher)
    - Returns
       - EntityReturnImpl(entity=com.crossover.trial.journals.model.Publisher, querySpaceUid=&lt;gen:0&gt;, path=com.crossover.trial.journals.model.Publisher)
          - EntityAttributeFetchImpl(entity=com.crossover.trial.journals.model.User, querySpaceUid=&lt;gen:1&gt;, path=com.crossover.trial.journals.model.Publisher.user)
             - CollectionAttributeFetchImpl(collection=com.crossover.trial.journals.model.User.subscriptions, querySpaceUid=&lt;gen:2&gt;, path=com.crossover.trial.journals.model.Publisher.user.subscriptions)
                - (collection element) CollectionFetchableElementEntityGraph(entity=com.crossover.trial.journals.model.Subscription, querySpaceUid=&lt;gen:3&gt;, path=com.crossover.trial.journals.model.Publisher.user.subscriptions.&lt;elements&gt;)
                   - EntityAttributeFetchImpl(entity=com.crossover.trial.journals.model.Category, querySpaceUid=&lt;gen:4&gt;, path=com.crossover.trial.journals.model.Publisher.user.subscriptions.&lt;elements&gt;.category)
    - QuerySpaces
       - EntityQuerySpaceImpl(uid=&lt;gen:0&gt;, entity=com.crossover.trial.journals.model.Publisher)
          - SQL table alias mapping - publisher0_
          - alias suffix - 0_
          - suffixed key columns - {id1_2_0_}
          - JOIN (JoinDefinedByMetadata(user)) : &lt;gen:0&gt; -&gt; &lt;gen:1&gt;
             - EntityQuerySpaceImpl(uid=&lt;gen:1&gt;, entity=com.crossover.trial.journals.model.User)
                - SQL table alias mapping - user1_
                - alias suffix - 1_
                - suffixed key columns - {id1_4_1_}
                - JOIN (JoinDefinedByMetadata(subscriptions)) : &lt;gen:1&gt; -&gt; &lt;gen:2&gt;
                   - CollectionQuerySpaceImpl(uid=&lt;gen:2&gt;, collection=com.crossover.trial.journals.model.User.subscriptions)
                      - SQL table alias mapping - subscripti2_
                      - alias suffix - 2_
                      - suffixed key columns - {user_id4_4_2_}
                      - entity-element alias suffix - 3_
                      - 3_entity-element suffixed key columns - id1_3_3_
                      - JOIN (JoinDefinedByMetadata(elements)) : &lt;gen:2&gt; -&gt; &lt;gen:3&gt;
                         - EntityQuerySpaceImpl(uid=&lt;gen:3&gt;, entity=com.crossover.trial.journals.model.Subscription)
                            - SQL table alias mapping - subscripti2_
                            - alias suffix - 3_
                            - suffixed key columns - {id1_3_3_}

[DEBUG] Static select for entity com.crossover.trial.journals.model.Publisher [NONE]: select publisher0_.`id` as id1_2_0_, publisher0_.`name` as name2_2_0_, publisher0_.`user_id` as user_id3_2_0_, user1_.`id` as id1_4_1_, user1_.`enabled` as enabled2_4_1_, user1_.`login_name` as login_na3_4_1_, user1_.`pwd` as pwd4_4_1_, user1_.`role` as role5_4_1_, subscripti2_.`user_id` as user_id4_4_2_, subscripti2_.`id` as id1_3_2_, subscripti2_.`id` as id1_3_3_, subscripti2_.category_id as category3_3_3_, subscripti2_.`date` as date2_3_3_, subscripti2_.`user_id` as user_id4_3_3_ from `publisher` publisher0_ inner join `user` user1_ on publisher0_.`user_id`=user1_.`id` left outer join `subscription` subscripti2_ on user1_.`id`=subscripti2_.`user_id` where publisher0_.`id`=?
[DEBUG] Adding QuerySpace : uid = &lt;gen:0&gt; -&gt; org.hibernate.loader.plan.build.internal.spaces.EntityQuerySpaceImpl@44592c39]
[DEBUG] Visiting attribute path : name
[DEBUG] Visiting attribute path : user
[DEBUG] Adding QuerySpace : uid = &lt;gen:1&gt; -&gt; org.hibernate.loader.plan.build.internal.spaces.EntityQuerySpaceImpl@34d480b9]
[DEBUG] Visiting attribute path : user.enabled
[DEBUG] Visiting attribute path : user.loginName
[DEBUG] Visiting attribute path : user.pwd
[DEBUG] Visiting attribute path : user.role
[DEBUG] Visiting attribute path : user.subscriptions
[DEBUG] Adding QuerySpace : uid = &lt;gen:2&gt; -&gt; org.hibernate.loader.plan.build.internal.spaces.CollectionQuerySpaceImpl@66749eea]
[DEBUG] Adding QuerySpace : uid = &lt;gen:3&gt; -&gt; org.hibernate.loader.plan.build.internal.spaces.EntityQuerySpaceImpl@7135ce0a]
[DEBUG] Visiting attribute path : user.subscriptions.category
[DEBUG] Adding QuerySpace : uid = &lt;gen:4&gt; -&gt; org.hibernate.loader.plan.build.internal.spaces.EntityQuerySpaceImpl@42ef042a]
[DEBUG] Visiting attribute path : user.subscriptions.date
[DEBUG] Visiting attribute path : user.subscriptions.user
[DEBUG] Property path deemed to be circular : user.subscriptions.user
[DEBUG] Building LoadPlan...
[DEBUG] processing queryspace &lt;gen:0&gt;
[DEBUG] LoadPlan(entity=com.crossover.trial.journals.model.Publisher)
    - Returns
       - EntityReturnImpl(entity=com.crossover.trial.journals.model.Publisher, querySpaceUid=&lt;gen:0&gt;, path=com.crossover.trial.journals.model.Publisher)
          - EntityAttributeFetchImpl(entity=com.crossover.trial.journals.model.User, querySpaceUid=&lt;gen:1&gt;, path=com.crossover.trial.journals.model.Publisher.user)
             - CollectionAttributeFetchImpl(collection=com.crossover.trial.journals.model.User.subscriptions, querySpaceUid=&lt;gen:2&gt;, path=com.crossover.trial.journals.model.Publisher.user.subscriptions)
                - (collection element) CollectionFetchableElementEntityGraph(entity=com.crossover.trial.journals.model.Subscription, querySpaceUid=&lt;gen:3&gt;, path=com.crossover.trial.journals.model.Publisher.user.subscriptions.&lt;elements&gt;)
                   - EntityAttributeFetchImpl(entity=com.crossover.trial.journals.model.Category, querySpaceUid=&lt;gen:4&gt;, path=com.crossover.trial.journals.model.Publisher.user.subscriptions.&lt;elements&gt;.category)
    - QuerySpaces
       - EntityQuerySpaceImpl(uid=&lt;gen:0&gt;, entity=com.crossover.trial.journals.model.Publisher)
          - SQL table alias mapping - publisher0_
          - alias suffix - 0_
          - suffixed key columns - {id1_2_0_}
          - JOIN (JoinDefinedByMetadata(user)) : &lt;gen:0&gt; -&gt; &lt;gen:1&gt;
             - EntityQuerySpaceImpl(uid=&lt;gen:1&gt;, entity=com.crossover.trial.journals.model.User)
                - SQL table alias mapping - user1_
                - alias suffix - 1_
                - suffixed key columns - {id1_4_1_}
                - JOIN (JoinDefinedByMetadata(subscriptions)) : &lt;gen:1&gt; -&gt; &lt;gen:2&gt;
                   - CollectionQuerySpaceImpl(uid=&lt;gen:2&gt;, collection=com.crossover.trial.journals.model.User.subscriptions)
                      - SQL table alias mapping - subscripti2_
                      - alias suffix - 2_
                      - suffixed key columns - {user_id4_4_2_}
                      - entity-element alias suffix - 3_
                      - 3_entity-element suffixed key columns - id1_3_3_
                      - JOIN (JoinDefinedByMetadata(elements)) : &lt;gen:2&gt; -&gt; &lt;gen:3&gt;
                         - EntityQuerySpaceImpl(uid=&lt;gen:3&gt;, entity=com.crossover.trial.journals.model.Subscription)
                            - SQL table alias mapping - subscripti2_
                            - alias suffix - 3_
                            - suffixed key columns - {id1_3_3_}

[DEBUG] Static select for entity com.crossover.trial.journals.model.Publisher [READ]: select publisher0_.`id` as id1_2_0_, publisher0_.`name` as name2_2_0_, publisher0_.`user_id` as user_id3_2_0_, user1_.`id` as id1_4_1_, user1_.`enabled` as enabled2_4_1_, user1_.`login_name` as login_na3_4_1_, user1_.`pwd` as pwd4_4_1_, user1_.`role` as role5_4_1_, subscripti2_.`user_id` as user_id4_4_2_, subscripti2_.`id` as id1_3_2_, subscripti2_.`id` as id1_3_3_, subscripti2_.category_id as category3_3_3_, subscripti2_.`date` as date2_3_3_, subscripti2_.`user_id` as user_id4_3_3_ from `publisher` publisher0_ inner join `user` user1_ on publisher0_.`user_id`=user1_.`id` left outer join `subscription` subscripti2_ on user1_.`id`=subscripti2_.`user_id` where publisher0_.`id`=?
[DEBUG] Adding QuerySpace : uid = &lt;gen:0&gt; -&gt; org.hibernate.loader.plan.build.internal.spaces.EntityQuerySpaceImpl@1df5c7e3]
[DEBUG] Visiting attribute path : name
[DEBUG] Visiting attribute path : user
[DEBUG] Adding QuerySpace : uid = &lt;gen:1&gt; -&gt; org.hibernate.loader.plan.build.internal.spaces.EntityQuerySpaceImpl@2c18a3ea]
[DEBUG] Building LoadPlan...
[DEBUG] processing queryspace &lt;gen:0&gt;
[DEBUG] LoadPlan(entity=com.crossover.trial.journals.model.Publisher)
    - Returns
       - EntityReturnImpl(entity=com.crossover.trial.journals.model.Publisher, querySpaceUid=&lt;gen:0&gt;, path=com.crossover.trial.journals.model.Publisher)
          - EntityAttributeFetchImpl(entity=com.crossover.trial.journals.model.User, querySpaceUid=&lt;gen:1&gt;, path=com.crossover.trial.journals.model.Publisher.user)
    - QuerySpaces
       - EntityQuerySpaceImpl(uid=&lt;gen:0&gt;, entity=com.crossover.trial.journals.model.Publisher)
          - SQL table alias mapping - publisher0_
          - alias suffix - 0_
          - suffixed key columns - {id1_2_0_}

[DEBUG] Static select for entity com.crossover.trial.journals.model.Publisher [UPGRADE]: select publisher0_.`id` as id1_2_0_, publisher0_.`name` as name2_2_0_, publisher0_.`user_id` as user_id3_2_0_ from `publisher` publisher0_ where publisher0_.`id`=? for update
[DEBUG] Adding QuerySpace : uid = &lt;gen:0&gt; -&gt; org.hibernate.loader.plan.build.internal.spaces.EntityQuerySpaceImpl@166c2c17]
[DEBUG] Visiting attribute path : name
[DEBUG] Visiting attribute path : user
[DEBUG] Adding QuerySpace : uid = &lt;gen:1&gt; -&gt; org.hibernate.loader.plan.build.internal.spaces.EntityQuerySpaceImpl@19dc0d32]
[DEBUG] Building LoadPlan...
[DEBUG] processing queryspace &lt;gen:0&gt;
[DEBUG] LoadPlan(entity=com.crossover.trial.journals.model.Publisher)
    - Returns
       - EntityReturnImpl(entity=com.crossover.trial.journals.model.Publisher, querySpaceUid=&lt;gen:0&gt;, path=com.crossover.trial.journals.model.Publisher)
          - EntityAttributeFetchImpl(entity=com.crossover.trial.journals.model.User, querySpaceUid=&lt;gen:1&gt;, path=com.crossover.trial.journals.model.Publisher.user)
    - QuerySpaces
       - EntityQuerySpaceImpl(uid=&lt;gen:0&gt;, entity=com.crossover.trial.journals.model.Publisher)
          - SQL table alias mapping - publisher0_
          - alias suffix - 0_
          - suffixed key columns - {id1_2_0_}

[DEBUG] Static select for entity com.crossover.trial.journals.model.Publisher [UPGRADE_NOWAIT]: select publisher0_.`id` as id1_2_0_, publisher0_.`name` as name2_2_0_, publisher0_.`user_id` as user_id3_2_0_ from `publisher` publisher0_ where publisher0_.`id`=? for update
[DEBUG] Adding QuerySpace : uid = &lt;gen:0&gt; -&gt; org.hibernate.loader.plan.build.internal.spaces.EntityQuerySpaceImpl@70b2fa10]
[DEBUG] Visiting attribute path : name
[DEBUG] Visiting attribute path : user
[DEBUG] Adding QuerySpace : uid = &lt;gen:1&gt; -&gt; org.hibernate.loader.plan.build.internal.spaces.EntityQuerySpaceImpl@b0f2d91]
[DEBUG] Building LoadPlan...
[DEBUG] processing queryspace &lt;gen:0&gt;
[DEBUG] LoadPlan(entity=com.crossover.trial.journals.model.Publisher)
    - Returns
       - EntityReturnImpl(entity=com.crossover.trial.journals.model.Publisher, querySpaceUid=&lt;gen:0&gt;, path=com.crossover.trial.journals.model.Publisher)
          - EntityAttributeFetchImpl(entity=com.crossover.trial.journals.model.User, querySpaceUid=&lt;gen:1&gt;, path=com.crossover.trial.journals.model.Publisher.user)
    - QuerySpaces
       - EntityQuerySpaceImpl(uid=&lt;gen:0&gt;, entity=com.crossover.trial.journals.model.Publisher)
          - SQL table alias mapping - publisher0_
          - alias suffix - 0_
          - suffixed key columns - {id1_2_0_}

[DEBUG] Static select for entity com.crossover.trial.journals.model.Publisher [UPGRADE_SKIPLOCKED]: select publisher0_.`id` as id1_2_0_, publisher0_.`name` as name2_2_0_, publisher0_.`user_id` as user_id3_2_0_ from `publisher` publisher0_ where publisher0_.`id`=? for update
[DEBUG] Adding QuerySpace : uid = &lt;gen:0&gt; -&gt; org.hibernate.loader.plan.build.internal.spaces.EntityQuerySpaceImpl@7243145f]
[DEBUG] Visiting attribute path : name
[DEBUG] Visiting attribute path : user
[DEBUG] Adding QuerySpace : uid = &lt;gen:1&gt; -&gt; org.hibernate.loader.plan.build.internal.spaces.EntityQuerySpaceImpl@5927f904]
[DEBUG] Building LoadPlan...
[DEBUG] processing queryspace &lt;gen:0&gt;
[DEBUG] LoadPlan(entity=com.crossover.trial.journals.model.Publisher)
    - Returns
       - EntityReturnImpl(entity=com.crossover.trial.journals.model.Publisher, querySpaceUid=&lt;gen:0&gt;, path=com.crossover.trial.journals.model.Publisher)
          - EntityAttributeFetchImpl(entity=com.crossover.trial.journals.model.User, querySpaceUid=&lt;gen:1&gt;, path=com.crossover.trial.journals.model.Publisher.user)
    - QuerySpaces
       - EntityQuerySpaceImpl(uid=&lt;gen:0&gt;, entity=com.crossover.trial.journals.model.Publisher)
          - SQL table alias mapping - publisher0_
          - alias suffix - 0_
          - suffixed key columns - {id1_2_0_}

[DEBUG] Static select for entity com.crossover.trial.journals.model.Publisher [FORCE]: select publisher0_.`id` as id1_2_0_, publisher0_.`name` as name2_2_0_, publisher0_.`user_id` as user_id3_2_0_ from `publisher` publisher0_ where publisher0_.`id`=? for update
[DEBUG] Adding QuerySpace : uid = &lt;gen:0&gt; -&gt; org.hibernate.loader.plan.build.internal.spaces.EntityQuerySpaceImpl@2bb62414]
[DEBUG] Visiting attribute path : name
[DEBUG] Visiting attribute path : user
[DEBUG] Adding QuerySpace : uid = &lt;gen:1&gt; -&gt; org.hibernate.loader.plan.build.internal.spaces.EntityQuerySpaceImpl@644d1b61]
[DEBUG] Building LoadPlan...
[DEBUG] processing queryspace &lt;gen:0&gt;
[DEBUG] LoadPlan(entity=com.crossover.trial.journals.model.Publisher)
    - Returns
       - EntityReturnImpl(entity=com.crossover.trial.journals.model.Publisher, querySpaceUid=&lt;gen:0&gt;, path=com.crossover.trial.journals.model.Publisher)
          - EntityAttributeFetchImpl(entity=com.crossover.trial.journals.model.User, querySpaceUid=&lt;gen:1&gt;, path=com.crossover.trial.journals.model.Publisher.user)
    - QuerySpaces
       - EntityQuerySpaceImpl(uid=&lt;gen:0&gt;, entity=com.crossover.trial.journals.model.Publisher)
          - SQL table alias mapping - publisher0_
          - alias suffix - 0_
          - suffixed key columns - {id1_2_0_}

[DEBUG] Static select for entity com.crossover.trial.journals.model.Publisher [PESSIMISTIC_READ]: select publisher0_.`id` as id1_2_0_, publisher0_.`name` as name2_2_0_, publisher0_.`user_id` as user_id3_2_0_ from `publisher` publisher0_ where publisher0_.`id`=? lock in share mode
[DEBUG] Adding QuerySpace : uid = &lt;gen:0&gt; -&gt; org.hibernate.loader.plan.build.internal.spaces.EntityQuerySpaceImpl@2443135]
[DEBUG] Visiting attribute path : name
[DEBUG] Visiting attribute path : user
[DEBUG] Adding QuerySpace : uid = &lt;gen:1&gt; -&gt; org.hibernate.loader.plan.build.internal.spaces.EntityQuerySpaceImpl@30bbcf91]
[DEBUG] Building LoadPlan...
[DEBUG] processing queryspace &lt;gen:0&gt;
[DEBUG] LoadPlan(entity=com.crossover.trial.journals.model.Publisher)
    - Returns
       - EntityReturnImpl(entity=com.crossover.trial.journals.model.Publisher, querySpaceUid=&lt;gen:0&gt;, path=com.crossover.trial.journals.model.Publisher)
          - EntityAttributeFetchImpl(entity=com.crossover.trial.journals.model.User, querySpaceUid=&lt;gen:1&gt;, path=com.crossover.trial.journals.model.Publisher.user)
    - QuerySpaces
       - EntityQuerySpaceImpl(uid=&lt;gen:0&gt;, entity=com.crossover.trial.journals.model.Publisher)
          - SQL table alias mapping - publisher0_
          - alias suffix - 0_
          - suffixed key columns - {id1_2_0_}

[DEBUG] Static select for entity com.crossover.trial.journals.model.Publisher [PESSIMISTIC_WRITE]: select publisher0_.`id` as id1_2_0_, publisher0_.`name` as name2_2_0_, publisher0_.`user_id` as user_id3_2_0_ from `publisher` publisher0_ where publisher0_.`id`=? for update
[DEBUG] Adding QuerySpace : uid = &lt;gen:0&gt; -&gt; org.hibernate.loader.plan.build.internal.spaces.EntityQuerySpaceImpl@3ca14cf4]
[DEBUG] Visiting attribute path : name
[DEBUG] Visiting attribute path : user
[DEBUG] Adding QuerySpace : uid = &lt;gen:1&gt; -&gt; org.hibernate.loader.plan.build.internal.spaces.EntityQuerySpaceImpl@46c10083]
[DEBUG] Building LoadPlan...
[DEBUG] processing queryspace &lt;gen:0&gt;
[DEBUG] LoadPlan(entity=com.crossover.trial.journals.model.Publisher)
    - Returns
       - EntityReturnImpl(entity=com.crossover.trial.journals.model.Publisher, querySpaceUid=&lt;gen:0&gt;, path=com.crossover.trial.journals.model.Publisher)
          - EntityAttributeFetchImpl(entity=com.crossover.trial.journals.model.User, querySpaceUid=&lt;gen:1&gt;, path=com.crossover.trial.journals.model.Publisher.user)
    - QuerySpaces
       - EntityQuerySpaceImpl(uid=&lt;gen:0&gt;, entity=com.crossover.trial.journals.model.Publisher)
          - SQL table alias mapping - publisher0_
          - alias suffix - 0_
          - suffixed key columns - {id1_2_0_}

[DEBUG] Static select for entity com.crossover.trial.journals.model.Publisher [PESSIMISTIC_FORCE_INCREMENT]: select publisher0_.`id` as id1_2_0_, publisher0_.`name` as name2_2_0_, publisher0_.`user_id` as user_id3_2_0_ from `publisher` publisher0_ where publisher0_.`id`=? for update
[DEBUG] Adding QuerySpace : uid = &lt;gen:0&gt; -&gt; org.hibernate.loader.plan.build.internal.spaces.EntityQuerySpaceImpl@28e8888d]
[DEBUG] Visiting attribute path : name
[DEBUG] Visiting attribute path : user
[DEBUG] Adding QuerySpace : uid = &lt;gen:1&gt; -&gt; org.hibernate.loader.plan.build.internal.spaces.EntityQuerySpaceImpl@794eeaf8]
[DEBUG] Building LoadPlan...
[DEBUG] processing queryspace &lt;gen:0&gt;
[DEBUG] LoadPlan(entity=com.crossover.trial.journals.model.Publisher)
    - Returns
       - EntityReturnImpl(entity=com.crossover.trial.journals.model.Publisher, querySpaceUid=&lt;gen:0&gt;, path=com.crossover.trial.journals.model.Publisher)
          - EntityAttributeFetchImpl(entity=com.crossover.trial.journals.model.User, querySpaceUid=&lt;gen:1&gt;, path=com.crossover.trial.journals.model.Publisher.user)
    - QuerySpaces
       - EntityQuerySpaceImpl(uid=&lt;gen:0&gt;, entity=com.crossover.trial.journals.model.Publisher)
          - SQL table alias mapping - publisher0_
          - alias suffix - 0_
          - suffixed key columns - {id1_2_0_}

[DEBUG] Static select for entity com.crossover.trial.journals.model.Publisher [OPTIMISTIC]: select publisher0_.`id` as id1_2_0_, publisher0_.`name` as name2_2_0_, publisher0_.`user_id` as user_id3_2_0_ from `publisher` publisher0_ where publisher0_.`id`=?
[DEBUG] Adding QuerySpace : uid = &lt;gen:0&gt; -&gt; org.hibernate.loader.plan.build.internal.spaces.EntityQuerySpaceImpl@37c5284a]
[DEBUG] Visiting attribute path : name
[DEBUG] Visiting attribute path : user
[DEBUG] Adding QuerySpace : uid = &lt;gen:1&gt; -&gt; org.hibernate.loader.plan.build.internal.spaces.EntityQuerySpaceImpl@7aaad0]
[DEBUG] Building LoadPlan...
[DEBUG] processing queryspace &lt;gen:0&gt;
[DEBUG] LoadPlan(entity=com.crossover.trial.journals.model.Publisher)
    - Returns
       - EntityReturnImpl(entity=com.crossover.trial.journals.model.Publisher, querySpaceUid=&lt;gen:0&gt;, path=com.crossover.trial.journals.model.Publisher)
          - EntityAttributeFetchImpl(entity=com.crossover.trial.journals.model.User, querySpaceUid=&lt;gen:1&gt;, path=com.crossover.trial.journals.model.Publisher.user)
    - QuerySpaces
       - EntityQuerySpaceImpl(uid=&lt;gen:0&gt;, entity=com.crossover.trial.journals.model.Publisher)
          - SQL table alias mapping - publisher0_
          - alias suffix - 0_
          - suffixed key columns - {id1_2_0_}

[DEBUG] Static select for entity com.crossover.trial.journals.model.Publisher [OPTIMISTIC_FORCE_INCREMENT]: select publisher0_.`id` as id1_2_0_, publisher0_.`name` as name2_2_0_, publisher0_.`user_id` as user_id3_2_0_ from `publisher` publisher0_ where publisher0_.`id`=?
[DEBUG] Static select for action ACTION_MERGE on entity com.crossover.trial.journals.model.Publisher: select publisher0_.`id` as id1_2_0_, publisher0_.`name` as name2_2_0_, publisher0_.`user_id` as user_id3_2_0_ from `publisher` publisher0_ where publisher0_.`id`=?
[DEBUG] Static select for action ACTION_REFRESH on entity com.crossover.trial.journals.model.Publisher: select publisher0_.`id` as id1_2_0_, publisher0_.`name` as name2_2_0_, publisher0_.`user_id` as user_id3_2_0_ from `publisher` publisher0_ where publisher0_.`id`=?
[DEBUG] Static SQL for entity: com.crossover.trial.journals.model.User
[DEBUG]  Version select: select `id` from `user` where `id` =?
[DEBUG]  Snapshot select: select user_.`id`, user_.`enabled` as enabled2_4_, user_.`login_name` as login_na3_4_, user_.`pwd` as pwd4_4_, user_.`role` as role5_4_ from `user` user_ where user_.`id`=?
[DEBUG]  Insert 0: insert into `user` (`enabled`, `login_name`, `pwd`, `role`, `id`) values (?, ?, ?, ?, ?)
[DEBUG]  Update 0: update `user` set `enabled`=?, `login_name`=?, `pwd`=?, `role`=? where `id`=?
[DEBUG]  Delete 0: delete from `user` where `id`=?
[DEBUG]  Identity insert: insert into `user` (`enabled`, `login_name`, `pwd`, `role`) values (?, ?, ?, ?)
[DEBUG] Adding QuerySpace : uid = &lt;gen:0&gt; -&gt; org.hibernate.loader.plan.build.internal.spaces.EntityQuerySpaceImpl@45592af7]
[DEBUG] Visiting attribute path : enabled
[DEBUG] Visiting attribute path : loginName
[DEBUG] Visiting attribute path : pwd
[DEBUG] Visiting attribute path : role
[DEBUG] Visiting attribute path : subscriptions
[DEBUG] Adding QuerySpace : uid = &lt;gen:1&gt; -&gt; org.hibernate.loader.plan.build.internal.spaces.CollectionQuerySpaceImpl@36359723]
[DEBUG] Adding QuerySpace : uid = &lt;gen:2&gt; -&gt; org.hibernate.loader.plan.build.internal.spaces.EntityQuerySpaceImpl@1ab14636]
[DEBUG] Visiting attribute path : subscriptions.category
[DEBUG] Adding QuerySpace : uid = &lt;gen:3&gt; -&gt; org.hibernate.loader.plan.build.internal.spaces.EntityQuerySpaceImpl@53eba4b8]
[DEBUG] Visiting attribute path : subscriptions.category.name
[DEBUG] Visiting attribute path : subscriptions.date
[DEBUG] Visiting attribute path : subscriptions.user
[DEBUG] Property path deemed to be circular : subscriptions.user
[DEBUG] Building LoadPlan...
[DEBUG] processing queryspace &lt;gen:0&gt;
[DEBUG] LoadPlan(entity=com.crossover.trial.journals.model.User)
    - Returns
       - EntityReturnImpl(entity=com.crossover.trial.journals.model.User, querySpaceUid=&lt;gen:0&gt;, path=com.crossover.trial.journals.model.User)
          - CollectionAttributeFetchImpl(collection=com.crossover.trial.journals.model.User.subscriptions, querySpaceUid=&lt;gen:1&gt;, path=com.crossover.trial.journals.model.User.subscriptions)
             - (collection element) CollectionFetchableElementEntityGraph(entity=com.crossover.trial.journals.model.Subscription, querySpaceUid=&lt;gen:2&gt;, path=com.crossover.trial.journals.model.User.subscriptions.&lt;elements&gt;)
                - EntityAttributeFetchImpl(entity=com.crossover.trial.journals.model.Category, querySpaceUid=&lt;gen:3&gt;, path=com.crossover.trial.journals.model.User.subscriptions.&lt;elements&gt;.category)
    - QuerySpaces
       - EntityQuerySpaceImpl(uid=&lt;gen:0&gt;, entity=com.crossover.trial.journals.model.User)
          - SQL table alias mapping - user0_
          - alias suffix - 0_
          - suffixed key columns - {id1_4_0_}
          - JOIN (JoinDefinedByMetadata(subscriptions)) : &lt;gen:0&gt; -&gt; &lt;gen:1&gt;
             - CollectionQuerySpaceImpl(uid=&lt;gen:1&gt;, collection=com.crossover.trial.journals.model.User.subscriptions)
                - SQL table alias mapping - subscripti1_
                - alias suffix - 1_
                - suffixed key columns - {user_id4_4_1_}
                - entity-element alias suffix - 2_
                - 2_entity-element suffixed key columns - id1_3_2_
                - JOIN (JoinDefinedByMetadata(elements)) : &lt;gen:1&gt; -&gt; &lt;gen:2&gt;
                   - EntityQuerySpaceImpl(uid=&lt;gen:2&gt;, entity=com.crossover.trial.journals.model.Subscription)
                      - SQL table alias mapping - subscripti1_
                      - alias suffix - 2_
                      - suffixed key columns - {id1_3_2_}
                      - JOIN (JoinDefinedByMetadata(category)) : &lt;gen:2&gt; -&gt; &lt;gen:3&gt;
                         - EntityQuerySpaceImpl(uid=&lt;gen:3&gt;, entity=com.crossover.trial.journals.model.Category)
                            - SQL table alias mapping - category2_
                            - alias suffix - 3_
                            - suffixed key columns - {id1_0_3_}

[DEBUG] Static select for entity com.crossover.trial.journals.model.User [NONE]: select user0_.`id` as id1_4_0_, user0_.`enabled` as enabled2_4_0_, user0_.`login_name` as login_na3_4_0_, user0_.`pwd` as pwd4_4_0_, user0_.`role` as role5_4_0_, subscripti1_.`user_id` as user_id4_4_1_, subscripti1_.`id` as id1_3_1_, subscripti1_.`id` as id1_3_2_, subscripti1_.category_id as category3_3_2_, subscripti1_.`date` as date2_3_2_, subscripti1_.`user_id` as user_id4_3_2_, category2_.`id` as id1_0_3_, category2_.`name` as name2_0_3_ from `user` user0_ left outer join `subscription` subscripti1_ on user0_.`id`=subscripti1_.`user_id` left outer join `category` category2_ on subscripti1_.category_id=category2_.`id` where user0_.`id`=?
[DEBUG] Adding QuerySpace : uid = &lt;gen:0&gt; -&gt; org.hibernate.loader.plan.build.internal.spaces.EntityQuerySpaceImpl@61608e1a]
[DEBUG] Visiting attribute path : enabled
[DEBUG] Visiting attribute path : loginName
[DEBUG] Visiting attribute path : pwd
[DEBUG] Visiting attribute path : role
[DEBUG] Visiting attribute path : subscriptions
[DEBUG] Adding QuerySpace : uid = &lt;gen:1&gt; -&gt; org.hibernate.loader.plan.build.internal.spaces.CollectionQuerySpaceImpl@7197b07f]
[DEBUG] Adding QuerySpace : uid = &lt;gen:2&gt; -&gt; org.hibernate.loader.plan.build.internal.spaces.EntityQuerySpaceImpl@1f10fec6]
[DEBUG] Visiting attribute path : subscriptions.category
[DEBUG] Adding QuerySpace : uid = &lt;gen:3&gt; -&gt; org.hibernate.loader.plan.build.internal.spaces.EntityQuerySpaceImpl@7cff3f1d]
[DEBUG] Visiting attribute path : subscriptions.category.name
[DEBUG] Visiting attribute path : subscriptions.date
[DEBUG] Visiting attribute path : subscriptions.user
[DEBUG] Property path deemed to be circular : subscriptions.user
[DEBUG] Building LoadPlan...
[DEBUG] processing queryspace &lt;gen:0&gt;
[DEBUG] LoadPlan(entity=com.crossover.trial.journals.model.User)
    - Returns
       - EntityReturnImpl(entity=com.crossover.trial.journals.model.User, querySpaceUid=&lt;gen:0&gt;, path=com.crossover.trial.journals.model.User)
          - CollectionAttributeFetchImpl(collection=com.crossover.trial.journals.model.User.subscriptions, querySpaceUid=&lt;gen:1&gt;, path=com.crossover.trial.journals.model.User.subscriptions)
             - (collection element) CollectionFetchableElementEntityGraph(entity=com.crossover.trial.journals.model.Subscription, querySpaceUid=&lt;gen:2&gt;, path=com.crossover.trial.journals.model.User.subscriptions.&lt;elements&gt;)
                - EntityAttributeFetchImpl(entity=com.crossover.trial.journals.model.Category, querySpaceUid=&lt;gen:3&gt;, path=com.crossover.trial.journals.model.User.subscriptions.&lt;elements&gt;.category)
    - QuerySpaces
       - EntityQuerySpaceImpl(uid=&lt;gen:0&gt;, entity=com.crossover.trial.journals.model.User)
          - SQL table alias mapping - user0_
          - alias suffix - 0_
          - suffixed key columns - {id1_4_0_}
          - JOIN (JoinDefinedByMetadata(subscriptions)) : &lt;gen:0&gt; -&gt; &lt;gen:1&gt;
             - CollectionQuerySpaceImpl(uid=&lt;gen:1&gt;, collection=com.crossover.trial.journals.model.User.subscriptions)
                - SQL table alias mapping - subscripti1_
                - alias suffix - 1_
                - suffixed key columns - {user_id4_4_1_}
                - entity-element alias suffix - 2_
                - 2_entity-element suffixed key columns - id1_3_2_
                - JOIN (JoinDefinedByMetadata(elements)) : &lt;gen:1&gt; -&gt; &lt;gen:2&gt;
                   - EntityQuerySpaceImpl(uid=&lt;gen:2&gt;, entity=com.crossover.trial.journals.model.Subscription)
                      - SQL table alias mapping - subscripti1_
                      - alias suffix - 2_
                      - suffixed key columns - {id1_3_2_}
                      - JOIN (JoinDefinedByMetadata(category)) : &lt;gen:2&gt; -&gt; &lt;gen:3&gt;
                         - EntityQuerySpaceImpl(uid=&lt;gen:3&gt;, entity=com.crossover.trial.journals.model.Category)
                            - SQL table alias mapping - category2_
                            - alias suffix - 3_
                            - suffixed key columns - {id1_0_3_}

[DEBUG] Static select for entity com.crossover.trial.journals.model.User [READ]: select user0_.`id` as id1_4_0_, user0_.`enabled` as enabled2_4_0_, user0_.`login_name` as login_na3_4_0_, user0_.`pwd` as pwd4_4_0_, user0_.`role` as role5_4_0_, subscripti1_.`user_id` as user_id4_4_1_, subscripti1_.`id` as id1_3_1_, subscripti1_.`id` as id1_3_2_, subscripti1_.category_id as category3_3_2_, subscripti1_.`date` as date2_3_2_, subscripti1_.`user_id` as user_id4_3_2_, category2_.`id` as id1_0_3_, category2_.`name` as name2_0_3_ from `user` user0_ left outer join `subscription` subscripti1_ on user0_.`id`=subscripti1_.`user_id` left outer join `category` category2_ on subscripti1_.category_id=category2_.`id` where user0_.`id`=?
[DEBUG] Adding QuerySpace : uid = &lt;gen:0&gt; -&gt; org.hibernate.loader.plan.build.internal.spaces.EntityQuerySpaceImpl@33a8c9c9]
[DEBUG] Visiting attribute path : enabled
[DEBUG] Visiting attribute path : loginName
[DEBUG] Visiting attribute path : pwd
[DEBUG] Visiting attribute path : role
[DEBUG] Visiting attribute path : subscriptions
[DEBUG] Adding QuerySpace : uid = &lt;gen:1&gt; -&gt; org.hibernate.loader.plan.build.internal.spaces.CollectionQuerySpaceImpl@3daf03d8]
[DEBUG] Adding QuerySpace : uid = &lt;gen:2&gt; -&gt; org.hibernate.loader.plan.build.internal.spaces.EntityQuerySpaceImpl@510689af]
[DEBUG] Building LoadPlan...
[DEBUG] processing queryspace &lt;gen:0&gt;
[DEBUG] LoadPlan(entity=com.crossover.trial.journals.model.User)
    - Returns
       - EntityReturnImpl(entity=com.crossover.trial.journals.model.User, querySpaceUid=&lt;gen:0&gt;, path=com.crossover.trial.journals.model.User)
          - CollectionAttributeFetchImpl(collection=com.crossover.trial.journals.model.User.subscriptions, querySpaceUid=&lt;gen:1&gt;, path=com.crossover.trial.journals.model.User.subscriptions)
             - (collection element) CollectionFetchableElementEntityGraph(entity=com.crossover.trial.journals.model.Subscription, querySpaceUid=&lt;gen:2&gt;, path=com.crossover.trial.journals.model.User.subscriptions.&lt;elements&gt;)
    - QuerySpaces
       - EntityQuerySpaceImpl(uid=&lt;gen:0&gt;, entity=com.crossover.trial.journals.model.User)
          - SQL table alias mapping - user0_
          - alias suffix - 0_
          - suffixed key columns - {id1_4_0_}

[DEBUG] Static select for entity com.crossover.trial.journals.model.User [UPGRADE]: select user0_.`id` as id1_4_0_, user0_.`enabled` as enabled2_4_0_, user0_.`login_name` as login_na3_4_0_, user0_.`pwd` as pwd4_4_0_, user0_.`role` as role5_4_0_ from `user` user0_ where user0_.`id`=? for update
[DEBUG] Adding QuerySpace : uid = &lt;gen:0&gt; -&gt; org.hibernate.loader.plan.build.internal.spaces.EntityQuerySpaceImpl@2415e4c7]
[DEBUG] Visiting attribute path : enabled
[DEBUG] Visiting attribute path : loginName
[DEBUG] Visiting attribute path : pwd
[DEBUG] Visiting attribute path : role
[DEBUG] Visiting attribute path : subscriptions
[DEBUG] Adding QuerySpace : uid = &lt;gen:1&gt; -&gt; org.hibernate.loader.plan.build.internal.spaces.CollectionQuerySpaceImpl@373afd6c]
[DEBUG] Adding QuerySpace : uid = &lt;gen:2&gt; -&gt; org.hibernate.loader.plan.build.internal.spaces.EntityQuerySpaceImpl@521441d5]
[DEBUG] Building LoadPlan...
[DEBUG] processing queryspace &lt;gen:0&gt;
[DEBUG] LoadPlan(entity=com.crossover.trial.journals.model.User)
    - Returns
       - EntityReturnImpl(entity=com.crossover.trial.journals.model.User, querySpaceUid=&lt;gen:0&gt;, path=com.crossover.trial.journals.model.User)
          - CollectionAttributeFetchImpl(collection=com.crossover.trial.journals.model.User.subscriptions, querySpaceUid=&lt;gen:1&gt;, path=com.crossover.trial.journals.model.User.subscriptions)
             - (collection element) CollectionFetchableElementEntityGraph(entity=com.crossover.trial.journals.model.Subscription, querySpaceUid=&lt;gen:2&gt;, path=com.crossover.trial.journals.model.User.subscriptions.&lt;elements&gt;)
    - QuerySpaces
       - EntityQuerySpaceImpl(uid=&lt;gen:0&gt;, entity=com.crossover.trial.journals.model.User)
          - SQL table alias mapping - user0_
          - alias suffix - 0_
          - suffixed key columns - {id1_4_0_}

[DEBUG] Static select for entity com.crossover.trial.journals.model.User [UPGRADE_NOWAIT]: select user0_.`id` as id1_4_0_, user0_.`enabled` as enabled2_4_0_, user0_.`login_name` as login_na3_4_0_, user0_.`pwd` as pwd4_4_0_, user0_.`role` as role5_4_0_ from `user` user0_ where user0_.`id`=? for update
[DEBUG] Adding QuerySpace : uid = &lt;gen:0&gt; -&gt; org.hibernate.loader.plan.build.internal.spaces.EntityQuerySpaceImpl@592ca48c]
[DEBUG] Visiting attribute path : enabled
[DEBUG] Visiting attribute path : loginName
[DEBUG] Visiting attribute path : pwd
[DEBUG] Visiting attribute path : role
[DEBUG] Visiting attribute path : subscriptions
[DEBUG] Adding QuerySpace : uid = &lt;gen:1&gt; -&gt; org.hibernate.loader.plan.build.internal.spaces.CollectionQuerySpaceImpl@3fdcde7a]
[DEBUG] Adding QuerySpace : uid = &lt;gen:2&gt; -&gt; org.hibernate.loader.plan.build.internal.spaces.EntityQuerySpaceImpl@4f363abd]
[DEBUG] Building LoadPlan...
[DEBUG] processing queryspace &lt;gen:0&gt;
[DEBUG] LoadPlan(entity=com.crossover.trial.journals.model.User)
    - Returns
       - EntityReturnImpl(entity=com.crossover.trial.journals.model.User, querySpaceUid=&lt;gen:0&gt;, path=com.crossover.trial.journals.model.User)
          - CollectionAttributeFetchImpl(collection=com.crossover.trial.journals.model.User.subscriptions, querySpaceUid=&lt;gen:1&gt;, path=com.crossover.trial.journals.model.User.subscriptions)
             - (collection element) CollectionFetchableElementEntityGraph(entity=com.crossover.trial.journals.model.Subscription, querySpaceUid=&lt;gen:2&gt;, path=com.crossover.trial.journals.model.User.subscriptions.&lt;elements&gt;)
    - QuerySpaces
       - EntityQuerySpaceImpl(uid=&lt;gen:0&gt;, entity=com.crossover.trial.journals.model.User)
          - SQL table alias mapping - user0_
          - alias suffix - 0_
          - suffixed key columns - {id1_4_0_}

[DEBUG] Static select for entity com.crossover.trial.journals.model.User [UPGRADE_SKIPLOCKED]: select user0_.`id` as id1_4_0_, user0_.`enabled` as enabled2_4_0_, user0_.`login_name` as login_na3_4_0_, user0_.`pwd` as pwd4_4_0_, user0_.`role` as role5_4_0_ from `user` user0_ where user0_.`id`=? for update
[DEBUG] Adding QuerySpace : uid = &lt;gen:0&gt; -&gt; org.hibernate.loader.plan.build.internal.spaces.EntityQuerySpaceImpl@7302ff13]
[DEBUG] Visiting attribute path : enabled
[DEBUG] Visiting attribute path : loginName
[DEBUG] Visiting attribute path : pwd
[DEBUG] Visiting attribute path : role
[DEBUG] Visiting attribute path : subscriptions
[DEBUG] Adding QuerySpace : uid = &lt;gen:1&gt; -&gt; org.hibernate.loader.plan.build.internal.spaces.CollectionQuerySpaceImpl@1961d75a]
[DEBUG] Adding QuerySpace : uid = &lt;gen:2&gt; -&gt; org.hibernate.loader.plan.build.internal.spaces.EntityQuerySpaceImpl@677ce519]
[DEBUG] Building LoadPlan...
[DEBUG] processing queryspace &lt;gen:0&gt;
[DEBUG] LoadPlan(entity=com.crossover.trial.journals.model.User)
    - Returns
       - EntityReturnImpl(entity=com.crossover.trial.journals.model.User, querySpaceUid=&lt;gen:0&gt;, path=com.crossover.trial.journals.model.User)
          - CollectionAttributeFetchImpl(collection=com.crossover.trial.journals.model.User.subscriptions, querySpaceUid=&lt;gen:1&gt;, path=com.crossover.trial.journals.model.User.subscriptions)
             - (collection element) CollectionFetchableElementEntityGraph(entity=com.crossover.trial.journals.model.Subscription, querySpaceUid=&lt;gen:2&gt;, path=com.crossover.trial.journals.model.User.subscriptions.&lt;elements&gt;)
    - QuerySpaces
       - EntityQuerySpaceImpl(uid=&lt;gen:0&gt;, entity=com.crossover.trial.journals.model.User)
          - SQL table alias mapping - user0_
          - alias suffix - 0_
          - suffixed key columns - {id1_4_0_}

[DEBUG] Static select for entity com.crossover.trial.journals.model.User [FORCE]: select user0_.`id` as id1_4_0_, user0_.`enabled` as enabled2_4_0_, user0_.`login_name` as login_na3_4_0_, user0_.`pwd` as pwd4_4_0_, user0_.`role` as role5_4_0_ from `user` user0_ where user0_.`id`=? for update
[DEBUG] Adding QuerySpace : uid = &lt;gen:0&gt; -&gt; org.hibernate.loader.plan.build.internal.spaces.EntityQuerySpaceImpl@3e26482]
[DEBUG] Visiting attribute path : enabled
[DEBUG] Visiting attribute path : loginName
[DEBUG] Visiting attribute path : pwd
[DEBUG] Visiting attribute path : role
[DEBUG] Visiting attribute path : subscriptions
[DEBUG] Adding QuerySpace : uid = &lt;gen:1&gt; -&gt; org.hibernate.loader.plan.build.internal.spaces.CollectionQuerySpaceImpl@6b37df8e]
[DEBUG] Adding QuerySpace : uid = &lt;gen:2&gt; -&gt; org.hibernate.loader.plan.build.internal.spaces.EntityQuerySpaceImpl@6b63abdc]
[DEBUG] Building LoadPlan...
[DEBUG] processing queryspace &lt;gen:0&gt;
[DEBUG] LoadPlan(entity=com.crossover.trial.journals.model.User)
    - Returns
       - EntityReturnImpl(entity=com.crossover.trial.journals.model.User, querySpaceUid=&lt;gen:0&gt;, path=com.crossover.trial.journals.model.User)
          - CollectionAttributeFetchImpl(collection=com.crossover.trial.journals.model.User.subscriptions, querySpaceUid=&lt;gen:1&gt;, path=com.crossover.trial.journals.model.User.subscriptions)
             - (collection element) CollectionFetchableElementEntityGraph(entity=com.crossover.trial.journals.model.Subscription, querySpaceUid=&lt;gen:2&gt;, path=com.crossover.trial.journals.model.User.subscriptions.&lt;elements&gt;)
    - QuerySpaces
       - EntityQuerySpaceImpl(uid=&lt;gen:0&gt;, entity=com.crossover.trial.journals.model.User)
          - SQL table alias mapping - user0_
          - alias suffix - 0_
          - suffixed key columns - {id1_4_0_}

[DEBUG] Static select for entity com.crossover.trial.journals.model.User [PESSIMISTIC_READ]: select user0_.`id` as id1_4_0_, user0_.`enabled` as enabled2_4_0_, user0_.`login_name` as login_na3_4_0_, user0_.`pwd` as pwd4_4_0_, user0_.`role` as role5_4_0_ from `user` user0_ where user0_.`id`=? lock in share mode
[DEBUG] Adding QuerySpace : uid = &lt;gen:0&gt; -&gt; org.hibernate.loader.plan.build.internal.spaces.EntityQuerySpaceImpl@7b351446]
[DEBUG] Visiting attribute path : enabled
[DEBUG] Visiting attribute path : loginName
[DEBUG] Visiting attribute path : pwd
[DEBUG] Visiting attribute path : role
[DEBUG] Visiting attribute path : subscriptions
[DEBUG] Adding QuerySpace : uid = &lt;gen:1&gt; -&gt; org.hibernate.loader.plan.build.internal.spaces.CollectionQuerySpaceImpl@a1691c0]
[DEBUG] Adding QuerySpace : uid = &lt;gen:2&gt; -&gt; org.hibernate.loader.plan.build.internal.spaces.EntityQuerySpaceImpl@7c5df615]
[DEBUG] Building LoadPlan...
[DEBUG] processing queryspace &lt;gen:0&gt;
[DEBUG] LoadPlan(entity=com.crossover.trial.journals.model.User)
    - Returns
       - EntityReturnImpl(entity=com.crossover.trial.journals.model.User, querySpaceUid=&lt;gen:0&gt;, path=com.crossover.trial.journals.model.User)
          - CollectionAttributeFetchImpl(collection=com.crossover.trial.journals.model.User.subscriptions, querySpaceUid=&lt;gen:1&gt;, path=com.crossover.trial.journals.model.User.subscriptions)
             - (collection element) CollectionFetchableElementEntityGraph(entity=com.crossover.trial.journals.model.Subscription, querySpaceUid=&lt;gen:2&gt;, path=com.crossover.trial.journals.model.User.subscriptions.&lt;elements&gt;)
    - QuerySpaces
       - EntityQuerySpaceImpl(uid=&lt;gen:0&gt;, entity=com.crossover.trial.journals.model.User)
          - SQL table alias mapping - user0_
          - alias suffix - 0_
          - suffixed key columns - {id1_4_0_}

[DEBUG] Static select for entity com.crossover.trial.journals.model.User [PESSIMISTIC_WRITE]: select user0_.`id` as id1_4_0_, user0_.`enabled` as enabled2_4_0_, user0_.`login_name` as login_na3_4_0_, user0_.`pwd` as pwd4_4_0_, user0_.`role` as role5_4_0_ from `user` user0_ where user0_.`id`=? for update
[DEBUG] Adding QuerySpace : uid = &lt;gen:0&gt; -&gt; org.hibernate.loader.plan.build.internal.spaces.EntityQuerySpaceImpl@2f995afc]
[DEBUG] Visiting attribute path : enabled
[DEBUG] Visiting attribute path : loginName
[DEBUG] Visiting attribute path : pwd
[DEBUG] Visiting attribute path : role
[DEBUG] Visiting attribute path : subscriptions
[DEBUG] Adding QuerySpace : uid = &lt;gen:1&gt; -&gt; org.hibernate.loader.plan.build.internal.spaces.CollectionQuerySpaceImpl@9df564f]
[DEBUG] Adding QuerySpace : uid = &lt;gen:2&gt; -&gt; org.hibernate.loader.plan.build.internal.spaces.EntityQuerySpaceImpl@1a21f43f]
[DEBUG] Building LoadPlan...
[DEBUG] processing queryspace &lt;gen:0&gt;
[DEBUG] LoadPlan(entity=com.crossover.trial.journals.model.User)
    - Returns
       - EntityReturnImpl(entity=com.crossover.trial.journals.model.User, querySpaceUid=&lt;gen:0&gt;, path=com.crossover.trial.journals.model.User)
          - CollectionAttributeFetchImpl(collection=com.crossover.trial.journals.model.User.subscriptions, querySpaceUid=&lt;gen:1&gt;, path=com.crossover.trial.journals.model.User.subscriptions)
             - (collection element) CollectionFetchableElementEntityGraph(entity=com.crossover.trial.journals.model.Subscription, querySpaceUid=&lt;gen:2&gt;, path=com.crossover.trial.journals.model.User.subscriptions.&lt;elements&gt;)
    - QuerySpaces
       - EntityQuerySpaceImpl(uid=&lt;gen:0&gt;, entity=com.crossover.trial.journals.model.User)
          - SQL table alias mapping - user0_
          - alias suffix - 0_
          - suffixed key columns - {id1_4_0_}

[DEBUG] Static select for entity com.crossover.trial.journals.model.User [PESSIMISTIC_FORCE_INCREMENT]: select user0_.`id` as id1_4_0_, user0_.`enabled` as enabled2_4_0_, user0_.`login_name` as login_na3_4_0_, user0_.`pwd` as pwd4_4_0_, user0_.`role` as role5_4_0_ from `user` user0_ where user0_.`id`=? for update
[DEBUG] Adding QuerySpace : uid = &lt;gen:0&gt; -&gt; org.hibernate.loader.plan.build.internal.spaces.EntityQuerySpaceImpl@7f0a133d]
[DEBUG] Visiting attribute path : enabled
[DEBUG] Visiting attribute path : loginName
[DEBUG] Visiting attribute path : pwd
[DEBUG] Visiting attribute path : role
[DEBUG] Visiting attribute path : subscriptions
[DEBUG] Adding QuerySpace : uid = &lt;gen:1&gt; -&gt; org.hibernate.loader.plan.build.internal.spaces.CollectionQuerySpaceImpl@715fa8c5]
[DEBUG] Adding QuerySpace : uid = &lt;gen:2&gt; -&gt; org.hibernate.loader.plan.build.internal.spaces.EntityQuerySpaceImpl@644a3add]
[DEBUG] Building LoadPlan...
[DEBUG] processing queryspace &lt;gen:0&gt;
[DEBUG] LoadPlan(entity=com.crossover.trial.journals.model.User)
    - Returns
       - EntityReturnImpl(entity=com.crossover.trial.journals.model.User, querySpaceUid=&lt;gen:0&gt;, path=com.crossover.trial.journals.model.User)
          - CollectionAttributeFetchImpl(collection=com.crossover.trial.journals.model.User.subscriptions, querySpaceUid=&lt;gen:1&gt;, path=com.crossover.trial.journals.model.User.subscriptions)
             - (collection element) CollectionFetchableElementEntityGraph(entity=com.crossover.trial.journals.model.Subscription, querySpaceUid=&lt;gen:2&gt;, path=com.crossover.trial.journals.model.User.subscriptions.&lt;elements&gt;)
    - QuerySpaces
       - EntityQuerySpaceImpl(uid=&lt;gen:0&gt;, entity=com.crossover.trial.journals.model.User)
          - SQL table alias mapping - user0_
          - alias suffix - 0_
          - suffixed key columns - {id1_4_0_}

[DEBUG] Static select for entity com.crossover.trial.journals.model.User [OPTIMISTIC]: select user0_.`id` as id1_4_0_, user0_.`enabled` as enabled2_4_0_, user0_.`login_name` as login_na3_4_0_, user0_.`pwd` as pwd4_4_0_, user0_.`role` as role5_4_0_ from `user` user0_ where user0_.`id`=?
[DEBUG] Adding QuerySpace : uid = &lt;gen:0&gt; -&gt; org.hibernate.loader.plan.build.internal.spaces.EntityQuerySpaceImpl@4b765e92]
[DEBUG] Visiting attribute path : enabled
[DEBUG] Visiting attribute path : loginName
[DEBUG] Visiting attribute path : pwd
[DEBUG] Visiting attribute path : role
[DEBUG] Visiting attribute path : subscriptions
[DEBUG] Adding QuerySpace : uid = &lt;gen:1&gt; -&gt; org.hibernate.loader.plan.build.internal.spaces.CollectionQuerySpaceImpl@4a70d302]
[DEBUG] Adding QuerySpace : uid = &lt;gen:2&gt; -&gt; org.hibernate.loader.plan.build.internal.spaces.EntityQuerySpaceImpl@7fd99443]
[DEBUG] Building LoadPlan...
[DEBUG] processing queryspace &lt;gen:0&gt;
[DEBUG] LoadPlan(entity=com.crossover.trial.journals.model.User)
    - Returns
       - EntityReturnImpl(entity=com.crossover.trial.journals.model.User, querySpaceUid=&lt;gen:0&gt;, path=com.crossover.trial.journals.model.User)
          - CollectionAttributeFetchImpl(collection=com.crossover.trial.journals.model.User.subscriptions, querySpaceUid=&lt;gen:1&gt;, path=com.crossover.trial.journals.model.User.subscriptions)
             - (collection element) CollectionFetchableElementEntityGraph(entity=com.crossover.trial.journals.model.Subscription, querySpaceUid=&lt;gen:2&gt;, path=com.crossover.trial.journals.model.User.subscriptions.&lt;elements&gt;)
    - QuerySpaces
       - EntityQuerySpaceImpl(uid=&lt;gen:0&gt;, entity=com.crossover.trial.journals.model.User)
          - SQL table alias mapping - user0_
          - alias suffix - 0_
          - suffixed key columns - {id1_4_0_}

[DEBUG] Static select for entity com.crossover.trial.journals.model.User [OPTIMISTIC_FORCE_INCREMENT]: select user0_.`id` as id1_4_0_, user0_.`enabled` as enabled2_4_0_, user0_.`login_name` as login_na3_4_0_, user0_.`pwd` as pwd4_4_0_, user0_.`role` as role5_4_0_ from `user` user0_ where user0_.`id`=?
[DEBUG] Static select for action ACTION_MERGE on entity com.crossover.trial.journals.model.User: select user0_.`id` as id1_4_1_, user0_.`enabled` as enabled2_4_1_, user0_.`login_name` as login_na3_4_1_, user0_.`pwd` as pwd4_4_1_, user0_.`role` as role5_4_1_, subscripti1_.`user_id` as user_id4_4_3_, subscripti1_.`id` as id1_3_3_, subscripti1_.`id` as id1_3_0_, subscripti1_.category_id as category3_3_0_, subscripti1_.`date` as date2_3_0_, subscripti1_.`user_id` as user_id4_3_0_ from `user` user0_ left outer join `subscription` subscripti1_ on user0_.`id`=subscripti1_.`user_id` where user0_.`id`=?
[DEBUG] Static select for action ACTION_REFRESH on entity com.crossover.trial.journals.model.User: select user0_.`id` as id1_4_1_, user0_.`enabled` as enabled2_4_1_, user0_.`login_name` as login_na3_4_1_, user0_.`pwd` as pwd4_4_1_, user0_.`role` as role5_4_1_, subscripti1_.`user_id` as user_id4_4_3_, subscripti1_.`id` as id1_3_3_, subscripti1_.`id` as id1_3_0_, subscripti1_.category_id as category3_3_0_, subscripti1_.`date` as date2_3_0_, subscripti1_.`user_id` as user_id4_3_0_ from `user` user0_ left outer join `subscription` subscripti1_ on user0_.`id`=subscripti1_.`user_id` where user0_.`id`=?
[DEBUG] Static SQL for entity: com.crossover.trial.journals.model.Journal
[DEBUG]  Version select: select `id` from `journal` where `id` =?
[DEBUG]  Snapshot select: select journal_.`id`, journal_.`category_id` as category5_1_, journal_.`name` as name2_1_, journal_.`publish_date` as publish_3_1_, journal_.`publisher_id` as publishe6_1_, journal_.`uuid` as uuid4_1_ from `journal` journal_ where journal_.`id`=?
[DEBUG]  Insert 0: insert into `journal` (`category_id`, `name`, `publish_date`, `publisher_id`, `uuid`, `id`) values (?, ?, ?, ?, ?, ?)
[DEBUG]  Update 0: update `journal` set `category_id`=?, `name`=?, `publish_date`=?, `publisher_id`=?, `uuid`=? where `id`=?
[DEBUG]  Delete 0: delete from `journal` where `id`=?
[DEBUG]  Identity insert: insert into `journal` (`category_id`, `name`, `publish_date`, `publisher_id`, `uuid`) values (?, ?, ?, ?, ?)
[DEBUG] Adding QuerySpace : uid = &lt;gen:0&gt; -&gt; org.hibernate.loader.plan.build.internal.spaces.EntityQuerySpaceImpl@261b9a37]
[DEBUG] Visiting attribute path : category
[DEBUG] Adding QuerySpace : uid = &lt;gen:1&gt; -&gt; org.hibernate.loader.plan.build.internal.spaces.EntityQuerySpaceImpl@55e1192]
[DEBUG] Visiting attribute path : category.name
[DEBUG] Visiting attribute path : name
[DEBUG] Visiting attribute path : publishDate
[DEBUG] Visiting attribute path : publisher
[DEBUG] Adding QuerySpace : uid = &lt;gen:2&gt; -&gt; org.hibernate.loader.plan.build.internal.spaces.EntityQuerySpaceImpl@68a305eb]
[DEBUG] Visiting attribute path : publisher.name
[DEBUG] Visiting attribute path : publisher.user
[DEBUG] Adding QuerySpace : uid = &lt;gen:3&gt; -&gt; org.hibernate.loader.plan.build.internal.spaces.EntityQuerySpaceImpl@1310fcb0]
[DEBUG] Visiting attribute path : publisher.user.enabled
[DEBUG] Visiting attribute path : publisher.user.loginName
[DEBUG] Visiting attribute path : publisher.user.pwd
[DEBUG] Visiting attribute path : publisher.user.role
[DEBUG] Visiting attribute path : publisher.user.subscriptions
[DEBUG] Adding QuerySpace : uid = &lt;gen:4&gt; -&gt; org.hibernate.loader.plan.build.internal.spaces.CollectionQuerySpaceImpl@6e8fdd19]
[DEBUG] Adding QuerySpace : uid = &lt;gen:5&gt; -&gt; org.hibernate.loader.plan.build.internal.spaces.EntityQuerySpaceImpl@35787726]
[DEBUG] Visiting attribute path : uuid
[DEBUG] Building LoadPlan...
[DEBUG] processing queryspace &lt;gen:0&gt;
[DEBUG] LoadPlan(entity=com.crossover.trial.journals.model.Journal)
    - Returns
       - EntityReturnImpl(entity=com.crossover.trial.journals.model.Journal, querySpaceUid=&lt;gen:0&gt;, path=com.crossover.trial.journals.model.Journal)
          - EntityAttributeFetchImpl(entity=com.crossover.trial.journals.model.Category, querySpaceUid=&lt;gen:1&gt;, path=com.crossover.trial.journals.model.Journal.category)
          - EntityAttributeFetchImpl(entity=com.crossover.trial.journals.model.Publisher, querySpaceUid=&lt;gen:2&gt;, path=com.crossover.trial.journals.model.Journal.publisher)
             - EntityAttributeFetchImpl(entity=com.crossover.trial.journals.model.User, querySpaceUid=&lt;gen:3&gt;, path=com.crossover.trial.journals.model.Journal.publisher.user)
                - CollectionAttributeFetchImpl(collection=com.crossover.trial.journals.model.User.subscriptions, querySpaceUid=&lt;gen:4&gt;, path=com.crossover.trial.journals.model.Journal.publisher.user.subscriptions)
                   - (collection element) CollectionFetchableElementEntityGraph(entity=com.crossover.trial.journals.model.Subscription, querySpaceUid=&lt;gen:5&gt;, path=com.crossover.trial.journals.model.Journal.publisher.user.subscriptions.&lt;elements&gt;)
    - QuerySpaces
       - EntityQuerySpaceImpl(uid=&lt;gen:0&gt;, entity=com.crossover.trial.journals.model.Journal)
          - SQL table alias mapping - journal0_
          - alias suffix - 0_
          - suffixed key columns - {id1_1_0_}
          - JOIN (JoinDefinedByMetadata(category)) : &lt;gen:0&gt; -&gt; &lt;gen:1&gt;
             - EntityQuerySpaceImpl(uid=&lt;gen:1&gt;, entity=com.crossover.trial.journals.model.Category)
                - SQL table alias mapping - category1_
                - alias suffix - 1_
                - suffixed key columns - {id1_0_1_}
          - JOIN (JoinDefinedByMetadata(publisher)) : &lt;gen:0&gt; -&gt; &lt;gen:2&gt;
             - EntityQuerySpaceImpl(uid=&lt;gen:2&gt;, entity=com.crossover.trial.journals.model.Publisher)
                - SQL table alias mapping - publisher2_
                - alias suffix - 2_
                - suffixed key columns - {id1_2_2_}
                - JOIN (JoinDefinedByMetadata(user)) : &lt;gen:2&gt; -&gt; &lt;gen:3&gt;
                   - EntityQuerySpaceImpl(uid=&lt;gen:3&gt;, entity=com.crossover.trial.journals.model.User)
                      - SQL table alias mapping - user3_
                      - alias suffix - 3_
                      - suffixed key columns - {id1_4_3_}

[DEBUG] Static select for entity com.crossover.trial.journals.model.Journal [NONE]: select journal0_.`id` as id1_1_0_, journal0_.`category_id` as category5_1_0_, journal0_.`name` as name2_1_0_, journal0_.`publish_date` as publish_3_1_0_, journal0_.`publisher_id` as publishe6_1_0_, journal0_.`uuid` as uuid4_1_0_, category1_.`id` as id1_0_1_, category1_.`name` as name2_0_1_, publisher2_.`id` as id1_2_2_, publisher2_.`name` as name2_2_2_, publisher2_.`user_id` as user_id3_2_2_, user3_.`id` as id1_4_3_, user3_.`enabled` as enabled2_4_3_, user3_.`login_name` as login_na3_4_3_, user3_.`pwd` as pwd4_4_3_, user3_.`role` as role5_4_3_ from `journal` journal0_ inner join `category` category1_ on journal0_.`category_id`=category1_.`id` inner join `publisher` publisher2_ on journal0_.`publisher_id`=publisher2_.`id` inner join `user` user3_ on publisher2_.`user_id`=user3_.`id` where journal0_.`id`=?
[DEBUG] Adding QuerySpace : uid = &lt;gen:0&gt; -&gt; org.hibernate.loader.plan.build.internal.spaces.EntityQuerySpaceImpl@2199e845]
[DEBUG] Visiting attribute path : category
[DEBUG] Adding QuerySpace : uid = &lt;gen:1&gt; -&gt; org.hibernate.loader.plan.build.internal.spaces.EntityQuerySpaceImpl@37e0056e]
[DEBUG] Visiting attribute path : category.name
[DEBUG] Visiting attribute path : name
[DEBUG] Visiting attribute path : publishDate
[DEBUG] Visiting attribute path : publisher
[DEBUG] Adding QuerySpace : uid = &lt;gen:2&gt; -&gt; org.hibernate.loader.plan.build.internal.spaces.EntityQuerySpaceImpl@2fe2965c]
[DEBUG] Visiting attribute path : publisher.name
[DEBUG] Visiting attribute path : publisher.user
[DEBUG] Adding QuerySpace : uid = &lt;gen:3&gt; -&gt; org.hibernate.loader.plan.build.internal.spaces.EntityQuerySpaceImpl@40943a6]
[DEBUG] Visiting attribute path : publisher.user.enabled
[DEBUG] Visiting attribute path : publisher.user.loginName
[DEBUG] Visiting attribute path : publisher.user.pwd
[DEBUG] Visiting attribute path : publisher.user.role
[DEBUG] Visiting attribute path : publisher.user.subscriptions
[DEBUG] Adding QuerySpace : uid = &lt;gen:4&gt; -&gt; org.hibernate.loader.plan.build.internal.spaces.CollectionQuerySpaceImpl@42679fc2]
[DEBUG] Adding QuerySpace : uid = &lt;gen:5&gt; -&gt; org.hibernate.loader.plan.build.internal.spaces.EntityQuerySpaceImpl@5e50df2e]
[DEBUG] Visiting attribute path : uuid
[DEBUG] Building LoadPlan...
[DEBUG] processing queryspace &lt;gen:0&gt;
[DEBUG] LoadPlan(entity=com.crossover.trial.journals.model.Journal)
    - Returns
       - EntityReturnImpl(entity=com.crossover.trial.journals.model.Journal, querySpaceUid=&lt;gen:0&gt;, path=com.crossover.trial.journals.model.Journal)
          - EntityAttributeFetchImpl(entity=com.crossover.trial.journals.model.Category, querySpaceUid=&lt;gen:1&gt;, path=com.crossover.trial.journals.model.Journal.category)
          - EntityAttributeFetchImpl(entity=com.crossover.trial.journals.model.Publisher, querySpaceUid=&lt;gen:2&gt;, path=com.crossover.trial.journals.model.Journal.publisher)
             - EntityAttributeFetchImpl(entity=com.crossover.trial.journals.model.User, querySpaceUid=&lt;gen:3&gt;, path=com.crossover.trial.journals.model.Journal.publisher.user)
                - CollectionAttributeFetchImpl(collection=com.crossover.trial.journals.model.User.subscriptions, querySpaceUid=&lt;gen:4&gt;, path=com.crossover.trial.journals.model.Journal.publisher.user.subscriptions)
                   - (collection element) CollectionFetchableElementEntityGraph(entity=com.crossover.trial.journals.model.Subscription, querySpaceUid=&lt;gen:5&gt;, path=com.crossover.trial.journals.model.Journal.publisher.user.subscriptions.&lt;elements&gt;)
    - QuerySpaces
       - EntityQuerySpaceImpl(uid=&lt;gen:0&gt;, entity=com.crossover.trial.journals.model.Journal)
          - SQL table alias mapping - journal0_
          - alias suffix - 0_
          - suffixed key columns - {id1_1_0_}
          - JOIN (JoinDefinedByMetadata(category)) : &lt;gen:0&gt; -&gt; &lt;gen:1&gt;
             - EntityQuerySpaceImpl(uid=&lt;gen:1&gt;, entity=com.crossover.trial.journals.model.Category)
                - SQL table alias mapping - category1_
                - alias suffix - 1_
                - suffixed key columns - {id1_0_1_}
          - JOIN (JoinDefinedByMetadata(publisher)) : &lt;gen:0&gt; -&gt; &lt;gen:2&gt;
             - EntityQuerySpaceImpl(uid=&lt;gen:2&gt;, entity=com.crossover.trial.journals.model.Publisher)
                - SQL table alias mapping - publisher2_
                - alias suffix - 2_
                - suffixed key columns - {id1_2_2_}
                - JOIN (JoinDefinedByMetadata(user)) : &lt;gen:2&gt; -&gt; &lt;gen:3&gt;
                   - EntityQuerySpaceImpl(uid=&lt;gen:3&gt;, entity=com.crossover.trial.journals.model.User)
                      - SQL table alias mapping - user3_
                      - alias suffix - 3_
                      - suffixed key columns - {id1_4_3_}

[DEBUG] Static select for entity com.crossover.trial.journals.model.Journal [READ]: select journal0_.`id` as id1_1_0_, journal0_.`category_id` as category5_1_0_, journal0_.`name` as name2_1_0_, journal0_.`publish_date` as publish_3_1_0_, journal0_.`publisher_id` as publishe6_1_0_, journal0_.`uuid` as uuid4_1_0_, category1_.`id` as id1_0_1_, category1_.`name` as name2_0_1_, publisher2_.`id` as id1_2_2_, publisher2_.`name` as name2_2_2_, publisher2_.`user_id` as user_id3_2_2_, user3_.`id` as id1_4_3_, user3_.`enabled` as enabled2_4_3_, user3_.`login_name` as login_na3_4_3_, user3_.`pwd` as pwd4_4_3_, user3_.`role` as role5_4_3_ from `journal` journal0_ inner join `category` category1_ on journal0_.`category_id`=category1_.`id` inner join `publisher` publisher2_ on journal0_.`publisher_id`=publisher2_.`id` inner join `user` user3_ on publisher2_.`user_id`=user3_.`id` where journal0_.`id`=?
[DEBUG] Adding QuerySpace : uid = &lt;gen:0&gt; -&gt; org.hibernate.loader.plan.build.internal.spaces.EntityQuerySpaceImpl@100aa331]
[DEBUG] Visiting attribute path : category
[DEBUG] Adding QuerySpace : uid = &lt;gen:1&gt; -&gt; org.hibernate.loader.plan.build.internal.spaces.EntityQuerySpaceImpl@724bf25f]
[DEBUG] Visiting attribute path : name
[DEBUG] Visiting attribute path : publishDate
[DEBUG] Visiting attribute path : publisher
[DEBUG] Adding QuerySpace : uid = &lt;gen:2&gt; -&gt; org.hibernate.loader.plan.build.internal.spaces.EntityQuerySpaceImpl@2abafa97]
[DEBUG] Visiting attribute path : uuid
[DEBUG] Building LoadPlan...
[DEBUG] processing queryspace &lt;gen:0&gt;
[DEBUG] LoadPlan(entity=com.crossover.trial.journals.model.Journal)
    - Returns
       - EntityReturnImpl(entity=com.crossover.trial.journals.model.Journal, querySpaceUid=&lt;gen:0&gt;, path=com.crossover.trial.journals.model.Journal)
          - EntityAttributeFetchImpl(entity=com.crossover.trial.journals.model.Category, querySpaceUid=&lt;gen:1&gt;, path=com.crossover.trial.journals.model.Journal.category)
          - EntityAttributeFetchImpl(entity=com.crossover.trial.journals.model.Publisher, querySpaceUid=&lt;gen:2&gt;, path=com.crossover.trial.journals.model.Journal.publisher)
    - QuerySpaces
       - EntityQuerySpaceImpl(uid=&lt;gen:0&gt;, entity=com.crossover.trial.journals.model.Journal)
          - SQL table alias mapping - journal0_
          - alias suffix - 0_
          - suffixed key columns - {id1_1_0_}

[DEBUG] Static select for entity com.crossover.trial.journals.model.Journal [UPGRADE]: select journal0_.`id` as id1_1_0_, journal0_.`category_id` as category5_1_0_, journal0_.`name` as name2_1_0_, journal0_.`publish_date` as publish_3_1_0_, journal0_.`publisher_id` as publishe6_1_0_, journal0_.`uuid` as uuid4_1_0_ from `journal` journal0_ where journal0_.`id`=? for update
[DEBUG] Adding QuerySpace : uid = &lt;gen:0&gt; -&gt; org.hibernate.loader.plan.build.internal.spaces.EntityQuerySpaceImpl@6f6cc7da]
[DEBUG] Visiting attribute path : category
[DEBUG] Adding QuerySpace : uid = &lt;gen:1&gt; -&gt; org.hibernate.loader.plan.build.internal.spaces.EntityQuerySpaceImpl@29f3c438]
[DEBUG] Visiting attribute path : name
[DEBUG] Visiting attribute path : publishDate
[DEBUG] Visiting attribute path : publisher
[DEBUG] Adding QuerySpace : uid = &lt;gen:2&gt; -&gt; org.hibernate.loader.plan.build.internal.spaces.EntityQuerySpaceImpl@5460edd3]
[DEBUG] Visiting attribute path : uuid
[DEBUG] Building LoadPlan...
[DEBUG] processing queryspace &lt;gen:0&gt;
[DEBUG] LoadPlan(entity=com.crossover.trial.journals.model.Journal)
    - Returns
       - EntityReturnImpl(entity=com.crossover.trial.journals.model.Journal, querySpaceUid=&lt;gen:0&gt;, path=com.crossover.trial.journals.model.Journal)
          - EntityAttributeFetchImpl(entity=com.crossover.trial.journals.model.Category, querySpaceUid=&lt;gen:1&gt;, path=com.crossover.trial.journals.model.Journal.category)
          - EntityAttributeFetchImpl(entity=com.crossover.trial.journals.model.Publisher, querySpaceUid=&lt;gen:2&gt;, path=com.crossover.trial.journals.model.Journal.publisher)
    - QuerySpaces
       - EntityQuerySpaceImpl(uid=&lt;gen:0&gt;, entity=com.crossover.trial.journals.model.Journal)
          - SQL table alias mapping - journal0_
          - alias suffix - 0_
          - suffixed key columns - {id1_1_0_}

[DEBUG] Static select for entity com.crossover.trial.journals.model.Journal [UPGRADE_NOWAIT]: select journal0_.`id` as id1_1_0_, journal0_.`category_id` as category5_1_0_, journal0_.`name` as name2_1_0_, journal0_.`publish_date` as publish_3_1_0_, journal0_.`publisher_id` as publishe6_1_0_, journal0_.`uuid` as uuid4_1_0_ from `journal` journal0_ where journal0_.`id`=? for update
[DEBUG] Adding QuerySpace : uid = &lt;gen:0&gt; -&gt; org.hibernate.loader.plan.build.internal.spaces.EntityQuerySpaceImpl@5dbbb292]
[DEBUG] Visiting attribute path : category
[DEBUG] Adding QuerySpace : uid = &lt;gen:1&gt; -&gt; org.hibernate.loader.plan.build.internal.spaces.EntityQuerySpaceImpl@565aa4ac]
[DEBUG] Visiting attribute path : name
[DEBUG] Visiting attribute path : publishDate
[DEBUG] Visiting attribute path : publisher
[DEBUG] Adding QuerySpace : uid = &lt;gen:2&gt; -&gt; org.hibernate.loader.plan.build.internal.spaces.EntityQuerySpaceImpl@587c5c1]
[DEBUG] Visiting attribute path : uuid
[DEBUG] Building LoadPlan...
[DEBUG] processing queryspace &lt;gen:0&gt;
[DEBUG] LoadPlan(entity=com.crossover.trial.journals.model.Journal)
    - Returns
       - EntityReturnImpl(entity=com.crossover.trial.journals.model.Journal, querySpaceUid=&lt;gen:0&gt;, path=com.crossover.trial.journals.model.Journal)
          - EntityAttributeFetchImpl(entity=com.crossover.trial.journals.model.Category, querySpaceUid=&lt;gen:1&gt;, path=com.crossover.trial.journals.model.Journal.category)
          - EntityAttributeFetchImpl(entity=com.crossover.trial.journals.model.Publisher, querySpaceUid=&lt;gen:2&gt;, path=com.crossover.trial.journals.model.Journal.publisher)
    - QuerySpaces
       - EntityQuerySpaceImpl(uid=&lt;gen:0&gt;, entity=com.crossover.trial.journals.model.Journal)
          - SQL table alias mapping - journal0_
          - alias suffix - 0_
          - suffixed key columns - {id1_1_0_}

[DEBUG] Static select for entity com.crossover.trial.journals.model.Journal [UPGRADE_SKIPLOCKED]: select journal0_.`id` as id1_1_0_, journal0_.`category_id` as category5_1_0_, journal0_.`name` as name2_1_0_, journal0_.`publish_date` as publish_3_1_0_, journal0_.`publisher_id` as publishe6_1_0_, journal0_.`uuid` as uuid4_1_0_ from `journal` journal0_ where journal0_.`id`=? for update
[DEBUG] Adding QuerySpace : uid = &lt;gen:0&gt; -&gt; org.hibernate.loader.plan.build.internal.spaces.EntityQuerySpaceImpl@528c8c1]
[DEBUG] Visiting attribute path : category
[DEBUG] Adding QuerySpace : uid = &lt;gen:1&gt; -&gt; org.hibernate.loader.plan.build.internal.spaces.EntityQuerySpaceImpl@1c046c92]
[DEBUG] Visiting attribute path : name
[DEBUG] Visiting attribute path : publishDate
[DEBUG] Visiting attribute path : publisher
[DEBUG] Adding QuerySpace : uid = &lt;gen:2&gt; -&gt; org.hibernate.loader.plan.build.internal.spaces.EntityQuerySpaceImpl@27960b1e]
[DEBUG] Visiting attribute path : uuid
[DEBUG] Building LoadPlan...
[DEBUG] processing queryspace &lt;gen:0&gt;
[DEBUG] LoadPlan(entity=com.crossover.trial.journals.model.Journal)
    - Returns
       - EntityReturnImpl(entity=com.crossover.trial.journals.model.Journal, querySpaceUid=&lt;gen:0&gt;, path=com.crossover.trial.journals.model.Journal)
          - EntityAttributeFetchImpl(entity=com.crossover.trial.journals.model.Category, querySpaceUid=&lt;gen:1&gt;, path=com.crossover.trial.journals.model.Journal.category)
          - EntityAttributeFetchImpl(entity=com.crossover.trial.journals.model.Publisher, querySpaceUid=&lt;gen:2&gt;, path=com.crossover.trial.journals.model.Journal.publisher)
    - QuerySpaces
       - EntityQuerySpaceImpl(uid=&lt;gen:0&gt;, entity=com.crossover.trial.journals.model.Journal)
          - SQL table alias mapping - journal0_
          - alias suffix - 0_
          - suffixed key columns - {id1_1_0_}

[DEBUG] Static select for entity com.crossover.trial.journals.model.Journal [FORCE]: select journal0_.`id` as id1_1_0_, journal0_.`category_id` as category5_1_0_, journal0_.`name` as name2_1_0_, journal0_.`publish_date` as publish_3_1_0_, journal0_.`publisher_id` as publishe6_1_0_, journal0_.`uuid` as uuid4_1_0_ from `journal` journal0_ where journal0_.`id`=? for update
[DEBUG] Adding QuerySpace : uid = &lt;gen:0&gt; -&gt; org.hibernate.loader.plan.build.internal.spaces.EntityQuerySpaceImpl@643ba1ed]
[DEBUG] Visiting attribute path : category
[DEBUG] Adding QuerySpace : uid = &lt;gen:1&gt; -&gt; org.hibernate.loader.plan.build.internal.spaces.EntityQuerySpaceImpl@26582ca]
[DEBUG] Visiting attribute path : name
[DEBUG] Visiting attribute path : publishDate
[DEBUG] Visiting attribute path : publisher
[DEBUG] Adding QuerySpace : uid = &lt;gen:2&gt; -&gt; org.hibernate.loader.plan.build.internal.spaces.EntityQuerySpaceImpl@153cb763]
[DEBUG] Visiting attribute path : uuid
[DEBUG] Building LoadPlan...
[DEBUG] processing queryspace &lt;gen:0&gt;
[DEBUG] LoadPlan(entity=com.crossover.trial.journals.model.Journal)
    - Returns
       - EntityReturnImpl(entity=com.crossover.trial.journals.model.Journal, querySpaceUid=&lt;gen:0&gt;, path=com.crossover.trial.journals.model.Journal)
          - EntityAttributeFetchImpl(entity=com.crossover.trial.journals.model.Category, querySpaceUid=&lt;gen:1&gt;, path=com.crossover.trial.journals.model.Journal.category)
          - EntityAttributeFetchImpl(entity=com.crossover.trial.journals.model.Publisher, querySpaceUid=&lt;gen:2&gt;, path=com.crossover.trial.journals.model.Journal.publisher)
    - QuerySpaces
       - EntityQuerySpaceImpl(uid=&lt;gen:0&gt;, entity=com.crossover.trial.journals.model.Journal)
          - SQL table alias mapping - journal0_
          - alias suffix - 0_
          - suffixed key columns - {id1_1_0_}

[DEBUG] Static select for entity com.crossover.trial.journals.model.Journal [PESSIMISTIC_READ]: select journal0_.`id` as id1_1_0_, journal0_.`category_id` as category5_1_0_, journal0_.`name` as name2_1_0_, journal0_.`publish_date` as publish_3_1_0_, journal0_.`publisher_id` as publishe6_1_0_, journal0_.`uuid` as uuid4_1_0_ from `journal` journal0_ where journal0_.`id`=? lock in share mode
[DEBUG] Adding QuerySpace : uid = &lt;gen:0&gt; -&gt; org.hibernate.loader.plan.build.internal.spaces.EntityQuerySpaceImpl@2c3158e0]
[DEBUG] Visiting attribute path : category
[DEBUG] Adding QuerySpace : uid = &lt;gen:1&gt; -&gt; org.hibernate.loader.plan.build.internal.spaces.EntityQuerySpaceImpl@6f731759]
[DEBUG] Visiting attribute path : name
[DEBUG] Visiting attribute path : publishDate
[DEBUG] Visiting attribute path : publisher
[DEBUG] Adding QuerySpace : uid = &lt;gen:2&gt; -&gt; org.hibernate.loader.plan.build.internal.spaces.EntityQuerySpaceImpl@1f84327b]
[DEBUG] Visiting attribute path : uuid
[DEBUG] Building LoadPlan...
[DEBUG] processing queryspace &lt;gen:0&gt;
[DEBUG] LoadPlan(entity=com.crossover.trial.journals.model.Journal)
    - Returns
       - EntityReturnImpl(entity=com.crossover.trial.journals.model.Journal, querySpaceUid=&lt;gen:0&gt;, path=com.crossover.trial.journals.model.Journal)
          - EntityAttributeFetchImpl(entity=com.crossover.trial.journals.model.Category, querySpaceUid=&lt;gen:1&gt;, path=com.crossover.trial.journals.model.Journal.category)
          - EntityAttributeFetchImpl(entity=com.crossover.trial.journals.model.Publisher, querySpaceUid=&lt;gen:2&gt;, path=com.crossover.trial.journals.model.Journal.publisher)
    - QuerySpaces
       - EntityQuerySpaceImpl(uid=&lt;gen:0&gt;, entity=com.crossover.trial.journals.model.Journal)
          - SQL table alias mapping - journal0_
          - alias suffix - 0_
          - suffixed key columns - {id1_1_0_}

[DEBUG] Static select for entity com.crossover.trial.journals.model.Journal [PESSIMISTIC_WRITE]: select journal0_.`id` as id1_1_0_, journal0_.`category_id` as category5_1_0_, journal0_.`name` as name2_1_0_, journal0_.`publish_date` as publish_3_1_0_, journal0_.`publisher_id` as publishe6_1_0_, journal0_.`uuid` as uuid4_1_0_ from `journal` journal0_ where journal0_.`id`=? for update
[DEBUG] Adding QuerySpace : uid = &lt;gen:0&gt; -&gt; org.hibernate.loader.plan.build.internal.spaces.EntityQuerySpaceImpl@39549f33]
[DEBUG] Visiting attribute path : category
[DEBUG] Adding QuerySpace : uid = &lt;gen:1&gt; -&gt; org.hibernate.loader.plan.build.internal.spaces.EntityQuerySpaceImpl@7a83ccd2]
[DEBUG] Visiting attribute path : name
[DEBUG] Visiting attribute path : publishDate
[DEBUG] Visiting attribute path : publisher
[DEBUG] Adding QuerySpace : uid = &lt;gen:2&gt; -&gt; org.hibernate.loader.plan.build.internal.spaces.EntityQuerySpaceImpl@44aa2e13]
[DEBUG] Visiting attribute path : uuid
[DEBUG] Building LoadPlan...
[DEBUG] processing queryspace &lt;gen:0&gt;
[DEBUG] LoadPlan(entity=com.crossover.trial.journals.model.Journal)
    - Returns
       - EntityReturnImpl(entity=com.crossover.trial.journals.model.Journal, querySpaceUid=&lt;gen:0&gt;, path=com.crossover.trial.journals.model.Journal)
          - EntityAttributeFetchImpl(entity=com.crossover.trial.journals.model.Category, querySpaceUid=&lt;gen:1&gt;, path=com.crossover.trial.journals.model.Journal.category)
          - EntityAttributeFetchImpl(entity=com.crossover.trial.journals.model.Publisher, querySpaceUid=&lt;gen:2&gt;, path=com.crossover.trial.journals.model.Journal.publisher)
    - QuerySpaces
       - EntityQuerySpaceImpl(uid=&lt;gen:0&gt;, entity=com.crossover.trial.journals.model.Journal)
          - SQL table alias mapping - journal0_
          - alias suffix - 0_
          - suffixed key columns - {id1_1_0_}

[DEBUG] Static select for entity com.crossover.trial.journals.model.Journal [PESSIMISTIC_FORCE_INCREMENT]: select journal0_.`id` as id1_1_0_, journal0_.`category_id` as category5_1_0_, journal0_.`name` as name2_1_0_, journal0_.`publish_date` as publish_3_1_0_, journal0_.`publisher_id` as publishe6_1_0_, journal0_.`uuid` as uuid4_1_0_ from `journal` journal0_ where journal0_.`id`=? for update
[DEBUG] Adding QuerySpace : uid = &lt;gen:0&gt; -&gt; org.hibernate.loader.plan.build.internal.spaces.EntityQuerySpaceImpl@599a9cb2]
[DEBUG] Visiting attribute path : category
[DEBUG] Adding QuerySpace : uid = &lt;gen:1&gt; -&gt; org.hibernate.loader.plan.build.internal.spaces.EntityQuerySpaceImpl@5e1a986c]
[DEBUG] Visiting attribute path : name
[DEBUG] Visiting attribute path : publishDate
[DEBUG] Visiting attribute path : publisher
[DEBUG] Adding QuerySpace : uid = &lt;gen:2&gt; -&gt; org.hibernate.loader.plan.build.internal.spaces.EntityQuerySpaceImpl@4b55ff0a]
[DEBUG] Visiting attribute path : uuid
[DEBUG] Building LoadPlan...
[DEBUG] processing queryspace &lt;gen:0&gt;
[DEBUG] LoadPlan(entity=com.crossover.trial.journals.model.Journal)
    - Returns
       - EntityReturnImpl(entity=com.crossover.trial.journals.model.Journal, querySpaceUid=&lt;gen:0&gt;, path=com.crossover.trial.journals.model.Journal)
          - EntityAttributeFetchImpl(entity=com.crossover.trial.journals.model.Category, querySpaceUid=&lt;gen:1&gt;, path=com.crossover.trial.journals.model.Journal.category)
          - EntityAttributeFetchImpl(entity=com.crossover.trial.journals.model.Publisher, querySpaceUid=&lt;gen:2&gt;, path=com.crossover.trial.journals.model.Journal.publisher)
    - QuerySpaces
       - EntityQuerySpaceImpl(uid=&lt;gen:0&gt;, entity=com.crossover.trial.journals.model.Journal)
          - SQL table alias mapping - journal0_
          - alias suffix - 0_
          - suffixed key columns - {id1_1_0_}

[DEBUG] Static select for entity com.crossover.trial.journals.model.Journal [OPTIMISTIC]: select journal0_.`id` as id1_1_0_, journal0_.`category_id` as category5_1_0_, journal0_.`name` as name2_1_0_, journal0_.`publish_date` as publish_3_1_0_, journal0_.`publisher_id` as publishe6_1_0_, journal0_.`uuid` as uuid4_1_0_ from `journal` journal0_ where journal0_.`id`=?
[DEBUG] Adding QuerySpace : uid = &lt;gen:0&gt; -&gt; org.hibernate.loader.plan.build.internal.spaces.EntityQuerySpaceImpl@46a795de]
[DEBUG] Visiting attribute path : category
[DEBUG] Adding QuerySpace : uid = &lt;gen:1&gt; -&gt; org.hibernate.loader.plan.build.internal.spaces.EntityQuerySpaceImpl@2f3928ac]
[DEBUG] Visiting attribute path : name
[DEBUG] Visiting attribute path : publishDate
[DEBUG] Visiting attribute path : publisher
[DEBUG] Adding QuerySpace : uid = &lt;gen:2&gt; -&gt; org.hibernate.loader.plan.build.internal.spaces.EntityQuerySpaceImpl@4bf03fee]
[DEBUG] Visiting attribute path : uuid
[DEBUG] Building LoadPlan...
[DEBUG] processing queryspace &lt;gen:0&gt;
[DEBUG] LoadPlan(entity=com.crossover.trial.journals.model.Journal)
    - Returns
       - EntityReturnImpl(entity=com.crossover.trial.journals.model.Journal, querySpaceUid=&lt;gen:0&gt;, path=com.crossover.trial.journals.model.Journal)
          - EntityAttributeFetchImpl(entity=com.crossover.trial.journals.model.Category, querySpaceUid=&lt;gen:1&gt;, path=com.crossover.trial.journals.model.Journal.category)
          - EntityAttributeFetchImpl(entity=com.crossover.trial.journals.model.Publisher, querySpaceUid=&lt;gen:2&gt;, path=com.crossover.trial.journals.model.Journal.publisher)
    - QuerySpaces
       - EntityQuerySpaceImpl(uid=&lt;gen:0&gt;, entity=com.crossover.trial.journals.model.Journal)
          - SQL table alias mapping - journal0_
          - alias suffix - 0_
          - suffixed key columns - {id1_1_0_}

[DEBUG] Static select for entity com.crossover.trial.journals.model.Journal [OPTIMISTIC_FORCE_INCREMENT]: select journal0_.`id` as id1_1_0_, journal0_.`category_id` as category5_1_0_, journal0_.`name` as name2_1_0_, journal0_.`publish_date` as publish_3_1_0_, journal0_.`publisher_id` as publishe6_1_0_, journal0_.`uuid` as uuid4_1_0_ from `journal` journal0_ where journal0_.`id`=?
[DEBUG] Static select for action ACTION_MERGE on entity com.crossover.trial.journals.model.Journal: select journal0_.`id` as id1_1_0_, journal0_.`category_id` as category5_1_0_, journal0_.`name` as name2_1_0_, journal0_.`publish_date` as publish_3_1_0_, journal0_.`publisher_id` as publishe6_1_0_, journal0_.`uuid` as uuid4_1_0_ from `journal` journal0_ where journal0_.`id`=?
[DEBUG] Static select for action ACTION_REFRESH on entity com.crossover.trial.journals.model.Journal: select journal0_.`id` as id1_1_0_, journal0_.`category_id` as category5_1_0_, journal0_.`name` as name2_1_0_, journal0_.`publish_date` as publish_3_1_0_, journal0_.`publisher_id` as publishe6_1_0_, journal0_.`uuid` as uuid4_1_0_ from `journal` journal0_ where journal0_.`id`=?
[DEBUG] Static SQL for entity: com.crossover.trial.journals.model.Category
[DEBUG]  Version select: select `id` from `category` where `id` =?
[DEBUG]  Snapshot select: select category_.`id`, category_.`name` as name2_0_ from `category` category_ where category_.`id`=?
[DEBUG]  Insert 0: insert into `category` (`name`, `id`) values (?, ?)
[DEBUG]  Update 0: update `category` set `name`=? where `id`=?
[DEBUG]  Delete 0: delete from `category` where `id`=?
[DEBUG]  Identity insert: insert into `category` (`name`) values (?)
[DEBUG] Adding QuerySpace : uid = &lt;gen:0&gt; -&gt; org.hibernate.loader.plan.build.internal.spaces.EntityQuerySpaceImpl@31834a2b]
[DEBUG] Visiting attribute path : name
[DEBUG] Building LoadPlan...
[DEBUG] processing queryspace &lt;gen:0&gt;
[DEBUG] LoadPlan(entity=com.crossover.trial.journals.model.Category)
    - Returns
       - EntityReturnImpl(entity=com.crossover.trial.journals.model.Category, querySpaceUid=&lt;gen:0&gt;, path=com.crossover.trial.journals.model.Category)
    - QuerySpaces
       - EntityQuerySpaceImpl(uid=&lt;gen:0&gt;, entity=com.crossover.trial.journals.model.Category)
          - SQL table alias mapping - category0_
          - alias suffix - 0_
          - suffixed key columns - {id1_0_0_}

[DEBUG] Static select for entity com.crossover.trial.journals.model.Category [NONE]: select category0_.`id` as id1_0_0_, category0_.`name` as name2_0_0_ from `category` category0_ where category0_.`id`=?
[DEBUG] Adding QuerySpace : uid = &lt;gen:0&gt; -&gt; org.hibernate.loader.plan.build.internal.spaces.EntityQuerySpaceImpl@22ead351]
[DEBUG] Visiting attribute path : name
[DEBUG] Building LoadPlan...
[DEBUG] processing queryspace &lt;gen:0&gt;
[DEBUG] LoadPlan(entity=com.crossover.trial.journals.model.Category)
    - Returns
       - EntityReturnImpl(entity=com.crossover.trial.journals.model.Category, querySpaceUid=&lt;gen:0&gt;, path=com.crossover.trial.journals.model.Category)
    - QuerySpaces
       - EntityQuerySpaceImpl(uid=&lt;gen:0&gt;, entity=com.crossover.trial.journals.model.Category)
          - SQL table alias mapping - category0_
          - alias suffix - 0_
          - suffixed key columns - {id1_0_0_}

[DEBUG] Static select for entity com.crossover.trial.journals.model.Category [READ]: select category0_.`id` as id1_0_0_, category0_.`name` as name2_0_0_ from `category` category0_ where category0_.`id`=?
[DEBUG] Adding QuerySpace : uid = &lt;gen:0&gt; -&gt; org.hibernate.loader.plan.build.internal.spaces.EntityQuerySpaceImpl@43d65a81]
[DEBUG] Visiting attribute path : name
[DEBUG] Building LoadPlan...
[DEBUG] processing queryspace &lt;gen:0&gt;
[DEBUG] LoadPlan(entity=com.crossover.trial.journals.model.Category)
    - Returns
       - EntityReturnImpl(entity=com.crossover.trial.journals.model.Category, querySpaceUid=&lt;gen:0&gt;, path=com.crossover.trial.journals.model.Category)
    - QuerySpaces
       - EntityQuerySpaceImpl(uid=&lt;gen:0&gt;, entity=com.crossover.trial.journals.model.Category)
          - SQL table alias mapping - category0_
          - alias suffix - 0_
          - suffixed key columns - {id1_0_0_}

[DEBUG] Static select for entity com.crossover.trial.journals.model.Category [UPGRADE]: select category0_.`id` as id1_0_0_, category0_.`name` as name2_0_0_ from `category` category0_ where category0_.`id`=? for update
[DEBUG] Adding QuerySpace : uid = &lt;gen:0&gt; -&gt; org.hibernate.loader.plan.build.internal.spaces.EntityQuerySpaceImpl@7418d76e]
[DEBUG] Visiting attribute path : name
[DEBUG] Building LoadPlan...
[DEBUG] processing queryspace &lt;gen:0&gt;
[DEBUG] LoadPlan(entity=com.crossover.trial.journals.model.Category)
    - Returns
       - EntityReturnImpl(entity=com.crossover.trial.journals.model.Category, querySpaceUid=&lt;gen:0&gt;, path=com.crossover.trial.journals.model.Category)
    - QuerySpaces
       - EntityQuerySpaceImpl(uid=&lt;gen:0&gt;, entity=com.crossover.trial.journals.model.Category)
          - SQL table alias mapping - category0_
          - alias suffix - 0_
          - suffixed key columns - {id1_0_0_}

[DEBUG] Static select for entity com.crossover.trial.journals.model.Category [UPGRADE_NOWAIT]: select category0_.`id` as id1_0_0_, category0_.`name` as name2_0_0_ from `category` category0_ where category0_.`id`=? for update
[DEBUG] Adding QuerySpace : uid = &lt;gen:0&gt; -&gt; org.hibernate.loader.plan.build.internal.spaces.EntityQuerySpaceImpl@11ede87f]
[DEBUG] Visiting attribute path : name
[DEBUG] Building LoadPlan...
[DEBUG] processing queryspace &lt;gen:0&gt;
[DEBUG] LoadPlan(entity=com.crossover.trial.journals.model.Category)
    - Returns
       - EntityReturnImpl(entity=com.crossover.trial.journals.model.Category, querySpaceUid=&lt;gen:0&gt;, path=com.crossover.trial.journals.model.Category)
    - QuerySpaces
       - EntityQuerySpaceImpl(uid=&lt;gen:0&gt;, entity=com.crossover.trial.journals.model.Category)
          - SQL table alias mapping - category0_
          - alias suffix - 0_
          - suffixed key columns - {id1_0_0_}

[DEBUG] Static select for entity com.crossover.trial.journals.model.Category [UPGRADE_SKIPLOCKED]: select category0_.`id` as id1_0_0_, category0_.`name` as name2_0_0_ from `category` category0_ where category0_.`id`=? for update
[DEBUG] Adding QuerySpace : uid = &lt;gen:0&gt; -&gt; org.hibernate.loader.plan.build.internal.spaces.EntityQuerySpaceImpl@44e4cb76]
[DEBUG] Visiting attribute path : name
[DEBUG] Building LoadPlan...
[DEBUG] processing queryspace &lt;gen:0&gt;
[DEBUG] LoadPlan(entity=com.crossover.trial.journals.model.Category)
    - Returns
       - EntityReturnImpl(entity=com.crossover.trial.journals.model.Category, querySpaceUid=&lt;gen:0&gt;, path=com.crossover.trial.journals.model.Category)
    - QuerySpaces
       - EntityQuerySpaceImpl(uid=&lt;gen:0&gt;, entity=com.crossover.trial.journals.model.Category)
          - SQL table alias mapping - category0_
          - alias suffix - 0_
          - suffixed key columns - {id1_0_0_}

[DEBUG] Static select for entity com.crossover.trial.journals.model.Category [FORCE]: select category0_.`id` as id1_0_0_, category0_.`name` as name2_0_0_ from `category` category0_ where category0_.`id`=? for update
[DEBUG] Adding QuerySpace : uid = &lt;gen:0&gt; -&gt; org.hibernate.loader.plan.build.internal.spaces.EntityQuerySpaceImpl@2f9a10df]
[DEBUG] Visiting attribute path : name
[DEBUG] Building LoadPlan...
[DEBUG] processing queryspace &lt;gen:0&gt;
[DEBUG] LoadPlan(entity=com.crossover.trial.journals.model.Category)
    - Returns
       - EntityReturnImpl(entity=com.crossover.trial.journals.model.Category, querySpaceUid=&lt;gen:0&gt;, path=com.crossover.trial.journals.model.Category)
    - QuerySpaces
       - EntityQuerySpaceImpl(uid=&lt;gen:0&gt;, entity=com.crossover.trial.journals.model.Category)
          - SQL table alias mapping - category0_
          - alias suffix - 0_
          - suffixed key columns - {id1_0_0_}

[DEBUG] Static select for entity com.crossover.trial.journals.model.Category [PESSIMISTIC_READ]: select category0_.`id` as id1_0_0_, category0_.`name` as name2_0_0_ from `category` category0_ where category0_.`id`=? lock in share mode
[DEBUG] Adding QuerySpace : uid = &lt;gen:0&gt; -&gt; org.hibernate.loader.plan.build.internal.spaces.EntityQuerySpaceImpl@15e1f8fe]
[DEBUG] Visiting attribute path : name
[DEBUG] Building LoadPlan...
[DEBUG] processing queryspace &lt;gen:0&gt;
[DEBUG] LoadPlan(entity=com.crossover.trial.journals.model.Category)
    - Returns
       - EntityReturnImpl(entity=com.crossover.trial.journals.model.Category, querySpaceUid=&lt;gen:0&gt;, path=com.crossover.trial.journals.model.Category)
    - QuerySpaces
       - EntityQuerySpaceImpl(uid=&lt;gen:0&gt;, entity=com.crossover.trial.journals.model.Category)
          - SQL table alias mapping - category0_
          - alias suffix - 0_
          - suffixed key columns - {id1_0_0_}

[DEBUG] Static select for entity com.crossover.trial.journals.model.Category [PESSIMISTIC_WRITE]: select category0_.`id` as id1_0_0_, category0_.`name` as name2_0_0_ from `category` category0_ where category0_.`id`=? for update
[DEBUG] Adding QuerySpace : uid = &lt;gen:0&gt; -&gt; org.hibernate.loader.plan.build.internal.spaces.EntityQuerySpaceImpl@6ee88e21]
[DEBUG] Visiting attribute path : name
[DEBUG] Building LoadPlan...
[DEBUG] processing queryspace &lt;gen:0&gt;
[DEBUG] LoadPlan(entity=com.crossover.trial.journals.model.Category)
    - Returns
       - EntityReturnImpl(entity=com.crossover.trial.journals.model.Category, querySpaceUid=&lt;gen:0&gt;, path=com.crossover.trial.journals.model.Category)
    - QuerySpaces
       - EntityQuerySpaceImpl(uid=&lt;gen:0&gt;, entity=com.crossover.trial.journals.model.Category)
          - SQL table alias mapping - category0_
          - alias suffix - 0_
          - suffixed key columns - {id1_0_0_}

[DEBUG] Static select for entity com.crossover.trial.journals.model.Category [PESSIMISTIC_FORCE_INCREMENT]: select category0_.`id` as id1_0_0_, category0_.`name` as name2_0_0_ from `category` category0_ where category0_.`id`=? for update
[DEBUG] Adding QuerySpace : uid = &lt;gen:0&gt; -&gt; org.hibernate.loader.plan.build.internal.spaces.EntityQuerySpaceImpl@626e0c86]
[DEBUG] Visiting attribute path : name
[DEBUG] Building LoadPlan...
[DEBUG] processing queryspace &lt;gen:0&gt;
[DEBUG] LoadPlan(entity=com.crossover.trial.journals.model.Category)
    - Returns
       - EntityReturnImpl(entity=com.crossover.trial.journals.model.Category, querySpaceUid=&lt;gen:0&gt;, path=com.crossover.trial.journals.model.Category)
    - QuerySpaces
       - EntityQuerySpaceImpl(uid=&lt;gen:0&gt;, entity=com.crossover.trial.journals.model.Category)
          - SQL table alias mapping - category0_
          - alias suffix - 0_
          - suffixed key columns - {id1_0_0_}

[DEBUG] Static select for entity com.crossover.trial.journals.model.Category [OPTIMISTIC]: select category0_.`id` as id1_0_0_, category0_.`name` as name2_0_0_ from `category` category0_ where category0_.`id`=?
[DEBUG] Adding QuerySpace : uid = &lt;gen:0&gt; -&gt; org.hibernate.loader.plan.build.internal.spaces.EntityQuerySpaceImpl@2dd1086]
[DEBUG] Visiting attribute path : name
[DEBUG] Building LoadPlan...
[DEBUG] processing queryspace &lt;gen:0&gt;
[DEBUG] LoadPlan(entity=com.crossover.trial.journals.model.Category)
    - Returns
       - EntityReturnImpl(entity=com.crossover.trial.journals.model.Category, querySpaceUid=&lt;gen:0&gt;, path=com.crossover.trial.journals.model.Category)
    - QuerySpaces
       - EntityQuerySpaceImpl(uid=&lt;gen:0&gt;, entity=com.crossover.trial.journals.model.Category)
          - SQL table alias mapping - category0_
          - alias suffix - 0_
          - suffixed key columns - {id1_0_0_}

[DEBUG] Static select for entity com.crossover.trial.journals.model.Category [OPTIMISTIC_FORCE_INCREMENT]: select category0_.`id` as id1_0_0_, category0_.`name` as name2_0_0_ from `category` category0_ where category0_.`id`=?
[DEBUG] Static select for action ACTION_MERGE on entity com.crossover.trial.journals.model.Category: select category0_.`id` as id1_0_0_, category0_.`name` as name2_0_0_ from `category` category0_ where category0_.`id`=?
[DEBUG] Static select for action ACTION_REFRESH on entity com.crossover.trial.journals.model.Category: select category0_.`id` as id1_0_0_, category0_.`name` as name2_0_0_ from `category` category0_ where category0_.`id`=?
[DEBUG] Static SQL for entity: com.crossover.trial.journals.model.Subscription
[DEBUG]  Version select: select `id` from `subscription` where `id` =?
[DEBUG]  Snapshot select: select subscripti_.`id`, subscripti_.category_id as category3_3_, subscripti_.`date` as date2_3_, subscripti_.`user_id` as user_id4_3_ from `subscription` subscripti_ where subscripti_.`id`=?
[DEBUG]  Insert 0: insert into `subscription` (category_id, `date`, `user_id`, `id`) values (?, ?, ?, ?)
[DEBUG]  Update 0: update `subscription` set category_id=?, `date`=?, `user_id`=? where `id`=?
[DEBUG]  Delete 0: delete from `subscription` where `id`=?
[DEBUG]  Identity insert: insert into `subscription` (category_id, `date`, `user_id`) values (?, ?, ?)
[DEBUG] Adding QuerySpace : uid = &lt;gen:0&gt; -&gt; org.hibernate.loader.plan.build.internal.spaces.EntityQuerySpaceImpl@79957f11]
[DEBUG] Visiting attribute path : category
[DEBUG] Adding QuerySpace : uid = &lt;gen:1&gt; -&gt; org.hibernate.loader.plan.build.internal.spaces.EntityQuerySpaceImpl@4b41587d]
[DEBUG] Visiting attribute path : category.name
[DEBUG] Visiting attribute path : date
[DEBUG] Visiting attribute path : user
[DEBUG] Adding QuerySpace : uid = &lt;gen:2&gt; -&gt; org.hibernate.loader.plan.build.internal.spaces.EntityQuerySpaceImpl@18d47df0]
[DEBUG] Visiting attribute path : user.enabled
[DEBUG] Visiting attribute path : user.loginName
[DEBUG] Visiting attribute path : user.pwd
[DEBUG] Visiting attribute path : user.role
[DEBUG] Visiting attribute path : user.subscriptions
[DEBUG] Property path deemed to be circular : user.subscriptions
[DEBUG] Building LoadPlan...
[DEBUG] processing queryspace &lt;gen:0&gt;
[DEBUG] LoadPlan(entity=com.crossover.trial.journals.model.Subscription)
    - Returns
       - EntityReturnImpl(entity=com.crossover.trial.journals.model.Subscription, querySpaceUid=&lt;gen:0&gt;, path=com.crossover.trial.journals.model.Subscription)
          - EntityAttributeFetchImpl(entity=com.crossover.trial.journals.model.Category, querySpaceUid=&lt;gen:1&gt;, path=com.crossover.trial.journals.model.Subscription.category)
          - EntityAttributeFetchImpl(entity=com.crossover.trial.journals.model.User, querySpaceUid=&lt;gen:2&gt;, path=com.crossover.trial.journals.model.Subscription.user)
    - QuerySpaces
       - EntityQuerySpaceImpl(uid=&lt;gen:0&gt;, entity=com.crossover.trial.journals.model.Subscription)
          - SQL table alias mapping - subscripti0_
          - alias suffix - 0_
          - suffixed key columns - {id1_3_0_}
          - JOIN (JoinDefinedByMetadata(category)) : &lt;gen:0&gt; -&gt; &lt;gen:1&gt;
             - EntityQuerySpaceImpl(uid=&lt;gen:1&gt;, entity=com.crossover.trial.journals.model.Category)
                - SQL table alias mapping - category1_
                - alias suffix - 1_
                - suffixed key columns - {id1_0_1_}
          - JOIN (JoinDefinedByMetadata(user)) : &lt;gen:0&gt; -&gt; &lt;gen:2&gt;
             - EntityQuerySpaceImpl(uid=&lt;gen:2&gt;, entity=com.crossover.trial.journals.model.User)
                - SQL table alias mapping - user2_
                - alias suffix - 2_
                - suffixed key columns - {id1_4_2_}

[DEBUG] Static select for entity com.crossover.trial.journals.model.Subscription [NONE]: select subscripti0_.`id` as id1_3_0_, subscripti0_.category_id as category3_3_0_, subscripti0_.`date` as date2_3_0_, subscripti0_.`user_id` as user_id4_3_0_, category1_.`id` as id1_0_1_, category1_.`name` as name2_0_1_, user2_.`id` as id1_4_2_, user2_.`enabled` as enabled2_4_2_, user2_.`login_name` as login_na3_4_2_, user2_.`pwd` as pwd4_4_2_, user2_.`role` as role5_4_2_ from `subscription` subscripti0_ inner join `category` category1_ on subscripti0_.category_id=category1_.`id` inner join `user` user2_ on subscripti0_.`user_id`=user2_.`id` where subscripti0_.`id`=?
[DEBUG] Adding QuerySpace : uid = &lt;gen:0&gt; -&gt; org.hibernate.loader.plan.build.internal.spaces.EntityQuerySpaceImpl@697a0948]
[DEBUG] Visiting attribute path : category
[DEBUG] Adding QuerySpace : uid = &lt;gen:1&gt; -&gt; org.hibernate.loader.plan.build.internal.spaces.EntityQuerySpaceImpl@4776e209]
[DEBUG] Visiting attribute path : category.name
[DEBUG] Visiting attribute path : date
[DEBUG] Visiting attribute path : user
[DEBUG] Adding QuerySpace : uid = &lt;gen:2&gt; -&gt; org.hibernate.loader.plan.build.internal.spaces.EntityQuerySpaceImpl@1f536481]
[DEBUG] Visiting attribute path : user.enabled
[DEBUG] Visiting attribute path : user.loginName
[DEBUG] Visiting attribute path : user.pwd
[DEBUG] Visiting attribute path : user.role
[DEBUG] Visiting attribute path : user.subscriptions
[DEBUG] Property path deemed to be circular : user.subscriptions
[DEBUG] Building LoadPlan...
[DEBUG] processing queryspace &lt;gen:0&gt;
[DEBUG] LoadPlan(entity=com.crossover.trial.journals.model.Subscription)
    - Returns
       - EntityReturnImpl(entity=com.crossover.trial.journals.model.Subscription, querySpaceUid=&lt;gen:0&gt;, path=com.crossover.trial.journals.model.Subscription)
          - EntityAttributeFetchImpl(entity=com.crossover.trial.journals.model.Category, querySpaceUid=&lt;gen:1&gt;, path=com.crossover.trial.journals.model.Subscription.category)
          - EntityAttributeFetchImpl(entity=com.crossover.trial.journals.model.User, querySpaceUid=&lt;gen:2&gt;, path=com.crossover.trial.journals.model.Subscription.user)
    - QuerySpaces
       - EntityQuerySpaceImpl(uid=&lt;gen:0&gt;, entity=com.crossover.trial.journals.model.Subscription)
          - SQL table alias mapping - subscripti0_
          - alias suffix - 0_
          - suffixed key columns - {id1_3_0_}
          - JOIN (JoinDefinedByMetadata(category)) : &lt;gen:0&gt; -&gt; &lt;gen:1&gt;
             - EntityQuerySpaceImpl(uid=&lt;gen:1&gt;, entity=com.crossover.trial.journals.model.Category)
                - SQL table alias mapping - category1_
                - alias suffix - 1_
                - suffixed key columns - {id1_0_1_}
          - JOIN (JoinDefinedByMetadata(user)) : &lt;gen:0&gt; -&gt; &lt;gen:2&gt;
             - EntityQuerySpaceImpl(uid=&lt;gen:2&gt;, entity=com.crossover.trial.journals.model.User)
                - SQL table alias mapping - user2_
                - alias suffix - 2_
                - suffixed key columns - {id1_4_2_}

[DEBUG] Static select for entity com.crossover.trial.journals.model.Subscription [READ]: select subscripti0_.`id` as id1_3_0_, subscripti0_.category_id as category3_3_0_, subscripti0_.`date` as date2_3_0_, subscripti0_.`user_id` as user_id4_3_0_, category1_.`id` as id1_0_1_, category1_.`name` as name2_0_1_, user2_.`id` as id1_4_2_, user2_.`enabled` as enabled2_4_2_, user2_.`login_name` as login_na3_4_2_, user2_.`pwd` as pwd4_4_2_, user2_.`role` as role5_4_2_ from `subscription` subscripti0_ inner join `category` category1_ on subscripti0_.category_id=category1_.`id` inner join `user` user2_ on subscripti0_.`user_id`=user2_.`id` where subscripti0_.`id`=?
[DEBUG] Adding QuerySpace : uid = &lt;gen:0&gt; -&gt; org.hibernate.loader.plan.build.internal.spaces.EntityQuerySpaceImpl@22a260ff]
[DEBUG] Visiting attribute path : category
[DEBUG] Adding QuerySpace : uid = &lt;gen:1&gt; -&gt; org.hibernate.loader.plan.build.internal.spaces.EntityQuerySpaceImpl@50b734c4]
[DEBUG] Visiting attribute path : date
[DEBUG] Visiting attribute path : user
[DEBUG] Adding QuerySpace : uid = &lt;gen:2&gt; -&gt; org.hibernate.loader.plan.build.internal.spaces.EntityQuerySpaceImpl@2744dcae]
[DEBUG] Building LoadPlan...
[DEBUG] processing queryspace &lt;gen:0&gt;
[DEBUG] LoadPlan(entity=com.crossover.trial.journals.model.Subscription)
    - Returns
       - EntityReturnImpl(entity=com.crossover.trial.journals.model.Subscription, querySpaceUid=&lt;gen:0&gt;, path=com.crossover.trial.journals.model.Subscription)
          - EntityAttributeFetchImpl(entity=com.crossover.trial.journals.model.Category, querySpaceUid=&lt;gen:1&gt;, path=com.crossover.trial.journals.model.Subscription.category)
          - EntityAttributeFetchImpl(entity=com.crossover.trial.journals.model.User, querySpaceUid=&lt;gen:2&gt;, path=com.crossover.trial.journals.model.Subscription.user)
    - QuerySpaces
       - EntityQuerySpaceImpl(uid=&lt;gen:0&gt;, entity=com.crossover.trial.journals.model.Subscription)
          - SQL table alias mapping - subscripti0_
          - alias suffix - 0_
          - suffixed key columns - {id1_3_0_}

[DEBUG] Static select for entity com.crossover.trial.journals.model.Subscription [UPGRADE]: select subscripti0_.`id` as id1_3_0_, subscripti0_.category_id as category3_3_0_, subscripti0_.`date` as date2_3_0_, subscripti0_.`user_id` as user_id4_3_0_ from `subscription` subscripti0_ where subscripti0_.`id`=? for update
[DEBUG] Adding QuerySpace : uid = &lt;gen:0&gt; -&gt; org.hibernate.loader.plan.build.internal.spaces.EntityQuerySpaceImpl@16d0e521]
[DEBUG] Visiting attribute path : category
[DEBUG] Adding QuerySpace : uid = &lt;gen:1&gt; -&gt; org.hibernate.loader.plan.build.internal.spaces.EntityQuerySpaceImpl@ab4aa5e]
[DEBUG] Visiting attribute path : date
[DEBUG] Visiting attribute path : user
[DEBUG] Adding QuerySpace : uid = &lt;gen:2&gt; -&gt; org.hibernate.loader.plan.build.internal.spaces.EntityQuerySpaceImpl@b14b60a]
[DEBUG] Building LoadPlan...
[DEBUG] processing queryspace &lt;gen:0&gt;
[DEBUG] LoadPlan(entity=com.crossover.trial.journals.model.Subscription)
    - Returns
       - EntityReturnImpl(entity=com.crossover.trial.journals.model.Subscription, querySpaceUid=&lt;gen:0&gt;, path=com.crossover.trial.journals.model.Subscription)
          - EntityAttributeFetchImpl(entity=com.crossover.trial.journals.model.Category, querySpaceUid=&lt;gen:1&gt;, path=com.crossover.trial.journals.model.Subscription.category)
          - EntityAttributeFetchImpl(entity=com.crossover.trial.journals.model.User, querySpaceUid=&lt;gen:2&gt;, path=com.crossover.trial.journals.model.Subscription.user)
    - QuerySpaces
       - EntityQuerySpaceImpl(uid=&lt;gen:0&gt;, entity=com.crossover.trial.journals.model.Subscription)
          - SQL table alias mapping - subscripti0_
          - alias suffix - 0_
          - suffixed key columns - {id1_3_0_}

[DEBUG] Static select for entity com.crossover.trial.journals.model.Subscription [UPGRADE_NOWAIT]: select subscripti0_.`id` as id1_3_0_, subscripti0_.category_id as category3_3_0_, subscripti0_.`date` as date2_3_0_, subscripti0_.`user_id` as user_id4_3_0_ from `subscription` subscripti0_ where subscripti0_.`id`=? for update
[DEBUG] Adding QuerySpace : uid = &lt;gen:0&gt; -&gt; org.hibernate.loader.plan.build.internal.spaces.EntityQuerySpaceImpl@1a7cb3a4]
[DEBUG] Visiting attribute path : category
[DEBUG] Adding QuerySpace : uid = &lt;gen:1&gt; -&gt; org.hibernate.loader.plan.build.internal.spaces.EntityQuerySpaceImpl@33e0c716]
[DEBUG] Visiting attribute path : date
[DEBUG] Visiting attribute path : user
[DEBUG] Adding QuerySpace : uid = &lt;gen:2&gt; -&gt; org.hibernate.loader.plan.build.internal.spaces.EntityQuerySpaceImpl@1d6a8386]
[DEBUG] Building LoadPlan...
[DEBUG] processing queryspace &lt;gen:0&gt;
[DEBUG] LoadPlan(entity=com.crossover.trial.journals.model.Subscription)
    - Returns
       - EntityReturnImpl(entity=com.crossover.trial.journals.model.Subscription, querySpaceUid=&lt;gen:0&gt;, path=com.crossover.trial.journals.model.Subscription)
          - EntityAttributeFetchImpl(entity=com.crossover.trial.journals.model.Category, querySpaceUid=&lt;gen:1&gt;, path=com.crossover.trial.journals.model.Subscription.category)
          - EntityAttributeFetchImpl(entity=com.crossover.trial.journals.model.User, querySpaceUid=&lt;gen:2&gt;, path=com.crossover.trial.journals.model.Subscription.user)
    - QuerySpaces
       - EntityQuerySpaceImpl(uid=&lt;gen:0&gt;, entity=com.crossover.trial.journals.model.Subscription)
          - SQL table alias mapping - subscripti0_
          - alias suffix - 0_
          - suffixed key columns - {id1_3_0_}

[DEBUG] Static select for entity com.crossover.trial.journals.model.Subscription [UPGRADE_SKIPLOCKED]: select subscripti0_.`id` as id1_3_0_, subscripti0_.category_id as category3_3_0_, subscripti0_.`date` as date2_3_0_, subscripti0_.`user_id` as user_id4_3_0_ from `subscription` subscripti0_ where subscripti0_.`id`=? for update
[DEBUG] Adding QuerySpace : uid = &lt;gen:0&gt; -&gt; org.hibernate.loader.plan.build.internal.spaces.EntityQuerySpaceImpl@6274f21c]
[DEBUG] Visiting attribute path : category
[DEBUG] Adding QuerySpace : uid = &lt;gen:1&gt; -&gt; org.hibernate.loader.plan.build.internal.spaces.EntityQuerySpaceImpl@237add]
[DEBUG] Visiting attribute path : date
[DEBUG] Visiting attribute path : user
[DEBUG] Adding QuerySpace : uid = &lt;gen:2&gt; -&gt; org.hibernate.loader.plan.build.internal.spaces.EntityQuerySpaceImpl@491cafec]
[DEBUG] Building LoadPlan...
[DEBUG] processing queryspace &lt;gen:0&gt;
[DEBUG] LoadPlan(entity=com.crossover.trial.journals.model.Subscription)
    - Returns
       - EntityReturnImpl(entity=com.crossover.trial.journals.model.Subscription, querySpaceUid=&lt;gen:0&gt;, path=com.crossover.trial.journals.model.Subscription)
          - EntityAttributeFetchImpl(entity=com.crossover.trial.journals.model.Category, querySpaceUid=&lt;gen:1&gt;, path=com.crossover.trial.journals.model.Subscription.category)
          - EntityAttributeFetchImpl(entity=com.crossover.trial.journals.model.User, querySpaceUid=&lt;gen:2&gt;, path=com.crossover.trial.journals.model.Subscription.user)
    - QuerySpaces
       - EntityQuerySpaceImpl(uid=&lt;gen:0&gt;, entity=com.crossover.trial.journals.model.Subscription)
          - SQL table alias mapping - subscripti0_
          - alias suffix - 0_
          - suffixed key columns - {id1_3_0_}

[DEBUG] Static select for entity com.crossover.trial.journals.model.Subscription [FORCE]: select subscripti0_.`id` as id1_3_0_, subscripti0_.category_id as category3_3_0_, subscripti0_.`date` as date2_3_0_, subscripti0_.`user_id` as user_id4_3_0_ from `subscription` subscripti0_ where subscripti0_.`id`=? for update
[DEBUG] Adding QuerySpace : uid = &lt;gen:0&gt; -&gt; org.hibernate.loader.plan.build.internal.spaces.EntityQuerySpaceImpl@cbd40c1]
[DEBUG] Visiting attribute path : category
[DEBUG] Adding QuerySpace : uid = &lt;gen:1&gt; -&gt; org.hibernate.loader.plan.build.internal.spaces.EntityQuerySpaceImpl@54c60202]
[DEBUG] Visiting attribute path : date
[DEBUG] Visiting attribute path : user
[DEBUG] Adding QuerySpace : uid = &lt;gen:2&gt; -&gt; org.hibernate.loader.plan.build.internal.spaces.EntityQuerySpaceImpl@7889b4b9]
[DEBUG] Building LoadPlan...
[DEBUG] processing queryspace &lt;gen:0&gt;
[DEBUG] LoadPlan(entity=com.crossover.trial.journals.model.Subscription)
    - Returns
       - EntityReturnImpl(entity=com.crossover.trial.journals.model.Subscription, querySpaceUid=&lt;gen:0&gt;, path=com.crossover.trial.journals.model.Subscription)
          - EntityAttributeFetchImpl(entity=com.crossover.trial.journals.model.Category, querySpaceUid=&lt;gen:1&gt;, path=com.crossover.trial.journals.model.Subscription.category)
          - EntityAttributeFetchImpl(entity=com.crossover.trial.journals.model.User, querySpaceUid=&lt;gen:2&gt;, path=com.crossover.trial.journals.model.Subscription.user)
    - QuerySpaces
       - EntityQuerySpaceImpl(uid=&lt;gen:0&gt;, entity=com.crossover.trial.journals.model.Subscription)
          - SQL table alias mapping - subscripti0_
          - alias suffix - 0_
          - suffixed key columns - {id1_3_0_}

[DEBUG] Static select for entity com.crossover.trial.journals.model.Subscription [PESSIMISTIC_READ]: select subscripti0_.`id` as id1_3_0_, subscripti0_.category_id as category3_3_0_, subscripti0_.`date` as date2_3_0_, subscripti0_.`user_id` as user_id4_3_0_ from `subscription` subscripti0_ where subscripti0_.`id`=? lock in share mode
[DEBUG] Adding QuerySpace : uid = &lt;gen:0&gt; -&gt; org.hibernate.loader.plan.build.internal.spaces.EntityQuerySpaceImpl@1e545821]
[DEBUG] Visiting attribute path : category
[DEBUG] Adding QuerySpace : uid = &lt;gen:1&gt; -&gt; org.hibernate.loader.plan.build.internal.spaces.EntityQuerySpaceImpl@76a7fcbd]
[DEBUG] Visiting attribute path : date
[DEBUG] Visiting attribute path : user
[DEBUG] Adding QuerySpace : uid = &lt;gen:2&gt; -&gt; org.hibernate.loader.plan.build.internal.spaces.EntityQuerySpaceImpl@433ea2ac]
[DEBUG] Building LoadPlan...
[DEBUG] processing queryspace &lt;gen:0&gt;
[DEBUG] LoadPlan(entity=com.crossover.trial.journals.model.Subscription)
    - Returns
       - EntityReturnImpl(entity=com.crossover.trial.journals.model.Subscription, querySpaceUid=&lt;gen:0&gt;, path=com.crossover.trial.journals.model.Subscription)
          - EntityAttributeFetchImpl(entity=com.crossover.trial.journals.model.Category, querySpaceUid=&lt;gen:1&gt;, path=com.crossover.trial.journals.model.Subscription.category)
          - EntityAttributeFetchImpl(entity=com.crossover.trial.journals.model.User, querySpaceUid=&lt;gen:2&gt;, path=com.crossover.trial.journals.model.Subscription.user)
    - QuerySpaces
       - EntityQuerySpaceImpl(uid=&lt;gen:0&gt;, entity=com.crossover.trial.journals.model.Subscription)
          - SQL table alias mapping - subscripti0_
          - alias suffix - 0_
          - suffixed key columns - {id1_3_0_}

[DEBUG] Static select for entity com.crossover.trial.journals.model.Subscription [PESSIMISTIC_WRITE]: select subscripti0_.`id` as id1_3_0_, subscripti0_.category_id as category3_3_0_, subscripti0_.`date` as date2_3_0_, subscripti0_.`user_id` as user_id4_3_0_ from `subscription` subscripti0_ where subscripti0_.`id`=? for update
[DEBUG] Adding QuerySpace : uid = &lt;gen:0&gt; -&gt; org.hibernate.loader.plan.build.internal.spaces.EntityQuerySpaceImpl@7f977fba]
[DEBUG] Visiting attribute path : category
[DEBUG] Adding QuerySpace : uid = &lt;gen:1&gt; -&gt; org.hibernate.loader.plan.build.internal.spaces.EntityQuerySpaceImpl@d653e41]
[DEBUG] Visiting attribute path : date
[DEBUG] Visiting attribute path : user
[DEBUG] Adding QuerySpace : uid = &lt;gen:2&gt; -&gt; org.hibernate.loader.plan.build.internal.spaces.EntityQuerySpaceImpl@3b78c683]
[DEBUG] Building LoadPlan...
[DEBUG] processing queryspace &lt;gen:0&gt;
[DEBUG] LoadPlan(entity=com.crossover.trial.journals.model.Subscription)
    - Returns
       - EntityReturnImpl(entity=com.crossover.trial.journals.model.Subscription, querySpaceUid=&lt;gen:0&gt;, path=com.crossover.trial.journals.model.Subscription)
          - EntityAttributeFetchImpl(entity=com.crossover.trial.journals.model.Category, querySpaceUid=&lt;gen:1&gt;, path=com.crossover.trial.journals.model.Subscription.category)
          - EntityAttributeFetchImpl(entity=com.crossover.trial.journals.model.User, querySpaceUid=&lt;gen:2&gt;, path=com.crossover.trial.journals.model.Subscription.user)
    - QuerySpaces
       - EntityQuerySpaceImpl(uid=&lt;gen:0&gt;, entity=com.crossover.trial.journals.model.Subscription)
          - SQL table alias mapping - subscripti0_
          - alias suffix - 0_
          - suffixed key columns - {id1_3_0_}

[DEBUG] Static select for entity com.crossover.trial.journals.model.Subscription [PESSIMISTIC_FORCE_INCREMENT]: select subscripti0_.`id` as id1_3_0_, subscripti0_.category_id as category3_3_0_, subscripti0_.`date` as date2_3_0_, subscripti0_.`user_id` as user_id4_3_0_ from `subscription` subscripti0_ where subscripti0_.`id`=? for update
[DEBUG] Adding QuerySpace : uid = &lt;gen:0&gt; -&gt; org.hibernate.loader.plan.build.internal.spaces.EntityQuerySpaceImpl@7f5614f9]
[DEBUG] Visiting attribute path : category
[DEBUG] Adding QuerySpace : uid = &lt;gen:1&gt; -&gt; org.hibernate.loader.plan.build.internal.spaces.EntityQuerySpaceImpl@6c3f1658]
[DEBUG] Visiting attribute path : date
[DEBUG] Visiting attribute path : user
[DEBUG] Adding QuerySpace : uid = &lt;gen:2&gt; -&gt; org.hibernate.loader.plan.build.internal.spaces.EntityQuerySpaceImpl@110e9982]
[DEBUG] Building LoadPlan...
[DEBUG] processing queryspace &lt;gen:0&gt;
[DEBUG] LoadPlan(entity=com.crossover.trial.journals.model.Subscription)
    - Returns
       - EntityReturnImpl(entity=com.crossover.trial.journals.model.Subscription, querySpaceUid=&lt;gen:0&gt;, path=com.crossover.trial.journals.model.Subscription)
          - EntityAttributeFetchImpl(entity=com.crossover.trial.journals.model.Category, querySpaceUid=&lt;gen:1&gt;, path=com.crossover.trial.journals.model.Subscription.category)
          - EntityAttributeFetchImpl(entity=com.crossover.trial.journals.model.User, querySpaceUid=&lt;gen:2&gt;, path=com.crossover.trial.journals.model.Subscription.user)
    - QuerySpaces
       - EntityQuerySpaceImpl(uid=&lt;gen:0&gt;, entity=com.crossover.trial.journals.model.Subscription)
          - SQL table alias mapping - subscripti0_
          - alias suffix - 0_
          - suffixed key columns - {id1_3_0_}

[DEBUG] Static select for entity com.crossover.trial.journals.model.Subscription [OPTIMISTIC]: select subscripti0_.`id` as id1_3_0_, subscripti0_.category_id as category3_3_0_, subscripti0_.`date` as date2_3_0_, subscripti0_.`user_id` as user_id4_3_0_ from `subscription` subscripti0_ where subscripti0_.`id`=?
[DEBUG] Adding QuerySpace : uid = &lt;gen:0&gt; -&gt; org.hibernate.loader.plan.build.internal.spaces.EntityQuerySpaceImpl@5eb0a686]
[DEBUG] Visiting attribute path : category
[DEBUG] Adding QuerySpace : uid = &lt;gen:1&gt; -&gt; org.hibernate.loader.plan.build.internal.spaces.EntityQuerySpaceImpl@67f9cb52]
[DEBUG] Visiting attribute path : date
[DEBUG] Visiting attribute path : user
[DEBUG] Adding QuerySpace : uid = &lt;gen:2&gt; -&gt; org.hibernate.loader.plan.build.internal.spaces.EntityQuerySpaceImpl@2de9ca6]
[DEBUG] Building LoadPlan...
[DEBUG] processing queryspace &lt;gen:0&gt;
[DEBUG] LoadPlan(entity=com.crossover.trial.journals.model.Subscription)
    - Returns
       - EntityReturnImpl(entity=com.crossover.trial.journals.model.Subscription, querySpaceUid=&lt;gen:0&gt;, path=com.crossover.trial.journals.model.Subscription)
          - EntityAttributeFetchImpl(entity=com.crossover.trial.journals.model.Category, querySpaceUid=&lt;gen:1&gt;, path=com.crossover.trial.journals.model.Subscription.category)
          - EntityAttributeFetchImpl(entity=com.crossover.trial.journals.model.User, querySpaceUid=&lt;gen:2&gt;, path=com.crossover.trial.journals.model.Subscription.user)
    - QuerySpaces
       - EntityQuerySpaceImpl(uid=&lt;gen:0&gt;, entity=com.crossover.trial.journals.model.Subscription)
          - SQL table alias mapping - subscripti0_
          - alias suffix - 0_
          - suffixed key columns - {id1_3_0_}

[DEBUG] Static select for entity com.crossover.trial.journals.model.Subscription [OPTIMISTIC_FORCE_INCREMENT]: select subscripti0_.`id` as id1_3_0_, subscripti0_.category_id as category3_3_0_, subscripti0_.`date` as date2_3_0_, subscripti0_.`user_id` as user_id4_3_0_ from `subscription` subscripti0_ where subscripti0_.`id`=?
[DEBUG] Static select for action ACTION_MERGE on entity com.crossover.trial.journals.model.Subscription: select subscripti0_.`id` as id1_3_0_, subscripti0_.category_id as category3_3_0_, subscripti0_.`date` as date2_3_0_, subscripti0_.`user_id` as user_id4_3_0_ from `subscription` subscripti0_ where subscripti0_.`id`=?
[DEBUG] Static select for action ACTION_REFRESH on entity com.crossover.trial.journals.model.Subscription: select subscripti0_.`id` as id1_3_0_, subscripti0_.category_id as category3_3_0_, subscripti0_.`date` as date2_3_0_, subscripti0_.`user_id` as user_id4_3_0_ from `subscription` subscripti0_ where subscripti0_.`id`=?
[DEBUG] Adding QuerySpace : uid = &lt;gen:0&gt; -&gt; org.hibernate.loader.plan.build.internal.spaces.CollectionQuerySpaceImpl@3086f480]
[DEBUG] Adding QuerySpace : uid = &lt;gen:1&gt; -&gt; org.hibernate.loader.plan.build.internal.spaces.EntityQuerySpaceImpl@126f8f24]
[DEBUG] Visiting attribute path : category
[DEBUG] Adding QuerySpace : uid = &lt;gen:2&gt; -&gt; org.hibernate.loader.plan.build.internal.spaces.EntityQuerySpaceImpl@7fbf26fc]
[DEBUG] Visiting attribute path : category.name
[DEBUG] Visiting attribute path : date
[DEBUG] Visiting attribute path : user
[DEBUG] Property path deemed to be circular : user
[DEBUG] Building LoadPlan...
[DEBUG] processing queryspace &lt;gen:0&gt;
[DEBUG] LoadPlan(collection=com.crossover.trial.journals.model.User.subscriptions)
    - Returns
       - CollectionReturnImpl(collection=com.crossover.trial.journals.model.User.subscriptions, querySpaceUid=&lt;gen:0&gt;, path=[com.crossover.trial.journals.model.User.subscriptions])
          - (collection element) CollectionFetchableElementEntityGraph(entity=com.crossover.trial.journals.model.Subscription, querySpaceUid=&lt;gen:1&gt;, path=[com.crossover.trial.journals.model.User.subscriptions].&lt;elements&gt;)
             - EntityAttributeFetchImpl(entity=com.crossover.trial.journals.model.Category, querySpaceUid=&lt;gen:2&gt;, path=[com.crossover.trial.journals.model.User.subscriptions].&lt;elements&gt;.category)
    - QuerySpaces
       - CollectionQuerySpaceImpl(uid=&lt;gen:0&gt;, collection=com.crossover.trial.journals.model.User.subscriptions)
          - SQL table alias mapping - subscripti0_
          - alias suffix - 0_
          - suffixed key columns - {user_id4_4_0_}
          - entity-element alias suffix - 1_
          - 1_entity-element suffixed key columns - id1_3_1_
          - JOIN (JoinDefinedByMetadata(elements)) : &lt;gen:0&gt; -&gt; &lt;gen:1&gt;
             - EntityQuerySpaceImpl(uid=&lt;gen:1&gt;, entity=com.crossover.trial.journals.model.Subscription)
                - SQL table alias mapping - subscripti0_
                - alias suffix - 1_
                - suffixed key columns - {id1_3_1_}
                - JOIN (JoinDefinedByMetadata(category)) : &lt;gen:1&gt; -&gt; &lt;gen:2&gt;
                   - EntityQuerySpaceImpl(uid=&lt;gen:2&gt;, entity=com.crossover.trial.journals.model.Category)
                      - SQL table alias mapping - category1_
                      - alias suffix - 2_
                      - suffixed key columns - {id1_0_2_}

[DEBUG] Static select for collection com.crossover.trial.journals.model.User.subscriptions: select subscripti0_.`user_id` as user_id4_4_0_, subscripti0_.`id` as id1_3_0_, subscripti0_.`id` as id1_3_1_, subscripti0_.category_id as category3_3_1_, subscripti0_.`date` as date2_3_1_, subscripti0_.`user_id` as user_id4_3_1_, category1_.`id` as id1_0_2_, category1_.`name` as name2_0_2_ from `subscription` subscripti0_ inner join `category` category1_ on subscripti0_.category_id=category1_.`id` where subscripti0_.`user_id`=?
[DEBUG] Initializing SessionFactoryRegistry : org.hibernate.internal.SessionFactoryRegistry@5efe47fd
[DEBUG] Registering SessionFactory: 61ec2a7e-78bc-418d-9682-23553516c5fc (&lt;unnamed&gt;)
[DEBUG] Not binding SessionFactory to JNDI, no JNDI name configured
[DEBUG] Instantiated session factory
[DEBUG] Processing hbm.xml files
[DEBUG] Process annotated classes
[DEBUG] Processing fk mappings (*ToOne and JoinedSubclass)
[DEBUG] Processing extends queue
[DEBUG] Processing extends queue
[DEBUG] Processing collection mappings
[DEBUG] Processing native query and ResultSetMapping mappings
[DEBUG] Processing association property references
[DEBUG] Creating tables&apos; unique integer identifiers
[DEBUG] Processing foreign key constraints
[DEBUG] Resolving reference to class: com.crossover.trial.journals.model.Category
[DEBUG] Resolving reference to class: com.crossover.trial.journals.model.Publisher
[DEBUG] Resolving reference to class: com.crossover.trial.journals.model.User
[DEBUG] Resolving reference to class: com.crossover.trial.journals.model.Category
[DEBUG] Resolving reference to class: com.crossover.trial.journals.model.User
[DEBUG] Setting dialect [org.hibernate.dialect.MySQL5Dialect]
[DEBUG] Setting dialect [org.hibernate.dialect.MySQL5Dialect]
[DEBUG] Setting dialect [org.hibernate.dialect.MySQL5Dialect]
[DEBUG] Setting dialect [org.hibernate.dialect.MySQL5Dialect]
[DEBUG] Setting dialect [org.hibernate.dialect.MySQL5Dialect]
[DEBUG] Processing hbm.xml files
[DEBUG] Process annotated classes
[DEBUG] Processing fk mappings (*ToOne and JoinedSubclass)
[DEBUG] Processing extends queue
[DEBUG] Processing extends queue
[DEBUG] Processing collection mappings
[DEBUG] Processing native query and ResultSetMapping mappings
[DEBUG] Processing association property references
[DEBUG] Creating tables&apos; unique integer identifiers
[DEBUG] Processing foreign key constraints
[DEBUG] Resolving reference to class: com.crossover.trial.journals.model.Category
[DEBUG] Resolving reference to class: com.crossover.trial.journals.model.Publisher
[DEBUG] Resolving reference to class: com.crossover.trial.journals.model.User
[DEBUG] Resolving reference to class: com.crossover.trial.journals.model.Category
[DEBUG] Resolving reference to class: com.crossover.trial.journals.model.User
[DEBUG] Setting dialect [org.hibernate.dialect.MySQL5Dialect]
[DEBUG] Setting dialect [org.hibernate.dialect.MySQL5Dialect]
[DEBUG] Setting dialect [org.hibernate.dialect.MySQL5Dialect]
[DEBUG] Setting dialect [org.hibernate.dialect.MySQL5Dialect]
[DEBUG] Setting dialect [org.hibernate.dialect.MySQL5Dialect]
[DEBUG] Setting dialect [org.hibernate.dialect.MySQL5Dialect]
[DEBUG] Setting dialect [org.hibernate.dialect.MySQL5Dialect]
[DEBUG] Setting dialect [org.hibernate.dialect.MySQL5Dialect]
[DEBUG] Setting dialect [org.hibernate.dialect.MySQL5Dialect]
[DEBUG] Setting dialect [org.hibernate.dialect.MySQL5Dialect]
[INFO] HHH000227: Running hbm2ddl schema export
[DEBUG] Import file not found: /import.sql
[ERROR] Unable to create initial connections of pool.
com.mysql.jdbc.exceptions.jdbc4.CommunicationsException: Communications link failure

Last packet sent to the server was 0 ms ago.
	at sun.reflect.NativeConstructorAccessorImpl.newInstance0(Native Method)
	at sun.reflect.NativeConstructorAccessorImpl.newInstance(NativeConstructorAccessorImpl.java:62)
	at sun.reflect.DelegatingConstructorAccessorImpl.newInstance(DelegatingConstructorAccessorImpl.java:45)
	at java.lang.reflect.Constructor.newInstance(Constructor.java:422)
	at com.mysql.jdbc.Util.handleNewInstance(Util.java:406)
	at com.mysql.jdbc.SQLError.createCommunicationsException(SQLError.java:1074)
	at com.mysql.jdbc.ConnectionImpl.createNewIO(ConnectionImpl.java:2103)
	at com.mysql.jdbc.ConnectionImpl.&lt;init&gt;(ConnectionImpl.java:718)
	at com.mysql.jdbc.JDBC4Connection.&lt;init&gt;(JDBC4Connection.java:46)
	at sun.reflect.NativeConstructorAccessorImpl.newInstance0(Native Method)
	at sun.reflect.NativeConstructorAccessorImpl.newInstance(NativeConstructorAccessorImpl.java:62)
	at sun.reflect.DelegatingConstructorAccessorImpl.newInstance(DelegatingConstructorAccessorImpl.java:45)
	at java.lang.reflect.Constructor.newInstance(Constructor.java:422)
	at com.mysql.jdbc.Util.handleNewInstance(Util.java:406)
	at com.mysql.jdbc.ConnectionImpl.getInstance(ConnectionImpl.java:302)
	at com.mysql.jdbc.NonRegisteringDriver.connect(NonRegisteringDriver.java:282)
	at org.apache.tomcat.jdbc.pool.PooledConnection.connectUsingDriver(PooledConnection.java:307)
	at org.apache.tomcat.jdbc.pool.PooledConnection.connect(PooledConnection.java:200)
	at org.apache.tomcat.jdbc.pool.ConnectionPool.createConnection(ConnectionPool.java:708)
	at org.apache.tomcat.jdbc.pool.ConnectionPool.borrowConnection(ConnectionPool.java:642)
	at org.apache.tomcat.jdbc.pool.ConnectionPool.init(ConnectionPool.java:464)
	at org.apache.tomcat.jdbc.pool.ConnectionPool.&lt;init&gt;(ConnectionPool.java:141)
	at org.apache.tomcat.jdbc.pool.DataSourceProxy.pCreatePool(DataSourceProxy.java:115)
	at org.apache.tomcat.jdbc.pool.DataSourceProxy.createPool(DataSourceProxy.java:102)
	at org.apache.tomcat.jdbc.pool.DataSourceProxy.getConnection(DataSourceProxy.java:126)
	at org.hibernate.engine.jdbc.connections.internal.DatasourceConnectionProviderImpl.getConnection(DatasourceConnectionProviderImpl.java:139)
	at org.hibernate.tool.hbm2ddl.SuppliedConnectionProviderConnectionHelper.prepare(SuppliedConnectionProviderConnectionHelper.java:51)
	at org.hibernate.tool.hbm2ddl.DatabaseExporter.&lt;init&gt;(DatabaseExporter.java:52)
	at org.hibernate.tool.hbm2ddl.SchemaExport.execute(SchemaExport.java:368)
	at org.hibernate.tool.hbm2ddl.SchemaExport.create(SchemaExport.java:305)
	at org.hibernate.tool.hbm2ddl.SchemaExport.create(SchemaExport.java:294)
	at org.hibernate.internal.SessionFactoryImpl.&lt;init&gt;(SessionFactoryImpl.java:517)
	at org.hibernate.cfg.Configuration.buildSessionFactory(Configuration.java:1859)
	at org.hibernate.jpa.boot.internal.EntityManagerFactoryBuilderImpl$4.perform(EntityManagerFactoryBuilderImpl.java:857)
	at org.hibernate.jpa.boot.internal.EntityManagerFactoryBuilderImpl$4.perform(EntityManagerFactoryBuilderImpl.java:850)
	at org.hibernate.boot.registry.classloading.internal.ClassLoaderServiceImpl.withTccl(ClassLoaderServiceImpl.java:425)
	at org.hibernate.jpa.boot.internal.EntityManagerFactoryBuilderImpl.build(EntityManagerFactoryBuilderImpl.java:849)
	at org.springframework.orm.jpa.vendor.SpringHibernateJpaPersistenceProvider.createContainerEntityManagerFactory(SpringHibernateJpaPersistenceProvider.java:60)
	at org.springframework.orm.jpa.LocalContainerEntityManagerFactoryBean.createNativeEntityManagerFactory(LocalContainerEntityManagerFactoryBean.java:343)
	at org.springframework.orm.jpa.AbstractEntityManagerFactoryBean.afterPropertiesSet(AbstractEntityManagerFactoryBean.java:319)
	at org.springframework.beans.factory.support.AbstractAutowireCapableBeanFactory.invokeInitMethods(AbstractAutowireCapableBeanFactory.java:1637)
	at org.springframework.beans.factory.support.AbstractAutowireCapableBeanFactory.initializeBean(AbstractAutowireCapableBeanFactory.java:1574)
	at org.springframework.beans.factory.support.AbstractAutowireCapableBeanFactory.doCreateBean(AbstractAutowireCapableBeanFactory.java:545)
	at org.springframework.beans.factory.support.AbstractAutowireCapableBeanFactory.createBean(AbstractAutowireCapableBeanFactory.java:482)
	at org.springframework.beans.factory.support.AbstractBeanFactory$1.getObject(AbstractBeanFactory.java:306)
	at org.springframework.beans.factory.support.DefaultSingletonBeanRegistry.getSingleton(DefaultSingletonBeanRegistry.java:230)
	at org.springframework.beans.factory.support.AbstractBeanFactory.doGetBean(AbstractBeanFactory.java:302)
	at org.springframework.beans.factory.support.AbstractBeanFactory.getBean(AbstractBeanFactory.java:197)
	at org.springframework.context.support.AbstractApplicationContext.getBean(AbstractApplicationContext.java:1054)
	at org.springframework.context.support.AbstractApplicationContext.finishBeanFactoryInitialization(AbstractApplicationContext.java:829)
	at org.springframework.context.support.AbstractApplicationContext.refresh(AbstractApplicationContext.java:538)
	at org.springframework.boot.SpringApplication.refresh(SpringApplication.java:766)
	at org.springframework.boot.SpringApplication.createAndRefreshContext(SpringApplication.java:361)
	at org.springframework.boot.SpringApplication.run(SpringApplication.java:307)
	at org.springframework.boot.test.SpringApplicationContextLoader.loadContext(SpringApplicationContextLoader.java:98)
	at org.springframework.test.context.cache.DefaultCacheAwareContextLoaderDelegate.loadContextInternal(DefaultCacheAwareContextLoaderDelegate.java:98)
	at org.springframework.test.context.cache.DefaultCacheAwareContextLoaderDelegate.loadContext(DefaultCacheAwareContextLoaderDelegate.java:116)
	at org.springframework.test.context.support.DefaultTestContext.getApplicationContext(DefaultTestContext.java:83)
	at org.springframework.test.context.web.ServletTestExecutionListener.setUpRequestContextIfNecessary(ServletTestExecutionListener.java:183)
	at org.springframework.test.context.web.ServletTestExecutionListener.prepareTestInstance(ServletTestExecutionListener.java:123)
	at org.springframework.test.context.TestContextManager.prepareTestInstance(TestContextManager.java:228)
	at org.springframework.test.context.junit4.SpringJUnit4ClassRunner.createTest(SpringJUnit4ClassRunner.java:230)
	at org.springframework.test.context.junit4.SpringJUnit4ClassRunner$1.runReflectiveCall(SpringJUnit4ClassRunner.java:289)
	at org.junit.internal.runners.model.ReflectiveCallable.run(ReflectiveCallable.java:12)
	at org.springframework.test.context.junit4.SpringJUnit4ClassRunner.methodBlock(SpringJUnit4ClassRunner.java:291)
	at org.springframework.test.context.junit4.SpringJUnit4ClassRunner.runChild(SpringJUnit4ClassRunner.java:249)
	at org.springframework.test.context.junit4.SpringJUnit4ClassRunner.runChild(SpringJUnit4ClassRunner.java:89)
	at org.junit.runners.ParentRunner$3.run(ParentRunner.java:290)
	at org.junit.runners.ParentRunner$1.schedule(ParentRunner.java:71)
	at org.junit.runners.ParentRunner.runChildren(ParentRunner.java:288)
	at org.junit.runners.ParentRunner.access$000(ParentRunner.java:58)
	at org.junit.runners.ParentRunner$2.evaluate(ParentRunner.java:268)
	at org.springframework.test.context.junit4.statements.RunBeforeTestClassCallbacks.evaluate(RunBeforeTestClassCallbacks.java:61)
	at org.springframework.test.context.junit4.statements.RunAfterTestClassCallbacks.evaluate(RunAfterTestClassCallbacks.java:70)
	at org.junit.runners.ParentRunner.run(ParentRunner.java:363)
	at org.springframework.test.context.junit4.SpringJUnit4ClassRunner.run(SpringJUnit4ClassRunner.java:193)
	at org.apache.maven.surefire.junit4.JUnit4Provider.execute(JUnit4Provider.java:252)
	at org.apache.maven.surefire.junit4.JUnit4Provider.executeTestSet(JUnit4Provider.java:141)
	at org.apache.maven.surefire.junit4.JUnit4Provider.invoke(JUnit4Provider.java:112)
	at sun.reflect.NativeMethodAccessorImpl.invoke0(Native Method)
	at sun.reflect.NativeMethodAccessorImpl.invoke(NativeMethodAccessorImpl.java:62)
	at sun.reflect.DelegatingMethodAccessorImpl.invoke(DelegatingMethodAccessorImpl.java:43)
	at java.lang.reflect.Method.invoke(Method.java:497)
	at org.apache.maven.surefire.util.ReflectionUtils.invokeMethodWithArray(ReflectionUtils.java:189)
	at org.apache.maven.surefire.booter.ProviderFactory$ProviderProxy.invoke(ProviderFactory.java:165)
	at org.apache.maven.surefire.booter.ProviderFactory.invokeProvider(ProviderFactory.java:85)
	at org.apache.maven.surefire.booter.ForkedBooter.runSuitesInProcess(ForkedBooter.java:115)
	at org.apache.maven.surefire.booter.ForkedBooter.main(ForkedBooter.java:75)
Caused by: java.net.ConnectException: Connection refused: connect
	at java.net.DualStackPlainSocketImpl.connect0(Native Method)
	at java.net.DualStackPlainSocketImpl.socketConnect(DualStackPlainSocketImpl.java:79)
	at java.net.AbstractPlainSocketImpl.doConnect(AbstractPlainSocketImpl.java:345)
	at java.net.AbstractPlainSocketImpl.connectToAddress(AbstractPlainSocketImpl.java:206)
	at java.net.AbstractPlainSocketImpl.connect(AbstractPlainSocketImpl.java:188)
	at java.net.PlainSocketImpl.connect(PlainSocketImpl.java:172)
	at java.net.SocksSocketImpl.connect(SocksSocketImpl.java:392)
	at java.net.Socket.connect(Socket.java:589)
	at java.net.Socket.connect(Socket.java:538)
	at java.net.Socket.&lt;init&gt;(Socket.java:434)
	at java.net.Socket.&lt;init&gt;(Socket.java:244)
	at com.mysql.jdbc.StandardSocketFactory.connect(StandardSocketFactory.java:253)
	at com.mysql.jdbc.MysqlIO.&lt;init&gt;(MysqlIO.java:280)
	at com.mysql.jdbc.ConnectionImpl.createNewIO(ConnectionImpl.java:2026)
	... 81 common frames omitted
[ERROR] HHH000231: Schema export unsuccessful
com.mysql.jdbc.exceptions.jdbc4.CommunicationsException: Communications link failure

Last packet sent to the server was 0 ms ago.
	at sun.reflect.NativeConstructorAccessorImpl.newInstance0(Native Method)
	at sun.reflect.NativeConstructorAccessorImpl.newInstance(NativeConstructorAccessorImpl.java:62)
	at sun.reflect.DelegatingConstructorAccessorImpl.newInstance(DelegatingConstructorAccessorImpl.java:45)
	at java.lang.reflect.Constructor.newInstance(Constructor.java:422)
	at com.mysql.jdbc.Util.handleNewInstance(Util.java:406)
	at com.mysql.jdbc.SQLError.createCommunicationsException(SQLError.java:1074)
	at com.mysql.jdbc.ConnectionImpl.createNewIO(ConnectionImpl.java:2103)
	at com.mysql.jdbc.ConnectionImpl.&lt;init&gt;(ConnectionImpl.java:718)
	at com.mysql.jdbc.JDBC4Connection.&lt;init&gt;(JDBC4Connection.java:46)
	at sun.reflect.NativeConstructorAccessorImpl.newInstance0(Native Method)
	at sun.reflect.NativeConstructorAccessorImpl.newInstance(NativeConstructorAccessorImpl.java:62)
	at sun.reflect.DelegatingConstructorAccessorImpl.newInstance(DelegatingConstructorAccessorImpl.java:45)
	at java.lang.reflect.Constructor.newInstance(Constructor.java:422)
	at com.mysql.jdbc.Util.handleNewInstance(Util.java:406)
	at com.mysql.jdbc.ConnectionImpl.getInstance(ConnectionImpl.java:302)
	at com.mysql.jdbc.NonRegisteringDriver.connect(NonRegisteringDriver.java:282)
	at org.apache.tomcat.jdbc.pool.PooledConnection.connectUsingDriver(PooledConnection.java:307)
	at org.apache.tomcat.jdbc.pool.PooledConnection.connect(PooledConnection.java:200)
	at org.apache.tomcat.jdbc.pool.ConnectionPool.createConnection(ConnectionPool.java:708)
	at org.apache.tomcat.jdbc.pool.ConnectionPool.borrowConnection(ConnectionPool.java:642)
	at org.apache.tomcat.jdbc.pool.ConnectionPool.init(ConnectionPool.java:464)
	at org.apache.tomcat.jdbc.pool.ConnectionPool.&lt;init&gt;(ConnectionPool.java:141)
	at org.apache.tomcat.jdbc.pool.DataSourceProxy.pCreatePool(DataSourceProxy.java:115)
	at org.apache.tomcat.jdbc.pool.DataSourceProxy.createPool(DataSourceProxy.java:102)
	at org.apache.tomcat.jdbc.pool.DataSourceProxy.getConnection(DataSourceProxy.java:126)
	at org.hibernate.engine.jdbc.connections.internal.DatasourceConnectionProviderImpl.getConnection(DatasourceConnectionProviderImpl.java:139)
	at org.hibernate.tool.hbm2ddl.SuppliedConnectionProviderConnectionHelper.prepare(SuppliedConnectionProviderConnectionHelper.java:51)
	at org.hibernate.tool.hbm2ddl.DatabaseExporter.&lt;init&gt;(DatabaseExporter.java:52)
	at org.hibernate.tool.hbm2ddl.SchemaExport.execute(SchemaExport.java:368)
	at org.hibernate.tool.hbm2ddl.SchemaExport.create(SchemaExport.java:305)
	at org.hibernate.tool.hbm2ddl.SchemaExport.create(SchemaExport.java:294)
	at org.hibernate.internal.SessionFactoryImpl.&lt;init&gt;(SessionFactoryImpl.java:517)
	at org.hibernate.cfg.Configuration.buildSessionFactory(Configuration.java:1859)
	at org.hibernate.jpa.boot.internal.EntityManagerFactoryBuilderImpl$4.perform(EntityManagerFactoryBuilderImpl.java:857)
	at org.hibernate.jpa.boot.internal.EntityManagerFactoryBuilderImpl$4.perform(EntityManagerFactoryBuilderImpl.java:850)
	at org.hibernate.boot.registry.classloading.internal.ClassLoaderServiceImpl.withTccl(ClassLoaderServiceImpl.java:425)
	at org.hibernate.jpa.boot.internal.EntityManagerFactoryBuilderImpl.build(EntityManagerFactoryBuilderImpl.java:849)
	at org.springframework.orm.jpa.vendor.SpringHibernateJpaPersistenceProvider.createContainerEntityManagerFactory(SpringHibernateJpaPersistenceProvider.java:60)
	at org.springframework.orm.jpa.LocalContainerEntityManagerFactoryBean.createNativeEntityManagerFactory(LocalContainerEntityManagerFactoryBean.java:343)
	at org.springframework.orm.jpa.AbstractEntityManagerFactoryBean.afterPropertiesSet(AbstractEntityManagerFactoryBean.java:319)
	at org.springframework.beans.factory.support.AbstractAutowireCapableBeanFactory.invokeInitMethods(AbstractAutowireCapableBeanFactory.java:1637)
	at org.springframework.beans.factory.support.AbstractAutowireCapableBeanFactory.initializeBean(AbstractAutowireCapableBeanFactory.java:1574)
	at org.springframework.beans.factory.support.AbstractAutowireCapableBeanFactory.doCreateBean(AbstractAutowireCapableBeanFactory.java:545)
	at org.springframework.beans.factory.support.AbstractAutowireCapableBeanFactory.createBean(AbstractAutowireCapableBeanFactory.java:482)
	at org.springframework.beans.factory.support.AbstractBeanFactory$1.getObject(AbstractBeanFactory.java:306)
	at org.springframework.beans.factory.support.DefaultSingletonBeanRegistry.getSingleton(DefaultSingletonBeanRegistry.java:230)
	at org.springframework.beans.factory.support.AbstractBeanFactory.doGetBean(AbstractBeanFactory.java:302)
	at org.springframework.beans.factory.support.AbstractBeanFactory.getBean(AbstractBeanFactory.java:197)
	at org.springframework.context.support.AbstractApplicationContext.getBean(AbstractApplicationContext.java:1054)
	at org.springframework.context.support.AbstractApplicationContext.finishBeanFactoryInitialization(AbstractApplicationContext.java:829)
	at org.springframework.context.support.AbstractApplicationContext.refresh(AbstractApplicationContext.java:538)
	at org.springframework.boot.SpringApplication.refresh(SpringApplication.java:766)
	at org.springframework.boot.SpringApplication.createAndRefreshContext(SpringApplication.java:361)
	at org.springframework.boot.SpringApplication.run(SpringApplication.java:307)
	at org.springframework.boot.test.SpringApplicationContextLoader.loadContext(SpringApplicationContextLoader.java:98)
	at org.springframework.test.context.cache.DefaultCacheAwareContextLoaderDelegate.loadContextInternal(DefaultCacheAwareContextLoaderDelegate.java:98)
	at org.springframework.test.context.cache.DefaultCacheAwareContextLoaderDelegate.loadContext(DefaultCacheAwareContextLoaderDelegate.java:116)
	at org.springframework.test.context.support.DefaultTestContext.getApplicationContext(DefaultTestContext.java:83)
	at org.springframework.test.context.web.ServletTestExecutionListener.setUpRequestContextIfNecessary(ServletTestExecutionListener.java:183)
	at org.springframework.test.context.web.ServletTestExecutionListener.prepareTestInstance(ServletTestExecutionListener.java:123)
	at org.springframework.test.context.TestContextManager.prepareTestInstance(TestContextManager.java:228)
	at org.springframework.test.context.junit4.SpringJUnit4ClassRunner.createTest(SpringJUnit4ClassRunner.java:230)
	at org.springframework.test.context.junit4.SpringJUnit4ClassRunner$1.runReflectiveCall(SpringJUnit4ClassRunner.java:289)
	at org.junit.internal.runners.model.ReflectiveCallable.run(ReflectiveCallable.java:12)
	at org.springframework.test.context.junit4.SpringJUnit4ClassRunner.methodBlock(SpringJUnit4ClassRunner.java:291)
	at org.springframework.test.context.junit4.SpringJUnit4ClassRunner.runChild(SpringJUnit4ClassRunner.java:249)
	at org.springframework.test.context.junit4.SpringJUnit4ClassRunner.runChild(SpringJUnit4ClassRunner.java:89)
	at org.junit.runners.ParentRunner$3.run(ParentRunner.java:290)
	at org.junit.runners.ParentRunner$1.schedule(ParentRunner.java:71)
	at org.junit.runners.ParentRunner.runChildren(ParentRunner.java:288)
	at org.junit.runners.ParentRunner.access$000(ParentRunner.java:58)
	at org.junit.runners.ParentRunner$2.evaluate(ParentRunner.java:268)
	at org.springframework.test.context.junit4.statements.RunBeforeTestClassCallbacks.evaluate(RunBeforeTestClassCallbacks.java:61)
	at org.springframework.test.context.junit4.statements.RunAfterTestClassCallbacks.evaluate(RunAfterTestClassCallbacks.java:70)
	at org.junit.runners.ParentRunner.run(ParentRunner.java:363)
	at org.springframework.test.context.junit4.SpringJUnit4ClassRunner.run(SpringJUnit4ClassRunner.java:193)
	at org.apache.maven.surefire.junit4.JUnit4Provider.execute(JUnit4Provider.java:252)
	at org.apache.maven.surefire.junit4.JUnit4Provider.executeTestSet(JUnit4Provider.java:141)
	at org.apache.maven.surefire.junit4.JUnit4Provider.invoke(JUnit4Provider.java:112)
	at sun.reflect.NativeMethodAccessorImpl.invoke0(Native Method)
	at sun.reflect.NativeMethodAccessorImpl.invoke(NativeMethodAccessorImpl.java:62)
	at sun.reflect.DelegatingMethodAccessorImpl.invoke(DelegatingMethodAccessorImpl.java:43)
	at java.lang.reflect.Method.invoke(Method.java:497)
	at org.apache.maven.surefire.util.ReflectionUtils.invokeMethodWithArray(ReflectionUtils.java:189)
	at org.apache.maven.surefire.booter.ProviderFactory$ProviderProxy.invoke(ProviderFactory.java:165)
	at org.apache.maven.surefire.booter.ProviderFactory.invokeProvider(ProviderFactory.java:85)
	at org.apache.maven.surefire.booter.ForkedBooter.runSuitesInProcess(ForkedBooter.java:115)
	at org.apache.maven.surefire.booter.ForkedBooter.main(ForkedBooter.java:75)
Caused by: java.net.ConnectException: Connection refused: connect
	at java.net.DualStackPlainSocketImpl.connect0(Native Method)
	at java.net.DualStackPlainSocketImpl.socketConnect(DualStackPlainSocketImpl.java:79)
	at java.net.AbstractPlainSocketImpl.doConnect(AbstractPlainSocketImpl.java:345)
	at java.net.AbstractPlainSocketImpl.connectToAddress(AbstractPlainSocketImpl.java:206)
	at java.net.AbstractPlainSocketImpl.connect(AbstractPlainSocketImpl.java:188)
	at java.net.PlainSocketImpl.connect(PlainSocketImpl.java:172)
	at java.net.SocksSocketImpl.connect(SocksSocketImpl.java:392)
	at java.net.Socket.connect(Socket.java:589)
	at java.net.Socket.connect(Socket.java:538)
	at java.net.Socket.&lt;init&gt;(Socket.java:434)
	at java.net.Socket.&lt;init&gt;(Socket.java:244)
	at com.mysql.jdbc.StandardSocketFactory.connect(StandardSocketFactory.java:253)
	at com.mysql.jdbc.MysqlIO.&lt;init&gt;(MysqlIO.java:280)
	at com.mysql.jdbc.ConnectionImpl.createNewIO(ConnectionImpl.java:2026)
	... 81 common frames omitted
[INFO] HHH000230: Schema export complete
[DEBUG] Checking 0 named HQL queries
[DEBUG] Checking 0 named SQL queries
[DEBUG] Statistics initialized [enabled=false]
[DEBUG] No actions specified; doing nothing
[DEBUG] Initializing EntityManagerFactoryRegistry : org.hibernate.jpa.internal.EntityManagerFactoryRegistry@6ef2f7ad
[DEBUG] Registering EntityManagerFactory: default 
[DEBUG] Returning cached instance of singleton bean &apos;org.springframework.transaction.config.internalTransactionAdvisor&apos;
[DEBUG] Returning cached instance of singleton bean &apos;org.springframework.transaction.config.internalTransactionAdvisor&apos;
[DEBUG] Finished creating instance of bean &apos;entityManagerFactory&apos;
[DEBUG] Pre-instantiating singletons in org.springframework.beans.factory.support.DefaultListableBeanFactory@81d9a72: defining beans [org.springframework.context.annotation.internalConfigurationAnnotationProcessor,org.springframework.context.annotation.internalAutowiredAnnotationProcessor,org.springframework.context.annotation.internalRequiredAnnotationProcessor,org.springframework.context.annotation.internalCommonAnnotationProcessor,org.springframework.context.annotation.internalPersistenceAnnotationProcessor,org.springframework.context.event.internalEventListenerProcessor,org.springframework.context.event.internalEventListenerFactory,application,org.springframework.context.annotation.ConfigurationClassPostProcessor.importAwareProcessor,org.springframework.context.annotation.ConfigurationClassPostProcessor.enhancedConfigurationProcessor,mvcConfig,webSecurityConfig,journalController,publisherController,categoryRestService,journalRestService,currentUserDetailsService,journalServiceImpl,userServiceImpl,org.springframework.security.config.annotation.authentication.configuration.AuthenticationConfiguration,authenticationManagerBuilder,enableGlobalAuthenticationAutowiredConfigurer,org.springframework.security.config.annotation.web.configuration.WebSecurityConfiguration,delegatingApplicationListener,webSecurityExpressionHandler,springSecurityFilterChain,privilegeEvaluator,autowiredWebSecurityConfigurersIgnoreParents,org.springframework.security.config.annotation.configuration.ObjectPostProcessorConfiguration,objectPostProcessor,org.springframework.security.config.annotation.web.configuration.WebMvcSecurityConfiguration,requestDataValueProcessor,passwordEncoder,org.springframework.boot.autoconfigure.AutoConfigurationPackages,org.springframework.boot.autoconfigure.PropertyPlaceholderAutoConfiguration,org.springframework.boot.autoconfigure.condition.BeanTypeRegistry,propertySourcesPlaceholderConfigurer,org.springframework.boot.autoconfigure.websocket.WebSocketAutoConfiguration$TomcatWebSocketConfiguration,websocketContainerCustomizer,org.springframework.boot.autoconfigure.websocket.WebSocketAutoConfiguration,org.springframework.boot.autoconfigure.web.EmbeddedServletContainerAutoConfiguration$EmbeddedTomcat,tomcatEmbeddedServletContainerFactory,org.springframework.boot.autoconfigure.web.EmbeddedServletContainerAutoConfiguration,embeddedServletContainerCustomizerBeanPostProcessor,org.springframework.boot.autoconfigure.web.DispatcherServletAutoConfiguration$DispatcherServletConfiguration,dispatcherServlet,dispatcherServletRegistration,spring.mvc.CONFIGURATION_PROPERTIES,org.springframework.boot.context.properties.ConfigurationPropertiesBindingPostProcessor,org.springframework.boot.context.properties.ConfigurationPropertiesBindingPostProcessor.store,org.springframework.boot.autoconfigure.web.DispatcherServletAutoConfiguration,org.springframework.boot.autoconfigure.web.ErrorMvcAutoConfiguration$WhitelabelErrorViewConfiguration,error,beanNameViewResolver,org.springframework.boot.autoconfigure.web.ErrorMvcAutoConfiguration,errorAttributes,basicErrorController,errorPageCustomizer,preserveErrorControllerTargetClassPostProcessor,org.springframework.boot.autoconfigure.web.WebMvcAutoConfiguration$EnableWebMvcConfiguration,requestMappingHandlerAdapter,requestMappingHandlerMapping,mvcContentNegotiationManager,viewControllerHandlerMapping,beanNameHandlerMapping,resourceHandlerMapping,mvcResourceUrlProvider,defaultServletHandlerMapping,mvcConversionService,mvcValidator,mvcPathMatcher,mvcUrlPathHelper,mvcUriComponentsContributor,httpRequestHandlerAdapter,simpleControllerHandlerAdapter,handlerExceptionResolver,mvcViewResolver,org.springframework.boot.autoconfigure.web.WebMvcAutoConfiguration$WebMvcAutoConfigurationAdapter$FaviconConfiguration,faviconHandlerMapping,faviconRequestHandler,org.springframework.boot.autoconfigure.web.WebMvcAutoConfiguration$WebMvcAutoConfigurationAdapter,defaultViewResolver,requestContextFilter,viewResolver,spring.resources.CONFIGURATION_PROPERTIES,org.springframework.boot.autoconfigure.web.WebMvcAutoConfiguration,hiddenHttpMethodFilter,httpPutFormContentFilter,org.springframework.boot.autoconfigure.aop.AopAutoConfiguration$JdkDynamicAutoProxyConfiguration,org.springframework.aop.config.internalAutoProxyCreator,org.springframework.boot.autoconfigure.aop.AopAutoConfiguration,org.springframework.boot.autoconfigure.transaction.jta.JtaAutoConfiguration,spring.jta.CONFIGURATION_PROPERTIES,org.springframework.boot.autoconfigure.jdbc.DataSourceAutoConfiguration$JdbcTemplateConfiguration,jdbcTemplate,namedParameterJdbcTemplate,org.springframework.boot.autoconfigure.jdbc.DataSourceAutoConfiguration$NonEmbeddedConfiguration,dataSource,org.springframework.boot.autoconfigure.jdbc.DataSourceAutoConfiguration$DataSourceInitializerConfiguration,dataSourceInitializer,org.springframework.boot.autoconfigure.jdbc.metadata.DataSourcePoolMetadataProvidersConfiguration$TomcatDataSourcePoolMetadataProviderConfiguration,tomcatPoolDataSourceMetadataProvider,org.springframework.boot.autoconfigure.jdbc.metadata.DataSourcePoolMetadataProvidersConfiguration,org.springframework.boot.autoconfigure.jdbc.DataSourceAutoConfiguration,spring.datasource.CONFIGURATION_PROPERTIES,dataSourceInitializerPostProcessor,org.springframework.boot.autoconfigure.orm.jpa.JpaBaseConfiguration$JpaWebConfiguration$JpaWebMvcConfiguration,openEntityManagerInViewInterceptor,org.springframework.boot.autoconfigure.orm.jpa.JpaBaseConfiguration$JpaWebConfiguration,org.springframework.boot.autoconfigure.orm.jpa.HibernateJpaAutoConfiguration,transactionManager,jpaVendorAdapter,entityManagerFactoryBuilder,entityManagerFactory,spring.jpa.CONFIGURATION_PROPERTIES,dataSourceInitializedPublisher,org.springframework.boot.autoconfigure.context.ConfigurationPropertiesAutoConfiguration,org.springframework.boot.autoconfigure.dao.PersistenceExceptionTranslationAutoConfiguration,persistenceExceptionTranslationPostProcessor,org.springframework.boot.autoconfigure.data.jpa.JpaRepositoriesAutoConfiguration,org.springframework.data.repository.core.support.RepositoryInterfaceAwareBeanPostProcessor,emBeanDefinitionRegistrarPostProcessor,jpaMappingContext,jpaContext,categoryRepository,publisherRepository,journalRepository,userRepository,org.springframework.boot.autoconfigure.jackson.JacksonAutoConfiguration$JacksonObjectMapperBuilderConfiguration,jacksonObjectMapperBuilder,spring.jackson.CONFIGURATION_PROPERTIES,org.springframework.boot.autoconfigure.jackson.JacksonAutoConfiguration$JacksonObjectMapperConfiguration,jacksonObjectMapper,org.springframework.boot.autoconfigure.jackson.JacksonAutoConfiguration,org.springframework.boot.autoconfigure.web.HttpMessageConvertersAutoConfiguration$StringHttpMessageConverterConfiguration,stringHttpMessageConverter,spring.http.encoding.CONFIGURATION_PROPERTIES,org.springframework.boot.autoconfigure.web.JacksonHttpMessageConvertersConfiguration$MappingJackson2HttpMessageConverterConfiguration,mappingJackson2HttpMessageConverter,org.springframework.boot.autoconfigure.web.JacksonHttpMessageConvertersConfiguration,org.springframework.boot.autoconfigure.web.HttpMessageConvertersAutoConfiguration,messageConverters,org.springframework.data.web.config.SpringDataWebConfiguration,pageableResolver,sortResolver,org.springframework.data.web.config.SpringDataJacksonConfiguration,jacksonGeoModule,org.springframework.boot.autoconfigure.data.web.SpringDataWebAutoConfiguration,org.springframework.boot.autoconfigure.security.AuthenticationManagerConfiguration$AuthenticationManagerConfigurationListener,org.springframework.boot.autoconfigure.security.AuthenticationManagerConfiguration,authenticationManager,springBootAuthenticationConfigurerAdapter,org.springframework.boot.autoconfigure.security.BootGlobalAuthenticationConfiguration,bootGlobalAuthenticationConfigurationAdapter,org.springframework.boot.autoconfigure.security.SecurityAutoConfiguration,authenticationEventPublisher,securityProperties,org.springframework.transaction.annotation.ProxyTransactionManagementConfiguration,org.springframework.transaction.config.internalTransactionAdvisor,transactionAttributeSource,transactionInterceptor,org.springframework.transaction.config.internalTransactionalEventListenerFactory,org.springframework.boot.autoconfigure.jdbc.DataSourceTransactionManagerAutoConfiguration$TransactionManagementConfiguration,org.springframework.boot.autoconfigure.jdbc.DataSourceTransactionManagerAutoConfiguration,org.springframework.boot.autoconfigure.thymeleaf.ThymeleafAutoConfiguration$ThymeleafResourceHandlingConfig,org.springframework.boot.autoconfigure.thymeleaf.ThymeleafAutoConfiguration$ThymeleafViewResolverConfiguration,thymeleafViewResolver,org.springframework.boot.autoconfigure.thymeleaf.ThymeleafAutoConfiguration$ThymeleafSecurityDialectConfiguration,securityDialect,org.springframework.boot.autoconfigure.thymeleaf.ThymeleafAutoConfiguration$ThymeleafWebLayoutConfiguration,layoutDialect,org.springframework.boot.autoconfigure.thymeleaf.ThymeleafAutoConfiguration$ThymeleafDefaultConfiguration,templateEngine,org.springframework.boot.autoconfigure.thymeleaf.ThymeleafAutoConfiguration$DefaultTemplateResolverConfiguration,defaultTemplateResolver,thymeleafResourceResolver,org.springframework.boot.autoconfigure.thymeleaf.ThymeleafAutoConfiguration,spring.thymeleaf.CONFIGURATION_PROPERTIES,org.springframework.boot.autoconfigure.security.SecurityFilterAutoConfiguration,securityFilterChainRegistration,org.springframework.boot.autoconfigure.transaction.TransactionAutoConfiguration,transactionTemplate,org.springframework.boot.autoconfigure.web.HttpEncodingAutoConfiguration,characterEncodingFilter,org.springframework.boot.autoconfigure.web.MultipartAutoConfiguration,multipartConfigElement,multipartResolver,multipart.CONFIGURATION_PROPERTIES,org.springframework.boot.autoconfigure.web.ServerPropertiesAutoConfiguration,serverProperties,duplicateServerPropertiesDetector,org.springframework.orm.jpa.SharedEntityManagerCreator#0]; root of factory hierarchy
[DEBUG] Returning cached instance of singleton bean &apos;org.springframework.context.annotation.internalConfigurationAnnotationProcessor&apos;
[DEBUG] Returning cached instance of singleton bean &apos;org.springframework.context.annotation.internalAutowiredAnnotationProcessor&apos;
[DEBUG] Returning cached instance of singleton bean &apos;org.springframework.context.annotation.internalRequiredAnnotationProcessor&apos;
[DEBUG] Returning cached instance of singleton bean &apos;org.springframework.context.annotation.internalCommonAnnotationProcessor&apos;
[DEBUG] Returning cached instance of singleton bean &apos;org.springframework.context.annotation.internalPersistenceAnnotationProcessor&apos;
[DEBUG] Creating shared instance of singleton bean &apos;org.springframework.context.event.internalEventListenerProcessor&apos;
[DEBUG] Creating instance of bean &apos;org.springframework.context.event.internalEventListenerProcessor&apos;
[DEBUG] Returning cached instance of singleton bean &apos;org.springframework.transaction.config.internalTransactionAdvisor&apos;
[DEBUG] Eagerly caching bean &apos;org.springframework.context.event.internalEventListenerProcessor&apos; to allow for resolving potential circular references
[DEBUG] Returning cached instance of singleton bean &apos;org.springframework.transaction.config.internalTransactionAdvisor&apos;
[DEBUG] Returning cached instance of singleton bean &apos;org.springframework.transaction.config.internalTransactionAdvisor&apos;
[DEBUG] Finished creating instance of bean &apos;org.springframework.context.event.internalEventListenerProcessor&apos;
[DEBUG] Creating shared instance of singleton bean &apos;org.springframework.context.event.internalEventListenerFactory&apos;
[DEBUG] Creating instance of bean &apos;org.springframework.context.event.internalEventListenerFactory&apos;
[DEBUG] Returning cached instance of singleton bean &apos;org.springframework.transaction.config.internalTransactionAdvisor&apos;
[DEBUG] Eagerly caching bean &apos;org.springframework.context.event.internalEventListenerFactory&apos; to allow for resolving potential circular references
[DEBUG] Returning cached instance of singleton bean &apos;org.springframework.transaction.config.internalTransactionAdvisor&apos;
[DEBUG] Returning cached instance of singleton bean &apos;org.springframework.transaction.config.internalTransactionAdvisor&apos;
[DEBUG] Finished creating instance of bean &apos;org.springframework.context.event.internalEventListenerFactory&apos;
[DEBUG] Creating shared instance of singleton bean &apos;application&apos;
[DEBUG] Creating instance of bean &apos;application&apos;
[DEBUG] Returning cached instance of singleton bean &apos;org.springframework.transaction.config.internalTransactionAdvisor&apos;
[DEBUG] Eagerly caching bean &apos;application&apos; to allow for resolving potential circular references
[DEBUG] Returning cached instance of singleton bean &apos;org.springframework.transaction.config.internalTransactionAdvisor&apos;
[DEBUG] Returning cached instance of singleton bean &apos;org.springframework.transaction.config.internalTransactionAdvisor&apos;
[DEBUG] Finished creating instance of bean &apos;application&apos;
[DEBUG] Returning cached instance of singleton bean &apos;org.springframework.context.annotation.ConfigurationClassPostProcessor.importAwareProcessor&apos;
[DEBUG] Returning cached instance of singleton bean &apos;org.springframework.context.annotation.ConfigurationClassPostProcessor.enhancedConfigurationProcessor&apos;
[DEBUG] Creating shared instance of singleton bean &apos;mvcConfig&apos;
[DEBUG] Creating instance of bean &apos;mvcConfig&apos;
[DEBUG] Returning cached instance of singleton bean &apos;org.springframework.transaction.config.internalTransactionAdvisor&apos;
[DEBUG] Eagerly caching bean &apos;mvcConfig&apos; to allow for resolving potential circular references
[DEBUG] Returning cached instance of singleton bean &apos;org.springframework.transaction.config.internalTransactionAdvisor&apos;
[DEBUG] Returning cached instance of singleton bean &apos;org.springframework.transaction.config.internalTransactionAdvisor&apos;
[DEBUG] Finished creating instance of bean &apos;mvcConfig&apos;
[DEBUG] Creating shared instance of singleton bean &apos;webSecurityConfig&apos;
[DEBUG] Creating instance of bean &apos;webSecurityConfig&apos;
[DEBUG] Returning cached instance of singleton bean &apos;org.springframework.transaction.config.internalTransactionAdvisor&apos;
[DEBUG] Registered injected element on class [com.crossover.trial.journals.config.WebSecurityConfig$$EnhancerBySpringCGLIB$$bb942b0f]: AutowiredMethodElement for public void org.springframework.security.config.annotation.web.configuration.WebSecurityConfigurerAdapter.setApplicationContext(org.springframework.context.ApplicationContext)
[DEBUG] Registered injected element on class [com.crossover.trial.journals.config.WebSecurityConfig$$EnhancerBySpringCGLIB$$bb942b0f]: AutowiredMethodElement for public void org.springframework.security.config.annotation.web.configuration.WebSecurityConfigurerAdapter.setTrustResolver(org.springframework.security.authentication.AuthenticationTrustResolver)
[DEBUG] Registered injected element on class [com.crossover.trial.journals.config.WebSecurityConfig$$EnhancerBySpringCGLIB$$bb942b0f]: AutowiredMethodElement for public void org.springframework.security.config.annotation.web.configuration.WebSecurityConfigurerAdapter.setObjectPostProcessor(org.springframework.security.config.annotation.ObjectPostProcessor)
[DEBUG] Registered injected element on class [com.crossover.trial.journals.config.WebSecurityConfig$$EnhancerBySpringCGLIB$$bb942b0f]: AutowiredMethodElement for public void org.springframework.security.config.annotation.web.configuration.WebSecurityConfigurerAdapter.setContentNegotationStrategy(org.springframework.web.accept.ContentNegotiationStrategy)
[DEBUG] Registered injected element on class [com.crossover.trial.journals.config.WebSecurityConfig$$EnhancerBySpringCGLIB$$bb942b0f]: AutowiredMethodElement for public void org.springframework.security.config.annotation.web.configuration.WebSecurityConfigurerAdapter.setAuthenticationConfiguration(org.springframework.security.config.annotation.authentication.configuration.AuthenticationConfiguration)
[DEBUG] Registered injected element on class [com.crossover.trial.journals.config.WebSecurityConfig$$EnhancerBySpringCGLIB$$bb942b0f]: AutowiredFieldElement for private org.springframework.security.core.userdetails.UserDetailsService com.crossover.trial.journals.config.WebSecurityConfig.userDetailsService
[DEBUG] Registered injected element on class [com.crossover.trial.journals.config.WebSecurityConfig$$EnhancerBySpringCGLIB$$bb942b0f]: AutowiredMethodElement for public void com.crossover.trial.journals.config.WebSecurityConfig.configAuthentication(org.springframework.security.config.annotation.authentication.builders.AuthenticationManagerBuilder) throws java.lang.Exception
[DEBUG] Eagerly caching bean &apos;webSecurityConfig&apos; to allow for resolving potential circular references
[DEBUG] Processing injected element of bean &apos;webSecurityConfig&apos;: AutowiredMethodElement for public void org.springframework.security.config.annotation.web.configuration.WebSecurityConfigurerAdapter.setApplicationContext(org.springframework.context.ApplicationContext)
[DEBUG] Autowiring by type from bean name &apos;webSecurityConfig&apos; to bean named &apos;org.springframework.web.context.support.GenericWebApplicationContext@24269709&apos;
[DEBUG] Processing injected element of bean &apos;webSecurityConfig&apos;: AutowiredMethodElement for public void org.springframework.security.config.annotation.web.configuration.WebSecurityConfigurerAdapter.setTrustResolver(org.springframework.security.authentication.AuthenticationTrustResolver)
[DEBUG] Processing injected element of bean &apos;webSecurityConfig&apos;: AutowiredMethodElement for public void org.springframework.security.config.annotation.web.configuration.WebSecurityConfigurerAdapter.setObjectPostProcessor(org.springframework.security.config.annotation.ObjectPostProcessor)
[DEBUG] Creating shared instance of singleton bean &apos;objectPostProcessor&apos;
[DEBUG] Creating instance of bean &apos;objectPostProcessor&apos;
[DEBUG] Returning cached instance of singleton bean &apos;org.springframework.transaction.config.internalTransactionAdvisor&apos;
[DEBUG] Creating shared instance of singleton bean &apos;org.springframework.security.config.annotation.configuration.ObjectPostProcessorConfiguration&apos;
[DEBUG] Creating instance of bean &apos;org.springframework.security.config.annotation.configuration.ObjectPostProcessorConfiguration&apos;
[DEBUG] Returning cached instance of singleton bean &apos;org.springframework.transaction.config.internalTransactionAdvisor&apos;
[DEBUG] Eagerly caching bean &apos;org.springframework.security.config.annotation.configuration.ObjectPostProcessorConfiguration&apos; to allow for resolving potential circular references
[DEBUG] Returning cached instance of singleton bean &apos;org.springframework.transaction.config.internalTransactionAdvisor&apos;
[DEBUG] Returning cached instance of singleton bean &apos;org.springframework.transaction.config.internalTransactionAdvisor&apos;
[DEBUG] Finished creating instance of bean &apos;org.springframework.security.config.annotation.configuration.ObjectPostProcessorConfiguration&apos;
[DEBUG] Autowiring by type from bean name &apos;objectPostProcessor&apos; via factory method to bean named &apos;org.springframework.beans.factory.support.DefaultListableBeanFactory@81d9a72&apos;
[DEBUG] Eagerly caching bean &apos;objectPostProcessor&apos; to allow for resolving potential circular references
[DEBUG] Returning cached instance of singleton bean &apos;org.springframework.transaction.config.internalTransactionAdvisor&apos;
[DEBUG] Returning cached instance of singleton bean &apos;org.springframework.transaction.config.internalTransactionAdvisor&apos;
[DEBUG] Finished creating instance of bean &apos;objectPostProcessor&apos;
[DEBUG] Autowiring by type from bean name &apos;webSecurityConfig&apos; to bean named &apos;objectPostProcessor&apos;
[DEBUG] Processing injected element of bean &apos;webSecurityConfig&apos;: AutowiredMethodElement for public void org.springframework.security.config.annotation.web.configuration.WebSecurityConfigurerAdapter.setContentNegotationStrategy(org.springframework.web.accept.ContentNegotiationStrategy)
[DEBUG] Creating shared instance of singleton bean &apos;mvcContentNegotiationManager&apos;
[DEBUG] Creating instance of bean &apos;mvcContentNegotiationManager&apos;
[DEBUG] Returning cached instance of singleton bean &apos;org.springframework.transaction.config.internalTransactionAdvisor&apos;
[DEBUG] Creating shared instance of singleton bean &apos;org.springframework.boot.autoconfigure.web.WebMvcAutoConfiguration$EnableWebMvcConfiguration&apos;
[DEBUG] Creating instance of bean &apos;org.springframework.boot.autoconfigure.web.WebMvcAutoConfiguration$EnableWebMvcConfiguration&apos;
[DEBUG] Returning cached instance of singleton bean &apos;org.springframework.transaction.config.internalTransactionAdvisor&apos;
[DEBUG] Registered injected element on class [org.springframework.boot.autoconfigure.web.WebMvcAutoConfiguration$EnableWebMvcConfiguration$$EnhancerBySpringCGLIB$$f0430036]: AutowiredMethodElement for public void org.springframework.web.servlet.config.annotation.DelegatingWebMvcConfiguration.setConfigurers(java.util.List)
[DEBUG] Registered injected element on class [org.springframework.boot.autoconfigure.web.WebMvcAutoConfiguration$EnableWebMvcConfiguration$$EnhancerBySpringCGLIB$$f0430036]: AutowiredFieldElement for private org.springframework.boot.autoconfigure.web.WebMvcProperties org.springframework.boot.autoconfigure.web.WebMvcAutoConfiguration$EnableWebMvcConfiguration.mvcProperties
[DEBUG] Registered injected element on class [org.springframework.boot.autoconfigure.web.WebMvcAutoConfiguration$EnableWebMvcConfiguration$$EnhancerBySpringCGLIB$$f0430036]: AutowiredFieldElement for private org.springframework.beans.factory.ListableBeanFactory org.springframework.boot.autoconfigure.web.WebMvcAutoConfiguration$EnableWebMvcConfiguration.beanFactory
[DEBUG] Eagerly caching bean &apos;org.springframework.boot.autoconfigure.web.WebMvcAutoConfiguration$EnableWebMvcConfiguration&apos; to allow for resolving potential circular references
[DEBUG] Processing injected element of bean &apos;org.springframework.boot.autoconfigure.web.WebMvcAutoConfiguration$EnableWebMvcConfiguration&apos;: AutowiredMethodElement for public void org.springframework.web.servlet.config.annotation.DelegatingWebMvcConfiguration.setConfigurers(java.util.List)
[DEBUG] Returning cached instance of singleton bean &apos;mvcConfig&apos;
[DEBUG] Creating shared instance of singleton bean &apos;org.springframework.security.config.annotation.web.configuration.WebMvcSecurityConfiguration&apos;
[DEBUG] Creating instance of bean &apos;org.springframework.security.config.annotation.web.configuration.WebMvcSecurityConfiguration&apos;
[DEBUG] Returning cached instance of singleton bean &apos;org.springframework.transaction.config.internalTransactionAdvisor&apos;
[DEBUG] Eagerly caching bean &apos;org.springframework.security.config.annotation.web.configuration.WebMvcSecurityConfiguration&apos; to allow for resolving potential circular references
[DEBUG] Returning cached instance of singleton bean &apos;org.springframework.transaction.config.internalTransactionAdvisor&apos;
[DEBUG] Returning cached instance of singleton bean &apos;org.springframework.transaction.config.internalTransactionAdvisor&apos;
[DEBUG] Finished creating instance of bean &apos;org.springframework.security.config.annotation.web.configuration.WebMvcSecurityConfiguration&apos;
[DEBUG] Creating shared instance of singleton bean &apos;org.springframework.boot.autoconfigure.web.WebMvcAutoConfiguration$WebMvcAutoConfigurationAdapter&apos;
[DEBUG] Creating instance of bean &apos;org.springframework.boot.autoconfigure.web.WebMvcAutoConfiguration$WebMvcAutoConfigurationAdapter&apos;
[DEBUG] Returning cached instance of singleton bean &apos;org.springframework.transaction.config.internalTransactionAdvisor&apos;
[DEBUG] Registered injected element on class [org.springframework.boot.autoconfigure.web.WebMvcAutoConfiguration$WebMvcAutoConfigurationAdapter$$EnhancerBySpringCGLIB$$618b0349]: AutowiredFieldElement for private org.springframework.boot.autoconfigure.web.ResourceProperties org.springframework.boot.autoconfigure.web.WebMvcAutoConfiguration$WebMvcAutoConfigurationAdapter.resourceProperties
[DEBUG] Registered injected element on class [org.springframework.boot.autoconfigure.web.WebMvcAutoConfiguration$WebMvcAutoConfigurationAdapter$$EnhancerBySpringCGLIB$$618b0349]: AutowiredFieldElement for private org.springframework.boot.autoconfigure.web.WebMvcProperties org.springframework.boot.autoconfigure.web.WebMvcAutoConfiguration$WebMvcAutoConfigurationAdapter.mvcProperties
[DEBUG] Registered injected element on class [org.springframework.boot.autoconfigure.web.WebMvcAutoConfiguration$WebMvcAutoConfigurationAdapter$$EnhancerBySpringCGLIB$$618b0349]: AutowiredFieldElement for private org.springframework.beans.factory.ListableBeanFactory org.springframework.boot.autoconfigure.web.WebMvcAutoConfiguration$WebMvcAutoConfigurationAdapter.beanFactory
[DEBUG] Registered injected element on class [org.springframework.boot.autoconfigure.web.WebMvcAutoConfiguration$WebMvcAutoConfigurationAdapter$$EnhancerBySpringCGLIB$$618b0349]: AutowiredFieldElement for private org.springframework.boot.autoconfigure.web.HttpMessageConverters org.springframework.boot.autoconfigure.web.WebMvcAutoConfiguration$WebMvcAutoConfigurationAdapter.messageConverters
[DEBUG] Registered injected element on class [org.springframework.boot.autoconfigure.web.WebMvcAutoConfiguration$WebMvcAutoConfigurationAdapter$$EnhancerBySpringCGLIB$$618b0349]: AutowiredFieldElement for org.springframework.boot.autoconfigure.web.WebMvcAutoConfiguration$ResourceHandlerRegistrationCustomizer org.springframework.boot.autoconfigure.web.WebMvcAutoConfiguration$WebMvcAutoConfigurationAdapter.resourceHandlerRegistrationCustomizer
[DEBUG] Eagerly caching bean &apos;org.springframework.boot.autoconfigure.web.WebMvcAutoConfiguration$WebMvcAutoConfigurationAdapter&apos; to allow for resolving potential circular references
[DEBUG] Processing injected element of bean &apos;org.springframework.boot.autoconfigure.web.WebMvcAutoConfiguration$WebMvcAutoConfigurationAdapter&apos;: AutowiredFieldElement for private org.springframework.boot.autoconfigure.web.ResourceProperties org.springframework.boot.autoconfigure.web.WebMvcAutoConfiguration$WebMvcAutoConfigurationAdapter.resourceProperties
[DEBUG] Creating shared instance of singleton bean &apos;spring.resources.CONFIGURATION_PROPERTIES&apos;
[DEBUG] Creating instance of bean &apos;spring.resources.CONFIGURATION_PROPERTIES&apos;
[DEBUG] Returning cached instance of singleton bean &apos;org.springframework.transaction.config.internalTransactionAdvisor&apos;
[DEBUG] Eagerly caching bean &apos;spring.resources.CONFIGURATION_PROPERTIES&apos; to allow for resolving potential circular references
[DEBUG] Adding [systemProperties] PropertySource with lowest search precedence
[DEBUG] Adding [systemEnvironment] PropertySource with lowest search precedence
[DEBUG] Adding [random] PropertySource with lowest search precedence
[DEBUG] Adding [integrationTest] PropertySource with lowest search precedence
[DEBUG] Adding [applicationConfig: [classpath:/application.properties]] PropertySource with lowest search precedence
[DEBUG] Adding [localProperties] PropertySource with lowest search precedence
[DEBUG] Returning cached instance of singleton bean &apos;org.springframework.transaction.config.internalTransactionAdvisor&apos;
[DEBUG] Returning cached instance of singleton bean &apos;org.springframework.transaction.config.internalTransactionAdvisor&apos;
[DEBUG] Finished creating instance of bean &apos;spring.resources.CONFIGURATION_PROPERTIES&apos;
[DEBUG] Autowiring by type from bean name &apos;org.springframework.boot.autoconfigure.web.WebMvcAutoConfiguration$WebMvcAutoConfigurationAdapter&apos; to bean named &apos;spring.resources.CONFIGURATION_PROPERTIES&apos;
[DEBUG] Processing injected element of bean &apos;org.springframework.boot.autoconfigure.web.WebMvcAutoConfiguration$WebMvcAutoConfigurationAdapter&apos;: AutowiredFieldElement for private org.springframework.boot.autoconfigure.web.WebMvcProperties org.springframework.boot.autoconfigure.web.WebMvcAutoConfiguration$WebMvcAutoConfigurationAdapter.mvcProperties
[DEBUG] Creating shared instance of singleton bean &apos;spring.mvc.CONFIGURATION_PROPERTIES&apos;
[DEBUG] Creating instance of bean &apos;spring.mvc.CONFIGURATION_PROPERTIES&apos;
[DEBUG] Returning cached instance of singleton bean &apos;org.springframework.transaction.config.internalTransactionAdvisor&apos;
[DEBUG] Eagerly caching bean &apos;spring.mvc.CONFIGURATION_PROPERTIES&apos; to allow for resolving potential circular references
[DEBUG] Adding [systemProperties] PropertySource with lowest search precedence
[DEBUG] Adding [systemEnvironment] PropertySource with lowest search precedence
[DEBUG] Adding [random] PropertySource with lowest search precedence
[DEBUG] Adding [integrationTest] PropertySource with lowest search precedence
[DEBUG] Adding [applicationConfig: [classpath:/application.properties]] PropertySource with lowest search precedence
[DEBUG] Adding [localProperties] PropertySource with lowest search precedence
[DEBUG] Returning cached instance of singleton bean &apos;org.springframework.transaction.config.internalTransactionAdvisor&apos;
[DEBUG] Returning cached instance of singleton bean &apos;org.springframework.transaction.config.internalTransactionAdvisor&apos;
[DEBUG] Finished creating instance of bean &apos;spring.mvc.CONFIGURATION_PROPERTIES&apos;
[DEBUG] Autowiring by type from bean name &apos;org.springframework.boot.autoconfigure.web.WebMvcAutoConfiguration$WebMvcAutoConfigurationAdapter&apos; to bean named &apos;spring.mvc.CONFIGURATION_PROPERTIES&apos;
[DEBUG] Processing injected element of bean &apos;org.springframework.boot.autoconfigure.web.WebMvcAutoConfiguration$WebMvcAutoConfigurationAdapter&apos;: AutowiredFieldElement for private org.springframework.beans.factory.ListableBeanFactory org.springframework.boot.autoconfigure.web.WebMvcAutoConfiguration$WebMvcAutoConfigurationAdapter.beanFactory
[DEBUG] Autowiring by type from bean name &apos;org.springframework.boot.autoconfigure.web.WebMvcAutoConfiguration$WebMvcAutoConfigurationAdapter&apos; to bean named &apos;org.springframework.beans.factory.support.DefaultListableBeanFactory@81d9a72&apos;
[DEBUG] Processing injected element of bean &apos;org.springframework.boot.autoconfigure.web.WebMvcAutoConfiguration$WebMvcAutoConfigurationAdapter&apos;: AutowiredFieldElement for private org.springframework.boot.autoconfigure.web.HttpMessageConverters org.springframework.boot.autoconfigure.web.WebMvcAutoConfiguration$WebMvcAutoConfigurationAdapter.messageConverters
[DEBUG] Creating shared instance of singleton bean &apos;messageConverters&apos;
[DEBUG] Creating instance of bean &apos;messageConverters&apos;
[DEBUG] Returning cached instance of singleton bean &apos;org.springframework.transaction.config.internalTransactionAdvisor&apos;
[DEBUG] Creating shared instance of singleton bean &apos;org.springframework.boot.autoconfigure.web.HttpMessageConvertersAutoConfiguration&apos;
[DEBUG] Creating instance of bean &apos;org.springframework.boot.autoconfigure.web.HttpMessageConvertersAutoConfiguration&apos;
[DEBUG] Returning cached instance of singleton bean &apos;org.springframework.transaction.config.internalTransactionAdvisor&apos;
[DEBUG] Registered injected element on class [org.springframework.boot.autoconfigure.web.HttpMessageConvertersAutoConfiguration$$EnhancerBySpringCGLIB$$2600bdad]: AutowiredFieldElement for private final java.util.List org.springframework.boot.autoconfigure.web.HttpMessageConvertersAutoConfiguration.converters
[DEBUG] Eagerly caching bean &apos;org.springframework.boot.autoconfigure.web.HttpMessageConvertersAutoConfiguration&apos; to allow for resolving potential circular references
[DEBUG] Processing injected element of bean &apos;org.springframework.boot.autoconfigure.web.HttpMessageConvertersAutoConfiguration&apos;: AutowiredFieldElement for private final java.util.List org.springframework.boot.autoconfigure.web.HttpMessageConvertersAutoConfiguration.converters
[DEBUG] Creating shared instance of singleton bean &apos;stringHttpMessageConverter&apos;
[DEBUG] Creating instance of bean &apos;stringHttpMessageConverter&apos;
[DEBUG] Returning cached instance of singleton bean &apos;org.springframework.transaction.config.internalTransactionAdvisor&apos;
[DEBUG] Creating shared instance of singleton bean &apos;org.springframework.boot.autoconfigure.web.HttpMessageConvertersAutoConfiguration$StringHttpMessageConverterConfiguration&apos;
[DEBUG] Creating instance of bean &apos;org.springframework.boot.autoconfigure.web.HttpMessageConvertersAutoConfiguration$StringHttpMessageConverterConfiguration&apos;
[DEBUG] Returning cached instance of singleton bean &apos;org.springframework.transaction.config.internalTransactionAdvisor&apos;
[DEBUG] Registered injected element on class [org.springframework.boot.autoconfigure.web.HttpMessageConvertersAutoConfiguration$StringHttpMessageConverterConfiguration$$EnhancerBySpringCGLIB$$4109f44d]: AutowiredFieldElement for private org.springframework.boot.autoconfigure.web.HttpEncodingProperties org.springframework.boot.autoconfigure.web.HttpMessageConvertersAutoConfiguration$StringHttpMessageConverterConfiguration.encodingProperties
[DEBUG] Eagerly caching bean &apos;org.springframework.boot.autoconfigure.web.HttpMessageConvertersAutoConfiguration$StringHttpMessageConverterConfiguration&apos; to allow for resolving potential circular references
[DEBUG] Processing injected element of bean &apos;org.springframework.boot.autoconfigure.web.HttpMessageConvertersAutoConfiguration$StringHttpMessageConverterConfiguration&apos;: AutowiredFieldElement for private org.springframework.boot.autoconfigure.web.HttpEncodingProperties org.springframework.boot.autoconfigure.web.HttpMessageConvertersAutoConfiguration$StringHttpMessageConverterConfiguration.encodingProperties
[DEBUG] Creating shared instance of singleton bean &apos;spring.http.encoding.CONFIGURATION_PROPERTIES&apos;
[DEBUG] Creating instance of bean &apos;spring.http.encoding.CONFIGURATION_PROPERTIES&apos;
[DEBUG] Returning cached instance of singleton bean &apos;org.springframework.transaction.config.internalTransactionAdvisor&apos;
[DEBUG] Eagerly caching bean &apos;spring.http.encoding.CONFIGURATION_PROPERTIES&apos; to allow for resolving potential circular references
[DEBUG] Adding [systemProperties] PropertySource with lowest search precedence
[DEBUG] Adding [systemEnvironment] PropertySource with lowest search precedence
[DEBUG] Adding [random] PropertySource with lowest search precedence
[DEBUG] Adding [integrationTest] PropertySource with lowest search precedence
[DEBUG] Adding [applicationConfig: [classpath:/application.properties]] PropertySource with lowest search precedence
[DEBUG] Adding [localProperties] PropertySource with lowest search precedence
[DEBUG] Returning cached instance of singleton bean &apos;org.springframework.transaction.config.internalTransactionAdvisor&apos;
[DEBUG] Returning cached instance of singleton bean &apos;org.springframework.transaction.config.internalTransactionAdvisor&apos;
[DEBUG] Finished creating instance of bean &apos;spring.http.encoding.CONFIGURATION_PROPERTIES&apos;
[DEBUG] Autowiring by type from bean name &apos;org.springframework.boot.autoconfigure.web.HttpMessageConvertersAutoConfiguration$StringHttpMessageConverterConfiguration&apos; to bean named &apos;spring.http.encoding.CONFIGURATION_PROPERTIES&apos;
[DEBUG] Returning cached instance of singleton bean &apos;org.springframework.transaction.config.internalTransactionAdvisor&apos;
[DEBUG] Returning cached instance of singleton bean &apos;org.springframework.transaction.config.internalTransactionAdvisor&apos;
[DEBUG] Finished creating instance of bean &apos;org.springframework.boot.autoconfigure.web.HttpMessageConvertersAutoConfiguration$StringHttpMessageConverterConfiguration&apos;
[DEBUG] Eagerly caching bean &apos;stringHttpMessageConverter&apos; to allow for resolving potential circular references
[DEBUG] Returning cached instance of singleton bean &apos;org.springframework.transaction.config.internalTransactionAdvisor&apos;
[DEBUG] Returning cached instance of singleton bean &apos;org.springframework.transaction.config.internalTransactionAdvisor&apos;
[DEBUG] Finished creating instance of bean &apos;stringHttpMessageConverter&apos;
[DEBUG] Creating shared instance of singleton bean &apos;mappingJackson2HttpMessageConverter&apos;
[DEBUG] Creating instance of bean &apos;mappingJackson2HttpMessageConverter&apos;
[DEBUG] Returning cached instance of singleton bean &apos;org.springframework.transaction.config.internalTransactionAdvisor&apos;
[DEBUG] Creating shared instance of singleton bean &apos;org.springframework.boot.autoconfigure.web.JacksonHttpMessageConvertersConfiguration$MappingJackson2HttpMessageConverterConfiguration&apos;
[DEBUG] Creating instance of bean &apos;org.springframework.boot.autoconfigure.web.JacksonHttpMessageConvertersConfiguration$MappingJackson2HttpMessageConverterConfiguration&apos;
[DEBUG] Returning cached instance of singleton bean &apos;org.springframework.transaction.config.internalTransactionAdvisor&apos;
[DEBUG] Eagerly caching bean &apos;org.springframework.boot.autoconfigure.web.JacksonHttpMessageConvertersConfiguration$MappingJackson2HttpMessageConverterConfiguration&apos; to allow for resolving potential circular references
[DEBUG] Returning cached instance of singleton bean &apos;org.springframework.transaction.config.internalTransactionAdvisor&apos;
[DEBUG] Returning cached instance of singleton bean &apos;org.springframework.transaction.config.internalTransactionAdvisor&apos;
[DEBUG] Finished creating instance of bean &apos;org.springframework.boot.autoconfigure.web.JacksonHttpMessageConvertersConfiguration$MappingJackson2HttpMessageConverterConfiguration&apos;
[DEBUG] Creating shared instance of singleton bean &apos;jacksonObjectMapper&apos;
[DEBUG] Creating instance of bean &apos;jacksonObjectMapper&apos;
[DEBUG] Returning cached instance of singleton bean &apos;org.springframework.transaction.config.internalTransactionAdvisor&apos;
[DEBUG] Creating shared instance of singleton bean &apos;org.springframework.boot.autoconfigure.jackson.JacksonAutoConfiguration$JacksonObjectMapperConfiguration&apos;
[DEBUG] Creating instance of bean &apos;org.springframework.boot.autoconfigure.jackson.JacksonAutoConfiguration$JacksonObjectMapperConfiguration&apos;
[DEBUG] Returning cached instance of singleton bean &apos;org.springframework.transaction.config.internalTransactionAdvisor&apos;
[DEBUG] Eagerly caching bean &apos;org.springframework.boot.autoconfigure.jackson.JacksonAutoConfiguration$JacksonObjectMapperConfiguration&apos; to allow for resolving potential circular references
[DEBUG] Returning cached instance of singleton bean &apos;org.springframework.transaction.config.internalTransactionAdvisor&apos;
[DEBUG] Returning cached instance of singleton bean &apos;org.springframework.transaction.config.internalTransactionAdvisor&apos;
[DEBUG] Finished creating instance of bean &apos;org.springframework.boot.autoconfigure.jackson.JacksonAutoConfiguration$JacksonObjectMapperConfiguration&apos;
[DEBUG] Creating shared instance of singleton bean &apos;jacksonObjectMapperBuilder&apos;
[DEBUG] Creating instance of bean &apos;jacksonObjectMapperBuilder&apos;
[DEBUG] Returning cached instance of singleton bean &apos;org.springframework.transaction.config.internalTransactionAdvisor&apos;
[DEBUG] Creating shared instance of singleton bean &apos;org.springframework.boot.autoconfigure.jackson.JacksonAutoConfiguration$JacksonObjectMapperBuilderConfiguration&apos;
[DEBUG] Creating instance of bean &apos;org.springframework.boot.autoconfigure.jackson.JacksonAutoConfiguration$JacksonObjectMapperBuilderConfiguration&apos;
[DEBUG] Returning cached instance of singleton bean &apos;org.springframework.transaction.config.internalTransactionAdvisor&apos;
[DEBUG] Registered injected element on class [org.springframework.boot.autoconfigure.jackson.JacksonAutoConfiguration$JacksonObjectMapperBuilderConfiguration$$EnhancerBySpringCGLIB$$80ae3fb7]: AutowiredFieldElement for private org.springframework.context.ApplicationContext org.springframework.boot.autoconfigure.jackson.JacksonAutoConfiguration$JacksonObjectMapperBuilderConfiguration.applicationContext
[DEBUG] Registered injected element on class [org.springframework.boot.autoconfigure.jackson.JacksonAutoConfiguration$JacksonObjectMapperBuilderConfiguration$$EnhancerBySpringCGLIB$$80ae3fb7]: AutowiredFieldElement for private org.springframework.boot.autoconfigure.jackson.JacksonProperties org.springframework.boot.autoconfigure.jackson.JacksonAutoConfiguration$JacksonObjectMapperBuilderConfiguration.jacksonProperties
[DEBUG] Eagerly caching bean &apos;org.springframework.boot.autoconfigure.jackson.JacksonAutoConfiguration$JacksonObjectMapperBuilderConfiguration&apos; to allow for resolving potential circular references
[DEBUG] Processing injected element of bean &apos;org.springframework.boot.autoconfigure.jackson.JacksonAutoConfiguration$JacksonObjectMapperBuilderConfiguration&apos;: AutowiredFieldElement for private org.springframework.context.ApplicationContext org.springframework.boot.autoconfigure.jackson.JacksonAutoConfiguration$JacksonObjectMapperBuilderConfiguration.applicationContext
[DEBUG] Autowiring by type from bean name &apos;org.springframework.boot.autoconfigure.jackson.JacksonAutoConfiguration$JacksonObjectMapperBuilderConfiguration&apos; to bean named &apos;org.springframework.web.context.support.GenericWebApplicationContext@24269709&apos;
[DEBUG] Processing injected element of bean &apos;org.springframework.boot.autoconfigure.jackson.JacksonAutoConfiguration$JacksonObjectMapperBuilderConfiguration&apos;: AutowiredFieldElement for private org.springframework.boot.autoconfigure.jackson.JacksonProperties org.springframework.boot.autoconfigure.jackson.JacksonAutoConfiguration$JacksonObjectMapperBuilderConfiguration.jacksonProperties
[DEBUG] Creating shared instance of singleton bean &apos;spring.jackson.CONFIGURATION_PROPERTIES&apos;
[DEBUG] Creating instance of bean &apos;spring.jackson.CONFIGURATION_PROPERTIES&apos;
[DEBUG] Returning cached instance of singleton bean &apos;org.springframework.transaction.config.internalTransactionAdvisor&apos;
[DEBUG] Eagerly caching bean &apos;spring.jackson.CONFIGURATION_PROPERTIES&apos; to allow for resolving potential circular references
[DEBUG] Adding [systemProperties] PropertySource with lowest search precedence
[DEBUG] Adding [systemEnvironment] PropertySource with lowest search precedence
[DEBUG] Adding [random] PropertySource with lowest search precedence
[DEBUG] Adding [integrationTest] PropertySource with lowest search precedence
[DEBUG] Adding [applicationConfig: [classpath:/application.properties]] PropertySource with lowest search precedence
[DEBUG] Adding [localProperties] PropertySource with lowest search precedence
[DEBUG] Returning cached instance of singleton bean &apos;org.springframework.transaction.config.internalTransactionAdvisor&apos;
[DEBUG] Returning cached instance of singleton bean &apos;org.springframework.transaction.config.internalTransactionAdvisor&apos;
[DEBUG] Finished creating instance of bean &apos;spring.jackson.CONFIGURATION_PROPERTIES&apos;
[DEBUG] Autowiring by type from bean name &apos;org.springframework.boot.autoconfigure.jackson.JacksonAutoConfiguration$JacksonObjectMapperBuilderConfiguration&apos; to bean named &apos;spring.jackson.CONFIGURATION_PROPERTIES&apos;
[DEBUG] Returning cached instance of singleton bean &apos;org.springframework.transaction.config.internalTransactionAdvisor&apos;
[DEBUG] Returning cached instance of singleton bean &apos;org.springframework.transaction.config.internalTransactionAdvisor&apos;
[DEBUG] Finished creating instance of bean &apos;org.springframework.boot.autoconfigure.jackson.JacksonAutoConfiguration$JacksonObjectMapperBuilderConfiguration&apos;
[DEBUG] Creating shared instance of singleton bean &apos;jacksonGeoModule&apos;
[DEBUG] Creating instance of bean &apos;jacksonGeoModule&apos;
[DEBUG] Returning cached instance of singleton bean &apos;org.springframework.transaction.config.internalTransactionAdvisor&apos;
[DEBUG] Creating shared instance of singleton bean &apos;org.springframework.data.web.config.SpringDataJacksonConfiguration&apos;
[DEBUG] Creating instance of bean &apos;org.springframework.data.web.config.SpringDataJacksonConfiguration&apos;
[DEBUG] Returning cached instance of singleton bean &apos;org.springframework.transaction.config.internalTransactionAdvisor&apos;
[DEBUG] Eagerly caching bean &apos;org.springframework.data.web.config.SpringDataJacksonConfiguration&apos; to allow for resolving potential circular references
[DEBUG] Returning cached instance of singleton bean &apos;org.springframework.transaction.config.internalTransactionAdvisor&apos;
[DEBUG] Returning cached instance of singleton bean &apos;org.springframework.transaction.config.internalTransactionAdvisor&apos;
[DEBUG] Finished creating instance of bean &apos;org.springframework.data.web.config.SpringDataJacksonConfiguration&apos;
[DEBUG] Eagerly caching bean &apos;jacksonGeoModule&apos; to allow for resolving potential circular references
[DEBUG] Returning cached instance of singleton bean &apos;org.springframework.transaction.config.internalTransactionAdvisor&apos;
[DEBUG] Returning cached instance of singleton bean &apos;org.springframework.transaction.config.internalTransactionAdvisor&apos;
[DEBUG] Finished creating instance of bean &apos;jacksonGeoModule&apos;
[DEBUG] Eagerly caching bean &apos;jacksonObjectMapperBuilder&apos; to allow for resolving potential circular references
[DEBUG] Returning cached instance of singleton bean &apos;org.springframework.transaction.config.internalTransactionAdvisor&apos;
[DEBUG] Returning cached instance of singleton bean &apos;org.springframework.transaction.config.internalTransactionAdvisor&apos;
[DEBUG] Finished creating instance of bean &apos;jacksonObjectMapperBuilder&apos;
[DEBUG] Autowiring by type from bean name &apos;jacksonObjectMapper&apos; via factory method to bean named &apos;jacksonObjectMapperBuilder&apos;
[DEBUG] Eagerly caching bean &apos;jacksonObjectMapper&apos; to allow for resolving potential circular references
[DEBUG] Returning cached instance of singleton bean &apos;org.springframework.transaction.config.internalTransactionAdvisor&apos;
[DEBUG] Returning cached instance of singleton bean &apos;org.springframework.transaction.config.internalTransactionAdvisor&apos;
[DEBUG] Finished creating instance of bean &apos;jacksonObjectMapper&apos;
[DEBUG] Autowiring by type from bean name &apos;mappingJackson2HttpMessageConverter&apos; via factory method to bean named &apos;jacksonObjectMapper&apos;
[DEBUG] Eagerly caching bean &apos;mappingJackson2HttpMessageConverter&apos; to allow for resolving potential circular references
[DEBUG] Returning cached instance of singleton bean &apos;org.springframework.transaction.config.internalTransactionAdvisor&apos;
[DEBUG] Returning cached instance of singleton bean &apos;org.springframework.transaction.config.internalTransactionAdvisor&apos;
[DEBUG] Finished creating instance of bean &apos;mappingJackson2HttpMessageConverter&apos;
[DEBUG] Autowiring by type from bean name &apos;org.springframework.boot.autoconfigure.web.HttpMessageConvertersAutoConfiguration&apos; to bean named &apos;stringHttpMessageConverter&apos;
[DEBUG] Autowiring by type from bean name &apos;org.springframework.boot.autoconfigure.web.HttpMessageConvertersAutoConfiguration&apos; to bean named &apos;mappingJackson2HttpMessageConverter&apos;
[DEBUG] Returning cached instance of singleton bean &apos;org.springframework.transaction.config.internalTransactionAdvisor&apos;
[DEBUG] Returning cached instance of singleton bean &apos;org.springframework.transaction.config.internalTransactionAdvisor&apos;
[DEBUG] Finished creating instance of bean &apos;org.springframework.boot.autoconfigure.web.HttpMessageConvertersAutoConfiguration&apos;
[DEBUG] Eagerly caching bean &apos;messageConverters&apos; to allow for resolving potential circular references
[DEBUG] Returning cached instance of singleton bean &apos;org.springframework.transaction.config.internalTransactionAdvisor&apos;
[DEBUG] Returning cached instance of singleton bean &apos;org.springframework.transaction.config.internalTransactionAdvisor&apos;
[DEBUG] Finished creating instance of bean &apos;messageConverters&apos;
[DEBUG] Autowiring by type from bean name &apos;org.springframework.boot.autoconfigure.web.WebMvcAutoConfiguration$WebMvcAutoConfigurationAdapter&apos; to bean named &apos;messageConverters&apos;
[DEBUG] Processing injected element of bean &apos;org.springframework.boot.autoconfigure.web.WebMvcAutoConfiguration$WebMvcAutoConfigurationAdapter&apos;: AutowiredFieldElement for org.springframework.boot.autoconfigure.web.WebMvcAutoConfiguration$ResourceHandlerRegistrationCustomizer org.springframework.boot.autoconfigure.web.WebMvcAutoConfiguration$WebMvcAutoConfigurationAdapter.resourceHandlerRegistrationCustomizer
[DEBUG] Returning cached instance of singleton bean &apos;org.springframework.transaction.config.internalTransactionAdvisor&apos;
[DEBUG] Returning cached instance of singleton bean &apos;org.springframework.transaction.config.internalTransactionAdvisor&apos;
[DEBUG] Finished creating instance of bean &apos;org.springframework.boot.autoconfigure.web.WebMvcAutoConfiguration$WebMvcAutoConfigurationAdapter&apos;
[DEBUG] Creating shared instance of singleton bean &apos;org.springframework.boot.autoconfigure.orm.jpa.JpaBaseConfiguration$JpaWebConfiguration$JpaWebMvcConfiguration&apos;
[DEBUG] Creating instance of bean &apos;org.springframework.boot.autoconfigure.orm.jpa.JpaBaseConfiguration$JpaWebConfiguration$JpaWebMvcConfiguration&apos;
[DEBUG] Returning cached instance of singleton bean &apos;org.springframework.transaction.config.internalTransactionAdvisor&apos;
[DEBUG] Eagerly caching bean &apos;org.springframework.boot.autoconfigure.orm.jpa.JpaBaseConfiguration$JpaWebConfiguration$JpaWebMvcConfiguration&apos; to allow for resolving potential circular references
[DEBUG] Returning cached instance of singleton bean &apos;org.springframework.transaction.config.internalTransactionAdvisor&apos;
[DEBUG] Returning cached instance of singleton bean &apos;org.springframework.transaction.config.internalTransactionAdvisor&apos;
[DEBUG] Finished creating instance of bean &apos;org.springframework.boot.autoconfigure.orm.jpa.JpaBaseConfiguration$JpaWebConfiguration$JpaWebMvcConfiguration&apos;
[DEBUG] Creating shared instance of singleton bean &apos;org.springframework.data.web.config.SpringDataWebConfiguration&apos;
[DEBUG] Creating instance of bean &apos;org.springframework.data.web.config.SpringDataWebConfiguration&apos;
[DEBUG] Returning cached instance of singleton bean &apos;org.springframework.transaction.config.internalTransactionAdvisor&apos;
[DEBUG] Registered injected element on class [org.springframework.data.web.config.SpringDataWebConfiguration$$EnhancerBySpringCGLIB$$8a65cb40]: AutowiredFieldElement for private org.springframework.context.ApplicationContext org.springframework.data.web.config.SpringDataWebConfiguration.context
[DEBUG] Registered injected element on class [org.springframework.data.web.config.SpringDataWebConfiguration$$EnhancerBySpringCGLIB$$8a65cb40]: AutowiredFieldElement for org.springframework.beans.factory.ObjectFactory org.springframework.data.web.config.SpringDataWebConfiguration.conversionService
[DEBUG] Eagerly caching bean &apos;org.springframework.data.web.config.SpringDataWebConfiguration&apos; to allow for resolving potential circular references
[DEBUG] Processing injected element of bean &apos;org.springframework.data.web.config.SpringDataWebConfiguration&apos;: AutowiredFieldElement for private org.springframework.context.ApplicationContext org.springframework.data.web.config.SpringDataWebConfiguration.context
[DEBUG] Autowiring by type from bean name &apos;org.springframework.data.web.config.SpringDataWebConfiguration&apos; to bean named &apos;org.springframework.web.context.support.GenericWebApplicationContext@24269709&apos;
[DEBUG] Processing injected element of bean &apos;org.springframework.data.web.config.SpringDataWebConfiguration&apos;: AutowiredFieldElement for org.springframework.beans.factory.ObjectFactory org.springframework.data.web.config.SpringDataWebConfiguration.conversionService
[DEBUG] Returning cached instance of singleton bean &apos;org.springframework.transaction.config.internalTransactionAdvisor&apos;
[DEBUG] Returning cached instance of singleton bean &apos;org.springframework.transaction.config.internalTransactionAdvisor&apos;
[DEBUG] Finished creating instance of bean &apos;org.springframework.data.web.config.SpringDataWebConfiguration&apos;
[DEBUG] Autowiring by type from bean name &apos;org.springframework.boot.autoconfigure.web.WebMvcAutoConfiguration$EnableWebMvcConfiguration&apos; to bean named &apos;mvcConfig&apos;
[DEBUG] Autowiring by type from bean name &apos;org.springframework.boot.autoconfigure.web.WebMvcAutoConfiguration$EnableWebMvcConfiguration&apos; to bean named &apos;org.springframework.security.config.annotation.web.configuration.WebMvcSecurityConfiguration&apos;
[DEBUG] Autowiring by type from bean name &apos;org.springframework.boot.autoconfigure.web.WebMvcAutoConfiguration$EnableWebMvcConfiguration&apos; to bean named &apos;org.springframework.boot.autoconfigure.web.WebMvcAutoConfiguration$WebMvcAutoConfigurationAdapter&apos;
[DEBUG] Autowiring by type from bean name &apos;org.springframework.boot.autoconfigure.web.WebMvcAutoConfiguration$EnableWebMvcConfiguration&apos; to bean named &apos;org.springframework.boot.autoconfigure.orm.jpa.JpaBaseConfiguration$JpaWebConfiguration$JpaWebMvcConfiguration&apos;
[DEBUG] Autowiring by type from bean name &apos;org.springframework.boot.autoconfigure.web.WebMvcAutoConfiguration$EnableWebMvcConfiguration&apos; to bean named &apos;org.springframework.data.web.config.SpringDataWebConfiguration&apos;
[DEBUG] Processing injected element of bean &apos;org.springframework.boot.autoconfigure.web.WebMvcAutoConfiguration$EnableWebMvcConfiguration&apos;: AutowiredFieldElement for private org.springframework.boot.autoconfigure.web.WebMvcProperties org.springframework.boot.autoconfigure.web.WebMvcAutoConfiguration$EnableWebMvcConfiguration.mvcProperties
[DEBUG] Returning cached instance of singleton bean &apos;spring.mvc.CONFIGURATION_PROPERTIES&apos;
[DEBUG] Autowiring by type from bean name &apos;org.springframework.boot.autoconfigure.web.WebMvcAutoConfiguration$EnableWebMvcConfiguration&apos; to bean named &apos;spring.mvc.CONFIGURATION_PROPERTIES&apos;
[DEBUG] Processing injected element of bean &apos;org.springframework.boot.autoconfigure.web.WebMvcAutoConfiguration$EnableWebMvcConfiguration&apos;: AutowiredFieldElement for private org.springframework.beans.factory.ListableBeanFactory org.springframework.boot.autoconfigure.web.WebMvcAutoConfiguration$EnableWebMvcConfiguration.beanFactory
[DEBUG] Autowiring by type from bean name &apos;org.springframework.boot.autoconfigure.web.WebMvcAutoConfiguration$EnableWebMvcConfiguration&apos; to bean named &apos;org.springframework.beans.factory.support.DefaultListableBeanFactory@81d9a72&apos;
[DEBUG] Returning cached instance of singleton bean &apos;org.springframework.transaction.config.internalTransactionAdvisor&apos;
[DEBUG] Returning cached instance of singleton bean &apos;org.springframework.transaction.config.internalTransactionAdvisor&apos;
[DEBUG] Finished creating instance of bean &apos;org.springframework.boot.autoconfigure.web.WebMvcAutoConfiguration$EnableWebMvcConfiguration&apos;
[DEBUG] Eagerly caching bean &apos;mvcContentNegotiationManager&apos; to allow for resolving potential circular references
[DEBUG] Returning cached instance of singleton bean &apos;org.springframework.transaction.config.internalTransactionAdvisor&apos;
[DEBUG] Returning cached instance of singleton bean &apos;org.springframework.transaction.config.internalTransactionAdvisor&apos;
[DEBUG] Finished creating instance of bean &apos;mvcContentNegotiationManager&apos;
[DEBUG] Autowiring by type from bean name &apos;webSecurityConfig&apos; to bean named &apos;mvcContentNegotiationManager&apos;
[DEBUG] Processing injected element of bean &apos;webSecurityConfig&apos;: AutowiredMethodElement for public void org.springframework.security.config.annotation.web.configuration.WebSecurityConfigurerAdapter.setAuthenticationConfiguration(org.springframework.security.config.annotation.authentication.configuration.AuthenticationConfiguration)
[DEBUG] Creating shared instance of singleton bean &apos;org.springframework.security.config.annotation.authentication.configuration.AuthenticationConfiguration&apos;
[DEBUG] Creating instance of bean &apos;org.springframework.security.config.annotation.authentication.configuration.AuthenticationConfiguration&apos;
[DEBUG] Returning cached instance of singleton bean &apos;org.springframework.transaction.config.internalTransactionAdvisor&apos;
[DEBUG] Registered injected element on class [org.springframework.security.config.annotation.authentication.configuration.AuthenticationConfiguration$$EnhancerBySpringCGLIB$$8b2b141c]: AutowiredMethodElement for public void org.springframework.security.config.annotation.authentication.configuration.AuthenticationConfiguration.setApplicationContext(org.springframework.context.ApplicationContext)
[DEBUG] Registered injected element on class [org.springframework.security.config.annotation.authentication.configuration.AuthenticationConfiguration$$EnhancerBySpringCGLIB$$8b2b141c]: AutowiredMethodElement for public void org.springframework.security.config.annotation.authentication.configuration.AuthenticationConfiguration.setGlobalAuthenticationConfigurers(java.util.List) throws java.lang.Exception
[DEBUG] Registered injected element on class [org.springframework.security.config.annotation.authentication.configuration.AuthenticationConfiguration$$EnhancerBySpringCGLIB$$8b2b141c]: AutowiredMethodElement for public void org.springframework.security.config.annotation.authentication.configuration.AuthenticationConfiguration.setObjectPostProcessor(org.springframework.security.config.annotation.ObjectPostProcessor)
[DEBUG] Eagerly caching bean &apos;org.springframework.security.config.annotation.authentication.configuration.AuthenticationConfiguration&apos; to allow for resolving potential circular references
[DEBUG] Processing injected element of bean &apos;org.springframework.security.config.annotation.authentication.configuration.AuthenticationConfiguration&apos;: AutowiredMethodElement for public void org.springframework.security.config.annotation.authentication.configuration.AuthenticationConfiguration.setApplicationContext(org.springframework.context.ApplicationContext)
[DEBUG] Autowiring by type from bean name &apos;org.springframework.security.config.annotation.authentication.configuration.AuthenticationConfiguration&apos; to bean named &apos;org.springframework.web.context.support.GenericWebApplicationContext@24269709&apos;
[DEBUG] Processing injected element of bean &apos;org.springframework.security.config.annotation.authentication.configuration.AuthenticationConfiguration&apos;: AutowiredMethodElement for public void org.springframework.security.config.annotation.authentication.configuration.AuthenticationConfiguration.setGlobalAuthenticationConfigurers(java.util.List) throws java.lang.Exception
[DEBUG] Creating shared instance of singleton bean &apos;enableGlobalAuthenticationAutowiredConfigurer&apos;
[DEBUG] Creating instance of bean &apos;enableGlobalAuthenticationAutowiredConfigurer&apos;
[DEBUG] Returning cached instance of singleton bean &apos;org.springframework.transaction.config.internalTransactionAdvisor&apos;
[DEBUG] Autowiring by type from bean name &apos;enableGlobalAuthenticationAutowiredConfigurer&apos; via factory method to bean named &apos;org.springframework.web.context.support.GenericWebApplicationContext@24269709&apos;
[DEBUG] Eagerly caching bean &apos;enableGlobalAuthenticationAutowiredConfigurer&apos; to allow for resolving potential circular references
[DEBUG] Returning cached instance of singleton bean &apos;org.springframework.transaction.config.internalTransactionAdvisor&apos;
[DEBUG] Returning cached instance of singleton bean &apos;org.springframework.transaction.config.internalTransactionAdvisor&apos;
[DEBUG] Finished creating instance of bean &apos;enableGlobalAuthenticationAutowiredConfigurer&apos;
[DEBUG] Creating shared instance of singleton bean &apos;springBootAuthenticationConfigurerAdapter&apos;
[DEBUG] Creating instance of bean &apos;springBootAuthenticationConfigurerAdapter&apos;
[DEBUG] Returning cached instance of singleton bean &apos;org.springframework.transaction.config.internalTransactionAdvisor&apos;
[DEBUG] Creating shared instance of singleton bean &apos;securityProperties&apos;
[DEBUG] Creating instance of bean &apos;securityProperties&apos;
[DEBUG] Returning cached instance of singleton bean &apos;org.springframework.transaction.config.internalTransactionAdvisor&apos;
[DEBUG] Creating shared instance of singleton bean &apos;org.springframework.boot.autoconfigure.security.SecurityAutoConfiguration&apos;
[DEBUG] Creating instance of bean &apos;org.springframework.boot.autoconfigure.security.SecurityAutoConfiguration&apos;
[DEBUG] Returning cached instance of singleton bean &apos;org.springframework.transaction.config.internalTransactionAdvisor&apos;
[DEBUG] Eagerly caching bean &apos;org.springframework.boot.autoconfigure.security.SecurityAutoConfiguration&apos; to allow for resolving potential circular references
[DEBUG] Returning cached instance of singleton bean &apos;org.springframework.transaction.config.internalTransactionAdvisor&apos;
[DEBUG] Returning cached instance of singleton bean &apos;org.springframework.transaction.config.internalTransactionAdvisor&apos;
[DEBUG] Finished creating instance of bean &apos;org.springframework.boot.autoconfigure.security.SecurityAutoConfiguration&apos;
[DEBUG] Eagerly caching bean &apos;securityProperties&apos; to allow for resolving potential circular references
[DEBUG] Adding [systemProperties] PropertySource with lowest search precedence
[DEBUG] Adding [systemEnvironment] PropertySource with lowest search precedence
[DEBUG] Adding [random] PropertySource with lowest search precedence
[DEBUG] Adding [integrationTest] PropertySource with lowest search precedence
[DEBUG] Adding [applicationConfig: [classpath:/application.properties]] PropertySource with lowest search precedence
[DEBUG] Adding [localProperties] PropertySource with lowest search precedence
[DEBUG] Returning cached instance of singleton bean &apos;org.springframework.transaction.config.internalTransactionAdvisor&apos;
[DEBUG] Returning cached instance of singleton bean &apos;org.springframework.transaction.config.internalTransactionAdvisor&apos;
[DEBUG] Finished creating instance of bean &apos;securityProperties&apos;
[DEBUG] Returning cached instance of singleton bean &apos;securityProperties&apos;
[DEBUG] Autowiring by type from bean name &apos;springBootAuthenticationConfigurerAdapter&apos; via factory method to bean named &apos;securityProperties&apos;
[DEBUG] Eagerly caching bean &apos;springBootAuthenticationConfigurerAdapter&apos; to allow for resolving potential circular references
[DEBUG] Returning cached instance of singleton bean &apos;org.springframework.transaction.config.internalTransactionAdvisor&apos;
[DEBUG] Returning cached instance of singleton bean &apos;org.springframework.transaction.config.internalTransactionAdvisor&apos;
[DEBUG] Finished creating instance of bean &apos;springBootAuthenticationConfigurerAdapter&apos;
[DEBUG] Creating shared instance of singleton bean &apos;bootGlobalAuthenticationConfigurationAdapter&apos;
[DEBUG] Creating instance of bean &apos;bootGlobalAuthenticationConfigurationAdapter&apos;
[DEBUG] Returning cached instance of singleton bean &apos;org.springframework.transaction.config.internalTransactionAdvisor&apos;
[DEBUG] Autowiring by type from bean name &apos;bootGlobalAuthenticationConfigurationAdapter&apos; via factory method to bean named &apos;org.springframework.web.context.support.GenericWebApplicationContext@24269709&apos;
[DEBUG] Eagerly caching bean &apos;bootGlobalAuthenticationConfigurationAdapter&apos; to allow for resolving potential circular references
[DEBUG] Returning cached instance of singleton bean &apos;org.springframework.transaction.config.internalTransactionAdvisor&apos;
[DEBUG] Returning cached instance of singleton bean &apos;org.springframework.transaction.config.internalTransactionAdvisor&apos;
[DEBUG] Finished creating instance of bean &apos;bootGlobalAuthenticationConfigurationAdapter&apos;
[DEBUG] Autowiring by type from bean name &apos;org.springframework.security.config.annotation.authentication.configuration.AuthenticationConfiguration&apos; to bean named &apos;enableGlobalAuthenticationAutowiredConfigurer&apos;
[DEBUG] Autowiring by type from bean name &apos;org.springframework.security.config.annotation.authentication.configuration.AuthenticationConfiguration&apos; to bean named &apos;springBootAuthenticationConfigurerAdapter&apos;
[DEBUG] Autowiring by type from bean name &apos;org.springframework.security.config.annotation.authentication.configuration.AuthenticationConfiguration&apos; to bean named &apos;bootGlobalAuthenticationConfigurationAdapter&apos;
[DEBUG] Processing injected element of bean &apos;org.springframework.security.config.annotation.authentication.configuration.AuthenticationConfiguration&apos;: AutowiredMethodElement for public void org.springframework.security.config.annotation.authentication.configuration.AuthenticationConfiguration.setObjectPostProcessor(org.springframework.security.config.annotation.ObjectPostProcessor)
[DEBUG] Returning cached instance of singleton bean &apos;objectPostProcessor&apos;
[DEBUG] Autowiring by type from bean name &apos;org.springframework.security.config.annotation.authentication.configuration.AuthenticationConfiguration&apos; to bean named &apos;objectPostProcessor&apos;
[DEBUG] Returning cached instance of singleton bean &apos;org.springframework.transaction.config.internalTransactionAdvisor&apos;
[DEBUG] Returning cached instance of singleton bean &apos;org.springframework.transaction.config.internalTransactionAdvisor&apos;
[DEBUG] Finished creating instance of bean &apos;org.springframework.security.config.annotation.authentication.configuration.AuthenticationConfiguration&apos;
[DEBUG] Autowiring by type from bean name &apos;webSecurityConfig&apos; to bean named &apos;org.springframework.security.config.annotation.authentication.configuration.AuthenticationConfiguration&apos;
[DEBUG] Processing injected element of bean &apos;webSecurityConfig&apos;: AutowiredFieldElement for private org.springframework.security.core.userdetails.UserDetailsService com.crossover.trial.journals.config.WebSecurityConfig.userDetailsService
[DEBUG] Creating shared instance of singleton bean &apos;currentUserDetailsService&apos;
[DEBUG] Creating instance of bean &apos;currentUserDetailsService&apos;
[DEBUG] Returning cached instance of singleton bean &apos;org.springframework.transaction.config.internalTransactionAdvisor&apos;
[DEBUG] Creating shared instance of singleton bean &apos;userServiceImpl&apos;
[DEBUG] Creating instance of bean &apos;userServiceImpl&apos;
[DEBUG] Returning cached instance of singleton bean &apos;org.springframework.transaction.config.internalTransactionAdvisor&apos;
[DEBUG] Creating shared instance of singleton bean &apos;userRepository&apos;
[DEBUG] Creating instance of bean &apos;userRepository&apos;
[DEBUG] Returning cached instance of singleton bean &apos;org.springframework.transaction.config.internalTransactionAdvisor&apos;
[DEBUG] Registered injected element on class [org.springframework.data.jpa.repository.support.JpaRepositoryFactoryBean]: PersistenceElement for public void org.springframework.data.jpa.repository.support.JpaRepositoryFactoryBean.setEntityManager(javax.persistence.EntityManager)
[DEBUG] Eagerly caching bean &apos;userRepository&apos; to allow for resolving potential circular references
[DEBUG] Processing injected element of bean &apos;userRepository&apos;: PersistenceElement for public void org.springframework.data.jpa.repository.support.JpaRepositoryFactoryBean.setEntityManager(javax.persistence.EntityManager)
[DEBUG] Creating instance of bean &apos;(inner bean)#27ec8754&apos;
[DEBUG] Returning cached instance of singleton bean &apos;org.springframework.transaction.config.internalTransactionAdvisor&apos;
[DEBUG] Creating instance of bean &apos;(inner bean)#19662208&apos;
[DEBUG] Returning cached instance of singleton bean &apos;org.springframework.transaction.config.internalTransactionAdvisor&apos;
[DEBUG] Resolved classpath location [META-INF/jpa-named-queries.properties] to resources []
[DEBUG] Invoking afterPropertiesSet() on bean with name &apos;(inner bean)#19662208&apos;
[DEBUG] Returning cached instance of singleton bean &apos;org.springframework.transaction.config.internalTransactionAdvisor&apos;
[DEBUG] Returning cached instance of singleton bean &apos;org.springframework.transaction.config.internalTransactionAdvisor&apos;
[DEBUG] Finished creating instance of bean &apos;(inner bean)#19662208&apos;
[DEBUG] Returning cached instance of singleton bean &apos;org.springframework.transaction.config.internalTransactionAdvisor&apos;
[DEBUG] Returning cached instance of singleton bean &apos;org.springframework.transaction.config.internalTransactionAdvisor&apos;
[DEBUG] Returning cached instance of singleton bean &apos;org.springframework.transaction.config.internalTransactionAdvisor&apos;
[DEBUG] Returning cached instance of singleton bean &apos;org.springframework.transaction.config.internalTransactionAdvisor&apos;
[DEBUG] Finished creating instance of bean &apos;(inner bean)#27ec8754&apos;
[DEBUG] Creating instance of bean &apos;(inner bean)#7a606260&apos;
[DEBUG] Returning cached instance of singleton bean &apos;org.springframework.transaction.config.internalTransactionAdvisor&apos;
[DEBUG] Returning cached instance of singleton bean &apos;org.springframework.transaction.config.internalTransactionAdvisor&apos;
[DEBUG] Returning cached instance of singleton bean &apos;org.springframework.transaction.config.internalTransactionAdvisor&apos;
[DEBUG] Finished creating instance of bean &apos;(inner bean)#7a606260&apos;
[DEBUG] Creating instance of bean &apos;(inner bean)#18ffca6c&apos;
[DEBUG] Returning cached instance of singleton bean &apos;org.springframework.transaction.config.internalTransactionAdvisor&apos;
[DEBUG] Returning cached instance of singleton bean &apos;entityManagerFactory&apos;
[DEBUG] Returning cached instance of singleton bean &apos;org.springframework.transaction.config.internalTransactionAdvisor&apos;
[DEBUG] Returning cached instance of singleton bean &apos;org.springframework.transaction.config.internalTransactionAdvisor&apos;
[DEBUG] Creating shared instance of singleton bean &apos;delegatingApplicationListener&apos;
[DEBUG] Creating instance of bean &apos;delegatingApplicationListener&apos;
[DEBUG] Returning cached instance of singleton bean &apos;org.springframework.transaction.config.internalTransactionAdvisor&apos;
[DEBUG] Eagerly caching bean &apos;delegatingApplicationListener&apos; to allow for resolving potential circular references
[DEBUG] Returning cached instance of singleton bean &apos;org.springframework.transaction.config.internalTransactionAdvisor&apos;
[DEBUG] Returning cached instance of singleton bean &apos;org.springframework.transaction.config.internalTransactionAdvisor&apos;
[DEBUG] Finished creating instance of bean &apos;delegatingApplicationListener&apos;
[DEBUG] Returning cached instance of singleton bean &apos;dataSourceInitializer&apos;
[DEBUG] Resolved classpath location [data-all.sql] to resources []
[DEBUG] Resolved classpath location [data.sql] to resources [URL [file:/D:/Projects/CrossoverTrial%20-%20Second/Code/target/generated-classes/cobertura/data.sql]]
[DEBUG] Fetching JDBC Connection from DataSource
[ERROR] Unable to create initial connections of pool.
com.mysql.jdbc.exceptions.jdbc4.CommunicationsException: Communications link failure

Last packet sent to the server was 0 ms ago.
	at sun.reflect.NativeConstructorAccessorImpl.newInstance0(Native Method)
	at sun.reflect.NativeConstructorAccessorImpl.newInstance(NativeConstructorAccessorImpl.java:62)
	at sun.reflect.DelegatingConstructorAccessorImpl.newInstance(DelegatingConstructorAccessorImpl.java:45)
	at java.lang.reflect.Constructor.newInstance(Constructor.java:422)
	at com.mysql.jdbc.Util.handleNewInstance(Util.java:406)
	at com.mysql.jdbc.SQLError.createCommunicationsException(SQLError.java:1074)
	at com.mysql.jdbc.ConnectionImpl.createNewIO(ConnectionImpl.java:2103)
	at com.mysql.jdbc.ConnectionImpl.&lt;init&gt;(ConnectionImpl.java:718)
	at com.mysql.jdbc.JDBC4Connection.&lt;init&gt;(JDBC4Connection.java:46)
	at sun.reflect.NativeConstructorAccessorImpl.newInstance0(Native Method)
	at sun.reflect.NativeConstructorAccessorImpl.newInstance(NativeConstructorAccessorImpl.java:62)
	at sun.reflect.DelegatingConstructorAccessorImpl.newInstance(DelegatingConstructorAccessorImpl.java:45)
	at java.lang.reflect.Constructor.newInstance(Constructor.java:422)
	at com.mysql.jdbc.Util.handleNewInstance(Util.java:406)
	at com.mysql.jdbc.ConnectionImpl.getInstance(ConnectionImpl.java:302)
	at com.mysql.jdbc.NonRegisteringDriver.connect(NonRegisteringDriver.java:282)
	at org.apache.tomcat.jdbc.pool.PooledConnection.connectUsingDriver(PooledConnection.java:307)
	at org.apache.tomcat.jdbc.pool.PooledConnection.connect(PooledConnection.java:200)
	at org.apache.tomcat.jdbc.pool.ConnectionPool.createConnection(ConnectionPool.java:708)
	at org.apache.tomcat.jdbc.pool.ConnectionPool.borrowConnection(ConnectionPool.java:642)
	at org.apache.tomcat.jdbc.pool.ConnectionPool.init(ConnectionPool.java:464)
	at org.apache.tomcat.jdbc.pool.ConnectionPool.&lt;init&gt;(ConnectionPool.java:141)
	at org.apache.tomcat.jdbc.pool.DataSourceProxy.pCreatePool(DataSourceProxy.java:115)
	at org.apache.tomcat.jdbc.pool.DataSourceProxy.createPool(DataSourceProxy.java:102)
	at org.apache.tomcat.jdbc.pool.DataSourceProxy.getConnection(DataSourceProxy.java:126)
	at org.springframework.jdbc.datasource.DataSourceUtils.doGetConnection(DataSourceUtils.java:111)
	at org.springframework.jdbc.datasource.DataSourceUtils.getConnection(DataSourceUtils.java:77)
	at org.springframework.jdbc.datasource.init.DatabasePopulatorUtils.execute(DatabasePopulatorUtils.java:46)
	at org.springframework.boot.autoconfigure.jdbc.DataSourceInitializer.runScripts(DataSourceInitializer.java:157)
	at org.springframework.boot.autoconfigure.jdbc.DataSourceInitializer.runDataScripts(DataSourceInitializer.java:114)
	at org.springframework.boot.autoconfigure.jdbc.DataSourceInitializer.onApplicationEvent(DataSourceInitializer.java:107)
	at org.springframework.boot.autoconfigure.jdbc.DataSourceInitializer.onApplicationEvent(DataSourceInitializer.java:47)
	at org.springframework.context.event.SimpleApplicationEventMulticaster.invokeListener(SimpleApplicationEventMulticaster.java:163)
	at org.springframework.context.event.SimpleApplicationEventMulticaster.multicastEvent(SimpleApplicationEventMulticaster.java:136)
	at org.springframework.context.support.AbstractApplicationContext.publishEvent(AbstractApplicationContext.java:381)
	at org.springframework.context.support.AbstractApplicationContext.publishEvent(AbstractApplicationContext.java:335)
	at org.springframework.boot.autoconfigure.orm.jpa.DataSourceInitializedPublisher.postProcessAfterInitialization(DataSourceInitializedPublisher.java:70)
	at org.springframework.beans.factory.support.AbstractAutowireCapableBeanFactory.applyBeanPostProcessorsAfterInitialization(AbstractAutowireCapableBeanFactory.java:422)
	at org.springframework.beans.factory.support.AbstractAutowireCapableBeanFactory.postProcessObjectFromFactoryBean(AbstractAutowireCapableBeanFactory.java:1723)
	at org.springframework.beans.factory.support.FactoryBeanRegistrySupport.getObjectFromFactoryBean(FactoryBeanRegistrySupport.java:113)
	at org.springframework.beans.factory.support.AbstractBeanFactory.getObjectForBeanInstance(AbstractBeanFactory.java:1590)
	at org.springframework.beans.factory.support.AbstractBeanFactory.doGetBean(AbstractBeanFactory.java:254)
	at org.springframework.beans.factory.support.AbstractBeanFactory.getBean(AbstractBeanFactory.java:197)
	at org.springframework.beans.factory.support.BeanDefinitionValueResolver.resolveReference(BeanDefinitionValueResolver.java:351)
	at org.springframework.beans.factory.support.BeanDefinitionValueResolver.resolveValueIfNecessary(BeanDefinitionValueResolver.java:108)
	at org.springframework.beans.factory.support.ConstructorResolver.resolveConstructorArguments(ConstructorResolver.java:634)
	at org.springframework.beans.factory.support.ConstructorResolver.instantiateUsingFactoryMethod(ConstructorResolver.java:444)
	at org.springframework.beans.factory.support.AbstractAutowireCapableBeanFactory.instantiateUsingFactoryMethod(AbstractAutowireCapableBeanFactory.java:1123)
	at org.springframework.beans.factory.support.AbstractAutowireCapableBeanFactory.createBeanInstance(AbstractAutowireCapableBeanFactory.java:1018)
	at org.springframework.beans.factory.support.AbstractAutowireCapableBeanFactory.doCreateBean(AbstractAutowireCapableBeanFactory.java:510)
	at org.springframework.beans.factory.support.AbstractAutowireCapableBeanFactory.createBean(AbstractAutowireCapableBeanFactory.java:482)
	at org.springframework.beans.factory.support.BeanDefinitionValueResolver.resolveInnerBean(BeanDefinitionValueResolver.java:299)
	at org.springframework.beans.factory.support.BeanDefinitionValueResolver.resolveValueIfNecessary(BeanDefinitionValueResolver.java:129)
	at org.springframework.beans.factory.support.AbstractAutowireCapableBeanFactory.applyPropertyValues(AbstractAutowireCapableBeanFactory.java:1481)
	at org.springframework.beans.factory.support.AbstractAutowireCapableBeanFactory.populateBean(AbstractAutowireCapableBeanFactory.java:1226)
	at org.springframework.beans.factory.support.AbstractAutowireCapableBeanFactory.doCreateBean(AbstractAutowireCapableBeanFactory.java:543)
	at org.springframework.beans.factory.support.AbstractAutowireCapableBeanFactory.createBean(AbstractAutowireCapableBeanFactory.java:482)
	at org.springframework.beans.factory.support.AbstractBeanFactory$1.getObject(AbstractBeanFactory.java:306)
	at org.springframework.beans.factory.support.DefaultSingletonBeanRegistry.getSingleton(DefaultSingletonBeanRegistry.java:230)
	at org.springframework.beans.factory.support.AbstractBeanFactory.doGetBean(AbstractBeanFactory.java:302)
	at org.springframework.beans.factory.support.AbstractBeanFactory.getBean(AbstractBeanFactory.java:197)
	at org.springframework.beans.factory.support.DefaultListableBeanFactory.findAutowireCandidates(DefaultListableBeanFactory.java:1192)
	at org.springframework.beans.factory.support.DefaultListableBeanFactory.doResolveDependency(DefaultListableBeanFactory.java:1116)
	at org.springframework.beans.factory.support.DefaultListableBeanFactory.resolveDependency(DefaultListableBeanFactory.java:1014)
	at org.springframework.beans.factory.support.ConstructorResolver.resolveAutowiredArgument(ConstructorResolver.java:813)
	at org.springframework.beans.factory.support.ConstructorResolver.createArgumentArray(ConstructorResolver.java:741)
	at org.springframework.beans.factory.support.ConstructorResolver.autowireConstructor(ConstructorResolver.java:185)
	at org.springframework.beans.factory.support.AbstractAutowireCapableBeanFactory.autowireConstructor(AbstractAutowireCapableBeanFactory.java:1143)
	at org.springframework.beans.factory.support.AbstractAutowireCapableBeanFactory.createBeanInstance(AbstractAutowireCapableBeanFactory.java:1046)
	at org.springframework.beans.factory.support.AbstractAutowireCapableBeanFactory.doCreateBean(AbstractAutowireCapableBeanFactory.java:510)
	at org.springframework.beans.factory.support.AbstractAutowireCapableBeanFactory.createBean(AbstractAutowireCapableBeanFactory.java:482)
	at org.springframework.beans.factory.support.AbstractBeanFactory$1.getObject(AbstractBeanFactory.java:306)
	at org.springframework.beans.factory.support.DefaultSingletonBeanRegistry.getSingleton(DefaultSingletonBeanRegistry.java:230)
	at org.springframework.beans.factory.support.AbstractBeanFactory.doGetBean(AbstractBeanFactory.java:302)
	at org.springframework.beans.factory.support.AbstractBeanFactory.getBean(AbstractBeanFactory.java:197)
	at org.springframework.beans.factory.support.DefaultListableBeanFactory.findAutowireCandidates(DefaultListableBeanFactory.java:1192)
	at org.springframework.beans.factory.support.DefaultListableBeanFactory.doResolveDependency(DefaultListableBeanFactory.java:1116)
	at org.springframework.beans.factory.support.DefaultListableBeanFactory.resolveDependency(DefaultListableBeanFactory.java:1014)
	at org.springframework.beans.factory.support.ConstructorResolver.resolveAutowiredArgument(ConstructorResolver.java:813)
	at org.springframework.beans.factory.support.ConstructorResolver.createArgumentArray(ConstructorResolver.java:741)
	at org.springframework.beans.factory.support.ConstructorResolver.autowireConstructor(ConstructorResolver.java:185)
	at org.springframework.beans.factory.support.AbstractAutowireCapableBeanFactory.autowireConstructor(AbstractAutowireCapableBeanFactory.java:1143)
	at org.springframework.beans.factory.support.AbstractAutowireCapableBeanFactory.createBeanInstance(AbstractAutowireCapableBeanFactory.java:1046)
	at org.springframework.beans.factory.support.AbstractAutowireCapableBeanFactory.doCreateBean(AbstractAutowireCapableBeanFactory.java:510)
	at org.springframework.beans.factory.support.AbstractAutowireCapableBeanFactory.createBean(AbstractAutowireCapableBeanFactory.java:482)
	at org.springframework.beans.factory.support.AbstractBeanFactory$1.getObject(AbstractBeanFactory.java:306)
	at org.springframework.beans.factory.support.DefaultSingletonBeanRegistry.getSingleton(DefaultSingletonBeanRegistry.java:230)
	at org.springframework.beans.factory.support.AbstractBeanFactory.doGetBean(AbstractBeanFactory.java:302)
	at org.springframework.beans.factory.support.AbstractBeanFactory.getBean(AbstractBeanFactory.java:197)
	at org.springframework.beans.factory.support.DefaultListableBeanFactory.findAutowireCandidates(DefaultListableBeanFactory.java:1192)
	at org.springframework.beans.factory.support.DefaultListableBeanFactory.doResolveDependency(DefaultListableBeanFactory.java:1116)
	at org.springframework.beans.factory.support.DefaultListableBeanFactory.resolveDependency(DefaultListableBeanFactory.java:1014)
	at org.springframework.beans.factory.annotation.AutowiredAnnotationBeanPostProcessor$AutowiredFieldElement.inject(AutowiredAnnotationBeanPostProcessor.java:545)
	at org.springframework.beans.factory.annotation.InjectionMetadata.inject(InjectionMetadata.java:88)
	at org.springframework.beans.factory.annotation.AutowiredAnnotationBeanPostProcessor.postProcessPropertyValues(AutowiredAnnotationBeanPostProcessor.java:331)
	at org.springframework.beans.factory.support.AbstractAutowireCapableBeanFactory.populateBean(AbstractAutowireCapableBeanFactory.java:1214)
	at org.springframework.beans.factory.support.AbstractAutowireCapableBeanFactory.doCreateBean(AbstractAutowireCapableBeanFactory.java:543)
	at org.springframework.beans.factory.support.AbstractAutowireCapableBeanFactory.createBean(AbstractAutowireCapableBeanFactory.java:482)
	at org.springframework.beans.factory.support.AbstractBeanFactory$1.getObject(AbstractBeanFactory.java:306)
	at org.springframework.beans.factory.support.DefaultSingletonBeanRegistry.getSingleton(DefaultSingletonBeanRegistry.java:230)
	at org.springframework.beans.factory.support.AbstractBeanFactory.doGetBean(AbstractBeanFactory.java:302)
	at org.springframework.beans.factory.support.AbstractBeanFactory.getBean(AbstractBeanFactory.java:197)
	at org.springframework.beans.factory.support.DefaultListableBeanFactory.preInstantiateSingletons(DefaultListableBeanFactory.java:772)
	at org.springframework.context.support.AbstractApplicationContext.finishBeanFactoryInitialization(AbstractApplicationContext.java:839)
	at org.springframework.context.support.AbstractApplicationContext.refresh(AbstractApplicationContext.java:538)
	at org.springframework.boot.SpringApplication.refresh(SpringApplication.java:766)
	at org.springframework.boot.SpringApplication.createAndRefreshContext(SpringApplication.java:361)
	at org.springframework.boot.SpringApplication.run(SpringApplication.java:307)
	at org.springframework.boot.test.SpringApplicationContextLoader.loadContext(SpringApplicationContextLoader.java:98)
	at org.springframework.test.context.cache.DefaultCacheAwareContextLoaderDelegate.loadContextInternal(DefaultCacheAwareContextLoaderDelegate.java:98)
	at org.springframework.test.context.cache.DefaultCacheAwareContextLoaderDelegate.loadContext(DefaultCacheAwareContextLoaderDelegate.java:116)
	at org.springframework.test.context.support.DefaultTestContext.getApplicationContext(DefaultTestContext.java:83)
	at org.springframework.test.context.web.ServletTestExecutionListener.setUpRequestContextIfNecessary(ServletTestExecutionListener.java:183)
	at org.springframework.test.context.web.ServletTestExecutionListener.prepareTestInstance(ServletTestExecutionListener.java:123)
	at org.springframework.test.context.TestContextManager.prepareTestInstance(TestContextManager.java:228)
	at org.springframework.test.context.junit4.SpringJUnit4ClassRunner.createTest(SpringJUnit4ClassRunner.java:230)
	at org.springframework.test.context.junit4.SpringJUnit4ClassRunner$1.runReflectiveCall(SpringJUnit4ClassRunner.java:289)
	at org.junit.internal.runners.model.ReflectiveCallable.run(ReflectiveCallable.java:12)
	at org.springframework.test.context.junit4.SpringJUnit4ClassRunner.methodBlock(SpringJUnit4ClassRunner.java:291)
	at org.springframework.test.context.junit4.SpringJUnit4ClassRunner.runChild(SpringJUnit4ClassRunner.java:249)
	at org.springframework.test.context.junit4.SpringJUnit4ClassRunner.runChild(SpringJUnit4ClassRunner.java:89)
	at org.junit.runners.ParentRunner$3.run(ParentRunner.java:290)
	at org.junit.runners.ParentRunner$1.schedule(ParentRunner.java:71)
	at org.junit.runners.ParentRunner.runChildren(ParentRunner.java:288)
	at org.junit.runners.ParentRunner.access$000(ParentRunner.java:58)
	at org.junit.runners.ParentRunner$2.evaluate(ParentRunner.java:268)
	at org.springframework.test.context.junit4.statements.RunBeforeTestClassCallbacks.evaluate(RunBeforeTestClassCallbacks.java:61)
	at org.springframework.test.context.junit4.statements.RunAfterTestClassCallbacks.evaluate(RunAfterTestClassCallbacks.java:70)
	at org.junit.runners.ParentRunner.run(ParentRunner.java:363)
	at org.springframework.test.context.junit4.SpringJUnit4ClassRunner.run(SpringJUnit4ClassRunner.java:193)
	at org.apache.maven.surefire.junit4.JUnit4Provider.execute(JUnit4Provider.java:252)
	at org.apache.maven.surefire.junit4.JUnit4Provider.executeTestSet(JUnit4Provider.java:141)
	at org.apache.maven.surefire.junit4.JUnit4Provider.invoke(JUnit4Provider.java:112)
	at sun.reflect.NativeMethodAccessorImpl.invoke0(Native Method)
	at sun.reflect.NativeMethodAccessorImpl.invoke(NativeMethodAccessorImpl.java:62)
	at sun.reflect.DelegatingMethodAccessorImpl.invoke(DelegatingMethodAccessorImpl.java:43)
	at java.lang.reflect.Method.invoke(Method.java:497)
	at org.apache.maven.surefire.util.ReflectionUtils.invokeMethodWithArray(ReflectionUtils.java:189)
	at org.apache.maven.surefire.booter.ProviderFactory$ProviderProxy.invoke(ProviderFactory.java:165)
	at org.apache.maven.surefire.booter.ProviderFactory.invokeProvider(ProviderFactory.java:85)
	at org.apache.maven.surefire.booter.ForkedBooter.runSuitesInProcess(ForkedBooter.java:115)
	at org.apache.maven.surefire.booter.ForkedBooter.main(ForkedBooter.java:75)
Caused by: java.net.ConnectException: Connection refused: connect
	at java.net.DualStackPlainSocketImpl.connect0(Native Method)
	at java.net.DualStackPlainSocketImpl.socketConnect(DualStackPlainSocketImpl.java:79)
	at java.net.AbstractPlainSocketImpl.doConnect(AbstractPlainSocketImpl.java:345)
	at java.net.AbstractPlainSocketImpl.connectToAddress(AbstractPlainSocketImpl.java:206)
	at java.net.AbstractPlainSocketImpl.connect(AbstractPlainSocketImpl.java:188)
	at java.net.PlainSocketImpl.connect(PlainSocketImpl.java:172)
	at java.net.SocksSocketImpl.connect(SocksSocketImpl.java:392)
	at java.net.Socket.connect(Socket.java:589)
	at java.net.Socket.connect(Socket.java:538)
	at java.net.Socket.&lt;init&gt;(Socket.java:434)
	at java.net.Socket.&lt;init&gt;(Socket.java:244)
	at com.mysql.jdbc.StandardSocketFactory.connect(StandardSocketFactory.java:253)
	at com.mysql.jdbc.MysqlIO.&lt;init&gt;(MysqlIO.java:280)
	at com.mysql.jdbc.ConnectionImpl.createNewIO(ConnectionImpl.java:2026)
	... 135 common frames omitted
[DEBUG] Retrieved dependent beans for bean &apos;(inner bean)#27ec8754&apos;: [userRepository]
[DEBUG] Retrieved dependent beans for bean &apos;(inner bean)#19662208&apos;: [(inner bean)#27ec8754]
[WARN] Exception encountered during context initialization - cancelling refresh attempt: org.springframework.beans.factory.BeanCreationException: Error creating bean with name &apos;webSecurityConfig&apos;: Injection of autowired dependencies failed; nested exception is org.springframework.beans.factory.BeanCreationException: Could not autowire field: private org.springframework.security.core.userdetails.UserDetailsService com.crossover.trial.journals.config.WebSecurityConfig.userDetailsService; nested exception is org.springframework.beans.factory.UnsatisfiedDependencyException: Error creating bean with name &apos;currentUserDetailsService&apos; defined in file [D:\Projects\CrossoverTrial - Second\Code\target\generated-classes\cobertura\com\crossover\trial\journals\service\CurrentUserDetailsService.class]: Unsatisfied dependency expressed through constructor argument with index 0 of type [com.crossover.trial.journals.service.UserService]: Error creating bean with name &apos;userServiceImpl&apos; defined in file [D:\Projects\CrossoverTrial - Second\Code\target\generated-classes\cobertura\com\crossover\trial\journals\service\UserServiceImpl.class]: Unsatisfied dependency expressed through constructor argument with index 0 of type [com.crossover.trial.journals.repository.UserRepository]: Error creating bean with name &apos;userRepository&apos;: Cannot create inner bean &apos;(inner bean)#18ffca6c&apos; of type [org.springframework.orm.jpa.SharedEntityManagerCreator] while setting bean property &apos;entityManager&apos;; nested exception is org.springframework.beans.factory.BeanCreationException: Error creating bean with name &apos;(inner bean)#18ffca6c&apos;: Cannot resolve reference to bean &apos;entityManagerFactory&apos; while setting constructor argument; nested exception is org.springframework.beans.factory.BeanCreationException: Error creating bean with name &apos;entityManagerFactory&apos;: Post-processing of FactoryBean&apos;s singleton object failed; nested exception is org.springframework.jdbc.datasource.init.UncategorizedScriptException: Failed to execute database script; nested exception is org.springframework.jdbc.CannotGetJdbcConnectionException: Could not get JDBC Connection; nested exception is com.mysql.jdbc.exceptions.jdbc4.CommunicationsException: Communications link failure

Last packet sent to the server was 0 ms ago.; nested exception is org.springframework.beans.factory.BeanCreationException: Error creating bean with name &apos;userRepository&apos;: Cannot create inner bean &apos;(inner bean)#18ffca6c&apos; of type [org.springframework.orm.jpa.SharedEntityManagerCreator] while setting bean property &apos;entityManager&apos;; nested exception is org.springframework.beans.factory.BeanCreationException: Error creating bean with name &apos;(inner bean)#18ffca6c&apos;: Cannot resolve reference to bean &apos;entityManagerFactory&apos; while setting constructor argument; nested exception is org.springframework.beans.factory.BeanCreationException: Error creating bean with name &apos;entityManagerFactory&apos;: Post-processing of FactoryBean&apos;s singleton object failed; nested exception is org.springframework.jdbc.datasource.init.UncategorizedScriptException: Failed to execute database script; nested exception is org.springframework.jdbc.CannotGetJdbcConnectionException: Could not get JDBC Connection; nested exception is com.mysql.jdbc.exceptions.jdbc4.CommunicationsException: Communications link failure

Last packet sent to the server was 0 ms ago.; nested exception is org.springframework.beans.factory.UnsatisfiedDependencyException: Error creating bean with name &apos;userServiceImpl&apos; defined in file [D:\Projects\CrossoverTrial - Second\Code\target\generated-classes\cobertura\com\crossover\trial\journals\service\UserServiceImpl.class]: Unsatisfied dependency expressed through constructor argument with index 0 of type [com.crossover.trial.journals.repository.UserRepository]: Error creating bean with name &apos;userRepository&apos;: Cannot create inner bean &apos;(inner bean)#18ffca6c&apos; of type [org.springframework.orm.jpa.SharedEntityManagerCreator] while setting bean property &apos;entityManager&apos;; nested exception is org.springframework.beans.factory.BeanCreationException: Error creating bean with name &apos;(inner bean)#18ffca6c&apos;: Cannot resolve reference to bean &apos;entityManagerFactory&apos; while setting constructor argument; nested exception is org.springframework.beans.factory.BeanCreationException: Error creating bean with name &apos;entityManagerFactory&apos;: Post-processing of FactoryBean&apos;s singleton object failed; nested exception is org.springframework.jdbc.datasource.init.UncategorizedScriptException: Failed to execute database script; nested exception is org.springframework.jdbc.CannotGetJdbcConnectionException: Could not get JDBC Connection; nested exception is com.mysql.jdbc.exceptions.jdbc4.CommunicationsException: Communications link failure

Last packet sent to the server was 0 ms ago.; nested exception is org.springframework.beans.factory.BeanCreationException: Error creating bean with name &apos;userRepository&apos;: Cannot create inner bean &apos;(inner bean)#18ffca6c&apos; of type [org.springframework.orm.jpa.SharedEntityManagerCreator] while setting bean property &apos;entityManager&apos;; nested exception is org.springframework.beans.factory.BeanCreationException: Error creating bean with name &apos;(inner bean)#18ffca6c&apos;: Cannot resolve reference to bean &apos;entityManagerFactory&apos; while setting constructor argument; nested exception is org.springframework.beans.factory.BeanCreationException: Error creating bean with name &apos;entityManagerFactory&apos;: Post-processing of FactoryBean&apos;s singleton object failed; nested exception is org.springframework.jdbc.datasource.init.UncategorizedScriptException: Failed to execute database script; nested exception is org.springframework.jdbc.CannotGetJdbcConnectionException: Could not get JDBC Connection; nested exception is com.mysql.jdbc.exceptions.jdbc4.CommunicationsException: Communications link failure

Last packet sent to the server was 0 ms ago.
[DEBUG] Destroying singletons in org.springframework.beans.factory.support.DefaultListableBeanFactory@81d9a72: defining beans [org.springframework.context.annotation.internalConfigurationAnnotationProcessor,org.springframework.context.annotation.internalAutowiredAnnotationProcessor,org.springframework.context.annotation.internalRequiredAnnotationProcessor,org.springframework.context.annotation.internalCommonAnnotationProcessor,org.springframework.context.annotation.internalPersistenceAnnotationProcessor,org.springframework.context.event.internalEventListenerProcessor,org.springframework.context.event.internalEventListenerFactory,application,org.springframework.context.annotation.ConfigurationClassPostProcessor.importAwareProcessor,org.springframework.context.annotation.ConfigurationClassPostProcessor.enhancedConfigurationProcessor,mvcConfig,webSecurityConfig,journalController,publisherController,categoryRestService,journalRestService,currentUserDetailsService,journalServiceImpl,userServiceImpl,org.springframework.security.config.annotation.authentication.configuration.AuthenticationConfiguration,authenticationManagerBuilder,enableGlobalAuthenticationAutowiredConfigurer,org.springframework.security.config.annotation.web.configuration.WebSecurityConfiguration,delegatingApplicationListener,webSecurityExpressionHandler,springSecurityFilterChain,privilegeEvaluator,autowiredWebSecurityConfigurersIgnoreParents,org.springframework.security.config.annotation.configuration.ObjectPostProcessorConfiguration,objectPostProcessor,org.springframework.security.config.annotation.web.configuration.WebMvcSecurityConfiguration,requestDataValueProcessor,passwordEncoder,org.springframework.boot.autoconfigure.AutoConfigurationPackages,org.springframework.boot.autoconfigure.PropertyPlaceholderAutoConfiguration,org.springframework.boot.autoconfigure.condition.BeanTypeRegistry,propertySourcesPlaceholderConfigurer,org.springframework.boot.autoconfigure.websocket.WebSocketAutoConfiguration$TomcatWebSocketConfiguration,websocketContainerCustomizer,org.springframework.boot.autoconfigure.websocket.WebSocketAutoConfiguration,org.springframework.boot.autoconfigure.web.EmbeddedServletContainerAutoConfiguration$EmbeddedTomcat,tomcatEmbeddedServletContainerFactory,org.springframework.boot.autoconfigure.web.EmbeddedServletContainerAutoConfiguration,embeddedServletContainerCustomizerBeanPostProcessor,org.springframework.boot.autoconfigure.web.DispatcherServletAutoConfiguration$DispatcherServletConfiguration,dispatcherServlet,dispatcherServletRegistration,spring.mvc.CONFIGURATION_PROPERTIES,org.springframework.boot.context.properties.ConfigurationPropertiesBindingPostProcessor,org.springframework.boot.context.properties.ConfigurationPropertiesBindingPostProcessor.store,org.springframework.boot.autoconfigure.web.DispatcherServletAutoConfiguration,org.springframework.boot.autoconfigure.web.ErrorMvcAutoConfiguration$WhitelabelErrorViewConfiguration,error,beanNameViewResolver,org.springframework.boot.autoconfigure.web.ErrorMvcAutoConfiguration,errorAttributes,basicErrorController,errorPageCustomizer,preserveErrorControllerTargetClassPostProcessor,org.springframework.boot.autoconfigure.web.WebMvcAutoConfiguration$EnableWebMvcConfiguration,requestMappingHandlerAdapter,requestMappingHandlerMapping,mvcContentNegotiationManager,viewControllerHandlerMapping,beanNameHandlerMapping,resourceHandlerMapping,mvcResourceUrlProvider,defaultServletHandlerMapping,mvcConversionService,mvcValidator,mvcPathMatcher,mvcUrlPathHelper,mvcUriComponentsContributor,httpRequestHandlerAdapter,simpleControllerHandlerAdapter,handlerExceptionResolver,mvcViewResolver,org.springframework.boot.autoconfigure.web.WebMvcAutoConfiguration$WebMvcAutoConfigurationAdapter$FaviconConfiguration,faviconHandlerMapping,faviconRequestHandler,org.springframework.boot.autoconfigure.web.WebMvcAutoConfiguration$WebMvcAutoConfigurationAdapter,defaultViewResolver,requestContextFilter,viewResolver,spring.resources.CONFIGURATION_PROPERTIES,org.springframework.boot.autoconfigure.web.WebMvcAutoConfiguration,hiddenHttpMethodFilter,httpPutFormContentFilter,org.springframework.boot.autoconfigure.aop.AopAutoConfiguration$JdkDynamicAutoProxyConfiguration,org.springframework.aop.config.internalAutoProxyCreator,org.springframework.boot.autoconfigure.aop.AopAutoConfiguration,org.springframework.boot.autoconfigure.transaction.jta.JtaAutoConfiguration,spring.jta.CONFIGURATION_PROPERTIES,org.springframework.boot.autoconfigure.jdbc.DataSourceAutoConfiguration$JdbcTemplateConfiguration,jdbcTemplate,namedParameterJdbcTemplate,org.springframework.boot.autoconfigure.jdbc.DataSourceAutoConfiguration$NonEmbeddedConfiguration,dataSource,org.springframework.boot.autoconfigure.jdbc.DataSourceAutoConfiguration$DataSourceInitializerConfiguration,dataSourceInitializer,org.springframework.boot.autoconfigure.jdbc.metadata.DataSourcePoolMetadataProvidersConfiguration$TomcatDataSourcePoolMetadataProviderConfiguration,tomcatPoolDataSourceMetadataProvider,org.springframework.boot.autoconfigure.jdbc.metadata.DataSourcePoolMetadataProvidersConfiguration,org.springframework.boot.autoconfigure.jdbc.DataSourceAutoConfiguration,spring.datasource.CONFIGURATION_PROPERTIES,dataSourceInitializerPostProcessor,org.springframework.boot.autoconfigure.orm.jpa.JpaBaseConfiguration$JpaWebConfiguration$JpaWebMvcConfiguration,openEntityManagerInViewInterceptor,org.springframework.boot.autoconfigure.orm.jpa.JpaBaseConfiguration$JpaWebConfiguration,org.springframework.boot.autoconfigure.orm.jpa.HibernateJpaAutoConfiguration,transactionManager,jpaVendorAdapter,entityManagerFactoryBuilder,entityManagerFactory,spring.jpa.CONFIGURATION_PROPERTIES,dataSourceInitializedPublisher,org.springframework.boot.autoconfigure.context.ConfigurationPropertiesAutoConfiguration,org.springframework.boot.autoconfigure.dao.PersistenceExceptionTranslationAutoConfiguration,persistenceExceptionTranslationPostProcessor,org.springframework.boot.autoconfigure.data.jpa.JpaRepositoriesAutoConfiguration,org.springframework.data.repository.core.support.RepositoryInterfaceAwareBeanPostProcessor,emBeanDefinitionRegistrarPostProcessor,jpaMappingContext,jpaContext,categoryRepository,publisherRepository,journalRepository,userRepository,org.springframework.boot.autoconfigure.jackson.JacksonAutoConfiguration$JacksonObjectMapperBuilderConfiguration,jacksonObjectMapperBuilder,spring.jackson.CONFIGURATION_PROPERTIES,org.springframework.boot.autoconfigure.jackson.JacksonAutoConfiguration$JacksonObjectMapperConfiguration,jacksonObjectMapper,org.springframework.boot.autoconfigure.jackson.JacksonAutoConfiguration,org.springframework.boot.autoconfigure.web.HttpMessageConvertersAutoConfiguration$StringHttpMessageConverterConfiguration,stringHttpMessageConverter,spring.http.encoding.CONFIGURATION_PROPERTIES,org.springframework.boot.autoconfigure.web.JacksonHttpMessageConvertersConfiguration$MappingJackson2HttpMessageConverterConfiguration,mappingJackson2HttpMessageConverter,org.springframework.boot.autoconfigure.web.JacksonHttpMessageConvertersConfiguration,org.springframework.boot.autoconfigure.web.HttpMessageConvertersAutoConfiguration,messageConverters,org.springframework.data.web.config.SpringDataWebConfiguration,pageableResolver,sortResolver,org.springframework.data.web.config.SpringDataJacksonConfiguration,jacksonGeoModule,org.springframework.boot.autoconfigure.data.web.SpringDataWebAutoConfiguration,org.springframework.boot.autoconfigure.security.AuthenticationManagerConfiguration$AuthenticationManagerConfigurationListener,org.springframework.boot.autoconfigure.security.AuthenticationManagerConfiguration,authenticationManager,springBootAuthenticationConfigurerAdapter,org.springframework.boot.autoconfigure.security.BootGlobalAuthenticationConfiguration,bootGlobalAuthenticationConfigurationAdapter,org.springframework.boot.autoconfigure.security.SecurityAutoConfiguration,authenticationEventPublisher,securityProperties,org.springframework.transaction.annotation.ProxyTransactionManagementConfiguration,org.springframework.transaction.config.internalTransactionAdvisor,transactionAttributeSource,transactionInterceptor,org.springframework.transaction.config.internalTransactionalEventListenerFactory,org.springframework.boot.autoconfigure.jdbc.DataSourceTransactionManagerAutoConfiguration$TransactionManagementConfiguration,org.springframework.boot.autoconfigure.jdbc.DataSourceTransactionManagerAutoConfiguration,org.springframework.boot.autoconfigure.thymeleaf.ThymeleafAutoConfiguration$ThymeleafResourceHandlingConfig,org.springframework.boot.autoconfigure.thymeleaf.ThymeleafAutoConfiguration$ThymeleafViewResolverConfiguration,thymeleafViewResolver,org.springframework.boot.autoconfigure.thymeleaf.ThymeleafAutoConfiguration$ThymeleafSecurityDialectConfiguration,securityDialect,org.springframework.boot.autoconfigure.thymeleaf.ThymeleafAutoConfiguration$ThymeleafWebLayoutConfiguration,layoutDialect,org.springframework.boot.autoconfigure.thymeleaf.ThymeleafAutoConfiguration$ThymeleafDefaultConfiguration,templateEngine,org.springframework.boot.autoconfigure.thymeleaf.ThymeleafAutoConfiguration$DefaultTemplateResolverConfiguration,defaultTemplateResolver,thymeleafResourceResolver,org.springframework.boot.autoconfigure.thymeleaf.ThymeleafAutoConfiguration,spring.thymeleaf.CONFIGURATION_PROPERTIES,org.springframework.boot.autoconfigure.security.SecurityFilterAutoConfiguration,securityFilterChainRegistration,org.springframework.boot.autoconfigure.transaction.TransactionAutoConfiguration,transactionTemplate,org.springframework.boot.autoconfigure.web.HttpEncodingAutoConfiguration,characterEncodingFilter,org.springframework.boot.autoconfigure.web.MultipartAutoConfiguration,multipartConfigElement,multipartResolver,multipart.CONFIGURATION_PROPERTIES,org.springframework.boot.autoconfigure.web.ServerPropertiesAutoConfiguration,serverProperties,duplicateServerPropertiesDetector,org.springframework.orm.jpa.SharedEntityManagerCreator#0]; root of factory hierarchy
[DEBUG] Invoking destroy() on bean with name &apos;objectPostProcessor&apos;
[DEBUG] Invoking destroy() on bean with name &apos;entityManagerFactory&apos;
[INFO] Closing JPA EntityManagerFactory for persistence unit &apos;default&apos;
[DEBUG] HHH000031: Closing
[DEBUG] Implicitly destroying ServiceRegistry on de-registration of all child ServiceRegistries
[DEBUG] Implicitly destroying Boot-strap registry on de-registration of all child ServiceRegistries
[DEBUG] Remove: name=default
[DEBUG] Invoking destroy method &apos;close&apos; on bean with name &apos;dataSource&apos;
[DEBUG] Invoking destroy() on bean with name &apos;org.springframework.boot.context.properties.ConfigurationPropertiesBindingPostProcessor&apos;
[ERROR] Application startup failed
org.springframework.beans.factory.BeanCreationException: Error creating bean with name &apos;webSecurityConfig&apos;: Injection of autowired dependencies failed; nested exception is org.springframework.beans.factory.BeanCreationException: Could not autowire field: private org.springframework.security.core.userdetails.UserDetailsService com.crossover.trial.journals.config.WebSecurityConfig.userDetailsService; nested exception is org.springframework.beans.factory.UnsatisfiedDependencyException: Error creating bean with name &apos;currentUserDetailsService&apos; defined in file [D:\Projects\CrossoverTrial - Second\Code\target\generated-classes\cobertura\com\crossover\trial\journals\service\CurrentUserDetailsService.class]: Unsatisfied dependency expressed through constructor argument with index 0 of type [com.crossover.trial.journals.service.UserService]: Error creating bean with name &apos;userServiceImpl&apos; defined in file [D:\Projects\CrossoverTrial - Second\Code\target\generated-classes\cobertura\com\crossover\trial\journals\service\UserServiceImpl.class]: Unsatisfied dependency expressed through constructor argument with index 0 of type [com.crossover.trial.journals.repository.UserRepository]: Error creating bean with name &apos;userRepository&apos;: Cannot create inner bean &apos;(inner bean)#18ffca6c&apos; of type [org.springframework.orm.jpa.SharedEntityManagerCreator] while setting bean property &apos;entityManager&apos;; nested exception is org.springframework.beans.factory.BeanCreationException: Error creating bean with name &apos;(inner bean)#18ffca6c&apos;: Cannot resolve reference to bean &apos;entityManagerFactory&apos; while setting constructor argument; nested exception is org.springframework.beans.factory.BeanCreationException: Error creating bean with name &apos;entityManagerFactory&apos;: Post-processing of FactoryBean&apos;s singleton object failed; nested exception is org.springframework.jdbc.datasource.init.UncategorizedScriptException: Failed to execute database script; nested exception is org.springframework.jdbc.CannotGetJdbcConnectionException: Could not get JDBC Connection; nested exception is com.mysql.jdbc.exceptions.jdbc4.CommunicationsException: Communications link failure

Last packet sent to the server was 0 ms ago.; nested exception is org.springframework.beans.factory.BeanCreationException: Error creating bean with name &apos;userRepository&apos;: Cannot create inner bean &apos;(inner bean)#18ffca6c&apos; of type [org.springframework.orm.jpa.SharedEntityManagerCreator] while setting bean property &apos;entityManager&apos;; nested exception is org.springframework.beans.factory.BeanCreationException: Error creating bean with name &apos;(inner bean)#18ffca6c&apos;: Cannot resolve reference to bean &apos;entityManagerFactory&apos; while setting constructor argument; nested exception is org.springframework.beans.factory.BeanCreationException: Error creating bean with name &apos;entityManagerFactory&apos;: Post-processing of FactoryBean&apos;s singleton object failed; nested exception is org.springframework.jdbc.datasource.init.UncategorizedScriptException: Failed to execute database script; nested exception is org.springframework.jdbc.CannotGetJdbcConnectionException: Could not get JDBC Connection; nested exception is com.mysql.jdbc.exceptions.jdbc4.CommunicationsException: Communications link failure

Last packet sent to the server was 0 ms ago.; nested exception is org.springframework.beans.factory.UnsatisfiedDependencyException: Error creating bean with name &apos;userServiceImpl&apos; defined in file [D:\Projects\CrossoverTrial - Second\Code\target\generated-classes\cobertura\com\crossover\trial\journals\service\UserServiceImpl.class]: Unsatisfied dependency expressed through constructor argument with index 0 of type [com.crossover.trial.journals.repository.UserRepository]: Error creating bean with name &apos;userRepository&apos;: Cannot create inner bean &apos;(inner bean)#18ffca6c&apos; of type [org.springframework.orm.jpa.SharedEntityManagerCreator] while setting bean property &apos;entityManager&apos;; nested exception is org.springframework.beans.factory.BeanCreationException: Error creating bean with name &apos;(inner bean)#18ffca6c&apos;: Cannot resolve reference to bean &apos;entityManagerFactory&apos; while setting constructor argument; nested exception is org.springframework.beans.factory.BeanCreationException: Error creating bean with name &apos;entityManagerFactory&apos;: Post-processing of FactoryBean&apos;s singleton object failed; nested exception is org.springframework.jdbc.datasource.init.UncategorizedScriptException: Failed to execute database script; nested exception is org.springframework.jdbc.CannotGetJdbcConnectionException: Could not get JDBC Connection; nested exception is com.mysql.jdbc.exceptions.jdbc4.CommunicationsException: Communications link failure

Last packet sent to the server was 0 ms ago.; nested exception is org.springframework.beans.factory.BeanCreationException: Error creating bean with name &apos;userRepository&apos;: Cannot create inner bean &apos;(inner bean)#18ffca6c&apos; of type [org.springframework.orm.jpa.SharedEntityManagerCreator] while setting bean property &apos;entityManager&apos;; nested exception is org.springframework.beans.factory.BeanCreationException: Error creating bean with name &apos;(inner bean)#18ffca6c&apos;: Cannot resolve reference to bean &apos;entityManagerFactory&apos; while setting constructor argument; nested exception is org.springframework.beans.factory.BeanCreationException: Error creating bean with name &apos;entityManagerFactory&apos;: Post-processing of FactoryBean&apos;s singleton object failed; nested exception is org.springframework.jdbc.datasource.init.UncategorizedScriptException: Failed to execute database script; nested exception is org.springframework.jdbc.CannotGetJdbcConnectionException: Could not get JDBC Connection; nested exception is com.mysql.jdbc.exceptions.jdbc4.CommunicationsException: Communications link failure

Last packet sent to the server was 0 ms ago.
	at org.springframework.beans.factory.annotation.AutowiredAnnotationBeanPostProcessor.postProcessPropertyValues(AutowiredAnnotationBeanPostProcessor.java:334)
	at org.springframework.beans.factory.support.AbstractAutowireCapableBeanFactory.populateBean(AbstractAutowireCapableBeanFactory.java:1214)
	at org.springframework.beans.factory.support.AbstractAutowireCapableBeanFactory.doCreateBean(AbstractAutowireCapableBeanFactory.java:543)
	at org.springframework.beans.factory.support.AbstractAutowireCapableBeanFactory.createBean(AbstractAutowireCapableBeanFactory.java:482)
	at org.springframework.beans.factory.support.AbstractBeanFactory$1.getObject(AbstractBeanFactory.java:306)
	at org.springframework.beans.factory.support.DefaultSingletonBeanRegistry.getSingleton(DefaultSingletonBeanRegistry.java:230)
	at org.springframework.beans.factory.support.AbstractBeanFactory.doGetBean(AbstractBeanFactory.java:302)
	at org.springframework.beans.factory.support.AbstractBeanFactory.getBean(AbstractBeanFactory.java:197)
	at org.springframework.beans.factory.support.DefaultListableBeanFactory.preInstantiateSingletons(DefaultListableBeanFactory.java:772)
	at org.springframework.context.support.AbstractApplicationContext.finishBeanFactoryInitialization(AbstractApplicationContext.java:839)
	at org.springframework.context.support.AbstractApplicationContext.refresh(AbstractApplicationContext.java:538)
	at org.springframework.boot.SpringApplication.refresh(SpringApplication.java:766)
	at org.springframework.boot.SpringApplication.createAndRefreshContext(SpringApplication.java:361)
	at org.springframework.boot.SpringApplication.run(SpringApplication.java:307)
	at org.springframework.boot.test.SpringApplicationContextLoader.loadContext(SpringApplicationContextLoader.java:98)
	at org.springframework.test.context.cache.DefaultCacheAwareContextLoaderDelegate.loadContextInternal(DefaultCacheAwareContextLoaderDelegate.java:98)
	at org.springframework.test.context.cache.DefaultCacheAwareContextLoaderDelegate.loadContext(DefaultCacheAwareContextLoaderDelegate.java:116)
	at org.springframework.test.context.support.DefaultTestContext.getApplicationContext(DefaultTestContext.java:83)
	at org.springframework.test.context.web.ServletTestExecutionListener.setUpRequestContextIfNecessary(ServletTestExecutionListener.java:183)
	at org.springframework.test.context.web.ServletTestExecutionListener.prepareTestInstance(ServletTestExecutionListener.java:123)
	at org.springframework.test.context.TestContextManager.prepareTestInstance(TestContextManager.java:228)
	at org.springframework.test.context.junit4.SpringJUnit4ClassRunner.createTest(SpringJUnit4ClassRunner.java:230)
	at org.springframework.test.context.junit4.SpringJUnit4ClassRunner$1.runReflectiveCall(SpringJUnit4ClassRunner.java:289)
	at org.junit.internal.runners.model.ReflectiveCallable.run(ReflectiveCallable.java:12)
	at org.springframework.test.context.junit4.SpringJUnit4ClassRunner.methodBlock(SpringJUnit4ClassRunner.java:291)
	at org.springframework.test.context.junit4.SpringJUnit4ClassRunner.runChild(SpringJUnit4ClassRunner.java:249)
	at org.springframework.test.context.junit4.SpringJUnit4ClassRunner.runChild(SpringJUnit4ClassRunner.java:89)
	at org.junit.runners.ParentRunner$3.run(ParentRunner.java:290)
	at org.junit.runners.ParentRunner$1.schedule(ParentRunner.java:71)
	at org.junit.runners.ParentRunner.runChildren(ParentRunner.java:288)
	at org.junit.runners.ParentRunner.access$000(ParentRunner.java:58)
	at org.junit.runners.ParentRunner$2.evaluate(ParentRunner.java:268)
	at org.springframework.test.context.junit4.statements.RunBeforeTestClassCallbacks.evaluate(RunBeforeTestClassCallbacks.java:61)
	at org.springframework.test.context.junit4.statements.RunAfterTestClassCallbacks.evaluate(RunAfterTestClassCallbacks.java:70)
	at org.junit.runners.ParentRunner.run(ParentRunner.java:363)
	at org.springframework.test.context.junit4.SpringJUnit4ClassRunner.run(SpringJUnit4ClassRunner.java:193)
	at org.apache.maven.surefire.junit4.JUnit4Provider.execute(JUnit4Provider.java:252)
	at org.apache.maven.surefire.junit4.JUnit4Provider.executeTestSet(JUnit4Provider.java:141)
	at org.apache.maven.surefire.junit4.JUnit4Provider.invoke(JUnit4Provider.java:112)
	at sun.reflect.NativeMethodAccessorImpl.invoke0(Native Method)
	at sun.reflect.NativeMethodAccessorImpl.invoke(NativeMethodAccessorImpl.java:62)
	at sun.reflect.DelegatingMethodAccessorImpl.invoke(DelegatingMethodAccessorImpl.java:43)
	at java.lang.reflect.Method.invoke(Method.java:497)
	at org.apache.maven.surefire.util.ReflectionUtils.invokeMethodWithArray(ReflectionUtils.java:189)
	at org.apache.maven.surefire.booter.ProviderFactory$ProviderProxy.invoke(ProviderFactory.java:165)
	at org.apache.maven.surefire.booter.ProviderFactory.invokeProvider(ProviderFactory.java:85)
	at org.apache.maven.surefire.booter.ForkedBooter.runSuitesInProcess(ForkedBooter.java:115)
	at org.apache.maven.surefire.booter.ForkedBooter.main(ForkedBooter.java:75)
Caused by: org.springframework.beans.factory.BeanCreationException: Could not autowire field: private org.springframework.security.core.userdetails.UserDetailsService com.crossover.trial.journals.config.WebSecurityConfig.userDetailsService; nested exception is org.springframework.beans.factory.UnsatisfiedDependencyException: Error creating bean with name &apos;currentUserDetailsService&apos; defined in file [D:\Projects\CrossoverTrial - Second\Code\target\generated-classes\cobertura\com\crossover\trial\journals\service\CurrentUserDetailsService.class]: Unsatisfied dependency expressed through constructor argument with index 0 of type [com.crossover.trial.journals.service.UserService]: Error creating bean with name &apos;userServiceImpl&apos; defined in file [D:\Projects\CrossoverTrial - Second\Code\target\generated-classes\cobertura\com\crossover\trial\journals\service\UserServiceImpl.class]: Unsatisfied dependency expressed through constructor argument with index 0 of type [com.crossover.trial.journals.repository.UserRepository]: Error creating bean with name &apos;userRepository&apos;: Cannot create inner bean &apos;(inner bean)#18ffca6c&apos; of type [org.springframework.orm.jpa.SharedEntityManagerCreator] while setting bean property &apos;entityManager&apos;; nested exception is org.springframework.beans.factory.BeanCreationException: Error creating bean with name &apos;(inner bean)#18ffca6c&apos;: Cannot resolve reference to bean &apos;entityManagerFactory&apos; while setting constructor argument; nested exception is org.springframework.beans.factory.BeanCreationException: Error creating bean with name &apos;entityManagerFactory&apos;: Post-processing of FactoryBean&apos;s singleton object failed; nested exception is org.springframework.jdbc.datasource.init.UncategorizedScriptException: Failed to execute database script; nested exception is org.springframework.jdbc.CannotGetJdbcConnectionException: Could not get JDBC Connection; nested exception is com.mysql.jdbc.exceptions.jdbc4.CommunicationsException: Communications link failure

Last packet sent to the server was 0 ms ago.; nested exception is org.springframework.beans.factory.BeanCreationException: Error creating bean with name &apos;userRepository&apos;: Cannot create inner bean &apos;(inner bean)#18ffca6c&apos; of type [org.springframework.orm.jpa.SharedEntityManagerCreator] while setting bean property &apos;entityManager&apos;; nested exception is org.springframework.beans.factory.BeanCreationException: Error creating bean with name &apos;(inner bean)#18ffca6c&apos;: Cannot resolve reference to bean &apos;entityManagerFactory&apos; while setting constructor argument; nested exception is org.springframework.beans.factory.BeanCreationException: Error creating bean with name &apos;entityManagerFactory&apos;: Post-processing of FactoryBean&apos;s singleton object failed; nested exception is org.springframework.jdbc.datasource.init.UncategorizedScriptException: Failed to execute database script; nested exception is org.springframework.jdbc.CannotGetJdbcConnectionException: Could not get JDBC Connection; nested exception is com.mysql.jdbc.exceptions.jdbc4.CommunicationsException: Communications link failure

Last packet sent to the server was 0 ms ago.; nested exception is org.springframework.beans.factory.UnsatisfiedDependencyException: Error creating bean with name &apos;userServiceImpl&apos; defined in file [D:\Projects\CrossoverTrial - Second\Code\target\generated-classes\cobertura\com\crossover\trial\journals\service\UserServiceImpl.class]: Unsatisfied dependency expressed through constructor argument with index 0 of type [com.crossover.trial.journals.repository.UserRepository]: Error creating bean with name &apos;userRepository&apos;: Cannot create inner bean &apos;(inner bean)#18ffca6c&apos; of type [org.springframework.orm.jpa.SharedEntityManagerCreator] while setting bean property &apos;entityManager&apos;; nested exception is org.springframework.beans.factory.BeanCreationException: Error creating bean with name &apos;(inner bean)#18ffca6c&apos;: Cannot resolve reference to bean &apos;entityManagerFactory&apos; while setting constructor argument; nested exception is org.springframework.beans.factory.BeanCreationException: Error creating bean with name &apos;entityManagerFactory&apos;: Post-processing of FactoryBean&apos;s singleton object failed; nested exception is org.springframework.jdbc.datasource.init.UncategorizedScriptException: Failed to execute database script; nested exception is org.springframework.jdbc.CannotGetJdbcConnectionException: Could not get JDBC Connection; nested exception is com.mysql.jdbc.exceptions.jdbc4.CommunicationsException: Communications link failure

Last packet sent to the server was 0 ms ago.; nested exception is org.springframework.beans.factory.BeanCreationException: Error creating bean with name &apos;userRepository&apos;: Cannot create inner bean &apos;(inner bean)#18ffca6c&apos; of type [org.springframework.orm.jpa.SharedEntityManagerCreator] while setting bean property &apos;entityManager&apos;; nested exception is org.springframework.beans.factory.BeanCreationException: Error creating bean with name &apos;(inner bean)#18ffca6c&apos;: Cannot resolve reference to bean &apos;entityManagerFactory&apos; while setting constructor argument; nested exception is org.springframework.beans.factory.BeanCreationException: Error creating bean with name &apos;entityManagerFactory&apos;: Post-processing of FactoryBean&apos;s singleton object failed; nested exception is org.springframework.jdbc.datasource.init.UncategorizedScriptException: Failed to execute database script; nested exception is org.springframework.jdbc.CannotGetJdbcConnectionException: Could not get JDBC Connection; nested exception is com.mysql.jdbc.exceptions.jdbc4.CommunicationsException: Communications link failure

Last packet sent to the server was 0 ms ago.
	at org.springframework.beans.factory.annotation.AutowiredAnnotationBeanPostProcessor$AutowiredFieldElement.inject(AutowiredAnnotationBeanPostProcessor.java:573)
	at org.springframework.beans.factory.annotation.InjectionMetadata.inject(InjectionMetadata.java:88)
	at org.springframework.beans.factory.annotation.AutowiredAnnotationBeanPostProcessor.postProcessPropertyValues(AutowiredAnnotationBeanPostProcessor.java:331)
	... 47 common frames omitted
Caused by: org.springframework.beans.factory.UnsatisfiedDependencyException: Error creating bean with name &apos;currentUserDetailsService&apos; defined in file [D:\Projects\CrossoverTrial - Second\Code\target\generated-classes\cobertura\com\crossover\trial\journals\service\CurrentUserDetailsService.class]: Unsatisfied dependency expressed through constructor argument with index 0 of type [com.crossover.trial.journals.service.UserService]: Error creating bean with name &apos;userServiceImpl&apos; defined in file [D:\Projects\CrossoverTrial - Second\Code\target\generated-classes\cobertura\com\crossover\trial\journals\service\UserServiceImpl.class]: Unsatisfied dependency expressed through constructor argument with index 0 of type [com.crossover.trial.journals.repository.UserRepository]: Error creating bean with name &apos;userRepository&apos;: Cannot create inner bean &apos;(inner bean)#18ffca6c&apos; of type [org.springframework.orm.jpa.SharedEntityManagerCreator] while setting bean property &apos;entityManager&apos;; nested exception is org.springframework.beans.factory.BeanCreationException: Error creating bean with name &apos;(inner bean)#18ffca6c&apos;: Cannot resolve reference to bean &apos;entityManagerFactory&apos; while setting constructor argument; nested exception is org.springframework.beans.factory.BeanCreationException: Error creating bean with name &apos;entityManagerFactory&apos;: Post-processing of FactoryBean&apos;s singleton object failed; nested exception is org.springframework.jdbc.datasource.init.UncategorizedScriptException: Failed to execute database script; nested exception is org.springframework.jdbc.CannotGetJdbcConnectionException: Could not get JDBC Connection; nested exception is com.mysql.jdbc.exceptions.jdbc4.CommunicationsException: Communications link failure

Last packet sent to the server was 0 ms ago.; nested exception is org.springframework.beans.factory.BeanCreationException: Error creating bean with name &apos;userRepository&apos;: Cannot create inner bean &apos;(inner bean)#18ffca6c&apos; of type [org.springframework.orm.jpa.SharedEntityManagerCreator] while setting bean property &apos;entityManager&apos;; nested exception is org.springframework.beans.factory.BeanCreationException: Error creating bean with name &apos;(inner bean)#18ffca6c&apos;: Cannot resolve reference to bean &apos;entityManagerFactory&apos; while setting constructor argument; nested exception is org.springframework.beans.factory.BeanCreationException: Error creating bean with name &apos;entityManagerFactory&apos;: Post-processing of FactoryBean&apos;s singleton object failed; nested exception is org.springframework.jdbc.datasource.init.UncategorizedScriptException: Failed to execute database script; nested exception is org.springframework.jdbc.CannotGetJdbcConnectionException: Could not get JDBC Connection; nested exception is com.mysql.jdbc.exceptions.jdbc4.CommunicationsException: Communications link failure

Last packet sent to the server was 0 ms ago.; nested exception is org.springframework.beans.factory.UnsatisfiedDependencyException: Error creating bean with name &apos;userServiceImpl&apos; defined in file [D:\Projects\CrossoverTrial - Second\Code\target\generated-classes\cobertura\com\crossover\trial\journals\service\UserServiceImpl.class]: Unsatisfied dependency expressed through constructor argument with index 0 of type [com.crossover.trial.journals.repository.UserRepository]: Error creating bean with name &apos;userRepository&apos;: Cannot create inner bean &apos;(inner bean)#18ffca6c&apos; of type [org.springframework.orm.jpa.SharedEntityManagerCreator] while setting bean property &apos;entityManager&apos;; nested exception is org.springframework.beans.factory.BeanCreationException: Error creating bean with name &apos;(inner bean)#18ffca6c&apos;: Cannot resolve reference to bean &apos;entityManagerFactory&apos; while setting constructor argument; nested exception is org.springframework.beans.factory.BeanCreationException: Error creating bean with name &apos;entityManagerFactory&apos;: Post-processing of FactoryBean&apos;s singleton object failed; nested exception is org.springframework.jdbc.datasource.init.UncategorizedScriptException: Failed to execute database script; nested exception is org.springframework.jdbc.CannotGetJdbcConnectionException: Could not get JDBC Connection; nested exception is com.mysql.jdbc.exceptions.jdbc4.CommunicationsException: Communications link failure

Last packet sent to the server was 0 ms ago.; nested exception is org.springframework.beans.factory.BeanCreationException: Error creating bean with name &apos;userRepository&apos;: Cannot create inner bean &apos;(inner bean)#18ffca6c&apos; of type [org.springframework.orm.jpa.SharedEntityManagerCreator] while setting bean property &apos;entityManager&apos;; nested exception is org.springframework.beans.factory.BeanCreationException: Error creating bean with name &apos;(inner bean)#18ffca6c&apos;: Cannot resolve reference to bean &apos;entityManagerFactory&apos; while setting constructor argument; nested exception is org.springframework.beans.factory.BeanCreationException: Error creating bean with name &apos;entityManagerFactory&apos;: Post-processing of FactoryBean&apos;s singleton object failed; nested exception is org.springframework.jdbc.datasource.init.UncategorizedScriptException: Failed to execute database script; nested exception is org.springframework.jdbc.CannotGetJdbcConnectionException: Could not get JDBC Connection; nested exception is com.mysql.jdbc.exceptions.jdbc4.CommunicationsException: Communications link failure

Last packet sent to the server was 0 ms ago.
	at org.springframework.beans.factory.support.ConstructorResolver.createArgumentArray(ConstructorResolver.java:749)
	at org.springframework.beans.factory.support.ConstructorResolver.autowireConstructor(ConstructorResolver.java:185)
	at org.springframework.beans.factory.support.AbstractAutowireCapableBeanFactory.autowireConstructor(AbstractAutowireCapableBeanFactory.java:1143)
	at org.springframework.beans.factory.support.AbstractAutowireCapableBeanFactory.createBeanInstance(AbstractAutowireCapableBeanFactory.java:1046)
	at org.springframework.beans.factory.support.AbstractAutowireCapableBeanFactory.doCreateBean(AbstractAutowireCapableBeanFactory.java:510)
	at org.springframework.beans.factory.support.AbstractAutowireCapableBeanFactory.createBean(AbstractAutowireCapableBeanFactory.java:482)
	at org.springframework.beans.factory.support.AbstractBeanFactory$1.getObject(AbstractBeanFactory.java:306)
	at org.springframework.beans.factory.support.DefaultSingletonBeanRegistry.getSingleton(DefaultSingletonBeanRegistry.java:230)
	at org.springframework.beans.factory.support.AbstractBeanFactory.doGetBean(AbstractBeanFactory.java:302)
	at org.springframework.beans.factory.support.AbstractBeanFactory.getBean(AbstractBeanFactory.java:197)
	at org.springframework.beans.factory.support.DefaultListableBeanFactory.findAutowireCandidates(DefaultListableBeanFactory.java:1192)
	at org.springframework.beans.factory.support.DefaultListableBeanFactory.doResolveDependency(DefaultListableBeanFactory.java:1116)
	at org.springframework.beans.factory.support.DefaultListableBeanFactory.resolveDependency(DefaultListableBeanFactory.java:1014)
	at org.springframework.beans.factory.annotation.AutowiredAnnotationBeanPostProcessor$AutowiredFieldElement.inject(AutowiredAnnotationBeanPostProcessor.java:545)
	... 49 common frames omitted
Caused by: org.springframework.beans.factory.UnsatisfiedDependencyException: Error creating bean with name &apos;userServiceImpl&apos; defined in file [D:\Projects\CrossoverTrial - Second\Code\target\generated-classes\cobertura\com\crossover\trial\journals\service\UserServiceImpl.class]: Unsatisfied dependency expressed through constructor argument with index 0 of type [com.crossover.trial.journals.repository.UserRepository]: Error creating bean with name &apos;userRepository&apos;: Cannot create inner bean &apos;(inner bean)#18ffca6c&apos; of type [org.springframework.orm.jpa.SharedEntityManagerCreator] while setting bean property &apos;entityManager&apos;; nested exception is org.springframework.beans.factory.BeanCreationException: Error creating bean with name &apos;(inner bean)#18ffca6c&apos;: Cannot resolve reference to bean &apos;entityManagerFactory&apos; while setting constructor argument; nested exception is org.springframework.beans.factory.BeanCreationException: Error creating bean with name &apos;entityManagerFactory&apos;: Post-processing of FactoryBean&apos;s singleton object failed; nested exception is org.springframework.jdbc.datasource.init.UncategorizedScriptException: Failed to execute database script; nested exception is org.springframework.jdbc.CannotGetJdbcConnectionException: Could not get JDBC Connection; nested exception is com.mysql.jdbc.exceptions.jdbc4.CommunicationsException: Communications link failure

Last packet sent to the server was 0 ms ago.; nested exception is org.springframework.beans.factory.BeanCreationException: Error creating bean with name &apos;userRepository&apos;: Cannot create inner bean &apos;(inner bean)#18ffca6c&apos; of type [org.springframework.orm.jpa.SharedEntityManagerCreator] while setting bean property &apos;entityManager&apos;; nested exception is org.springframework.beans.factory.BeanCreationException: Error creating bean with name &apos;(inner bean)#18ffca6c&apos;: Cannot resolve reference to bean &apos;entityManagerFactory&apos; while setting constructor argument; nested exception is org.springframework.beans.factory.BeanCreationException: Error creating bean with name &apos;entityManagerFactory&apos;: Post-processing of FactoryBean&apos;s singleton object failed; nested exception is org.springframework.jdbc.datasource.init.UncategorizedScriptException: Failed to execute database script; nested exception is org.springframework.jdbc.CannotGetJdbcConnectionException: Could not get JDBC Connection; nested exception is com.mysql.jdbc.exceptions.jdbc4.CommunicationsException: Communications link failure

Last packet sent to the server was 0 ms ago.
	at org.springframework.beans.factory.support.ConstructorResolver.createArgumentArray(ConstructorResolver.java:749)
	at org.springframework.beans.factory.support.ConstructorResolver.autowireConstructor(ConstructorResolver.java:185)
	at org.springframework.beans.factory.support.AbstractAutowireCapableBeanFactory.autowireConstructor(AbstractAutowireCapableBeanFactory.java:1143)
	at org.springframework.beans.factory.support.AbstractAutowireCapableBeanFactory.createBeanInstance(AbstractAutowireCapableBeanFactory.java:1046)
	at org.springframework.beans.factory.support.AbstractAutowireCapableBeanFactory.doCreateBean(AbstractAutowireCapableBeanFactory.java:510)
	at org.springframework.beans.factory.support.AbstractAutowireCapableBeanFactory.createBean(AbstractAutowireCapableBeanFactory.java:482)
	at org.springframework.beans.factory.support.AbstractBeanFactory$1.getObject(AbstractBeanFactory.java:306)
	at org.springframework.beans.factory.support.DefaultSingletonBeanRegistry.getSingleton(DefaultSingletonBeanRegistry.java:230)
	at org.springframework.beans.factory.support.AbstractBeanFactory.doGetBean(AbstractBeanFactory.java:302)
	at org.springframework.beans.factory.support.AbstractBeanFactory.getBean(AbstractBeanFactory.java:197)
	at org.springframework.beans.factory.support.DefaultListableBeanFactory.findAutowireCandidates(DefaultListableBeanFactory.java:1192)
	at org.springframework.beans.factory.support.DefaultListableBeanFactory.doResolveDependency(DefaultListableBeanFactory.java:1116)
	at org.springframework.beans.factory.support.DefaultListableBeanFactory.resolveDependency(DefaultListableBeanFactory.java:1014)
	at org.springframework.beans.factory.support.ConstructorResolver.resolveAutowiredArgument(ConstructorResolver.java:813)
	at org.springframework.beans.factory.support.ConstructorResolver.createArgumentArray(ConstructorResolver.java:741)
	... 62 common frames omitted
Caused by: org.springframework.beans.factory.BeanCreationException: Error creating bean with name &apos;userRepository&apos;: Cannot create inner bean &apos;(inner bean)#18ffca6c&apos; of type [org.springframework.orm.jpa.SharedEntityManagerCreator] while setting bean property &apos;entityManager&apos;; nested exception is org.springframework.beans.factory.BeanCreationException: Error creating bean with name &apos;(inner bean)#18ffca6c&apos;: Cannot resolve reference to bean &apos;entityManagerFactory&apos; while setting constructor argument; nested exception is org.springframework.beans.factory.BeanCreationException: Error creating bean with name &apos;entityManagerFactory&apos;: Post-processing of FactoryBean&apos;s singleton object failed; nested exception is org.springframework.jdbc.datasource.init.UncategorizedScriptException: Failed to execute database script; nested exception is org.springframework.jdbc.CannotGetJdbcConnectionException: Could not get JDBC Connection; nested exception is com.mysql.jdbc.exceptions.jdbc4.CommunicationsException: Communications link failure

Last packet sent to the server was 0 ms ago.
	at org.springframework.beans.factory.support.BeanDefinitionValueResolver.resolveInnerBean(BeanDefinitionValueResolver.java:313)
	at org.springframework.beans.factory.support.BeanDefinitionValueResolver.resolveValueIfNecessary(BeanDefinitionValueResolver.java:129)
	at org.springframework.beans.factory.support.AbstractAutowireCapableBeanFactory.applyPropertyValues(AbstractAutowireCapableBeanFactory.java:1481)
	at org.springframework.beans.factory.support.AbstractAutowireCapableBeanFactory.populateBean(AbstractAutowireCapableBeanFactory.java:1226)
	at org.springframework.beans.factory.support.AbstractAutowireCapableBeanFactory.doCreateBean(AbstractAutowireCapableBeanFactory.java:543)
	at org.springframework.beans.factory.support.AbstractAutowireCapableBeanFactory.createBean(AbstractAutowireCapableBeanFactory.java:482)
	at org.springframework.beans.factory.support.AbstractBeanFactory$1.getObject(AbstractBeanFactory.java:306)
	at org.springframework.beans.factory.support.DefaultSingletonBeanRegistry.getSingleton(DefaultSingletonBeanRegistry.java:230)
	at org.springframework.beans.factory.support.AbstractBeanFactory.doGetBean(AbstractBeanFactory.java:302)
	at org.springframework.beans.factory.support.AbstractBeanFactory.getBean(AbstractBeanFactory.java:197)
	at org.springframework.beans.factory.support.DefaultListableBeanFactory.findAutowireCandidates(DefaultListableBeanFactory.java:1192)
	at org.springframework.beans.factory.support.DefaultListableBeanFactory.doResolveDependency(DefaultListableBeanFactory.java:1116)
	at org.springframework.beans.factory.support.DefaultListableBeanFactory.resolveDependency(DefaultListableBeanFactory.java:1014)
	at org.springframework.beans.factory.support.ConstructorResolver.resolveAutowiredArgument(ConstructorResolver.java:813)
	at org.springframework.beans.factory.support.ConstructorResolver.createArgumentArray(ConstructorResolver.java:741)
	... 76 common frames omitted
Caused by: org.springframework.beans.factory.BeanCreationException: Error creating bean with name &apos;(inner bean)#18ffca6c&apos;: Cannot resolve reference to bean &apos;entityManagerFactory&apos; while setting constructor argument; nested exception is org.springframework.beans.factory.BeanCreationException: Error creating bean with name &apos;entityManagerFactory&apos;: Post-processing of FactoryBean&apos;s singleton object failed; nested exception is org.springframework.jdbc.datasource.init.UncategorizedScriptException: Failed to execute database script; nested exception is org.springframework.jdbc.CannotGetJdbcConnectionException: Could not get JDBC Connection; nested exception is com.mysql.jdbc.exceptions.jdbc4.CommunicationsException: Communications link failure

Last packet sent to the server was 0 ms ago.
	at org.springframework.beans.factory.support.BeanDefinitionValueResolver.resolveReference(BeanDefinitionValueResolver.java:359)
	at org.springframework.beans.factory.support.BeanDefinitionValueResolver.resolveValueIfNecessary(BeanDefinitionValueResolver.java:108)
	at org.springframework.beans.factory.support.ConstructorResolver.resolveConstructorArguments(ConstructorResolver.java:634)
	at org.springframework.beans.factory.support.ConstructorResolver.instantiateUsingFactoryMethod(ConstructorResolver.java:444)
	at org.springframework.beans.factory.support.AbstractAutowireCapableBeanFactory.instantiateUsingFactoryMethod(AbstractAutowireCapableBeanFactory.java:1123)
	at org.springframework.beans.factory.support.AbstractAutowireCapableBeanFactory.createBeanInstance(AbstractAutowireCapableBeanFactory.java:1018)
	at org.springframework.beans.factory.support.AbstractAutowireCapableBeanFactory.doCreateBean(AbstractAutowireCapableBeanFactory.java:510)
	at org.springframework.beans.factory.support.AbstractAutowireCapableBeanFactory.createBean(AbstractAutowireCapableBeanFactory.java:482)
	at org.springframework.beans.factory.support.BeanDefinitionValueResolver.resolveInnerBean(BeanDefinitionValueResolver.java:299)
	... 90 common frames omitted
Caused by: org.springframework.beans.factory.BeanCreationException: Error creating bean with name &apos;entityManagerFactory&apos;: Post-processing of FactoryBean&apos;s singleton object failed; nested exception is org.springframework.jdbc.datasource.init.UncategorizedScriptException: Failed to execute database script; nested exception is org.springframework.jdbc.CannotGetJdbcConnectionException: Could not get JDBC Connection; nested exception is com.mysql.jdbc.exceptions.jdbc4.CommunicationsException: Communications link failure

Last packet sent to the server was 0 ms ago.
	at org.springframework.beans.factory.support.FactoryBeanRegistrySupport.getObjectFromFactoryBean(FactoryBeanRegistrySupport.java:116)
	at org.springframework.beans.factory.support.AbstractBeanFactory.getObjectForBeanInstance(AbstractBeanFactory.java:1590)
	at org.springframework.beans.factory.support.AbstractBeanFactory.doGetBean(AbstractBeanFactory.java:254)
	at org.springframework.beans.factory.support.AbstractBeanFactory.getBean(AbstractBeanFactory.java:197)
	at org.springframework.beans.factory.support.BeanDefinitionValueResolver.resolveReference(BeanDefinitionValueResolver.java:351)
	... 98 common frames omitted
Caused by: org.springframework.jdbc.datasource.init.UncategorizedScriptException: Failed to execute database script; nested exception is org.springframework.jdbc.CannotGetJdbcConnectionException: Could not get JDBC Connection; nested exception is com.mysql.jdbc.exceptions.jdbc4.CommunicationsException: Communications link failure

Last packet sent to the server was 0 ms ago.
	at org.springframework.jdbc.datasource.init.DatabasePopulatorUtils.execute(DatabasePopulatorUtils.java:61)
	at org.springframework.boot.autoconfigure.jdbc.DataSourceInitializer.runScripts(DataSourceInitializer.java:157)
	at org.springframework.boot.autoconfigure.jdbc.DataSourceInitializer.runDataScripts(DataSourceInitializer.java:114)
	at org.springframework.boot.autoconfigure.jdbc.DataSourceInitializer.onApplicationEvent(DataSourceInitializer.java:107)
	at org.springframework.boot.autoconfigure.jdbc.DataSourceInitializer.onApplicationEvent(DataSourceInitializer.java:47)
	at org.springframework.context.event.SimpleApplicationEventMulticaster.invokeListener(SimpleApplicationEventMulticaster.java:163)
	at org.springframework.context.event.SimpleApplicationEventMulticaster.multicastEvent(SimpleApplicationEventMulticaster.java:136)
	at org.springframework.context.support.AbstractApplicationContext.publishEvent(AbstractApplicationContext.java:381)
	at org.springframework.context.support.AbstractApplicationContext.publishEvent(AbstractApplicationContext.java:335)
	at org.springframework.boot.autoconfigure.orm.jpa.DataSourceInitializedPublisher.postProcessAfterInitialization(DataSourceInitializedPublisher.java:70)
	at org.springframework.beans.factory.support.AbstractAutowireCapableBeanFactory.applyBeanPostProcessorsAfterInitialization(AbstractAutowireCapableBeanFactory.java:422)
	at org.springframework.beans.factory.support.AbstractAutowireCapableBeanFactory.postProcessObjectFromFactoryBean(AbstractAutowireCapableBeanFactory.java:1723)
	at org.springframework.beans.factory.support.FactoryBeanRegistrySupport.getObjectFromFactoryBean(FactoryBeanRegistrySupport.java:113)
	... 102 common frames omitted
Caused by: org.springframework.jdbc.CannotGetJdbcConnectionException: Could not get JDBC Connection; nested exception is com.mysql.jdbc.exceptions.jdbc4.CommunicationsException: Communications link failure

Last packet sent to the server was 0 ms ago.
	at org.springframework.jdbc.datasource.DataSourceUtils.getConnection(DataSourceUtils.java:80)
	at org.springframework.jdbc.datasource.init.DatabasePopulatorUtils.execute(DatabasePopulatorUtils.java:46)
	... 114 common frames omitted
Caused by: com.mysql.jdbc.exceptions.jdbc4.CommunicationsException: Communications link failure

Last packet sent to the server was 0 ms ago.
	at sun.reflect.NativeConstructorAccessorImpl.newInstance0(Native Method)
	at sun.reflect.NativeConstructorAccessorImpl.newInstance(NativeConstructorAccessorImpl.java:62)
	at sun.reflect.DelegatingConstructorAccessorImpl.newInstance(DelegatingConstructorAccessorImpl.java:45)
	at java.lang.reflect.Constructor.newInstance(Constructor.java:422)
	at com.mysql.jdbc.Util.handleNewInstance(Util.java:406)
	at com.mysql.jdbc.SQLError.createCommunicationsException(SQLError.java:1074)
	at com.mysql.jdbc.ConnectionImpl.createNewIO(ConnectionImpl.java:2103)
	at com.mysql.jdbc.ConnectionImpl.&lt;init&gt;(ConnectionImpl.java:718)
	at com.mysql.jdbc.JDBC4Connection.&lt;init&gt;(JDBC4Connection.java:46)
	at sun.reflect.NativeConstructorAccessorImpl.newInstance0(Native Method)
	at sun.reflect.NativeConstructorAccessorImpl.newInstance(NativeConstructorAccessorImpl.java:62)
	at sun.reflect.DelegatingConstructorAccessorImpl.newInstance(DelegatingConstructorAccessorImpl.java:45)
	at java.lang.reflect.Constructor.newInstance(Constructor.java:422)
	at com.mysql.jdbc.Util.handleNewInstance(Util.java:406)
	at com.mysql.jdbc.ConnectionImpl.getInstance(ConnectionImpl.java:302)
	at com.mysql.jdbc.NonRegisteringDriver.connect(NonRegisteringDriver.java:282)
	at org.apache.tomcat.jdbc.pool.PooledConnection.connectUsingDriver(PooledConnection.java:307)
	at org.apache.tomcat.jdbc.pool.PooledConnection.connect(PooledConnection.java:200)
	at org.apache.tomcat.jdbc.pool.ConnectionPool.createConnection(ConnectionPool.java:708)
	at org.apache.tomcat.jdbc.pool.ConnectionPool.borrowConnection(ConnectionPool.java:642)
	at org.apache.tomcat.jdbc.pool.ConnectionPool.init(ConnectionPool.java:464)
	at org.apache.tomcat.jdbc.pool.ConnectionPool.&lt;init&gt;(ConnectionPool.java:141)
	at org.apache.tomcat.jdbc.pool.DataSourceProxy.pCreatePool(DataSourceProxy.java:115)
	at org.apache.tomcat.jdbc.pool.DataSourceProxy.createPool(DataSourceProxy.java:102)
	at org.apache.tomcat.jdbc.pool.DataSourceProxy.getConnection(DataSourceProxy.java:126)
	at org.springframework.jdbc.datasource.DataSourceUtils.doGetConnection(DataSourceUtils.java:111)
	at org.springframework.jdbc.datasource.DataSourceUtils.getConnection(DataSourceUtils.java:77)
	... 115 common frames omitted
Caused by: java.net.ConnectException: Connection refused: connect
	at java.net.DualStackPlainSocketImpl.connect0(Native Method)
	at java.net.DualStackPlainSocketImpl.socketConnect(DualStackPlainSocketImpl.java:79)
	at java.net.AbstractPlainSocketImpl.doConnect(AbstractPlainSocketImpl.java:345)
	at java.net.AbstractPlainSocketImpl.connectToAddress(AbstractPlainSocketImpl.java:206)
	at java.net.AbstractPlainSocketImpl.connect(AbstractPlainSocketImpl.java:188)
	at java.net.PlainSocketImpl.connect(PlainSocketImpl.java:172)
	at java.net.SocksSocketImpl.connect(SocksSocketImpl.java:392)
	at java.net.Socket.connect(Socket.java:589)
	at java.net.Socket.connect(Socket.java:538)
	at java.net.Socket.&lt;init&gt;(Socket.java:434)
	at java.net.Socket.&lt;init&gt;(Socket.java:244)
	at com.mysql.jdbc.StandardSocketFactory.connect(StandardSocketFactory.java:253)
	at com.mysql.jdbc.MysqlIO.&lt;init&gt;(MysqlIO.java:280)
	at com.mysql.jdbc.ConnectionImpl.createNewIO(ConnectionImpl.java:2026)
	... 135 common frames omitted
[INFO] Application failed to start with classpath: [file:/D:/Projects/CrossoverTrial%20-%20Second/Code/target/surefire/surefirebooter4697183251586044228.jar]
[ERROR] Caught exception while allowing TestExecutionListener [org.springframework.test.context.web.ServletTestExecutionListener@5cdd8682] to prepare test instance [com.crossover.trial.journals.rest.CategoryRestServiceTest@c568f91]
java.lang.IllegalStateException: Failed to load ApplicationContext
	at org.springframework.test.context.cache.DefaultCacheAwareContextLoaderDelegate.loadContext(DefaultCacheAwareContextLoaderDelegate.java:124)
	at org.springframework.test.context.support.DefaultTestContext.getApplicationContext(DefaultTestContext.java:83)
	at org.springframework.test.context.web.ServletTestExecutionListener.setUpRequestContextIfNecessary(ServletTestExecutionListener.java:183)
	at org.springframework.test.context.web.ServletTestExecutionListener.prepareTestInstance(ServletTestExecutionListener.java:123)
	at org.springframework.test.context.TestContextManager.prepareTestInstance(TestContextManager.java:228)
	at org.springframework.test.context.junit4.SpringJUnit4ClassRunner.createTest(SpringJUnit4ClassRunner.java:230)
	at org.springframework.test.context.junit4.SpringJUnit4ClassRunner$1.runReflectiveCall(SpringJUnit4ClassRunner.java:289)
	at org.junit.internal.runners.model.ReflectiveCallable.run(ReflectiveCallable.java:12)
	at org.springframework.test.context.junit4.SpringJUnit4ClassRunner.methodBlock(SpringJUnit4ClassRunner.java:291)
	at org.springframework.test.context.junit4.SpringJUnit4ClassRunner.runChild(SpringJUnit4ClassRunner.java:249)
	at org.springframework.test.context.junit4.SpringJUnit4ClassRunner.runChild(SpringJUnit4ClassRunner.java:89)
	at org.junit.runners.ParentRunner$3.run(ParentRunner.java:290)
	at org.junit.runners.ParentRunner$1.schedule(ParentRunner.java:71)
	at org.junit.runners.ParentRunner.runChildren(ParentRunner.java:288)
	at org.junit.runners.ParentRunner.access$000(ParentRunner.java:58)
	at org.junit.runners.ParentRunner$2.evaluate(ParentRunner.java:268)
	at org.springframework.test.context.junit4.statements.RunBeforeTestClassCallbacks.evaluate(RunBeforeTestClassCallbacks.java:61)
	at org.springframework.test.context.junit4.statements.RunAfterTestClassCallbacks.evaluate(RunAfterTestClassCallbacks.java:70)
	at org.junit.runners.ParentRunner.run(ParentRunner.java:363)
	at org.springframework.test.context.junit4.SpringJUnit4ClassRunner.run(SpringJUnit4ClassRunner.java:193)
	at org.apache.maven.surefire.junit4.JUnit4Provider.execute(JUnit4Provider.java:252)
	at org.apache.maven.surefire.junit4.JUnit4Provider.executeTestSet(JUnit4Provider.java:141)
	at org.apache.maven.surefire.junit4.JUnit4Provider.invoke(JUnit4Provider.java:112)
	at sun.reflect.NativeMethodAccessorImpl.invoke0(Native Method)
	at sun.reflect.NativeMethodAccessorImpl.invoke(NativeMethodAccessorImpl.java:62)
	at sun.reflect.DelegatingMethodAccessorImpl.invoke(DelegatingMethodAccessorImpl.java:43)
	at java.lang.reflect.Method.invoke(Method.java:497)
	at org.apache.maven.surefire.util.ReflectionUtils.invokeMethodWithArray(ReflectionUtils.java:189)
	at org.apache.maven.surefire.booter.ProviderFactory$ProviderProxy.invoke(ProviderFactory.java:165)
	at org.apache.maven.surefire.booter.ProviderFactory.invokeProvider(ProviderFactory.java:85)
	at org.apache.maven.surefire.booter.ForkedBooter.runSuitesInProcess(ForkedBooter.java:115)
	at org.apache.maven.surefire.booter.ForkedBooter.main(ForkedBooter.java:75)
Caused by: org.springframework.beans.factory.BeanCreationException: Error creating bean with name &apos;webSecurityConfig&apos;: Injection of autowired dependencies failed; nested exception is org.springframework.beans.factory.BeanCreationException: Could not autowire field: private org.springframework.security.core.userdetails.UserDetailsService com.crossover.trial.journals.config.WebSecurityConfig.userDetailsService; nested exception is org.springframework.beans.factory.UnsatisfiedDependencyException: Error creating bean with name &apos;currentUserDetailsService&apos; defined in file [D:\Projects\CrossoverTrial - Second\Code\target\generated-classes\cobertura\com\crossover\trial\journals\service\CurrentUserDetailsService.class]: Unsatisfied dependency expressed through constructor argument with index 0 of type [com.crossover.trial.journals.service.UserService]: Error creating bean with name &apos;userServiceImpl&apos; defined in file [D:\Projects\CrossoverTrial - Second\Code\target\generated-classes\cobertura\com\crossover\trial\journals\service\UserServiceImpl.class]: Unsatisfied dependency expressed through constructor argument with index 0 of type [com.crossover.trial.journals.repository.UserRepository]: Error creating bean with name &apos;userRepository&apos;: Cannot create inner bean &apos;(inner bean)#18ffca6c&apos; of type [org.springframework.orm.jpa.SharedEntityManagerCreator] while setting bean property &apos;entityManager&apos;; nested exception is org.springframework.beans.factory.BeanCreationException: Error creating bean with name &apos;(inner bean)#18ffca6c&apos;: Cannot resolve reference to bean &apos;entityManagerFactory&apos; while setting constructor argument; nested exception is org.springframework.beans.factory.BeanCreationException: Error creating bean with name &apos;entityManagerFactory&apos;: Post-processing of FactoryBean&apos;s singleton object failed; nested exception is org.springframework.jdbc.datasource.init.UncategorizedScriptException: Failed to execute database script; nested exception is org.springframework.jdbc.CannotGetJdbcConnectionException: Could not get JDBC Connection; nested exception is com.mysql.jdbc.exceptions.jdbc4.CommunicationsException: Communications link failure

Last packet sent to the server was 0 ms ago.; nested exception is org.springframework.beans.factory.BeanCreationException: Error creating bean with name &apos;userRepository&apos;: Cannot create inner bean &apos;(inner bean)#18ffca6c&apos; of type [org.springframework.orm.jpa.SharedEntityManagerCreator] while setting bean property &apos;entityManager&apos;; nested exception is org.springframework.beans.factory.BeanCreationException: Error creating bean with name &apos;(inner bean)#18ffca6c&apos;: Cannot resolve reference to bean &apos;entityManagerFactory&apos; while setting constructor argument; nested exception is org.springframework.beans.factory.BeanCreationException: Error creating bean with name &apos;entityManagerFactory&apos;: Post-processing of FactoryBean&apos;s singleton object failed; nested exception is org.springframework.jdbc.datasource.init.UncategorizedScriptException: Failed to execute database script; nested exception is org.springframework.jdbc.CannotGetJdbcConnectionException: Could not get JDBC Connection; nested exception is com.mysql.jdbc.exceptions.jdbc4.CommunicationsException: Communications link failure

Last packet sent to the server was 0 ms ago.; nested exception is org.springframework.beans.factory.UnsatisfiedDependencyException: Error creating bean with name &apos;userServiceImpl&apos; defined in file [D:\Projects\CrossoverTrial - Second\Code\target\generated-classes\cobertura\com\crossover\trial\journals\service\UserServiceImpl.class]: Unsatisfied dependency expressed through constructor argument with index 0 of type [com.crossover.trial.journals.repository.UserRepository]: Error creating bean with name &apos;userRepository&apos;: Cannot create inner bean &apos;(inner bean)#18ffca6c&apos; of type [org.springframework.orm.jpa.SharedEntityManagerCreator] while setting bean property &apos;entityManager&apos;; nested exception is org.springframework.beans.factory.BeanCreationException: Error creating bean with name &apos;(inner bean)#18ffca6c&apos;: Cannot resolve reference to bean &apos;entityManagerFactory&apos; while setting constructor argument; nested exception is org.springframework.beans.factory.BeanCreationException: Error creating bean with name &apos;entityManagerFactory&apos;: Post-processing of FactoryBean&apos;s singleton object failed; nested exception is org.springframework.jdbc.datasource.init.UncategorizedScriptException: Failed to execute database script; nested exception is org.springframework.jdbc.CannotGetJdbcConnectionException: Could not get JDBC Connection; nested exception is com.mysql.jdbc.exceptions.jdbc4.CommunicationsException: Communications link failure

Last packet sent to the server was 0 ms ago.; nested exception is org.springframework.beans.factory.BeanCreationException: Error creating bean with name &apos;userRepository&apos;: Cannot create inner bean &apos;(inner bean)#18ffca6c&apos; of type [org.springframework.orm.jpa.SharedEntityManagerCreator] while setting bean property &apos;entityManager&apos;; nested exception is org.springframework.beans.factory.BeanCreationException: Error creating bean with name &apos;(inner bean)#18ffca6c&apos;: Cannot resolve reference to bean &apos;entityManagerFactory&apos; while setting constructor argument; nested exception is org.springframework.beans.factory.BeanCreationException: Error creating bean with name &apos;entityManagerFactory&apos;: Post-processing of FactoryBean&apos;s singleton object failed; nested exception is org.springframework.jdbc.datasource.init.UncategorizedScriptException: Failed to execute database script; nested exception is org.springframework.jdbc.CannotGetJdbcConnectionException: Could not get JDBC Connection; nested exception is com.mysql.jdbc.exceptions.jdbc4.CommunicationsException: Communications link failure

Last packet sent to the server was 0 ms ago.
	at org.springframework.beans.factory.annotation.AutowiredAnnotationBeanPostProcessor.postProcessPropertyValues(AutowiredAnnotationBeanPostProcessor.java:334)
	at org.springframework.beans.factory.support.AbstractAutowireCapableBeanFactory.populateBean(AbstractAutowireCapableBeanFactory.java:1214)
	at org.springframework.beans.factory.support.AbstractAutowireCapableBeanFactory.doCreateBean(AbstractAutowireCapableBeanFactory.java:543)
	at org.springframework.beans.factory.support.AbstractAutowireCapableBeanFactory.createBean(AbstractAutowireCapableBeanFactory.java:482)
	at org.springframework.beans.factory.support.AbstractBeanFactory$1.getObject(AbstractBeanFactory.java:306)
	at org.springframework.beans.factory.support.DefaultSingletonBeanRegistry.getSingleton(DefaultSingletonBeanRegistry.java:230)
	at org.springframework.beans.factory.support.AbstractBeanFactory.doGetBean(AbstractBeanFactory.java:302)
	at org.springframework.beans.factory.support.AbstractBeanFactory.getBean(AbstractBeanFactory.java:197)
	at org.springframework.beans.factory.support.DefaultListableBeanFactory.preInstantiateSingletons(DefaultListableBeanFactory.java:772)
	at org.springframework.context.support.AbstractApplicationContext.finishBeanFactoryInitialization(AbstractApplicationContext.java:839)
	at org.springframework.context.support.AbstractApplicationContext.refresh(AbstractApplicationContext.java:538)
	at org.springframework.boot.SpringApplication.refresh(SpringApplication.java:766)
	at org.springframework.boot.SpringApplication.createAndRefreshContext(SpringApplication.java:361)
	at org.springframework.boot.SpringApplication.run(SpringApplication.java:307)
	at org.springframework.boot.test.SpringApplicationContextLoader.loadContext(SpringApplicationContextLoader.java:98)
	at org.springframework.test.context.cache.DefaultCacheAwareContextLoaderDelegate.loadContextInternal(DefaultCacheAwareContextLoaderDelegate.java:98)
	at org.springframework.test.context.cache.DefaultCacheAwareContextLoaderDelegate.loadContext(DefaultCacheAwareContextLoaderDelegate.java:116)
	... 31 common frames omitted
Caused by: org.springframework.beans.factory.BeanCreationException: Could not autowire field: private org.springframework.security.core.userdetails.UserDetailsService com.crossover.trial.journals.config.WebSecurityConfig.userDetailsService; nested exception is org.springframework.beans.factory.UnsatisfiedDependencyException: Error creating bean with name &apos;currentUserDetailsService&apos; defined in file [D:\Projects\CrossoverTrial - Second\Code\target\generated-classes\cobertura\com\crossover\trial\journals\service\CurrentUserDetailsService.class]: Unsatisfied dependency expressed through constructor argument with index 0 of type [com.crossover.trial.journals.service.UserService]: Error creating bean with name &apos;userServiceImpl&apos; defined in file [D:\Projects\CrossoverTrial - Second\Code\target\generated-classes\cobertura\com\crossover\trial\journals\service\UserServiceImpl.class]: Unsatisfied dependency expressed through constructor argument with index 0 of type [com.crossover.trial.journals.repository.UserRepository]: Error creating bean with name &apos;userRepository&apos;: Cannot create inner bean &apos;(inner bean)#18ffca6c&apos; of type [org.springframework.orm.jpa.SharedEntityManagerCreator] while setting bean property &apos;entityManager&apos;; nested exception is org.springframework.beans.factory.BeanCreationException: Error creating bean with name &apos;(inner bean)#18ffca6c&apos;: Cannot resolve reference to bean &apos;entityManagerFactory&apos; while setting constructor argument; nested exception is org.springframework.beans.factory.BeanCreationException: Error creating bean with name &apos;entityManagerFactory&apos;: Post-processing of FactoryBean&apos;s singleton object failed; nested exception is org.springframework.jdbc.datasource.init.UncategorizedScriptException: Failed to execute database script; nested exception is org.springframework.jdbc.CannotGetJdbcConnectionException: Could not get JDBC Connection; nested exception is com.mysql.jdbc.exceptions.jdbc4.CommunicationsException: Communications link failure

Last packet sent to the server was 0 ms ago.; nested exception is org.springframework.beans.factory.BeanCreationException: Error creating bean with name &apos;userRepository&apos;: Cannot create inner bean &apos;(inner bean)#18ffca6c&apos; of type [org.springframework.orm.jpa.SharedEntityManagerCreator] while setting bean property &apos;entityManager&apos;; nested exception is org.springframework.beans.factory.BeanCreationException: Error creating bean with name &apos;(inner bean)#18ffca6c&apos;: Cannot resolve reference to bean &apos;entityManagerFactory&apos; while setting constructor argument; nested exception is org.springframework.beans.factory.BeanCreationException: Error creating bean with name &apos;entityManagerFactory&apos;: Post-processing of FactoryBean&apos;s singleton object failed; nested exception is org.springframework.jdbc.datasource.init.UncategorizedScriptException: Failed to execute database script; nested exception is org.springframework.jdbc.CannotGetJdbcConnectionException: Could not get JDBC Connection; nested exception is com.mysql.jdbc.exceptions.jdbc4.CommunicationsException: Communications link failure

Last packet sent to the server was 0 ms ago.; nested exception is org.springframework.beans.factory.UnsatisfiedDependencyException: Error creating bean with name &apos;userServiceImpl&apos; defined in file [D:\Projects\CrossoverTrial - Second\Code\target\generated-classes\cobertura\com\crossover\trial\journals\service\UserServiceImpl.class]: Unsatisfied dependency expressed through constructor argument with index 0 of type [com.crossover.trial.journals.repository.UserRepository]: Error creating bean with name &apos;userRepository&apos;: Cannot create inner bean &apos;(inner bean)#18ffca6c&apos; of type [org.springframework.orm.jpa.SharedEntityManagerCreator] while setting bean property &apos;entityManager&apos;; nested exception is org.springframework.beans.factory.BeanCreationException: Error creating bean with name &apos;(inner bean)#18ffca6c&apos;: Cannot resolve reference to bean &apos;entityManagerFactory&apos; while setting constructor argument; nested exception is org.springframework.beans.factory.BeanCreationException: Error creating bean with name &apos;entityManagerFactory&apos;: Post-processing of FactoryBean&apos;s singleton object failed; nested exception is org.springframework.jdbc.datasource.init.UncategorizedScriptException: Failed to execute database script; nested exception is org.springframework.jdbc.CannotGetJdbcConnectionException: Could not get JDBC Connection; nested exception is com.mysql.jdbc.exceptions.jdbc4.CommunicationsException: Communications link failure

Last packet sent to the server was 0 ms ago.; nested exception is org.springframework.beans.factory.BeanCreationException: Error creating bean with name &apos;userRepository&apos;: Cannot create inner bean &apos;(inner bean)#18ffca6c&apos; of type [org.springframework.orm.jpa.SharedEntityManagerCreator] while setting bean property &apos;entityManager&apos;; nested exception is org.springframework.beans.factory.BeanCreationException: Error creating bean with name &apos;(inner bean)#18ffca6c&apos;: Cannot resolve reference to bean &apos;entityManagerFactory&apos; while setting constructor argument; nested exception is org.springframework.beans.factory.BeanCreationException: Error creating bean with name &apos;entityManagerFactory&apos;: Post-processing of FactoryBean&apos;s singleton object failed; nested exception is org.springframework.jdbc.datasource.init.UncategorizedScriptException: Failed to execute database script; nested exception is org.springframework.jdbc.CannotGetJdbcConnectionException: Could not get JDBC Connection; nested exception is com.mysql.jdbc.exceptions.jdbc4.CommunicationsException: Communications link failure

Last packet sent to the server was 0 ms ago.
	at org.springframework.beans.factory.annotation.AutowiredAnnotationBeanPostProcessor$AutowiredFieldElement.inject(AutowiredAnnotationBeanPostProcessor.java:573)
	at org.springframework.beans.factory.annotation.InjectionMetadata.inject(InjectionMetadata.java:88)
	at org.springframework.beans.factory.annotation.AutowiredAnnotationBeanPostProcessor.postProcessPropertyValues(AutowiredAnnotationBeanPostProcessor.java:331)
	... 47 common frames omitted
Caused by: org.springframework.beans.factory.UnsatisfiedDependencyException: Error creating bean with name &apos;currentUserDetailsService&apos; defined in file [D:\Projects\CrossoverTrial - Second\Code\target\generated-classes\cobertura\com\crossover\trial\journals\service\CurrentUserDetailsService.class]: Unsatisfied dependency expressed through constructor argument with index 0 of type [com.crossover.trial.journals.service.UserService]: Error creating bean with name &apos;userServiceImpl&apos; defined in file [D:\Projects\CrossoverTrial - Second\Code\target\generated-classes\cobertura\com\crossover\trial\journals\service\UserServiceImpl.class]: Unsatisfied dependency expressed through constructor argument with index 0 of type [com.crossover.trial.journals.repository.UserRepository]: Error creating bean with name &apos;userRepository&apos;: Cannot create inner bean &apos;(inner bean)#18ffca6c&apos; of type [org.springframework.orm.jpa.SharedEntityManagerCreator] while setting bean property &apos;entityManager&apos;; nested exception is org.springframework.beans.factory.BeanCreationException: Error creating bean with name &apos;(inner bean)#18ffca6c&apos;: Cannot resolve reference to bean &apos;entityManagerFactory&apos; while setting constructor argument; nested exception is org.springframework.beans.factory.BeanCreationException: Error creating bean with name &apos;entityManagerFactory&apos;: Post-processing of FactoryBean&apos;s singleton object failed; nested exception is org.springframework.jdbc.datasource.init.UncategorizedScriptException: Failed to execute database script; nested exception is org.springframework.jdbc.CannotGetJdbcConnectionException: Could not get JDBC Connection; nested exception is com.mysql.jdbc.exceptions.jdbc4.CommunicationsException: Communications link failure

Last packet sent to the server was 0 ms ago.; nested exception is org.springframework.beans.factory.BeanCreationException: Error creating bean with name &apos;userRepository&apos;: Cannot create inner bean &apos;(inner bean)#18ffca6c&apos; of type [org.springframework.orm.jpa.SharedEntityManagerCreator] while setting bean property &apos;entityManager&apos;; nested exception is org.springframework.beans.factory.BeanCreationException: Error creating bean with name &apos;(inner bean)#18ffca6c&apos;: Cannot resolve reference to bean &apos;entityManagerFactory&apos; while setting constructor argument; nested exception is org.springframework.beans.factory.BeanCreationException: Error creating bean with name &apos;entityManagerFactory&apos;: Post-processing of FactoryBean&apos;s singleton object failed; nested exception is org.springframework.jdbc.datasource.init.UncategorizedScriptException: Failed to execute database script; nested exception is org.springframework.jdbc.CannotGetJdbcConnectionException: Could not get JDBC Connection; nested exception is com.mysql.jdbc.exceptions.jdbc4.CommunicationsException: Communications link failure

Last packet sent to the server was 0 ms ago.; nested exception is org.springframework.beans.factory.UnsatisfiedDependencyException: Error creating bean with name &apos;userServiceImpl&apos; defined in file [D:\Projects\CrossoverTrial - Second\Code\target\generated-classes\cobertura\com\crossover\trial\journals\service\UserServiceImpl.class]: Unsatisfied dependency expressed through constructor argument with index 0 of type [com.crossover.trial.journals.repository.UserRepository]: Error creating bean with name &apos;userRepository&apos;: Cannot create inner bean &apos;(inner bean)#18ffca6c&apos; of type [org.springframework.orm.jpa.SharedEntityManagerCreator] while setting bean property &apos;entityManager&apos;; nested exception is org.springframework.beans.factory.BeanCreationException: Error creating bean with name &apos;(inner bean)#18ffca6c&apos;: Cannot resolve reference to bean &apos;entityManagerFactory&apos; while setting constructor argument; nested exception is org.springframework.beans.factory.BeanCreationException: Error creating bean with name &apos;entityManagerFactory&apos;: Post-processing of FactoryBean&apos;s singleton object failed; nested exception is org.springframework.jdbc.datasource.init.UncategorizedScriptException: Failed to execute database script; nested exception is org.springframework.jdbc.CannotGetJdbcConnectionException: Could not get JDBC Connection; nested exception is com.mysql.jdbc.exceptions.jdbc4.CommunicationsException: Communications link failure

Last packet sent to the server was 0 ms ago.; nested exception is org.springframework.beans.factory.BeanCreationException: Error creating bean with name &apos;userRepository&apos;: Cannot create inner bean &apos;(inner bean)#18ffca6c&apos; of type [org.springframework.orm.jpa.SharedEntityManagerCreator] while setting bean property &apos;entityManager&apos;; nested exception is org.springframework.beans.factory.BeanCreationException: Error creating bean with name &apos;(inner bean)#18ffca6c&apos;: Cannot resolve reference to bean &apos;entityManagerFactory&apos; while setting constructor argument; nested exception is org.springframework.beans.factory.BeanCreationException: Error creating bean with name &apos;entityManagerFactory&apos;: Post-processing of FactoryBean&apos;s singleton object failed; nested exception is org.springframework.jdbc.datasource.init.UncategorizedScriptException: Failed to execute database script; nested exception is org.springframework.jdbc.CannotGetJdbcConnectionException: Could not get JDBC Connection; nested exception is com.mysql.jdbc.exceptions.jdbc4.CommunicationsException: Communications link failure

Last packet sent to the server was 0 ms ago.
	at org.springframework.beans.factory.support.ConstructorResolver.createArgumentArray(ConstructorResolver.java:749)
	at org.springframework.beans.factory.support.ConstructorResolver.autowireConstructor(ConstructorResolver.java:185)
	at org.springframework.beans.factory.support.AbstractAutowireCapableBeanFactory.autowireConstructor(AbstractAutowireCapableBeanFactory.java:1143)
	at org.springframework.beans.factory.support.AbstractAutowireCapableBeanFactory.createBeanInstance(AbstractAutowireCapableBeanFactory.java:1046)
	at org.springframework.beans.factory.support.AbstractAutowireCapableBeanFactory.doCreateBean(AbstractAutowireCapableBeanFactory.java:510)
	at org.springframework.beans.factory.support.AbstractAutowireCapableBeanFactory.createBean(AbstractAutowireCapableBeanFactory.java:482)
	at org.springframework.beans.factory.support.AbstractBeanFactory$1.getObject(AbstractBeanFactory.java:306)
	at org.springframework.beans.factory.support.DefaultSingletonBeanRegistry.getSingleton(DefaultSingletonBeanRegistry.java:230)
	at org.springframework.beans.factory.support.AbstractBeanFactory.doGetBean(AbstractBeanFactory.java:302)
	at org.springframework.beans.factory.support.AbstractBeanFactory.getBean(AbstractBeanFactory.java:197)
	at org.springframework.beans.factory.support.DefaultListableBeanFactory.findAutowireCandidates(DefaultListableBeanFactory.java:1192)
	at org.springframework.beans.factory.support.DefaultListableBeanFactory.doResolveDependency(DefaultListableBeanFactory.java:1116)
	at org.springframework.beans.factory.support.DefaultListableBeanFactory.resolveDependency(DefaultListableBeanFactory.java:1014)
	at org.springframework.beans.factory.annotation.AutowiredAnnotationBeanPostProcessor$AutowiredFieldElement.inject(AutowiredAnnotationBeanPostProcessor.java:545)
	... 49 common frames omitted
Caused by: org.springframework.beans.factory.UnsatisfiedDependencyException: Error creating bean with name &apos;userServiceImpl&apos; defined in file [D:\Projects\CrossoverTrial - Second\Code\target\generated-classes\cobertura\com\crossover\trial\journals\service\UserServiceImpl.class]: Unsatisfied dependency expressed through constructor argument with index 0 of type [com.crossover.trial.journals.repository.UserRepository]: Error creating bean with name &apos;userRepository&apos;: Cannot create inner bean &apos;(inner bean)#18ffca6c&apos; of type [org.springframework.orm.jpa.SharedEntityManagerCreator] while setting bean property &apos;entityManager&apos;; nested exception is org.springframework.beans.factory.BeanCreationException: Error creating bean with name &apos;(inner bean)#18ffca6c&apos;: Cannot resolve reference to bean &apos;entityManagerFactory&apos; while setting constructor argument; nested exception is org.springframework.beans.factory.BeanCreationException: Error creating bean with name &apos;entityManagerFactory&apos;: Post-processing of FactoryBean&apos;s singleton object failed; nested exception is org.springframework.jdbc.datasource.init.UncategorizedScriptException: Failed to execute database script; nested exception is org.springframework.jdbc.CannotGetJdbcConnectionException: Could not get JDBC Connection; nested exception is com.mysql.jdbc.exceptions.jdbc4.CommunicationsException: Communications link failure

Last packet sent to the server was 0 ms ago.; nested exception is org.springframework.beans.factory.BeanCreationException: Error creating bean with name &apos;userRepository&apos;: Cannot create inner bean &apos;(inner bean)#18ffca6c&apos; of type [org.springframework.orm.jpa.SharedEntityManagerCreator] while setting bean property &apos;entityManager&apos;; nested exception is org.springframework.beans.factory.BeanCreationException: Error creating bean with name &apos;(inner bean)#18ffca6c&apos;: Cannot resolve reference to bean &apos;entityManagerFactory&apos; while setting constructor argument; nested exception is org.springframework.beans.factory.BeanCreationException: Error creating bean with name &apos;entityManagerFactory&apos;: Post-processing of FactoryBean&apos;s singleton object failed; nested exception is org.springframework.jdbc.datasource.init.UncategorizedScriptException: Failed to execute database script; nested exception is org.springframework.jdbc.CannotGetJdbcConnectionException: Could not get JDBC Connection; nested exception is com.mysql.jdbc.exceptions.jdbc4.CommunicationsException: Communications link failure

Last packet sent to the server was 0 ms ago.
	at org.springframework.beans.factory.support.ConstructorResolver.createArgumentArray(ConstructorResolver.java:749)
	at org.springframework.beans.factory.support.ConstructorResolver.autowireConstructor(ConstructorResolver.java:185)
	at org.springframework.beans.factory.support.AbstractAutowireCapableBeanFactory.autowireConstructor(AbstractAutowireCapableBeanFactory.java:1143)
	at org.springframework.beans.factory.support.AbstractAutowireCapableBeanFactory.createBeanInstance(AbstractAutowireCapableBeanFactory.java:1046)
	at org.springframework.beans.factory.support.AbstractAutowireCapableBeanFactory.doCreateBean(AbstractAutowireCapableBeanFactory.java:510)
	at org.springframework.beans.factory.support.AbstractAutowireCapableBeanFactory.createBean(AbstractAutowireCapableBeanFactory.java:482)
	at org.springframework.beans.factory.support.AbstractBeanFactory$1.getObject(AbstractBeanFactory.java:306)
	at org.springframework.beans.factory.support.DefaultSingletonBeanRegistry.getSingleton(DefaultSingletonBeanRegistry.java:230)
	at org.springframework.beans.factory.support.AbstractBeanFactory.doGetBean(AbstractBeanFactory.java:302)
	at org.springframework.beans.factory.support.AbstractBeanFactory.getBean(AbstractBeanFactory.java:197)
	at org.springframework.beans.factory.support.DefaultListableBeanFactory.findAutowireCandidates(DefaultListableBeanFactory.java:1192)
	at org.springframework.beans.factory.support.DefaultListableBeanFactory.doResolveDependency(DefaultListableBeanFactory.java:1116)
	at org.springframework.beans.factory.support.DefaultListableBeanFactory.resolveDependency(DefaultListableBeanFactory.java:1014)
	at org.springframework.beans.factory.support.ConstructorResolver.resolveAutowiredArgument(ConstructorResolver.java:813)
	at org.springframework.beans.factory.support.ConstructorResolver.createArgumentArray(ConstructorResolver.java:741)
	... 62 common frames omitted
Caused by: org.springframework.beans.factory.BeanCreationException: Error creating bean with name &apos;userRepository&apos;: Cannot create inner bean &apos;(inner bean)#18ffca6c&apos; of type [org.springframework.orm.jpa.SharedEntityManagerCreator] while setting bean property &apos;entityManager&apos;; nested exception is org.springframework.beans.factory.BeanCreationException: Error creating bean with name &apos;(inner bean)#18ffca6c&apos;: Cannot resolve reference to bean &apos;entityManagerFactory&apos; while setting constructor argument; nested exception is org.springframework.beans.factory.BeanCreationException: Error creating bean with name &apos;entityManagerFactory&apos;: Post-processing of FactoryBean&apos;s singleton object failed; nested exception is org.springframework.jdbc.datasource.init.UncategorizedScriptException: Failed to execute database script; nested exception is org.springframework.jdbc.CannotGetJdbcConnectionException: Could not get JDBC Connection; nested exception is com.mysql.jdbc.exceptions.jdbc4.CommunicationsException: Communications link failure

Last packet sent to the server was 0 ms ago.
	at org.springframework.beans.factory.support.BeanDefinitionValueResolver.resolveInnerBean(BeanDefinitionValueResolver.java:313)
	at org.springframework.beans.factory.support.BeanDefinitionValueResolver.resolveValueIfNecessary(BeanDefinitionValueResolver.java:129)
	at org.springframework.beans.factory.support.AbstractAutowireCapableBeanFactory.applyPropertyValues(AbstractAutowireCapableBeanFactory.java:1481)
	at org.springframework.beans.factory.support.AbstractAutowireCapableBeanFactory.populateBean(AbstractAutowireCapableBeanFactory.java:1226)
	at org.springframework.beans.factory.support.AbstractAutowireCapableBeanFactory.doCreateBean(AbstractAutowireCapableBeanFactory.java:543)
	at org.springframework.beans.factory.support.AbstractAutowireCapableBeanFactory.createBean(AbstractAutowireCapableBeanFactory.java:482)
	at org.springframework.beans.factory.support.AbstractBeanFactory$1.getObject(AbstractBeanFactory.java:306)
	at org.springframework.beans.factory.support.DefaultSingletonBeanRegistry.getSingleton(DefaultSingletonBeanRegistry.java:230)
	at org.springframework.beans.factory.support.AbstractBeanFactory.doGetBean(AbstractBeanFactory.java:302)
	at org.springframework.beans.factory.support.AbstractBeanFactory.getBean(AbstractBeanFactory.java:197)
	at org.springframework.beans.factory.support.DefaultListableBeanFactory.findAutowireCandidates(DefaultListableBeanFactory.java:1192)
	at org.springframework.beans.factory.support.DefaultListableBeanFactory.doResolveDependency(DefaultListableBeanFactory.java:1116)
	at org.springframework.beans.factory.support.DefaultListableBeanFactory.resolveDependency(DefaultListableBeanFactory.java:1014)
	at org.springframework.beans.factory.support.ConstructorResolver.resolveAutowiredArgument(ConstructorResolver.java:813)
	at org.springframework.beans.factory.support.ConstructorResolver.createArgumentArray(ConstructorResolver.java:741)
	... 76 common frames omitted
Caused by: org.springframework.beans.factory.BeanCreationException: Error creating bean with name &apos;(inner bean)#18ffca6c&apos;: Cannot resolve reference to bean &apos;entityManagerFactory&apos; while setting constructor argument; nested exception is org.springframework.beans.factory.BeanCreationException: Error creating bean with name &apos;entityManagerFactory&apos;: Post-processing of FactoryBean&apos;s singleton object failed; nested exception is org.springframework.jdbc.datasource.init.UncategorizedScriptException: Failed to execute database script; nested exception is org.springframework.jdbc.CannotGetJdbcConnectionException: Could not get JDBC Connection; nested exception is com.mysql.jdbc.exceptions.jdbc4.CommunicationsException: Communications link failure

Last packet sent to the server was 0 ms ago.
	at org.springframework.beans.factory.support.BeanDefinitionValueResolver.resolveReference(BeanDefinitionValueResolver.java:359)
	at org.springframework.beans.factory.support.BeanDefinitionValueResolver.resolveValueIfNecessary(BeanDefinitionValueResolver.java:108)
	at org.springframework.beans.factory.support.ConstructorResolver.resolveConstructorArguments(ConstructorResolver.java:634)
	at org.springframework.beans.factory.support.ConstructorResolver.instantiateUsingFactoryMethod(ConstructorResolver.java:444)
	at org.springframework.beans.factory.support.AbstractAutowireCapableBeanFactory.instantiateUsingFactoryMethod(AbstractAutowireCapableBeanFactory.java:1123)
	at org.springframework.beans.factory.support.AbstractAutowireCapableBeanFactory.createBeanInstance(AbstractAutowireCapableBeanFactory.java:1018)
	at org.springframework.beans.factory.support.AbstractAutowireCapableBeanFactory.doCreateBean(AbstractAutowireCapableBeanFactory.java:510)
	at org.springframework.beans.factory.support.AbstractAutowireCapableBeanFactory.createBean(AbstractAutowireCapableBeanFactory.java:482)
	at org.springframework.beans.factory.support.BeanDefinitionValueResolver.resolveInnerBean(BeanDefinitionValueResolver.java:299)
	... 90 common frames omitted
Caused by: org.springframework.beans.factory.BeanCreationException: Error creating bean with name &apos;entityManagerFactory&apos;: Post-processing of FactoryBean&apos;s singleton object failed; nested exception is org.springframework.jdbc.datasource.init.UncategorizedScriptException: Failed to execute database script; nested exception is org.springframework.jdbc.CannotGetJdbcConnectionException: Could not get JDBC Connection; nested exception is com.mysql.jdbc.exceptions.jdbc4.CommunicationsException: Communications link failure

Last packet sent to the server was 0 ms ago.
	at org.springframework.beans.factory.support.FactoryBeanRegistrySupport.getObjectFromFactoryBean(FactoryBeanRegistrySupport.java:116)
	at org.springframework.beans.factory.support.AbstractBeanFactory.getObjectForBeanInstance(AbstractBeanFactory.java:1590)
	at org.springframework.beans.factory.support.AbstractBeanFactory.doGetBean(AbstractBeanFactory.java:254)
	at org.springframework.beans.factory.support.AbstractBeanFactory.getBean(AbstractBeanFactory.java:197)
	at org.springframework.beans.factory.support.BeanDefinitionValueResolver.resolveReference(BeanDefinitionValueResolver.java:351)
	... 98 common frames omitted
Caused by: org.springframework.jdbc.datasource.init.UncategorizedScriptException: Failed to execute database script; nested exception is org.springframework.jdbc.CannotGetJdbcConnectionException: Could not get JDBC Connection; nested exception is com.mysql.jdbc.exceptions.jdbc4.CommunicationsException: Communications link failure

Last packet sent to the server was 0 ms ago.
	at org.springframework.jdbc.datasource.init.DatabasePopulatorUtils.execute(DatabasePopulatorUtils.java:61)
	at org.springframework.boot.autoconfigure.jdbc.DataSourceInitializer.runScripts(DataSourceInitializer.java:157)
	at org.springframework.boot.autoconfigure.jdbc.DataSourceInitializer.runDataScripts(DataSourceInitializer.java:114)
	at org.springframework.boot.autoconfigure.jdbc.DataSourceInitializer.onApplicationEvent(DataSourceInitializer.java:107)
	at org.springframework.boot.autoconfigure.jdbc.DataSourceInitializer.onApplicationEvent(DataSourceInitializer.java:47)
	at org.springframework.context.event.SimpleApplicationEventMulticaster.invokeListener(SimpleApplicationEventMulticaster.java:163)
	at org.springframework.context.event.SimpleApplicationEventMulticaster.multicastEvent(SimpleApplicationEventMulticaster.java:136)
	at org.springframework.context.support.AbstractApplicationContext.publishEvent(AbstractApplicationContext.java:381)
	at org.springframework.context.support.AbstractApplicationContext.publishEvent(AbstractApplicationContext.java:335)
	at org.springframework.boot.autoconfigure.orm.jpa.DataSourceInitializedPublisher.postProcessAfterInitialization(DataSourceInitializedPublisher.java:70)
	at org.springframework.beans.factory.support.AbstractAutowireCapableBeanFactory.applyBeanPostProcessorsAfterInitialization(AbstractAutowireCapableBeanFactory.java:422)
	at org.springframework.beans.factory.support.AbstractAutowireCapableBeanFactory.postProcessObjectFromFactoryBean(AbstractAutowireCapableBeanFactory.java:1723)
	at org.springframework.beans.factory.support.FactoryBeanRegistrySupport.getObjectFromFactoryBean(FactoryBeanRegistrySupport.java:113)
	... 102 common frames omitted
Caused by: org.springframework.jdbc.CannotGetJdbcConnectionException: Could not get JDBC Connection; nested exception is com.mysql.jdbc.exceptions.jdbc4.CommunicationsException: Communications link failure

Last packet sent to the server was 0 ms ago.
	at org.springframework.jdbc.datasource.DataSourceUtils.getConnection(DataSourceUtils.java:80)
	at org.springframework.jdbc.datasource.init.DatabasePopulatorUtils.execute(DatabasePopulatorUtils.java:46)
	... 114 common frames omitted
Caused by: com.mysql.jdbc.exceptions.jdbc4.CommunicationsException: Communications link failure

Last packet sent to the server was 0 ms ago.
	at sun.reflect.NativeConstructorAccessorImpl.newInstance0(Native Method)
	at sun.reflect.NativeConstructorAccessorImpl.newInstance(NativeConstructorAccessorImpl.java:62)
	at sun.reflect.DelegatingConstructorAccessorImpl.newInstance(DelegatingConstructorAccessorImpl.java:45)
	at java.lang.reflect.Constructor.newInstance(Constructor.java:422)
	at com.mysql.jdbc.Util.handleNewInstance(Util.java:406)
	at com.mysql.jdbc.SQLError.createCommunicationsException(SQLError.java:1074)
	at com.mysql.jdbc.ConnectionImpl.createNewIO(ConnectionImpl.java:2103)
	at com.mysql.jdbc.ConnectionImpl.&lt;init&gt;(ConnectionImpl.java:718)
	at com.mysql.jdbc.JDBC4Connection.&lt;init&gt;(JDBC4Connection.java:46)
	at sun.reflect.NativeConstructorAccessorImpl.newInstance0(Native Method)
	at sun.reflect.NativeConstructorAccessorImpl.newInstance(NativeConstructorAccessorImpl.java:62)
	at sun.reflect.DelegatingConstructorAccessorImpl.newInstance(DelegatingConstructorAccessorImpl.java:45)
	at java.lang.reflect.Constructor.newInstance(Constructor.java:422)
	at com.mysql.jdbc.Util.handleNewInstance(Util.java:406)
	at com.mysql.jdbc.ConnectionImpl.getInstance(ConnectionImpl.java:302)
	at com.mysql.jdbc.NonRegisteringDriver.connect(NonRegisteringDriver.java:282)
	at org.apache.tomcat.jdbc.pool.PooledConnection.connectUsingDriver(PooledConnection.java:307)
	at org.apache.tomcat.jdbc.pool.PooledConnection.connect(PooledConnection.java:200)
	at org.apache.tomcat.jdbc.pool.ConnectionPool.createConnection(ConnectionPool.java:708)
	at org.apache.tomcat.jdbc.pool.ConnectionPool.borrowConnection(ConnectionPool.java:642)
	at org.apache.tomcat.jdbc.pool.ConnectionPool.init(ConnectionPool.java:464)
	at org.apache.tomcat.jdbc.pool.ConnectionPool.&lt;init&gt;(ConnectionPool.java:141)
	at org.apache.tomcat.jdbc.pool.DataSourceProxy.pCreatePool(DataSourceProxy.java:115)
	at org.apache.tomcat.jdbc.pool.DataSourceProxy.createPool(DataSourceProxy.java:102)
	at org.apache.tomcat.jdbc.pool.DataSourceProxy.getConnection(DataSourceProxy.java:126)
	at org.springframework.jdbc.datasource.DataSourceUtils.doGetConnection(DataSourceUtils.java:111)
	at org.springframework.jdbc.datasource.DataSourceUtils.getConnection(DataSourceUtils.java:77)
	... 115 common frames omitted
Caused by: java.net.ConnectException: Connection refused: connect
	at java.net.DualStackPlainSocketImpl.connect0(Native Method)
	at java.net.DualStackPlainSocketImpl.socketConnect(DualStackPlainSocketImpl.java:79)
	at java.net.AbstractPlainSocketImpl.doConnect(AbstractPlainSocketImpl.java:345)
	at java.net.AbstractPlainSocketImpl.connectToAddress(AbstractPlainSocketImpl.java:206)
	at java.net.AbstractPlainSocketImpl.connect(AbstractPlainSocketImpl.java:188)
	at java.net.PlainSocketImpl.connect(PlainSocketImpl.java:172)
	at java.net.SocksSocketImpl.connect(SocksSocketImpl.java:392)
	at java.net.Socket.connect(Socket.java:589)
	at java.net.Socket.connect(Socket.java:538)
	at java.net.Socket.&lt;init&gt;(Socket.java:434)
	at java.net.Socket.&lt;init&gt;(Socket.java:244)
	at com.mysql.jdbc.StandardSocketFactory.connect(StandardSocketFactory.java:253)
	at com.mysql.jdbc.MysqlIO.&lt;init&gt;(MysqlIO.java:280)
	at com.mysql.jdbc.ConnectionImpl.createNewIO(ConnectionImpl.java:2026)
	... 135 common frames omitted
</system-out>
  </testcase>
</testsuite>